[INFO] Scanning for projects...
[WARNING] 
[WARNING] Some problems were encountered while building the effective model for org.xwiki.commons:xwiki-commons-tool-verification-resources:jar:9.0-SNAPSHOT
[WARNING] Reporting configuration should be done in <reporting> section, not in maven-site-plugin <configuration> as reportPlugins parameter.
[WARNING] 
[WARNING] It is highly recommended to fix these problems because they threaten the stability of your build.
[WARNING] 
[WARNING] For this reason, future Maven versions might no longer support building such malformed projects.
[WARNING] 
[INFO] 
[INFO] ----< org.xwiki.commons:xwiki-commons-tool-verification-resources >-----
[INFO] Building XWiki Commons - Tools - Verification Resources 9.0-SNAPSHOT
[INFO] --------------------------------[ jar ]---------------------------------
[INFO] 
[INFO] --- dspot-maven:1.1.1-SNAPSHOT:amplify-unit-tests (default-cli) @ xwiki-commons-tool-verification-resources ---
Downloading from stamp-maven-repository-mvn-repo: https://stamp-project.github.io/stamp-maven-repository/eu/stamp-project/dspot/1.1.1-SNAPSHOT/maven-metadata.xml
Downloading from stamp-maven-repository-mvn-repo: https://stamp-project.github.io/stamp-maven-repository/fr/inria/gforge/spoon/spoon-core/7.1.0-SNAPSHOT/maven-metadata.xml
Downloading from stamp-maven-repository-mvn-repo: https://stamp-project.github.io/stamp-maven-repository/org/eclipse/platform/org.eclipse.core.resources/maven-metadata.xml
Downloading from stamp-maven-repository-mvn-repo: https://stamp-project.github.io/stamp-maven-repository/org/eclipse/platform/org.eclipse.core.expressions/maven-metadata.xml
Downloading from stamp-maven-repository-mvn-repo: https://stamp-project.github.io/stamp-maven-repository/org/eclipse/platform/org.eclipse.core.runtime/maven-metadata.xml
Downloading from stamp-maven-repository-mvn-repo: https://stamp-project.github.io/stamp-maven-repository/org/eclipse/platform/org.eclipse.osgi/maven-metadata.xml
Downloading from stamp-maven-repository-mvn-repo: https://stamp-project.github.io/stamp-maven-repository/org/eclipse/platform/org.eclipse.equinox.common/maven-metadata.xml
Downloading from stamp-maven-repository-mvn-repo: https://stamp-project.github.io/stamp-maven-repository/org/eclipse/platform/org.eclipse.core.jobs/maven-metadata.xml
Downloading from stamp-maven-repository-mvn-repo: https://stamp-project.github.io/stamp-maven-repository/org/eclipse/platform/org.eclipse.equinox.registry/maven-metadata.xml
Downloading from stamp-maven-repository-mvn-repo: https://stamp-project.github.io/stamp-maven-repository/org/eclipse/platform/org.eclipse.equinox.preferences/maven-metadata.xml
Downloading from stamp-maven-repository-mvn-repo: https://stamp-project.github.io/stamp-maven-repository/org/eclipse/platform/org.eclipse.core.contenttype/maven-metadata.xml
Downloading from stamp-maven-repository-mvn-repo: https://stamp-project.github.io/stamp-maven-repository/org/eclipse/platform/org.eclipse.equinox.app/maven-metadata.xml
Downloading from stamp-maven-repository-mvn-repo: https://stamp-project.github.io/stamp-maven-repository/org/eclipse/platform/org.eclipse.core.filesystem/maven-metadata.xml
Downloading from stamp-maven-repository-mvn-repo: https://stamp-project.github.io/stamp-maven-repository/org/eclipse/platform/org.eclipse.text/maven-metadata.xml
Downloading from stamp-maven-repository-mvn-repo: https://stamp-project.github.io/stamp-maven-repository/org/eclipse/platform/org.eclipse.core.commands/maven-metadata.xml
[INFO] Path to runner Classes: /home/spirals/danglot/.m2/repository/eu/stamp-project/test-runner/1.1.0/test-runner-1.1.0-jar-with-dependencies.jar
[INFO] /home/spirals/danglot/.m2/repository/org/jacoco/org.jacoco.core/0.7.9/org.jacoco.core-0.7.9.jar
[INFO] /home/spirals/danglot/.m2/repository/org/ow2/asm/asm-debug-all/5.2/asm-debug-all-5.2.jar
[INFO] /home/spirals/danglot/.m2/repository/eu/stamp-project/test-runner/1.1.0/test-runner-1.1.0-jar-with-dependencies.jar
[WARNING] automaticBuilderName: unknown automatic builder specified in configuration, going to default.
[INFO] Default: provided Maven automatic builder.
[INFO] run maven clean test -DskipTests dependency:build-classpath -Dmdep.outputFile=target/dspot/classpath
[WARN] Maven will be executed in interactive mode, but no input stream has been configured for this MavenInvoker instance.
[INFO] Scanning for projects...
[WARNING] 
[WARNING] Some problems were encountered while building the effective model for org.xwiki.commons:xwiki-commons-tool-verification-resources:jar:9.0-SNAPSHOT
[WARNING] Reporting configuration should be done in <reporting> section, not in maven-site-plugin <configuration> as reportPlugins parameter.
[WARNING] 
[WARNING] It is highly recommended to fix these problems because they threaten the stability of your build.
[WARNING] 
[WARNING] For this reason, future Maven versions might no longer support building such malformed projects.
[WARNING] 
[INFO] 
[INFO] ----< org.xwiki.commons:xwiki-commons-tool-verification-resources >-----
[INFO] Building XWiki Commons - Tools - Verification Resources 9.0-SNAPSHOT
[INFO] --------------------------------[ jar ]---------------------------------
[INFO] 
[INFO] --- maven-clean-plugin:3.0.0:clean (default-clean) @ xwiki-commons-tool-verification-resources ---
[INFO] Deleting /tmp/icst-2019/september-2018/dataset/xwiki-commons_parent/xwiki-commons-tools/xwiki-commons-tool-verification-resources/target
[INFO] 
[INFO] --- maven-enforcer-plugin:1.3.1:enforce (enforce-plugins) @ xwiki-commons-tool-verification-resources ---
[INFO] Skipping Rule Enforcement.
[INFO] 
[INFO] --- maven-enforcer-plugin:1.3.1:enforce (enforce-jcl-log4j-isolation) @ xwiki-commons-tool-verification-resources ---
[INFO] Skipping Rule Enforcement.
[INFO] 
[INFO] --- maven-enforcer-plugin:1.3.1:enforce (enforce-commons-lang3) @ xwiki-commons-tool-verification-resources ---
[INFO] Skipping Rule Enforcement.
[INFO] 
[INFO] --- maven-enforcer-plugin:1.3.1:enforce (enforce-upper-bounds) @ xwiki-commons-tool-verification-resources ---
[INFO] Skipping Rule Enforcement.
[INFO] 
[INFO] --- maven-resources-plugin:3.0.1:resources (default-resources) @ xwiki-commons-tool-verification-resources ---
[INFO] Using 'UTF-8' encoding to copy filtered resources.
[INFO] Copying 13 resources
[INFO] 
[INFO] --- maven-compiler-plugin:3.6.0:compile (default-compile) @ xwiki-commons-tool-verification-resources ---
[INFO] Changes detected - recompiling the module!
[INFO] Compiling 4 source files to /tmp/icst-2019/september-2018/dataset/xwiki-commons_parent/xwiki-commons-tools/xwiki-commons-tool-verification-resources/target/classes
[INFO] 
[INFO] --- maven-bundle-plugin:2.5.3:manifest (bundle-manifest) @ xwiki-commons-tool-verification-resources ---
[INFO] 
[INFO] --- maven-resources-plugin:3.0.1:testResources (default-testResources) @ xwiki-commons-tool-verification-resources ---
[INFO] Using 'UTF-8' encoding to copy filtered resources.
[INFO] Copying 10 resources
[INFO] 
[INFO] --- maven-compiler-plugin:3.6.0:testCompile (default-testCompile) @ xwiki-commons-tool-verification-resources ---
[INFO] Changes detected - recompiling the module!
[INFO] Compiling 2 source files to /tmp/icst-2019/september-2018/dataset/xwiki-commons_parent/xwiki-commons-tools/xwiki-commons-tool-verification-resources/target/test-classes
[INFO] 
[INFO] --- maven-surefire-plugin:2.19.1:test (default-test) @ xwiki-commons-tool-verification-resources ---
[INFO] Tests are skipped.
[INFO] 
[INFO] --- maven-dependency-plugin:2.10:build-classpath (default-cli) @ xwiki-commons-tool-verification-resources ---
[INFO] Wrote classpath file '/tmp/icst-2019/september-2018/dataset/xwiki-commons_parent/xwiki-commons-tools/xwiki-commons-tool-verification-resources/target/dspot/classpath'.
[INFO] ------------------------------------------------------------------------
[INFO] BUILD SUCCESS
[INFO] ------------------------------------------------------------------------
[INFO] Total time: 8.193 s
[INFO] Finished at: 2018-09-23T13:28:57+02:00
[INFO] ------------------------------------------------------------------------
[INFO] run maven clean test -DskipTests dependency:build-classpath -Dmdep.outputFile=target/dspot/classpath
[WARN] Maven will be executed in interactive mode, but no input stream has been configured for this MavenInvoker instance.
[INFO] Scanning for projects...
[WARNING] 
[WARNING] Some problems were encountered while building the effective model for org.xwiki.commons:xwiki-commons-tool-verification-resources:jar:9.0-SNAPSHOT
[WARNING] Reporting configuration should be done in <reporting> section, not in maven-site-plugin <configuration> as reportPlugins parameter.
[WARNING] 
[WARNING] It is highly recommended to fix these problems because they threaten the stability of your build.
[WARNING] 
[WARNING] For this reason, future Maven versions might no longer support building such malformed projects.
[WARNING] 
[INFO] 
[INFO] ----< org.xwiki.commons:xwiki-commons-tool-verification-resources >-----
[INFO] Building XWiki Commons - Tools - Verification Resources 9.0-SNAPSHOT
[INFO] --------------------------------[ jar ]---------------------------------
[INFO] 
[INFO] --- maven-clean-plugin:3.0.0:clean (default-clean) @ xwiki-commons-tool-verification-resources ---
[INFO] Deleting /tmp/icst-2019/september-2018/dataset/xwiki-commons/xwiki-commons-tools/xwiki-commons-tool-verification-resources/target
[INFO] 
[INFO] --- maven-enforcer-plugin:1.3.1:enforce (enforce-plugins) @ xwiki-commons-tool-verification-resources ---
[INFO] Skipping Rule Enforcement.
[INFO] 
[INFO] --- maven-enforcer-plugin:1.3.1:enforce (enforce-jcl-log4j-isolation) @ xwiki-commons-tool-verification-resources ---
[INFO] Skipping Rule Enforcement.
[INFO] 
[INFO] --- maven-enforcer-plugin:1.3.1:enforce (enforce-commons-lang3) @ xwiki-commons-tool-verification-resources ---
[INFO] Skipping Rule Enforcement.
[INFO] 
[INFO] --- maven-enforcer-plugin:1.3.1:enforce (enforce-upper-bounds) @ xwiki-commons-tool-verification-resources ---
[INFO] Skipping Rule Enforcement.
[INFO] 
[INFO] --- maven-resources-plugin:3.0.1:resources (default-resources) @ xwiki-commons-tool-verification-resources ---
[INFO] Using 'UTF-8' encoding to copy filtered resources.
[INFO] Copying 13 resources
[INFO] 
[INFO] --- maven-compiler-plugin:3.6.0:compile (default-compile) @ xwiki-commons-tool-verification-resources ---
[INFO] Changes detected - recompiling the module!
[INFO] Compiling 4 source files to /tmp/icst-2019/september-2018/dataset/xwiki-commons/xwiki-commons-tools/xwiki-commons-tool-verification-resources/target/classes
[INFO] /tmp/icst-2019/september-2018/dataset/xwiki-commons/xwiki-commons-tools/xwiki-commons-tool-verification-resources/src/main/java/org/xwiki/tool/checkstyle/UnstableAnnotationCheck.java: /tmp/icst-2019/september-2018/dataset/xwiki-commons/xwiki-commons-tools/xwiki-commons-tool-verification-resources/src/main/java/org/xwiki/tool/checkstyle/UnstableAnnotationCheck.java uses unchecked or unsafe operations.
[INFO] /tmp/icst-2019/september-2018/dataset/xwiki-commons/xwiki-commons-tools/xwiki-commons-tool-verification-resources/src/main/java/org/xwiki/tool/checkstyle/UnstableAnnotationCheck.java: Recompile with -Xlint:unchecked for details.
[INFO] 
[INFO] --- maven-bundle-plugin:2.5.3:manifest (bundle-manifest) @ xwiki-commons-tool-verification-resources ---
[INFO] 
[INFO] --- maven-resources-plugin:3.0.1:testResources (default-testResources) @ xwiki-commons-tool-verification-resources ---
[INFO] Using 'UTF-8' encoding to copy filtered resources.
[INFO] Copying 11 resources
[INFO] 
[INFO] --- maven-compiler-plugin:3.6.0:testCompile (default-testCompile) @ xwiki-commons-tool-verification-resources ---
[INFO] Changes detected - recompiling the module!
[INFO] Compiling 2 source files to /tmp/icst-2019/september-2018/dataset/xwiki-commons/xwiki-commons-tools/xwiki-commons-tool-verification-resources/target/test-classes
[INFO] 
[INFO] --- maven-surefire-plugin:2.19.1:test (default-test) @ xwiki-commons-tool-verification-resources ---
[INFO] Tests are skipped.
[INFO] 
[INFO] --- maven-dependency-plugin:2.10:build-classpath (default-cli) @ xwiki-commons-tool-verification-resources ---
[INFO] Wrote classpath file '/tmp/icst-2019/september-2018/dataset/xwiki-commons/xwiki-commons-tools/xwiki-commons-tool-verification-resources/target/dspot/classpath'.
[INFO] ------------------------------------------------------------------------
[INFO] BUILD SUCCESS
[INFO] ------------------------------------------------------------------------
[INFO] Total time: 8.685 s
[INFO] Finished at: 2018-09-23T13:29:10+02:00
[INFO] ------------------------------------------------------------------------
[INFO] Amplification of org.xwiki.tool.checkstyle.UnstableAnnotationCheckTest (5 test(s))
[INFO] Assertion amplification of org.xwiki.tool.checkstyle.UnstableAnnotationCheckTest (5 test(s))
[INFO] Run: java -classpath /tmp/icst-2019/september-2018/dataset/xwiki-commons_parent/xwiki-commons-tools/xwiki-commons-tool-verification-resources/target/test-classes:/tmp/icst-2019/september-2018/dataset/xwiki-commons_parent/xwiki-commons-tools/xwiki-commons-tool-verification-resources/target/classes/:/home/spirals/danglot/.m2/repository/org/apache/commons/commons-lang3/3.5/commons-lang3-3.5.jar:/home/spirals/danglot/.m2/repository/com/puppycrawl/tools/checkstyle/7.2/checkstyle-7.2.jar:/home/spirals/danglot/.m2/repository/antlr/antlr/2.7.7/antlr-2.7.7.jar:/home/spirals/danglot/.m2/repository/org/antlr/antlr4-runtime/4.5.3/antlr4-runtime-4.5.3.jar:/home/spirals/danglot/.m2/repository/commons-beanutils/commons-beanutils/1.9.3/commons-beanutils-1.9.3.jar:/home/spirals/danglot/.m2/repository/commons-collections/commons-collections/3.2.2/commons-collections-3.2.2.jar:/home/spirals/danglot/.m2/repository/commons-cli/commons-cli/1.3.1/commons-cli-1.3.1.jar:/home/spirals/danglot/.m2/repository/com/google/guava/guava/20.0/guava-20.0.jar:/home/spirals/danglot/jdk1.8.0_121/jre/../lib/tools.jar:/home/spirals/danglot/.m2/repository/com/puppycrawl/tools/checkstyle/7.2/checkstyle-7.2-tests.jar:/home/spirals/danglot/.m2/repository/junit/junit/4.12/junit-4.12.jar:/home/spirals/danglot/.m2/repository/org/hamcrest/hamcrest-core/1.3/hamcrest-core-1.3.jar:/home/spirals/danglot/.m2/repository/org/hamcrest/hamcrest-library/1.3/hamcrest-library-1.3.jar:/home/spirals/danglot/.m2/repository/ch/qos/logback/logback-classic/1.1.7/logback-classic-1.1.7.jar:/home/spirals/danglot/.m2/repository/ch/qos/logback/logback-core/1.1.7/logback-core-1.1.7.jar:/home/spirals/danglot/.m2/repository/org/slf4j/slf4j-api/1.7.21/slf4j-api-1.7.21.jar:/home/spirals/danglot/.m2/repository/org/slf4j/jcl-over-slf4j/1.7.21/jcl-over-slf4j-1.7.21.jar:/tmp/icst-2019/september-2018/dataset/xwiki-commons_parent/xwiki-commons-tools/xwiki-commons-tool-verification-resources/target/dspot/dependencies/:/home/spirals/danglot/.m2/repository/eu/stamp-project/test-runner/1.1.0/test-runner-1.1.0-jar-with-dependencies.jar eu.stamp_project.testrunner.runner.test.TestRunner org.xwiki.tool.checkstyle.UnstableAnnotationCheckTest checkWithUnstableAnnotationShouldBeRemovedAtMethodLevel:checkWithUnstableAnnotationShouldBeRemovedMultipleSince:checkWithUnstableOkAtClassLevel:checkWithUnstableAnnotationShouldBeRemoved:checkWithUnstableOkAtMethodLevel
File saved to the following path: /tmp/icst-2019/september-2018/dataset/xwiki-commons_parent/xwiki-commons-tools/xwiki-commons-tool-verification-resources/target/dspot/TestListener.ser
SLF4J: Class path contains multiple SLF4J bindings.
SLF4J: Found binding in [jar:file:/home/spirals/danglot/.m2/repository/ch/qos/logback/logback-classic/1.1.7/logback-classic-1.1.7.jar!/org/slf4j/impl/StaticLoggerBinder.class]
SLF4J: Found binding in [jar:file:/home/spirals/danglot/.m2/repository/eu/stamp-project/test-runner/1.1.0/test-runner-1.1.0-jar-with-dependencies.jar!/org/slf4j/impl/StaticLoggerBinder.class]
SLF4J: See http://www.slf4j.org/codes.html#multiple_bindings for an explanation.
SLF4J: Actual binding is of type [ch.qos.logback.classic.util.ContextSelectorStaticBinder]
Loading /tmp/icst-2019/september-2018/dataset/xwiki-commons_parent/xwiki-commons-tools/xwiki-commons-tool-verification-resources/target/dspot/TestListener.ser
[INFO] Test has been run: checkWithUnstableAnnotationShouldBeRemovedMultipleSince,checkWithUnstableAnnotationShouldBeRemovedAtMethodLevel,checkWithUnstableOkAtMethodLevel,checkWithUnstableOkAtClassLevel,checkWithUnstableAnnotationShouldBeRemoved
[INFO] Run tests. (5)
[INFO] Run: java -classpath /tmp/icst-2019/september-2018/dataset/xwiki-commons_parent/xwiki-commons-tools/xwiki-commons-tool-verification-resources/target/test-classes:/tmp/icst-2019/september-2018/dataset/xwiki-commons_parent/xwiki-commons-tools/xwiki-commons-tool-verification-resources/target/classes/:/home/spirals/danglot/.m2/repository/org/apache/commons/commons-lang3/3.5/commons-lang3-3.5.jar:/home/spirals/danglot/.m2/repository/com/puppycrawl/tools/checkstyle/7.2/checkstyle-7.2.jar:/home/spirals/danglot/.m2/repository/antlr/antlr/2.7.7/antlr-2.7.7.jar:/home/spirals/danglot/.m2/repository/org/antlr/antlr4-runtime/4.5.3/antlr4-runtime-4.5.3.jar:/home/spirals/danglot/.m2/repository/commons-beanutils/commons-beanutils/1.9.3/commons-beanutils-1.9.3.jar:/home/spirals/danglot/.m2/repository/commons-collections/commons-collections/3.2.2/commons-collections-3.2.2.jar:/home/spirals/danglot/.m2/repository/commons-cli/commons-cli/1.3.1/commons-cli-1.3.1.jar:/home/spirals/danglot/.m2/repository/com/google/guava/guava/20.0/guava-20.0.jar:/home/spirals/danglot/jdk1.8.0_121/jre/../lib/tools.jar:/home/spirals/danglot/.m2/repository/com/puppycrawl/tools/checkstyle/7.2/checkstyle-7.2-tests.jar:/home/spirals/danglot/.m2/repository/junit/junit/4.12/junit-4.12.jar:/home/spirals/danglot/.m2/repository/org/hamcrest/hamcrest-core/1.3/hamcrest-core-1.3.jar:/home/spirals/danglot/.m2/repository/org/hamcrest/hamcrest-library/1.3/hamcrest-library-1.3.jar:/home/spirals/danglot/.m2/repository/ch/qos/logback/logback-classic/1.1.7/logback-classic-1.1.7.jar:/home/spirals/danglot/.m2/repository/ch/qos/logback/logback-core/1.1.7/logback-core-1.1.7.jar:/home/spirals/danglot/.m2/repository/org/slf4j/slf4j-api/1.7.21/slf4j-api-1.7.21.jar:/home/spirals/danglot/.m2/repository/org/slf4j/jcl-over-slf4j/1.7.21/jcl-over-slf4j-1.7.21.jar:/tmp/icst-2019/september-2018/dataset/xwiki-commons_parent/xwiki-commons-tools/xwiki-commons-tool-verification-resources/target/dspot/dependencies/:/home/spirals/danglot/.m2/repository/eu/stamp-project/test-runner/1.1.0/test-runner-1.1.0-jar-with-dependencies.jar eu.stamp_project.testrunner.runner.test.TestRunner org.xwiki.tool.checkstyle.UnstableAnnotationCheckTest checkWithUnstableAnnotationShouldBeRemovedAtMethodLevel:checkWithUnstableAnnotationShouldBeRemovedMultipleSince:checkWithUnstableOkAtClassLevel:checkWithUnstableAnnotationShouldBeRemoved:checkWithUnstableOkAtMethodLevel
File saved to the following path: /tmp/icst-2019/september-2018/dataset/xwiki-commons_parent/xwiki-commons-tools/xwiki-commons-tool-verification-resources/target/dspot/TestListener.ser
SLF4J: Class path contains multiple SLF4J bindings.
SLF4J: Found binding in [jar:file:/home/spirals/danglot/.m2/repository/ch/qos/logback/logback-classic/1.1.7/logback-classic-1.1.7.jar!/org/slf4j/impl/StaticLoggerBinder.class]
SLF4J: Found binding in [jar:file:/home/spirals/danglot/.m2/repository/eu/stamp-project/test-runner/1.1.0/test-runner-1.1.0-jar-with-dependencies.jar!/org/slf4j/impl/StaticLoggerBinder.class]
SLF4J: See http://www.slf4j.org/codes.html#multiple_bindings for an explanation.
SLF4J: Actual binding is of type [ch.qos.logback.classic.util.ContextSelectorStaticBinder]
Loading /tmp/icst-2019/september-2018/dataset/xwiki-commons_parent/xwiki-commons-tools/xwiki-commons-tool-verification-resources/target/dspot/TestListener.ser
[INFO] Test has been run: checkWithUnstableAnnotationShouldBeRemovedMultipleSince,checkWithUnstableAnnotationShouldBeRemovedAtMethodLevel,checkWithUnstableOkAtMethodLevel,checkWithUnstableOkAtClassLevel,checkWithUnstableAnnotationShouldBeRemoved
[INFO] 5 test pass, generating assertion...
[INFO] Add observations points in passing tests.
[INFO] Instrumentation...
 20% |========== ]/ 40% |==================== ]- 60% |============================== ]\ 80% |======================================== ]|100% |================================================== ]/
[INFO] Run instrumented tests. (15)
[INFO] Run: java -classpath /tmp/icst-2019/september-2018/dataset/xwiki-commons_parent/xwiki-commons-tools/xwiki-commons-tool-verification-resources/target/test-classes:/tmp/icst-2019/september-2018/dataset/xwiki-commons_parent/xwiki-commons-tools/xwiki-commons-tool-verification-resources/target/classes/:/home/spirals/danglot/.m2/repository/org/apache/commons/commons-lang3/3.5/commons-lang3-3.5.jar:/home/spirals/danglot/.m2/repository/com/puppycrawl/tools/checkstyle/7.2/checkstyle-7.2.jar:/home/spirals/danglot/.m2/repository/antlr/antlr/2.7.7/antlr-2.7.7.jar:/home/spirals/danglot/.m2/repository/org/antlr/antlr4-runtime/4.5.3/antlr4-runtime-4.5.3.jar:/home/spirals/danglot/.m2/repository/commons-beanutils/commons-beanutils/1.9.3/commons-beanutils-1.9.3.jar:/home/spirals/danglot/.m2/repository/commons-collections/commons-collections/3.2.2/commons-collections-3.2.2.jar:/home/spirals/danglot/.m2/repository/commons-cli/commons-cli/1.3.1/commons-cli-1.3.1.jar:/home/spirals/danglot/.m2/repository/com/google/guava/guava/20.0/guava-20.0.jar:/home/spirals/danglot/jdk1.8.0_121/jre/../lib/tools.jar:/home/spirals/danglot/.m2/repository/com/puppycrawl/tools/checkstyle/7.2/checkstyle-7.2-tests.jar:/home/spirals/danglot/.m2/repository/junit/junit/4.12/junit-4.12.jar:/home/spirals/danglot/.m2/repository/org/hamcrest/hamcrest-core/1.3/hamcrest-core-1.3.jar:/home/spirals/danglot/.m2/repository/org/hamcrest/hamcrest-library/1.3/hamcrest-library-1.3.jar:/home/spirals/danglot/.m2/repository/ch/qos/logback/logback-classic/1.1.7/logback-classic-1.1.7.jar:/home/spirals/danglot/.m2/repository/ch/qos/logback/logback-core/1.1.7/logback-core-1.1.7.jar:/home/spirals/danglot/.m2/repository/org/slf4j/slf4j-api/1.7.21/slf4j-api-1.7.21.jar:/home/spirals/danglot/.m2/repository/org/slf4j/jcl-over-slf4j/1.7.21/jcl-over-slf4j-1.7.21.jar:/tmp/icst-2019/september-2018/dataset/xwiki-commons_parent/xwiki-commons-tools/xwiki-commons-tool-verification-resources/target/dspot/dependencies/:/home/spirals/danglot/.m2/repository/eu/stamp-project/test-runner/1.1.0/test-runner-1.1.0-jar-with-dependencies.jar eu.stamp_project.testrunner.runner.test.TestRunner org.xwiki.tool.checkstyle.UnstableAnnotationCheckTest checkWithUnstableAnnotationShouldBeRemovedAtMethodLevel_withlog0:checkWithUnstableAnnotationShouldBeRemovedMultipleSince_withlog0:checkWithUnstableOkAtClassLevel_withlog0:checkWithUnstableAnnotationShouldBeRemoved_withlog0:checkWithUnstableOkAtMethodLevel_withlog0:checkWithUnstableAnnotationShouldBeRemovedAtMethodLevel_withlog1:checkWithUnstableAnnotationShouldBeRemovedMultipleSince_withlog1:checkWithUnstableOkAtClassLevel_withlog1:checkWithUnstableAnnotationShouldBeRemoved_withlog1:checkWithUnstableOkAtMethodLevel_withlog1:checkWithUnstableAnnotationShouldBeRemovedAtMethodLevel_withlog2:checkWithUnstableAnnotationShouldBeRemovedMultipleSince_withlog2:checkWithUnstableOkAtClassLevel_withlog2:checkWithUnstableAnnotationShouldBeRemoved_withlog2:checkWithUnstableOkAtMethodLevel_withlog2
File saved to the following path: /tmp/icst-2019/september-2018/dataset/xwiki-commons_parent/xwiki-commons-tools/xwiki-commons-tool-verification-resources/target/dspot/observations.ser
File saved to the following path: /tmp/icst-2019/september-2018/dataset/xwiki-commons_parent/xwiki-commons-tools/xwiki-commons-tool-verification-resources/target/dspot/TestListener.ser
SLF4J: Class path contains multiple SLF4J bindings.
SLF4J: Found binding in [jar:file:/home/spirals/danglot/.m2/repository/ch/qos/logback/logback-classic/1.1.7/logback-classic-1.1.7.jar!/org/slf4j/impl/StaticLoggerBinder.class]
SLF4J: Found binding in [jar:file:/home/spirals/danglot/.m2/repository/eu/stamp-project/test-runner/1.1.0/test-runner-1.1.0-jar-with-dependencies.jar!/org/slf4j/impl/StaticLoggerBinder.class]
SLF4J: See http://www.slf4j.org/codes.html#multiple_bindings for an explanation.
SLF4J: Actual binding is of type [ch.qos.logback.classic.util.ContextSelectorStaticBinder]
Loading /tmp/icst-2019/september-2018/dataset/xwiki-commons_parent/xwiki-commons-tools/xwiki-commons-tool-verification-resources/target/dspot/TestListener.ser
[INFO] Test has been run: checkWithUnstableAnnotationShouldBeRemovedAtMethodLevel_withlog0,checkWithUnstableAnnotationShouldBeRemovedAtMethodLevel_withlog1,checkWithUnstableAnnotationShouldBeRemovedAtMethodLevel_withlog2,checkWithUnstableAnnotationShouldBeRemovedMultipleSince_withlog0,checkWithUnstableAnnotationShouldBeRemovedMultipleSince_withlog1,checkWithUnstableAnnotationShouldBeRemovedMultipleSince_withlog2,checkWithUnstableAnnotationShouldBeRemoved_withlog0,checkWithUnstableAnnotationShouldBeRemoved_withlog1,checkWithUnstableAnnotationShouldBeRemoved_withlog2,checkWithUnstableOkAtMethodLevel_withlog0,checkWithUnstableOkAtMethodLevel_withlog1,checkWithUnstableOkAtMethodLevel_withlog2,checkWithUnstableOkAtClassLevel_withlog0,checkWithUnstableOkAtClassLevel_withlog1,checkWithUnstableOkAtClassLevel_withlog2
[INFO] Generating assertions...
[INFO] Could not generate any test with assertions
[INFO] 0 amplified test methods has been selected to be kept. (global: 0)
[INFO] elapsedTime 7003
======= REPORT =======
0 amplified test fails on the new versions.

[WARNING] DSpot could not obtain any amplified test method.
[WARNING] You can customize the following options: --amplifiers, --test-criterion, --iteration, --budgetizer etc, and retry with a new configuration.
[INFO] Amplification succeed.
[INFO] Elapsed time 7377 ms
[INFO] ------------------------------------------------------------------------
[INFO] BUILD SUCCESS
[INFO] ------------------------------------------------------------------------
[INFO] Total time: 39.684 s
[INFO] Finished at: 2018-09-23T13:29:18+02:00
[INFO] ------------------------------------------------------------------------
