[INFO] Scanning for projects...
[INFO] 
[INFO] ------------------< com.google.code.gson:gson-extras >------------------
[INFO] Building Gson Extras 1.0-SNAPSHOT
[INFO] --------------------------------[ jar ]---------------------------------
[INFO] 
[INFO] --- dspot-maven:1.1.1-SNAPSHOT:amplify-unit-tests (default-cli) @ gson-extras ---
Downloading from stamp-maven-repository-mvn-repo: https://stamp-project.github.io/stamp-maven-repository/eu/stamp-project/dspot/1.1.1-SNAPSHOT/maven-metadata.xml
Downloading from stamp-maven-repository-mvn-repo: https://stamp-project.github.io/stamp-maven-repository/fr/inria/gforge/spoon/spoon-core/7.1.0-SNAPSHOT/maven-metadata.xml
Downloading from stamp-maven-repository-mvn-repo: https://stamp-project.github.io/stamp-maven-repository/org/eclipse/platform/org.eclipse.core.resources/maven-metadata.xml
Downloading from stamp-maven-repository-mvn-repo: https://stamp-project.github.io/stamp-maven-repository/org/eclipse/platform/org.eclipse.core.expressions/maven-metadata.xml
Downloading from stamp-maven-repository-mvn-repo: https://stamp-project.github.io/stamp-maven-repository/org/eclipse/platform/org.eclipse.core.runtime/maven-metadata.xml
Downloading from stamp-maven-repository-mvn-repo: https://stamp-project.github.io/stamp-maven-repository/org/eclipse/platform/org.eclipse.osgi/maven-metadata.xml
Downloading from stamp-maven-repository-mvn-repo: https://stamp-project.github.io/stamp-maven-repository/org/eclipse/platform/org.eclipse.equinox.common/maven-metadata.xml
Downloading from stamp-maven-repository-mvn-repo: https://stamp-project.github.io/stamp-maven-repository/org/eclipse/platform/org.eclipse.core.jobs/maven-metadata.xml
Downloading from stamp-maven-repository-mvn-repo: https://stamp-project.github.io/stamp-maven-repository/org/eclipse/platform/org.eclipse.equinox.registry/maven-metadata.xml
Downloading from stamp-maven-repository-mvn-repo: https://stamp-project.github.io/stamp-maven-repository/org/eclipse/platform/org.eclipse.equinox.preferences/maven-metadata.xml
Downloading from stamp-maven-repository-mvn-repo: https://stamp-project.github.io/stamp-maven-repository/org/eclipse/platform/org.eclipse.core.contenttype/maven-metadata.xml
Downloading from stamp-maven-repository-mvn-repo: https://stamp-project.github.io/stamp-maven-repository/org/eclipse/platform/org.eclipse.equinox.app/maven-metadata.xml
Downloading from stamp-maven-repository-mvn-repo: https://stamp-project.github.io/stamp-maven-repository/org/eclipse/platform/org.eclipse.core.filesystem/maven-metadata.xml
Downloading from stamp-maven-repository-mvn-repo: https://stamp-project.github.io/stamp-maven-repository/org/eclipse/platform/org.eclipse.text/maven-metadata.xml
Downloading from stamp-maven-repository-mvn-repo: https://stamp-project.github.io/stamp-maven-repository/org/eclipse/platform/org.eclipse.core.commands/maven-metadata.xml
[INFO] Path to runner Classes: /home/spirals/danglot/.m2/repository/eu/stamp-project/test-runner/1.1.0/test-runner-1.1.0-jar-with-dependencies.jar
[INFO] /home/spirals/danglot/.m2/repository/org/jacoco/org.jacoco.core/0.7.9/org.jacoco.core-0.7.9.jar
[INFO] /home/spirals/danglot/.m2/repository/org/ow2/asm/asm-debug-all/5.2/asm-debug-all-5.2.jar
[INFO] /home/spirals/danglot/.m2/repository/eu/stamp-project/test-runner/1.1.0/test-runner-1.1.0-jar-with-dependencies.jar
[WARNING] automaticBuilderName: unknown automatic builder specified in configuration, going to default.
[INFO] Default: provided Maven automatic builder.
[INFO] run maven clean test -DskipTests dependency:build-classpath -Dmdep.outputFile=target/dspot/classpath
[WARN] Maven will be executed in interactive mode, but no input stream has been configured for this MavenInvoker instance.
[INFO] Scanning for projects...
[INFO] 
[INFO] ------------------< com.google.code.gson:gson-extras >------------------
[INFO] Building Gson Extras 1.0-SNAPSHOT
[INFO] --------------------------------[ jar ]---------------------------------
[INFO] 
[INFO] --- maven-clean-plugin:2.5:clean (default-clean) @ gson-extras ---
[INFO] Deleting /tmp/icst-2019/september-2018/dataset/gson_parent/extras/target
[INFO] 
[INFO] --- maven-enforcer-plugin:1.2:enforce (enforce-maven) @ gson-extras ---
[INFO] Skipping Rule Enforcement.
[INFO] 
[INFO] --- maven-resources-plugin:2.6:resources (default-resources) @ gson-extras ---
[INFO] Using 'UTF-8' encoding to copy filtered resources.
[INFO] skip non existing resourceDirectory /tmp/icst-2019/september-2018/dataset/gson_parent/extras/src/main/resources
[INFO] 
[INFO] --- maven-compiler-plugin:3.2:compile (default-compile) @ gson-extras ---
[INFO] Changes detected - recompiling the module!
[INFO] Compiling 7 source files to /tmp/icst-2019/september-2018/dataset/gson_parent/extras/target/classes
[INFO] 
[INFO] --- maven-resources-plugin:2.6:testResources (default-testResources) @ gson-extras ---
[INFO] Using 'UTF-8' encoding to copy filtered resources.
[INFO] skip non existing resourceDirectory /tmp/icst-2019/september-2018/dataset/gson_parent/extras/src/test/resources
[INFO] 
[INFO] --- maven-compiler-plugin:3.2:testCompile (default-testCompile) @ gson-extras ---
[INFO] Changes detected - recompiling the module!
[INFO] Compiling 4 source files to /tmp/icst-2019/september-2018/dataset/gson_parent/extras/target/test-classes
[INFO] 
[INFO] --- maven-surefire-plugin:2.12.4:test (default-test) @ gson-extras ---
[INFO] Tests are skipped.
[INFO] 
[INFO] --- maven-dependency-plugin:2.8:build-classpath (default-cli) @ gson-extras ---
[INFO] Wrote classpath file '/tmp/icst-2019/september-2018/dataset/gson_parent/extras/target/dspot/classpath'.
[INFO] ------------------------------------------------------------------------
[INFO] BUILD SUCCESS
[INFO] ------------------------------------------------------------------------
[INFO] Total time: 3.662 s
[INFO] Finished at: 2018-09-23T13:46:12+02:00
[INFO] ------------------------------------------------------------------------
[INFO] run maven clean test -DskipTests dependency:build-classpath -Dmdep.outputFile=target/dspot/classpath
[WARN] Maven will be executed in interactive mode, but no input stream has been configured for this MavenInvoker instance.
[INFO] Scanning for projects...
[INFO] 
[INFO] ------------------< com.google.code.gson:gson-extras >------------------
[INFO] Building Gson Extras 1.0-SNAPSHOT
[INFO] --------------------------------[ jar ]---------------------------------
[INFO] 
[INFO] --- maven-clean-plugin:2.5:clean (default-clean) @ gson-extras ---
[INFO] Deleting /tmp/icst-2019/september-2018/dataset/gson/extras/target
[INFO] 
[INFO] --- maven-enforcer-plugin:1.2:enforce (enforce-maven) @ gson-extras ---
[INFO] Skipping Rule Enforcement.
[INFO] 
[INFO] --- maven-resources-plugin:2.6:resources (default-resources) @ gson-extras ---
[INFO] Using 'UTF-8' encoding to copy filtered resources.
[INFO] skip non existing resourceDirectory /tmp/icst-2019/september-2018/dataset/gson/extras/src/main/resources
[INFO] 
[INFO] --- maven-compiler-plugin:3.2:compile (default-compile) @ gson-extras ---
[INFO] Changes detected - recompiling the module!
[INFO] Compiling 7 source files to /tmp/icst-2019/september-2018/dataset/gson/extras/target/classes
[INFO] 
[INFO] --- maven-resources-plugin:2.6:testResources (default-testResources) @ gson-extras ---
[INFO] Using 'UTF-8' encoding to copy filtered resources.
[INFO] skip non existing resourceDirectory /tmp/icst-2019/september-2018/dataset/gson/extras/src/test/resources
[INFO] 
[INFO] --- maven-compiler-plugin:3.2:testCompile (default-testCompile) @ gson-extras ---
[INFO] Changes detected - recompiling the module!
[INFO] Compiling 4 source files to /tmp/icst-2019/september-2018/dataset/gson/extras/target/test-classes
[INFO] 
[INFO] --- maven-surefire-plugin:2.12.4:test (default-test) @ gson-extras ---
[INFO] Tests are skipped.
[INFO] 
[INFO] --- maven-dependency-plugin:2.8:build-classpath (default-cli) @ gson-extras ---
[INFO] Wrote classpath file '/tmp/icst-2019/september-2018/dataset/gson/extras/target/dspot/classpath'.
[INFO] ------------------------------------------------------------------------
[INFO] BUILD SUCCESS
[INFO] ------------------------------------------------------------------------
[INFO] Total time: 3.525 s
[INFO] Finished at: 2018-09-23T13:46:19+02:00
[INFO] ------------------------------------------------------------------------
[INFO] Amplification of com.google.gson.typeadapters.UtcDateTypeAdapterTest (2 test(s))
[INFO] Assertion amplification of com.google.gson.typeadapters.UtcDateTypeAdapterTest (2 test(s))
[INFO] Run: java -classpath /tmp/icst-2019/september-2018/dataset/gson_parent/extras/target/test-classes:/tmp/icst-2019/september-2018/dataset/gson_parent/extras/target/classes/:/home/spirals/danglot/.m2/repository/junit/junit/4.12/junit-4.12.jar:/home/spirals/danglot/.m2/repository/com/google/code/gson/gson/2.3.1/gson-2.3.1.jar:/home/spirals/danglot/.m2/repository/junit/junit/3.8.2/junit-3.8.2.jar:/tmp/icst-2019/september-2018/dataset/gson_parent/extras/target/dspot/dependencies/:/home/spirals/danglot/.m2/repository/eu/stamp-project/test-runner/1.1.0/test-runner-1.1.0-jar-with-dependencies.jar eu.stamp_project.testrunner.runner.test.TestRunner com.google.gson.typeadapters.UtcDateTypeAdapterTest testLocalTimeZone:testDifferentTimeZones
File saved to the following path: /tmp/icst-2019/september-2018/dataset/gson_parent/extras/target/dspot/TestListener.ser
Loading /tmp/icst-2019/september-2018/dataset/gson_parent/extras/target/dspot/TestListener.ser
[INFO] Test has been run: testLocalTimeZone,testDifferentTimeZones
[INFO] Run tests. (2)
[INFO] Run: java -classpath /tmp/icst-2019/september-2018/dataset/gson_parent/extras/target/test-classes:/tmp/icst-2019/september-2018/dataset/gson_parent/extras/target/classes/:/home/spirals/danglot/.m2/repository/junit/junit/4.12/junit-4.12.jar:/home/spirals/danglot/.m2/repository/com/google/code/gson/gson/2.3.1/gson-2.3.1.jar:/home/spirals/danglot/.m2/repository/junit/junit/3.8.2/junit-3.8.2.jar:/tmp/icst-2019/september-2018/dataset/gson_parent/extras/target/dspot/dependencies/:/home/spirals/danglot/.m2/repository/eu/stamp-project/test-runner/1.1.0/test-runner-1.1.0-jar-with-dependencies.jar eu.stamp_project.testrunner.runner.test.TestRunner com.google.gson.typeadapters.UtcDateTypeAdapterTest testLocalTimeZone:testDifferentTimeZones
File saved to the following path: /tmp/icst-2019/september-2018/dataset/gson_parent/extras/target/dspot/TestListener.ser
Loading /tmp/icst-2019/september-2018/dataset/gson_parent/extras/target/dspot/TestListener.ser
[INFO] Test has been run: testLocalTimeZone,testDifferentTimeZones
[INFO] 2 test pass, generating assertion...
[INFO] Add observations points in passing tests.
[INFO] Instrumentation...
 50% |========================= ]/100% |================================================== ]-
[INFO] Run instrumented tests. (6)
[INFO] Run: java -classpath /tmp/icst-2019/september-2018/dataset/gson_parent/extras/target/test-classes:/tmp/icst-2019/september-2018/dataset/gson_parent/extras/target/classes/:/home/spirals/danglot/.m2/repository/junit/junit/4.12/junit-4.12.jar:/home/spirals/danglot/.m2/repository/com/google/code/gson/gson/2.3.1/gson-2.3.1.jar:/home/spirals/danglot/.m2/repository/junit/junit/3.8.2/junit-3.8.2.jar:/tmp/icst-2019/september-2018/dataset/gson_parent/extras/target/dspot/dependencies/:/home/spirals/danglot/.m2/repository/eu/stamp-project/test-runner/1.1.0/test-runner-1.1.0-jar-with-dependencies.jar eu.stamp_project.testrunner.runner.test.TestRunner com.google.gson.typeadapters.UtcDateTypeAdapterTest testLocalTimeZone_withlog0:testDifferentTimeZones_withlog0:testLocalTimeZone_withlog1:testDifferentTimeZones_withlog1:testLocalTimeZone_withlog2:testDifferentTimeZones_withlog2
File saved to the following path: /tmp/icst-2019/september-2018/dataset/gson_parent/extras/target/dspot/observations.ser
File saved to the following path: /tmp/icst-2019/september-2018/dataset/gson_parent/extras/target/dspot/TestListener.ser
Loading /tmp/icst-2019/september-2018/dataset/gson_parent/extras/target/dspot/TestListener.ser
[INFO] Test has been run: testDifferentTimeZones_withlog0,testDifferentTimeZones_withlog1,testDifferentTimeZones_withlog2,testLocalTimeZone_withlog0,testLocalTimeZone_withlog1,testLocalTimeZone_withlog2
[INFO] Generating assertions...
[INFO] Could not generate any test with assertions
[INFO] 0 amplified test methods has been selected to be kept. (global: 0)
[INFO] elapsedTime 2749
======= REPORT =======
0 amplified test fails on the new versions.

[WARNING] DSpot could not obtain any amplified test method.
[WARNING] You can customize the following options: --amplifiers, --test-criterion, --iteration, --budgetizer etc, and retry with a new configuration.
[INFO] Amplification succeed.
[INFO] Elapsed time 2894 ms
[INFO] ------------------------------------------------------------------------
[INFO] BUILD SUCCESS
[INFO] ------------------------------------------------------------------------
[INFO] Total time: 19.889 s
[INFO] Finished at: 2018-09-23T13:46:22+02:00
[INFO] ------------------------------------------------------------------------
