[INFO] Scanning for projects...
[INFO] 
[INFO] ------------------< org.apache.commons:commons-lang3 >------------------
[INFO] Building Apache Commons Lang 3.9-SNAPSHOT
[INFO] --------------------------------[ jar ]---------------------------------
[INFO] 
[INFO] --- dspot-maven:1.1.1-SNAPSHOT:amplify-unit-tests (default-cli) @ commons-lang3 ---
Downloading from stamp-maven-repository-mvn-repo: https://stamp-project.github.io/stamp-maven-repository/eu/stamp-project/dspot/1.1.1-SNAPSHOT/maven-metadata.xml
Downloading from stamp-maven-repository-mvn-repo: https://stamp-project.github.io/stamp-maven-repository/fr/inria/gforge/spoon/spoon-core/7.1.0-SNAPSHOT/maven-metadata.xml
Downloading from stamp-maven-repository-mvn-repo: https://stamp-project.github.io/stamp-maven-repository/org/eclipse/platform/org.eclipse.core.resources/maven-metadata.xml
Downloading from stamp-maven-repository-mvn-repo: https://stamp-project.github.io/stamp-maven-repository/org/eclipse/platform/org.eclipse.core.expressions/maven-metadata.xml
Downloading from stamp-maven-repository-mvn-repo: https://stamp-project.github.io/stamp-maven-repository/org/eclipse/platform/org.eclipse.core.runtime/maven-metadata.xml
Downloading from stamp-maven-repository-mvn-repo: https://stamp-project.github.io/stamp-maven-repository/org/eclipse/platform/org.eclipse.osgi/maven-metadata.xml
Downloading from stamp-maven-repository-mvn-repo: https://stamp-project.github.io/stamp-maven-repository/org/eclipse/platform/org.eclipse.equinox.common/maven-metadata.xml
Downloading from stamp-maven-repository-mvn-repo: https://stamp-project.github.io/stamp-maven-repository/org/eclipse/platform/org.eclipse.core.jobs/maven-metadata.xml
Downloading from stamp-maven-repository-mvn-repo: https://stamp-project.github.io/stamp-maven-repository/org/eclipse/platform/org.eclipse.equinox.registry/maven-metadata.xml
Downloading from stamp-maven-repository-mvn-repo: https://stamp-project.github.io/stamp-maven-repository/org/eclipse/platform/org.eclipse.equinox.preferences/maven-metadata.xml
Downloading from stamp-maven-repository-mvn-repo: https://stamp-project.github.io/stamp-maven-repository/org/eclipse/platform/org.eclipse.core.contenttype/maven-metadata.xml
Downloading from stamp-maven-repository-mvn-repo: https://stamp-project.github.io/stamp-maven-repository/org/eclipse/platform/org.eclipse.equinox.app/maven-metadata.xml
Downloading from stamp-maven-repository-mvn-repo: https://stamp-project.github.io/stamp-maven-repository/org/eclipse/platform/org.eclipse.core.filesystem/maven-metadata.xml
Downloading from stamp-maven-repository-mvn-repo: https://stamp-project.github.io/stamp-maven-repository/org/eclipse/platform/org.eclipse.text/maven-metadata.xml
Downloading from stamp-maven-repository-mvn-repo: https://stamp-project.github.io/stamp-maven-repository/org/eclipse/platform/org.eclipse.core.commands/maven-metadata.xml
[INFO] Path to runner Classes: /home/spirals/danglot/.m2/repository/eu/stamp-project/test-runner/1.1.0/test-runner-1.1.0-jar-with-dependencies.jar
[INFO] /home/spirals/danglot/.m2/repository/org/jacoco/org.jacoco.core/0.7.9/org.jacoco.core-0.7.9.jar
[INFO] /home/spirals/danglot/.m2/repository/org/ow2/asm/asm-debug-all/5.2/asm-debug-all-5.2.jar
[INFO] /home/spirals/danglot/.m2/repository/eu/stamp-project/test-runner/1.1.0/test-runner-1.1.0-jar-with-dependencies.jar
[WARNING] automaticBuilderName: unknown automatic builder specified in configuration, going to default.
[INFO] Default: provided Maven automatic builder.
[INFO] run maven clean test -DskipTests dependency:build-classpath -Dmdep.outputFile=target/dspot/classpath
[WARN] Maven will be executed in interactive mode, but no input stream has been configured for this MavenInvoker instance.
[INFO] Scanning for projects...
Downloading from central: https://repo.maven.apache.org/maven2/org/codehaus/mojo/findbugs-maven-plugin/3.0.5/findbugs-maven-plugin-3.0.5.pom
Progress (1): 2.8/23 kB
Progress (1): 3.6/23 kB
Progress (1): 6.4/23 kB
Progress (1): 7.7/23 kB
Progress (1): 10/23 kB 
Progress (1): 12/23 kB
Progress (1): 15/23 kB
Progress (1): 16/23 kB
Progress (1): 19/23 kB
Progress (1): 21/23 kB
Progress (1): 23 kB   
                   
Downloaded from central: https://repo.maven.apache.org/maven2/org/codehaus/mojo/findbugs-maven-plugin/3.0.5/findbugs-maven-plugin-3.0.5.pom (23 kB at 24 kB/s)
Downloading from central: https://repo.maven.apache.org/maven2/org/codehaus/mojo/findbugs-maven-plugin/3.0.5/findbugs-maven-plugin-3.0.5.jar
Progress (1): 2.2/145 kB
Progress (1): 5.0/145 kB
Progress (1): 7.7/145 kB
Progress (1): 10/145 kB 
Progress (1): 13/145 kB
Progress (1): 16/145 kB
Progress (1): 19/145 kB
Progress (1): 21/145 kB
Progress (1): 24/145 kB
Progress (1): 27/145 kB
Progress (1): 30/145 kB
Progress (1): 32/145 kB
Progress (1): 36/145 kB
Progress (1): 40/145 kB
Progress (1): 45/145 kB
Progress (1): 49/145 kB
Progress (1): 53/145 kB
Progress (1): 57/145 kB
Progress (1): 61/145 kB
Progress (1): 65/145 kB
Progress (1): 69/145 kB
Progress (1): 73/145 kB
Progress (1): 77/145 kB
Progress (1): 81/145 kB
Progress (1): 85/145 kB
Progress (1): 90/145 kB
Progress (1): 94/145 kB
Progress (1): 98/145 kB
Progress (1): 102/145 kB
Progress (1): 106/145 kB
Progress (1): 110/145 kB
Progress (1): 114/145 kB
Progress (1): 118/145 kB
Progress (1): 122/145 kB
Progress (1): 126/145 kB
Progress (1): 131/145 kB
Progress (1): 135/145 kB
Progress (1): 139/145 kB
Progress (1): 143/145 kB
Progress (1): 145 kB    
                    
Downloaded from central: https://repo.maven.apache.org/maven2/org/codehaus/mojo/findbugs-maven-plugin/3.0.5/findbugs-maven-plugin-3.0.5.jar (145 kB at 120 kB/s)
Downloading from central: https://repo.maven.apache.org/maven2/org/apache/commons/commons-build-plugin/1.9/commons-build-plugin-1.9.pom
Progress (1): 2.2/9.8 kB
Progress (1): 5.0/9.8 kB
Progress (1): 7.8/9.8 kB
Progress (1): 9.8 kB    
                    
Downloaded from central: https://repo.maven.apache.org/maven2/org/apache/commons/commons-build-plugin/1.9/commons-build-plugin-1.9.pom (9.8 kB at 29 kB/s)
Downloading from central: https://repo.maven.apache.org/maven2/org/apache/commons/commons-build-plugin/1.9/commons-build-plugin-1.9.jar
Progress (1): 2.2/35 kB
Progress (1): 5.0/35 kB
Progress (1): 7.7/35 kB
Progress (1): 10/35 kB 
Progress (1): 13/35 kB
Progress (1): 16/35 kB
Progress (1): 19/35 kB
Progress (1): 21/35 kB
Progress (1): 24/35 kB
Progress (1): 27/35 kB
Progress (1): 30/35 kB
Progress (1): 32/35 kB
Progress (1): 35 kB   
                   
Downloaded from central: https://repo.maven.apache.org/maven2/org/apache/commons/commons-build-plugin/1.9/commons-build-plugin-1.9.jar (35 kB at 88 kB/s)
[INFO] 
[INFO] ------------------< org.apache.commons:commons-lang3 >------------------
[INFO] Building Apache Commons Lang 3.9-SNAPSHOT
[INFO] --------------------------------[ jar ]---------------------------------
[INFO] 
[INFO] --- maven-clean-plugin:3.0.0:clean (default-clean) @ commons-lang3 ---
[INFO] Deleting /tmp/icst-2019/september-2018/dataset/commons-lang_parent/target
[INFO] 
[INFO] --- maven-enforcer-plugin:3.0.0-M2:enforce (enforce-maven-version) @ commons-lang3 ---
[INFO] Skipping Rule Enforcement.
[INFO] 
[INFO] --- maven-enforcer-plugin:3.0.0-M2:enforce (enforce-maven-3) @ commons-lang3 ---
[INFO] Skipping Rule Enforcement.
[INFO] 
[INFO] --- build-helper-maven-plugin:3.0.0:parse-version (parse-version) @ commons-lang3 ---
[INFO] 
[INFO] --- maven-antrun-plugin:1.8:run (javadoc.resources) @ commons-lang3 ---
[INFO] Executing tasks

main:
     [copy] Copying 2 files to /tmp/icst-2019/september-2018/dataset/commons-lang_parent/target/apidocs/META-INF
[INFO] Executed tasks
[INFO] 
[INFO] --- maven-remote-resources-plugin:1.5:process (process-resource-bundles) @ commons-lang3 ---
[INFO] 
[INFO] --- buildnumber-maven-plugin:1.4:create (default) @ commons-lang3 ---
[INFO] Executing: /bin/sh -c cd '/tmp/icst-2019/september-2018/dataset/commons-lang_parent' && 'git' 'rev-parse' '--verify' 'HEAD'
[INFO] Working directory: /tmp/icst-2019/september-2018/dataset/commons-lang_parent
[INFO] Storing buildNumber: 9fb4f47f352dc1c1f5f20de80840d39e1eebb985 at timestamp: 1537730309610
[INFO] Storing buildScmBranch: master
[INFO] 
[INFO] --- maven-resources-plugin:3.0.2:resources (default-resources) @ commons-lang3 ---
[INFO] Using 'ISO-8859-1' encoding to copy filtered resources.
[INFO] skip non existing resourceDirectory /tmp/icst-2019/september-2018/dataset/commons-lang_parent/src/main/resources
[INFO] Copying 2 resources to META-INF
[INFO] 
[INFO] --- maven-compiler-plugin:3.7.0:compile (default-compile) @ commons-lang3 ---
[INFO] Changes detected - recompiling the module!
[INFO] Compiling 153 source files to /tmp/icst-2019/september-2018/dataset/commons-lang_parent/target/classes
[INFO] /tmp/icst-2019/september-2018/dataset/commons-lang_parent/src/main/java/org/apache/commons/lang3/builder/ToStringStyle.java: Some input files use or override a deprecated API.
[INFO] /tmp/icst-2019/september-2018/dataset/commons-lang_parent/src/main/java/org/apache/commons/lang3/builder/ToStringStyle.java: Recompile with -Xlint:deprecation for details.
[INFO] /tmp/icst-2019/september-2018/dataset/commons-lang_parent/src/main/java/org/apache/commons/lang3/text/StrBuilder.java: Some input files use unchecked or unsafe operations.
[INFO] /tmp/icst-2019/september-2018/dataset/commons-lang_parent/src/main/java/org/apache/commons/lang3/text/StrBuilder.java: Recompile with -Xlint:unchecked for details.
[INFO] 
[INFO] --- maven-bundle-plugin:3.5.0:manifest (bundle-manifest) @ commons-lang3 ---
[INFO] 
[INFO] --- animal-sniffer-maven-plugin:1.16:check (checkAPIcompatibility) @ commons-lang3 ---
[INFO] Checking unresolved references to org.codehaus.mojo.signature:java18:1.0
[INFO] 
[INFO] --- maven-resources-plugin:3.0.2:testResources (default-testResources) @ commons-lang3 ---
[INFO] Using 'ISO-8859-1' encoding to copy filtered resources.
[INFO] Copying 2 resources
[INFO] Copying 2 resources to META-INF
[INFO] 
[INFO] --- maven-compiler-plugin:3.7.0:testCompile (default-testCompile) @ commons-lang3 ---
[INFO] Changes detected - recompiling the module!
[INFO] Compiling 174 source files to /tmp/icst-2019/september-2018/dataset/commons-lang_parent/target/test-classes
[INFO] /tmp/icst-2019/september-2018/dataset/commons-lang_parent/src/test/java/org/apache/commons/lang3/StringEscapeUtilsTest.java: Some input files use or override a deprecated API.
[INFO] /tmp/icst-2019/september-2018/dataset/commons-lang_parent/src/test/java/org/apache/commons/lang3/StringEscapeUtilsTest.java: Recompile with -Xlint:deprecation for details.
[INFO] /tmp/icst-2019/september-2018/dataset/commons-lang_parent/src/test/java/org/apache/commons/lang3/EnumUtilsTest.java: /tmp/icst-2019/september-2018/dataset/commons-lang_parent/src/test/java/org/apache/commons/lang3/EnumUtilsTest.java uses unchecked or unsafe operations.
[INFO] /tmp/icst-2019/september-2018/dataset/commons-lang_parent/src/test/java/org/apache/commons/lang3/EnumUtilsTest.java: Recompile with -Xlint:unchecked for details.
[INFO] 
[INFO] --- maven-surefire-plugin:2.22.0:test (default-test) @ commons-lang3 ---
[INFO] Tests are skipped.
[INFO] 
[INFO] --- maven-dependency-plugin:2.10:build-classpath (default-cli) @ commons-lang3 ---
[INFO] Wrote classpath file '/tmp/icst-2019/september-2018/dataset/commons-lang_parent/target/dspot/classpath'.
[INFO] ------------------------------------------------------------------------
[INFO] BUILD SUCCESS
[INFO] ------------------------------------------------------------------------
[INFO] Total time: 23.016 s
[INFO] Finished at: 2018-09-23T21:18:45+02:00
[INFO] ------------------------------------------------------------------------
[INFO] run maven clean test -DskipTests dependency:build-classpath -Dmdep.outputFile=target/dspot/classpath
[WARN] Maven will be executed in interactive mode, but no input stream has been configured for this MavenInvoker instance.
[INFO] Scanning for projects...
[INFO] 
[INFO] ------------------< org.apache.commons:commons-lang3 >------------------
[INFO] Building Apache Commons Lang 3.9-SNAPSHOT
[INFO] --------------------------------[ jar ]---------------------------------
[INFO] 
[INFO] --- maven-clean-plugin:3.0.0:clean (default-clean) @ commons-lang3 ---
[INFO] Deleting /tmp/icst-2019/september-2018/dataset/commons-lang/target
[INFO] 
[INFO] --- maven-enforcer-plugin:3.0.0-M2:enforce (enforce-maven-version) @ commons-lang3 ---
[INFO] Skipping Rule Enforcement.
[INFO] 
[INFO] --- maven-enforcer-plugin:3.0.0-M2:enforce (enforce-maven-3) @ commons-lang3 ---
[INFO] Skipping Rule Enforcement.
[INFO] 
[INFO] --- build-helper-maven-plugin:3.0.0:parse-version (parse-version) @ commons-lang3 ---
[INFO] 
[INFO] --- maven-antrun-plugin:1.8:run (javadoc.resources) @ commons-lang3 ---
[INFO] Executing tasks

main:
     [copy] Copying 2 files to /tmp/icst-2019/september-2018/dataset/commons-lang/target/apidocs/META-INF
[INFO] Executed tasks
[INFO] 
[INFO] --- maven-remote-resources-plugin:1.5:process (process-resource-bundles) @ commons-lang3 ---
[INFO] 
[INFO] --- buildnumber-maven-plugin:1.4:create (default) @ commons-lang3 ---
[INFO] Executing: /bin/sh -c cd '/tmp/icst-2019/september-2018/dataset/commons-lang' && 'git' 'rev-parse' '--verify' 'HEAD'
[INFO] Working directory: /tmp/icst-2019/september-2018/dataset/commons-lang
[INFO] Storing buildNumber: bff752134ba7626ca4cdb11a5a8d743d03af4cd8 at timestamp: 1537730340440
[INFO] Storing buildScmBranch: master
[INFO] 
[INFO] --- maven-resources-plugin:3.0.2:resources (default-resources) @ commons-lang3 ---
[INFO] Using 'ISO-8859-1' encoding to copy filtered resources.
[INFO] skip non existing resourceDirectory /tmp/icst-2019/september-2018/dataset/commons-lang/src/main/resources
[INFO] Copying 2 resources to META-INF
[INFO] 
[INFO] --- maven-compiler-plugin:3.7.0:compile (default-compile) @ commons-lang3 ---
[INFO] Changes detected - recompiling the module!
[INFO] Compiling 153 source files to /tmp/icst-2019/september-2018/dataset/commons-lang/target/classes
[INFO] /tmp/icst-2019/september-2018/dataset/commons-lang/src/main/java/org/apache/commons/lang3/builder/ToStringStyle.java: Some input files use or override a deprecated API.
[INFO] /tmp/icst-2019/september-2018/dataset/commons-lang/src/main/java/org/apache/commons/lang3/builder/ToStringStyle.java: Recompile with -Xlint:deprecation for details.
[INFO] /tmp/icst-2019/september-2018/dataset/commons-lang/src/main/java/org/apache/commons/lang3/text/StrBuilder.java: Some input files use unchecked or unsafe operations.
[INFO] /tmp/icst-2019/september-2018/dataset/commons-lang/src/main/java/org/apache/commons/lang3/text/StrBuilder.java: Recompile with -Xlint:unchecked for details.
[INFO] 
[INFO] --- maven-bundle-plugin:3.5.0:manifest (bundle-manifest) @ commons-lang3 ---
[INFO] 
[INFO] --- animal-sniffer-maven-plugin:1.16:check (checkAPIcompatibility) @ commons-lang3 ---
[INFO] Checking unresolved references to org.codehaus.mojo.signature:java18:1.0
[INFO] 
[INFO] --- maven-resources-plugin:3.0.2:testResources (default-testResources) @ commons-lang3 ---
[INFO] Using 'ISO-8859-1' encoding to copy filtered resources.
[INFO] Copying 2 resources
[INFO] Copying 2 resources to META-INF
[INFO] 
[INFO] --- maven-compiler-plugin:3.7.0:testCompile (default-testCompile) @ commons-lang3 ---
[INFO] Changes detected - recompiling the module!
[INFO] Compiling 174 source files to /tmp/icst-2019/september-2018/dataset/commons-lang/target/test-classes
[INFO] /tmp/icst-2019/september-2018/dataset/commons-lang/src/test/java/org/apache/commons/lang3/StringUtilsTest.java: Some input files use or override a deprecated API.
[INFO] /tmp/icst-2019/september-2018/dataset/commons-lang/src/test/java/org/apache/commons/lang3/StringUtilsTest.java: Recompile with -Xlint:deprecation for details.
[INFO] /tmp/icst-2019/september-2018/dataset/commons-lang/src/test/java/org/apache/commons/lang3/EnumUtilsTest.java: /tmp/icst-2019/september-2018/dataset/commons-lang/src/test/java/org/apache/commons/lang3/EnumUtilsTest.java uses unchecked or unsafe operations.
[INFO] /tmp/icst-2019/september-2018/dataset/commons-lang/src/test/java/org/apache/commons/lang3/EnumUtilsTest.java: Recompile with -Xlint:unchecked for details.
[INFO] 
[INFO] --- maven-surefire-plugin:2.22.0:test (default-test) @ commons-lang3 ---
[INFO] Tests are skipped.
[INFO] 
[INFO] --- maven-dependency-plugin:2.10:build-classpath (default-cli) @ commons-lang3 ---
[INFO] Wrote classpath file '/tmp/icst-2019/september-2018/dataset/commons-lang/target/dspot/classpath'.
[INFO] ------------------------------------------------------------------------
[INFO] BUILD SUCCESS
[INFO] ------------------------------------------------------------------------
[INFO] Total time: 18.127 s
[INFO] Finished at: 2018-09-23T21:19:15+02:00
[INFO] ------------------------------------------------------------------------
[INFO] Amplification of org.apache.commons.lang3.reflect.MethodUtilsTest (5 test(s))
[INFO] Assertion amplification of org.apache.commons.lang3.reflect.MethodUtilsTest (5 test(s))
[INFO] Run: java -classpath /tmp/icst-2019/september-2018/dataset/commons-lang_parent/target/test-classes:/tmp/icst-2019/september-2018/dataset/commons-lang_parent/target/classes/:/home/spirals/danglot/.m2/repository/junit/junit/4.12/junit-4.12.jar:/home/spirals/danglot/.m2/repository/org/hamcrest/hamcrest-core/1.3/hamcrest-core-1.3.jar:/home/spirals/danglot/.m2/repository/org/hamcrest/hamcrest-all/1.3/hamcrest-all-1.3.jar:/home/spirals/danglot/.m2/repository/org/easymock/easymock/3.6/easymock-3.6.jar:/home/spirals/danglot/.m2/repository/org/objenesis/objenesis/2.6/objenesis-2.6.jar:/home/spirals/danglot/.m2/repository/org/openjdk/jmh/jmh-core/1.21/jmh-core-1.21.jar:/home/spirals/danglot/.m2/repository/net/sf/jopt-simple/jopt-simple/4.6/jopt-simple-4.6.jar:/home/spirals/danglot/.m2/repository/org/apache/commons/commons-math3/3.2/commons-math3-3.2.jar:/home/spirals/danglot/.m2/repository/org/openjdk/jmh/jmh-generator-annprocess/1.21/jmh-generator-annprocess-1.21.jar:/tmp/icst-2019/september-2018/dataset/commons-lang_parent/target/dspot/dependencies/:/home/spirals/danglot/.m2/repository/eu/stamp-project/test-runner/1.1.0/test-runner-1.1.0-jar-with-dependencies.jar eu.stamp_project.testrunner.runner.test.TestRunner org.apache.commons.lang3.reflect.MethodUtilsTest testInvokeMethod:testGetMatchingAccessibleMethod:testInvokeStaticMethod:testInvokeJavaVarargsOverloadingResolution:testGetMatchingAccessibleMethod
File saved to the following path: /tmp/icst-2019/september-2018/dataset/commons-lang_parent/target/dspot/TestListener.ser
Loading /tmp/icst-2019/september-2018/dataset/commons-lang_parent/target/dspot/TestListener.ser
[INFO] Test has been run: testInvokeStaticMethod,testGetMatchingAccessibleMethod,testInvokeMethod,testInvokeJavaVarargsOverloadingResolution
[INFO] Run tests. (5)
[INFO] Run: java -classpath /tmp/icst-2019/september-2018/dataset/commons-lang_parent/target/test-classes:/tmp/icst-2019/september-2018/dataset/commons-lang_parent/target/classes/:/home/spirals/danglot/.m2/repository/junit/junit/4.12/junit-4.12.jar:/home/spirals/danglot/.m2/repository/org/hamcrest/hamcrest-core/1.3/hamcrest-core-1.3.jar:/home/spirals/danglot/.m2/repository/org/hamcrest/hamcrest-all/1.3/hamcrest-all-1.3.jar:/home/spirals/danglot/.m2/repository/org/easymock/easymock/3.6/easymock-3.6.jar:/home/spirals/danglot/.m2/repository/org/objenesis/objenesis/2.6/objenesis-2.6.jar:/home/spirals/danglot/.m2/repository/org/openjdk/jmh/jmh-core/1.21/jmh-core-1.21.jar:/home/spirals/danglot/.m2/repository/net/sf/jopt-simple/jopt-simple/4.6/jopt-simple-4.6.jar:/home/spirals/danglot/.m2/repository/org/apache/commons/commons-math3/3.2/commons-math3-3.2.jar:/home/spirals/danglot/.m2/repository/org/openjdk/jmh/jmh-generator-annprocess/1.21/jmh-generator-annprocess-1.21.jar:/tmp/icst-2019/september-2018/dataset/commons-lang_parent/target/dspot/dependencies/:/home/spirals/danglot/.m2/repository/eu/stamp-project/test-runner/1.1.0/test-runner-1.1.0-jar-with-dependencies.jar eu.stamp_project.testrunner.runner.test.TestRunner org.apache.commons.lang3.reflect.MethodUtilsTest testInvokeMethod:testGetMatchingAccessibleMethod:testInvokeStaticMethod:testInvokeJavaVarargsOverloadingResolution:testGetMatchingAccessibleMethod
File saved to the following path: /tmp/icst-2019/september-2018/dataset/commons-lang_parent/target/dspot/TestListener.ser
Loading /tmp/icst-2019/september-2018/dataset/commons-lang_parent/target/dspot/TestListener.ser
[INFO] Test has been run: testInvokeStaticMethod,testGetMatchingAccessibleMethod,testInvokeMethod,testInvokeJavaVarargsOverloadingResolution
[INFO] 4 test pass, generating assertion...
[INFO] Add observations points in passing tests.
[INFO] Instrumentation...
 20% |========== ]/ 40% |==================== ]- 60% |============================== ]\ 80% |======================================== ]|100% |================================================== ]/
[INFO] Run instrumented tests. (15)
[INFO] Run: java -classpath /tmp/icst-2019/september-2018/dataset/commons-lang_parent/target/test-classes:/tmp/icst-2019/september-2018/dataset/commons-lang_parent/target/classes/:/home/spirals/danglot/.m2/repository/junit/junit/4.12/junit-4.12.jar:/home/spirals/danglot/.m2/repository/org/hamcrest/hamcrest-core/1.3/hamcrest-core-1.3.jar:/home/spirals/danglot/.m2/repository/org/hamcrest/hamcrest-all/1.3/hamcrest-all-1.3.jar:/home/spirals/danglot/.m2/repository/org/easymock/easymock/3.6/easymock-3.6.jar:/home/spirals/danglot/.m2/repository/org/objenesis/objenesis/2.6/objenesis-2.6.jar:/home/spirals/danglot/.m2/repository/org/openjdk/jmh/jmh-core/1.21/jmh-core-1.21.jar:/home/spirals/danglot/.m2/repository/net/sf/jopt-simple/jopt-simple/4.6/jopt-simple-4.6.jar:/home/spirals/danglot/.m2/repository/org/apache/commons/commons-math3/3.2/commons-math3-3.2.jar:/home/spirals/danglot/.m2/repository/org/openjdk/jmh/jmh-generator-annprocess/1.21/jmh-generator-annprocess-1.21.jar:/tmp/icst-2019/september-2018/dataset/commons-lang_parent/target/dspot/dependencies/:/home/spirals/danglot/.m2/repository/eu/stamp-project/test-runner/1.1.0/test-runner-1.1.0-jar-with-dependencies.jar eu.stamp_project.testrunner.runner.test.TestRunner org.apache.commons.lang3.reflect.MethodUtilsTest testInvokeMethod_withlog0:testGetMatchingAccessibleMethod_withlog0:testInvokeStaticMethod_withlog0:testInvokeJavaVarargsOverloadingResolution_withlog0:testGetMatchingAccessibleMethod_withlog0:testInvokeMethod_withlog1:testGetMatchingAccessibleMethod_withlog1:testInvokeStaticMethod_withlog1:testInvokeJavaVarargsOverloadingResolution_withlog1:testGetMatchingAccessibleMethod_withlog1:testInvokeMethod_withlog2:testGetMatchingAccessibleMethod_withlog2:testInvokeStaticMethod_withlog2:testInvokeJavaVarargsOverloadingResolution_withlog2:testGetMatchingAccessibleMethod_withlog2
File saved to the following path: /tmp/icst-2019/september-2018/dataset/commons-lang_parent/target/dspot/observations.ser
File saved to the following path: /tmp/icst-2019/september-2018/dataset/commons-lang_parent/target/dspot/TestListener.ser
Loading /tmp/icst-2019/september-2018/dataset/commons-lang_parent/target/dspot/TestListener.ser
[INFO] Test has been run: testInvokeMethod_withlog0,testInvokeMethod_withlog1,testInvokeMethod_withlog2,testInvokeJavaVarargsOverloadingResolution_withlog0,testInvokeJavaVarargsOverloadingResolution_withlog1,testInvokeJavaVarargsOverloadingResolution_withlog2,testGetMatchingAccessibleMethod_withlog0,testGetMatchingAccessibleMethod_withlog1,testGetMatchingAccessibleMethod_withlog2,testInvokeStaticMethod_withlog0,testInvokeStaticMethod_withlog1,testInvokeStaticMethod_withlog2
[INFO] Generating assertions...
[INFO] 3 new tests with assertions generated
[INFO] Run: java -classpath /tmp/icst-2019/september-2018/dataset/commons-lang_parent/target/test-classes:/tmp/icst-2019/september-2018/dataset/commons-lang_parent/target/classes/:/home/spirals/danglot/.m2/repository/junit/junit/4.12/junit-4.12.jar:/home/spirals/danglot/.m2/repository/org/hamcrest/hamcrest-core/1.3/hamcrest-core-1.3.jar:/home/spirals/danglot/.m2/repository/org/hamcrest/hamcrest-all/1.3/hamcrest-all-1.3.jar:/home/spirals/danglot/.m2/repository/org/easymock/easymock/3.6/easymock-3.6.jar:/home/spirals/danglot/.m2/repository/org/objenesis/objenesis/2.6/objenesis-2.6.jar:/home/spirals/danglot/.m2/repository/org/openjdk/jmh/jmh-core/1.21/jmh-core-1.21.jar:/home/spirals/danglot/.m2/repository/net/sf/jopt-simple/jopt-simple/4.6/jopt-simple-4.6.jar:/home/spirals/danglot/.m2/repository/org/apache/commons/commons-math3/3.2/commons-math3-3.2.jar:/home/spirals/danglot/.m2/repository/org/openjdk/jmh/jmh-generator-annprocess/1.21/jmh-generator-annprocess-1.21.jar:/tmp/icst-2019/september-2018/dataset/commons-lang_parent/target/dspot/dependencies/:/home/spirals/danglot/.m2/repository/eu/stamp-project/test-runner/1.1.0/test-runner-1.1.0-jar-with-dependencies.jar eu.stamp_project.testrunner.runner.test.TestRunner org.apache.commons.lang3.reflect.MethodUtilsTest testInvokeMethod:testInvokeStaticMethod:testInvokeJavaVarargsOverloadingResolution
File saved to the following path: /tmp/icst-2019/september-2018/dataset/commons-lang_parent/target/dspot/TestListener.ser
Loading /tmp/icst-2019/september-2018/dataset/commons-lang_parent/target/dspot/TestListener.ser
[INFO] Test has been run: testInvokeStaticMethod,testInvokeMethod,testInvokeJavaVarargsOverloadingResolution
[INFO] Assertion amplification: 3 test method(s) has been successfully amplified.
[WARN] 2018-09-23 21:19:26 Launcher - You specified the directory /tmp/icst-2019/september-2018/dataset/commons-lang/target/classes in source classpath, please note that only class files will be considered. Jars and subdirectories will be ignored.
[WARN] 2018-09-23 21:19:26 Launcher - You specified the directory /tmp/icst-2019/september-2018/dataset/commons-lang/target/test-classes in source classpath, please note that only class files will be considered. Jars and subdirectories will be ignored.
[WARN] 2018-09-23 21:19:26 Launcher - You specified the directory /tmp/icst-2019/september-2018/dataset/commons-lang/target/dspot/dependencies in source classpath, please note that only class files will be considered. Jars and subdirectories will be ignored.
[INFO] Run: java -classpath /tmp/icst-2019/september-2018/dataset/commons-lang/target/classes/:/tmp/icst-2019/september-2018/dataset/commons-lang/target/test-classes/:/home/spirals/danglot/.m2/repository/junit/junit/4.12/junit-4.12.jar:/home/spirals/danglot/.m2/repository/org/hamcrest/hamcrest-core/1.3/hamcrest-core-1.3.jar:/home/spirals/danglot/.m2/repository/org/hamcrest/hamcrest-all/1.3/hamcrest-all-1.3.jar:/home/spirals/danglot/.m2/repository/org/easymock/easymock/3.6/easymock-3.6.jar:/home/spirals/danglot/.m2/repository/org/objenesis/objenesis/2.6/objenesis-2.6.jar:/home/spirals/danglot/.m2/repository/org/openjdk/jmh/jmh-core/1.21/jmh-core-1.21.jar:/home/spirals/danglot/.m2/repository/net/sf/jopt-simple/jopt-simple/4.6/jopt-simple-4.6.jar:/home/spirals/danglot/.m2/repository/org/apache/commons/commons-math3/3.2/commons-math3-3.2.jar:/home/spirals/danglot/.m2/repository/org/openjdk/jmh/jmh-generator-annprocess/1.21/jmh-generator-annprocess-1.21.jar:/tmp/icst-2019/september-2018/dataset/commons-lang/target/dspot/dependencies/:/home/spirals/danglot/.m2/repository/eu/stamp-project/test-runner/1.1.0/test-runner-1.1.0-jar-with-dependencies.jar eu.stamp_project.testrunner.runner.test.TestRunner org.apache.commons.lang3.reflect.MethodUtilsTest testInvokeMethod:testInvokeStaticMethod:testInvokeJavaVarargsOverloadingResolution
File saved to the following path: /tmp/icst-2019/september-2018/dataset/commons-lang_parent/target/dspot/TestListener.ser
Loading /tmp/icst-2019/september-2018/dataset/commons-lang_parent/target/dspot/TestListener.ser
[INFO] Test has been run: testInvokeStaticMethod,testInvokeMethod,testInvokeJavaVarargsOverloadingResolution
[INFO] 0 amplified test methods has been selected to be kept. (global: 0)
[INFO] elapsedTime 10063
======= REPORT =======
0 amplified test fails on the new versions.

[WARNING] DSpot could not obtain any amplified test method.
[WARNING] You can customize the following options: --amplifiers, --test-criterion, --iteration, --budgetizer etc, and retry with a new configuration.
[INFO] Amplification of org.apache.commons.lang3.reflect.ConstructorUtilsTest (3 test(s))
[INFO] Assertion amplification of org.apache.commons.lang3.reflect.ConstructorUtilsTest (3 test(s))
[INFO] Run: java -classpath /tmp/icst-2019/september-2018/dataset/commons-lang_parent/target/test-classes:/tmp/icst-2019/september-2018/dataset/commons-lang_parent/target/classes/:/home/spirals/danglot/.m2/repository/junit/junit/4.12/junit-4.12.jar:/home/spirals/danglot/.m2/repository/org/hamcrest/hamcrest-core/1.3/hamcrest-core-1.3.jar:/home/spirals/danglot/.m2/repository/org/hamcrest/hamcrest-all/1.3/hamcrest-all-1.3.jar:/home/spirals/danglot/.m2/repository/org/easymock/easymock/3.6/easymock-3.6.jar:/home/spirals/danglot/.m2/repository/org/objenesis/objenesis/2.6/objenesis-2.6.jar:/home/spirals/danglot/.m2/repository/org/openjdk/jmh/jmh-core/1.21/jmh-core-1.21.jar:/home/spirals/danglot/.m2/repository/net/sf/jopt-simple/jopt-simple/4.6/jopt-simple-4.6.jar:/home/spirals/danglot/.m2/repository/org/apache/commons/commons-math3/3.2/commons-math3-3.2.jar:/home/spirals/danglot/.m2/repository/org/openjdk/jmh/jmh-generator-annprocess/1.21/jmh-generator-annprocess-1.21.jar:/tmp/icst-2019/september-2018/dataset/commons-lang_parent/target/dspot/dependencies/:/home/spirals/danglot/.m2/repository/eu/stamp-project/test-runner/1.1.0/test-runner-1.1.0-jar-with-dependencies.jar eu.stamp_project.testrunner.runner.test.TestRunner org.apache.commons.lang3.reflect.ConstructorUtilsTest testGetMatchingAccessibleMethod:testGetMatchingAccessibleMethod:testInvokeConstructor
File saved to the following path: /tmp/icst-2019/september-2018/dataset/commons-lang_parent/target/dspot/TestListener.ser
Loading /tmp/icst-2019/september-2018/dataset/commons-lang_parent/target/dspot/TestListener.ser
[INFO] Test has been run: testInvokeConstructor,testGetMatchingAccessibleMethod
[INFO] Run tests. (3)
[INFO] Run: java -classpath /tmp/icst-2019/september-2018/dataset/commons-lang_parent/target/test-classes:/tmp/icst-2019/september-2018/dataset/commons-lang_parent/target/classes/:/home/spirals/danglot/.m2/repository/junit/junit/4.12/junit-4.12.jar:/home/spirals/danglot/.m2/repository/org/hamcrest/hamcrest-core/1.3/hamcrest-core-1.3.jar:/home/spirals/danglot/.m2/repository/org/hamcrest/hamcrest-all/1.3/hamcrest-all-1.3.jar:/home/spirals/danglot/.m2/repository/org/easymock/easymock/3.6/easymock-3.6.jar:/home/spirals/danglot/.m2/repository/org/objenesis/objenesis/2.6/objenesis-2.6.jar:/home/spirals/danglot/.m2/repository/org/openjdk/jmh/jmh-core/1.21/jmh-core-1.21.jar:/home/spirals/danglot/.m2/repository/net/sf/jopt-simple/jopt-simple/4.6/jopt-simple-4.6.jar:/home/spirals/danglot/.m2/repository/org/apache/commons/commons-math3/3.2/commons-math3-3.2.jar:/home/spirals/danglot/.m2/repository/org/openjdk/jmh/jmh-generator-annprocess/1.21/jmh-generator-annprocess-1.21.jar:/tmp/icst-2019/september-2018/dataset/commons-lang_parent/target/dspot/dependencies/:/home/spirals/danglot/.m2/repository/eu/stamp-project/test-runner/1.1.0/test-runner-1.1.0-jar-with-dependencies.jar eu.stamp_project.testrunner.runner.test.TestRunner org.apache.commons.lang3.reflect.ConstructorUtilsTest testGetMatchingAccessibleMethod:testGetMatchingAccessibleMethod:testInvokeConstructor
File saved to the following path: /tmp/icst-2019/september-2018/dataset/commons-lang_parent/target/dspot/TestListener.ser
Loading /tmp/icst-2019/september-2018/dataset/commons-lang_parent/target/dspot/TestListener.ser
[INFO] Test has been run: testInvokeConstructor,testGetMatchingAccessibleMethod
[INFO] 2 test pass, generating assertion...
[INFO] Add observations points in passing tests.
[INFO] Instrumentation...
 33% |================ ]/ 66% |================================= ]-100% |================================================== ]\
[INFO] Run instrumented tests. (9)
[INFO] Run: java -classpath /tmp/icst-2019/september-2018/dataset/commons-lang_parent/target/test-classes:/tmp/icst-2019/september-2018/dataset/commons-lang_parent/target/classes/:/home/spirals/danglot/.m2/repository/junit/junit/4.12/junit-4.12.jar:/home/spirals/danglot/.m2/repository/org/hamcrest/hamcrest-core/1.3/hamcrest-core-1.3.jar:/home/spirals/danglot/.m2/repository/org/hamcrest/hamcrest-all/1.3/hamcrest-all-1.3.jar:/home/spirals/danglot/.m2/repository/org/easymock/easymock/3.6/easymock-3.6.jar:/home/spirals/danglot/.m2/repository/org/objenesis/objenesis/2.6/objenesis-2.6.jar:/home/spirals/danglot/.m2/repository/org/openjdk/jmh/jmh-core/1.21/jmh-core-1.21.jar:/home/spirals/danglot/.m2/repository/net/sf/jopt-simple/jopt-simple/4.6/jopt-simple-4.6.jar:/home/spirals/danglot/.m2/repository/org/apache/commons/commons-math3/3.2/commons-math3-3.2.jar:/home/spirals/danglot/.m2/repository/org/openjdk/jmh/jmh-generator-annprocess/1.21/jmh-generator-annprocess-1.21.jar:/tmp/icst-2019/september-2018/dataset/commons-lang_parent/target/dspot/dependencies/:/home/spirals/danglot/.m2/repository/eu/stamp-project/test-runner/1.1.0/test-runner-1.1.0-jar-with-dependencies.jar eu.stamp_project.testrunner.runner.test.TestRunner org.apache.commons.lang3.reflect.ConstructorUtilsTest testGetMatchingAccessibleMethod_withlog0:testGetMatchingAccessibleMethod_withlog0:testInvokeConstructor_withlog0:testGetMatchingAccessibleMethod_withlog1:testGetMatchingAccessibleMethod_withlog1:testInvokeConstructor_withlog1:testGetMatchingAccessibleMethod_withlog2:testGetMatchingAccessibleMethod_withlog2:testInvokeConstructor_withlog2
File saved to the following path: /tmp/icst-2019/september-2018/dataset/commons-lang_parent/target/dspot/observations.ser
File saved to the following path: /tmp/icst-2019/september-2018/dataset/commons-lang_parent/target/dspot/TestListener.ser
Loading /tmp/icst-2019/september-2018/dataset/commons-lang_parent/target/dspot/TestListener.ser
[INFO] Test has been run: testGetMatchingAccessibleMethod_withlog0,testGetMatchingAccessibleMethod_withlog1,testGetMatchingAccessibleMethod_withlog2,testInvokeConstructor_withlog0,testInvokeConstructor_withlog1,testInvokeConstructor_withlog2
[INFO] Generating assertions...
[INFO] Could not generate any test with assertions
[INFO] 0 amplified test methods has been selected to be kept. (global: 0)
[INFO] elapsedTime 1927
======= REPORT =======
0 amplified test fails on the new versions.

[WARNING] DSpot could not obtain any amplified test method.
[WARNING] You can customize the following options: --amplifiers, --test-criterion, --iteration, --budgetizer etc, and retry with a new configuration.
[INFO] Amplification succeed.
[INFO] Elapsed time 15462 ms
[INFO] ------------------------------------------------------------------------
[INFO] BUILD SUCCESS
[INFO] ------------------------------------------------------------------------
[INFO] Total time: 01:15 min
[INFO] Finished at: 2018-09-23T21:19:30+02:00
[INFO] ------------------------------------------------------------------------
