[INFO] Scanning for projects...
[INFO] 
[INFO] ------------------< org.apache.commons:commons-lang3 >------------------
[INFO] Building Apache Commons Lang 3.8-SNAPSHOT
[INFO] --------------------------------[ jar ]---------------------------------
[INFO] 
[INFO] --- dspot-maven:1.1.1-SNAPSHOT:amplify-unit-tests (default-cli) @ commons-lang3 ---
Downloading from stamp-maven-repository-mvn-repo: https://stamp-project.github.io/stamp-maven-repository/eu/stamp-project/dspot/1.1.1-SNAPSHOT/maven-metadata.xml
Downloading from stamp-maven-repository-mvn-repo: https://stamp-project.github.io/stamp-maven-repository/fr/inria/gforge/spoon/spoon-core/7.1.0-SNAPSHOT/maven-metadata.xml
Downloading from stamp-maven-repository-mvn-repo: https://stamp-project.github.io/stamp-maven-repository/org/eclipse/platform/org.eclipse.core.resources/maven-metadata.xml
Downloading from stamp-maven-repository-mvn-repo: https://stamp-project.github.io/stamp-maven-repository/org/eclipse/platform/org.eclipse.core.expressions/maven-metadata.xml
Downloading from stamp-maven-repository-mvn-repo: https://stamp-project.github.io/stamp-maven-repository/org/eclipse/platform/org.eclipse.core.runtime/maven-metadata.xml
Downloading from stamp-maven-repository-mvn-repo: https://stamp-project.github.io/stamp-maven-repository/org/eclipse/platform/org.eclipse.osgi/maven-metadata.xml
Downloading from stamp-maven-repository-mvn-repo: https://stamp-project.github.io/stamp-maven-repository/org/eclipse/platform/org.eclipse.equinox.common/maven-metadata.xml
Downloading from stamp-maven-repository-mvn-repo: https://stamp-project.github.io/stamp-maven-repository/org/eclipse/platform/org.eclipse.core.jobs/maven-metadata.xml
Downloading from stamp-maven-repository-mvn-repo: https://stamp-project.github.io/stamp-maven-repository/org/eclipse/platform/org.eclipse.equinox.registry/maven-metadata.xml
Downloading from stamp-maven-repository-mvn-repo: https://stamp-project.github.io/stamp-maven-repository/org/eclipse/platform/org.eclipse.equinox.preferences/maven-metadata.xml
Downloading from stamp-maven-repository-mvn-repo: https://stamp-project.github.io/stamp-maven-repository/org/eclipse/platform/org.eclipse.core.contenttype/maven-metadata.xml
Downloading from stamp-maven-repository-mvn-repo: https://stamp-project.github.io/stamp-maven-repository/org/eclipse/platform/org.eclipse.equinox.app/maven-metadata.xml
Downloading from stamp-maven-repository-mvn-repo: https://stamp-project.github.io/stamp-maven-repository/org/eclipse/platform/org.eclipse.core.filesystem/maven-metadata.xml
Downloading from stamp-maven-repository-mvn-repo: https://stamp-project.github.io/stamp-maven-repository/org/eclipse/platform/org.eclipse.text/maven-metadata.xml
Downloading from stamp-maven-repository-mvn-repo: https://stamp-project.github.io/stamp-maven-repository/org/eclipse/platform/org.eclipse.core.commands/maven-metadata.xml
[INFO] Path to runner Classes: /home/spirals/danglot/.m2/repository/eu/stamp-project/test-runner/1.1.0/test-runner-1.1.0-jar-with-dependencies.jar
[INFO] /home/spirals/danglot/.m2/repository/org/jacoco/org.jacoco.core/0.7.9/org.jacoco.core-0.7.9.jar
[INFO] /home/spirals/danglot/.m2/repository/org/ow2/asm/asm-debug-all/5.2/asm-debug-all-5.2.jar
[INFO] /home/spirals/danglot/.m2/repository/eu/stamp-project/test-runner/1.1.0/test-runner-1.1.0-jar-with-dependencies.jar
[WARNING] automaticBuilderName: unknown automatic builder specified in configuration, going to default.
[INFO] Default: provided Maven automatic builder.
[INFO] run maven clean test -DskipTests dependency:build-classpath -Dmdep.outputFile=target/dspot/classpath
[WARN] Maven will be executed in interactive mode, but no input stream has been configured for this MavenInvoker instance.
[INFO] Scanning for projects...
[INFO] 
[INFO] ------------------< org.apache.commons:commons-lang3 >------------------
[INFO] Building Apache Commons Lang 3.8-SNAPSHOT
[INFO] --------------------------------[ jar ]---------------------------------
[INFO] 
[INFO] --- maven-clean-plugin:3.0.0:clean (default-clean) @ commons-lang3 ---
[INFO] Deleting /tmp/icst-2019/september-2018/dataset/commons-lang_parent/target
[INFO] 
[INFO] --- maven-enforcer-plugin:3.0.0-M1:enforce (enforce-maven-version) @ commons-lang3 ---
[INFO] Skipping Rule Enforcement.
[INFO] 
[INFO] --- maven-enforcer-plugin:3.0.0-M1:enforce (enforce-maven-3) @ commons-lang3 ---
[INFO] Skipping Rule Enforcement.
[INFO] 
[INFO] --- build-helper-maven-plugin:3.0.0:parse-version (parse-version) @ commons-lang3 ---
[INFO] 
[INFO] --- maven-antrun-plugin:1.8:run (javadoc.resources) @ commons-lang3 ---
[INFO] Executing tasks

main:
     [copy] Copying 2 files to /tmp/icst-2019/september-2018/dataset/commons-lang_parent/target/apidocs/META-INF
[INFO] Executed tasks
[INFO] 
[INFO] --- maven-remote-resources-plugin:1.5:process (process-resource-bundles) @ commons-lang3 ---
[INFO] 
[INFO] --- buildnumber-maven-plugin:1.4:create (default) @ commons-lang3 ---
[INFO] Executing: /bin/sh -c cd '/tmp/icst-2019/september-2018/dataset/commons-lang_parent' && 'git' 'rev-parse' '--verify' 'HEAD'
[INFO] Working directory: /tmp/icst-2019/september-2018/dataset/commons-lang_parent
[INFO] Storing buildNumber: 362dd935f84ef80b13cced13a74339e42c775809 at timestamp: 1537731634930
[INFO] Storing buildScmBranch: master
[INFO] 
[INFO] --- maven-resources-plugin:3.0.2:resources (default-resources) @ commons-lang3 ---
[INFO] Using 'ISO-8859-1' encoding to copy filtered resources.
[INFO] skip non existing resourceDirectory /tmp/icst-2019/september-2018/dataset/commons-lang_parent/src/main/resources
[INFO] Copying 2 resources to META-INF
[INFO] 
[INFO] --- maven-compiler-plugin:3.7.0:compile (default-compile) @ commons-lang3 ---
[INFO] Changes detected - recompiling the module!
[INFO] Compiling 152 source files to /tmp/icst-2019/september-2018/dataset/commons-lang_parent/target/classes
[INFO] /tmp/icst-2019/september-2018/dataset/commons-lang_parent/src/main/java/org/apache/commons/lang3/StringEscapeUtils.java: Some input files use or override a deprecated API.
[INFO] /tmp/icst-2019/september-2018/dataset/commons-lang_parent/src/main/java/org/apache/commons/lang3/StringEscapeUtils.java: Recompile with -Xlint:deprecation for details.
[INFO] /tmp/icst-2019/september-2018/dataset/commons-lang_parent/src/main/java/org/apache/commons/lang3/text/StrBuilder.java: Some input files use unchecked or unsafe operations.
[INFO] /tmp/icst-2019/september-2018/dataset/commons-lang_parent/src/main/java/org/apache/commons/lang3/text/StrBuilder.java: Recompile with -Xlint:unchecked for details.
[INFO] 
[INFO] --- maven-bundle-plugin:3.5.0:manifest (bundle-manifest) @ commons-lang3 ---
[INFO] 
[INFO] --- animal-sniffer-maven-plugin:1.16:check (checkAPIcompatibility) @ commons-lang3 ---
[INFO] Checking unresolved references to org.codehaus.mojo.signature:java17:1.0
[INFO] 
[INFO] --- maven-resources-plugin:3.0.2:testResources (default-testResources) @ commons-lang3 ---
[INFO] Using 'ISO-8859-1' encoding to copy filtered resources.
[INFO] Copying 2 resources
[INFO] Copying 2 resources to META-INF
[INFO] 
[INFO] --- maven-compiler-plugin:3.7.0:testCompile (default-testCompile) @ commons-lang3 ---
[INFO] Changes detected - recompiling the module!
[INFO] Compiling 173 source files to /tmp/icst-2019/september-2018/dataset/commons-lang_parent/target/test-classes
[INFO] /tmp/icst-2019/september-2018/dataset/commons-lang_parent/src/test/java/org/apache/commons/lang3/StringEscapeUtilsTest.java: Some input files use or override a deprecated API.
[INFO] /tmp/icst-2019/september-2018/dataset/commons-lang_parent/src/test/java/org/apache/commons/lang3/StringEscapeUtilsTest.java: Recompile with -Xlint:deprecation for details.
[INFO] /tmp/icst-2019/september-2018/dataset/commons-lang_parent/src/test/java/org/apache/commons/lang3/EnumUtilsTest.java: /tmp/icst-2019/september-2018/dataset/commons-lang_parent/src/test/java/org/apache/commons/lang3/EnumUtilsTest.java uses unchecked or unsafe operations.
[INFO] /tmp/icst-2019/september-2018/dataset/commons-lang_parent/src/test/java/org/apache/commons/lang3/EnumUtilsTest.java: Recompile with -Xlint:unchecked for details.
[INFO] 
[INFO] --- maven-surefire-plugin:2.21.0:test (default-test) @ commons-lang3 ---
[INFO] Tests are skipped.
[INFO] 
[INFO] --- maven-dependency-plugin:2.10:build-classpath (default-cli) @ commons-lang3 ---
[INFO] Wrote classpath file '/tmp/icst-2019/september-2018/dataset/commons-lang_parent/target/dspot/classpath'.
[INFO] ------------------------------------------------------------------------
[INFO] BUILD SUCCESS
[INFO] ------------------------------------------------------------------------
[INFO] Total time: 16.591 s
[INFO] Finished at: 2018-09-23T21:40:47+02:00
[INFO] ------------------------------------------------------------------------
[INFO] run maven clean test -DskipTests dependency:build-classpath -Dmdep.outputFile=target/dspot/classpath
[WARN] Maven will be executed in interactive mode, but no input stream has been configured for this MavenInvoker instance.
[INFO] Scanning for projects...
[INFO] 
[INFO] ------------------< org.apache.commons:commons-lang3 >------------------
[INFO] Building Apache Commons Lang 3.8-SNAPSHOT
[INFO] --------------------------------[ jar ]---------------------------------
[INFO] 
[INFO] --- maven-clean-plugin:3.0.0:clean (default-clean) @ commons-lang3 ---
[INFO] Deleting /tmp/icst-2019/september-2018/dataset/commons-lang/target
[INFO] 
[INFO] --- maven-enforcer-plugin:3.0.0-M1:enforce (enforce-maven-version) @ commons-lang3 ---
[INFO] Skipping Rule Enforcement.
[INFO] 
[INFO] --- maven-enforcer-plugin:3.0.0-M1:enforce (enforce-maven-3) @ commons-lang3 ---
[INFO] Skipping Rule Enforcement.
[INFO] 
[INFO] --- build-helper-maven-plugin:3.0.0:parse-version (parse-version) @ commons-lang3 ---
[INFO] 
[INFO] --- maven-antrun-plugin:1.8:run (javadoc.resources) @ commons-lang3 ---
[INFO] Executing tasks

main:
     [copy] Copying 2 files to /tmp/icst-2019/september-2018/dataset/commons-lang/target/apidocs/META-INF
[INFO] Executed tasks
[INFO] 
[INFO] --- maven-remote-resources-plugin:1.5:process (process-resource-bundles) @ commons-lang3 ---
[INFO] 
[INFO] --- buildnumber-maven-plugin:1.4:create (default) @ commons-lang3 ---
[INFO] Executing: /bin/sh -c cd '/tmp/icst-2019/september-2018/dataset/commons-lang' && 'git' 'rev-parse' '--verify' 'HEAD'
[INFO] Working directory: /tmp/icst-2019/september-2018/dataset/commons-lang
[INFO] Storing buildNumber: e7d16c27629722a93a9d36a0b5e0a3a793850544 at timestamp: 1537731662734
[INFO] Storing buildScmBranch: master
[INFO] 
[INFO] --- maven-resources-plugin:3.0.2:resources (default-resources) @ commons-lang3 ---
[INFO] Using 'ISO-8859-1' encoding to copy filtered resources.
[INFO] skip non existing resourceDirectory /tmp/icst-2019/september-2018/dataset/commons-lang/src/main/resources
[INFO] Copying 2 resources to META-INF
[INFO] 
[INFO] --- maven-compiler-plugin:3.7.0:compile (default-compile) @ commons-lang3 ---
[INFO] Changes detected - recompiling the module!
[INFO] Compiling 152 source files to /tmp/icst-2019/september-2018/dataset/commons-lang/target/classes
[INFO] /tmp/icst-2019/september-2018/dataset/commons-lang/src/main/java/org/apache/commons/lang3/builder/ToStringStyle.java: Some input files use or override a deprecated API.
[INFO] /tmp/icst-2019/september-2018/dataset/commons-lang/src/main/java/org/apache/commons/lang3/builder/ToStringStyle.java: Recompile with -Xlint:deprecation for details.
[INFO] /tmp/icst-2019/september-2018/dataset/commons-lang/src/main/java/org/apache/commons/lang3/text/StrBuilder.java: Some input files use unchecked or unsafe operations.
[INFO] /tmp/icst-2019/september-2018/dataset/commons-lang/src/main/java/org/apache/commons/lang3/text/StrBuilder.java: Recompile with -Xlint:unchecked for details.
[INFO] 
[INFO] --- maven-bundle-plugin:3.5.0:manifest (bundle-manifest) @ commons-lang3 ---
[INFO] 
[INFO] --- animal-sniffer-maven-plugin:1.16:check (checkAPIcompatibility) @ commons-lang3 ---
[INFO] Checking unresolved references to org.codehaus.mojo.signature:java17:1.0
[INFO] 
[INFO] --- maven-resources-plugin:3.0.2:testResources (default-testResources) @ commons-lang3 ---
[INFO] Using 'ISO-8859-1' encoding to copy filtered resources.
[INFO] Copying 2 resources
[INFO] Copying 2 resources to META-INF
[INFO] 
[INFO] --- maven-compiler-plugin:3.7.0:testCompile (default-testCompile) @ commons-lang3 ---
[INFO] Changes detected - recompiling the module!
[INFO] Compiling 173 source files to /tmp/icst-2019/september-2018/dataset/commons-lang/target/test-classes
[INFO] /tmp/icst-2019/september-2018/dataset/commons-lang/src/test/java/org/apache/commons/lang3/StringUtilsTest.java: Some input files use or override a deprecated API.
[INFO] /tmp/icst-2019/september-2018/dataset/commons-lang/src/test/java/org/apache/commons/lang3/StringUtilsTest.java: Recompile with -Xlint:deprecation for details.
[INFO] /tmp/icst-2019/september-2018/dataset/commons-lang/src/test/java/org/apache/commons/lang3/EnumUtilsTest.java: /tmp/icst-2019/september-2018/dataset/commons-lang/src/test/java/org/apache/commons/lang3/EnumUtilsTest.java uses unchecked or unsafe operations.
[INFO] /tmp/icst-2019/september-2018/dataset/commons-lang/src/test/java/org/apache/commons/lang3/EnumUtilsTest.java: Recompile with -Xlint:unchecked for details.
[INFO] 
[INFO] --- maven-surefire-plugin:2.21.0:test (default-test) @ commons-lang3 ---
[INFO] Tests are skipped.
[INFO] 
[INFO] --- maven-dependency-plugin:2.10:build-classpath (default-cli) @ commons-lang3 ---
[INFO] Wrote classpath file '/tmp/icst-2019/september-2018/dataset/commons-lang/target/dspot/classpath'.
[INFO] ------------------------------------------------------------------------
[INFO] BUILD SUCCESS
[INFO] ------------------------------------------------------------------------
[INFO] Total time: 16.307 s
[INFO] Finished at: 2018-09-23T21:41:15+02:00
[INFO] ------------------------------------------------------------------------
[INFO] Amplification of org.apache.commons.lang3.builder.JsonToStringStyleTest (7 test(s))
[INFO] Assertion amplification of org.apache.commons.lang3.builder.JsonToStringStyleTest (7 test(s))
[INFO] Run: java -classpath /tmp/icst-2019/september-2018/dataset/commons-lang_parent/target/test-classes:/tmp/icst-2019/september-2018/dataset/commons-lang_parent/target/classes/:/home/spirals/danglot/.m2/repository/junit/junit/4.12/junit-4.12.jar:/home/spirals/danglot/.m2/repository/org/hamcrest/hamcrest-core/1.3/hamcrest-core-1.3.jar:/home/spirals/danglot/.m2/repository/org/hamcrest/hamcrest-all/1.3/hamcrest-all-1.3.jar:/home/spirals/danglot/.m2/repository/org/easymock/easymock/3.5.1/easymock-3.5.1.jar:/home/spirals/danglot/.m2/repository/org/objenesis/objenesis/2.6/objenesis-2.6.jar:/home/spirals/danglot/.m2/repository/org/openjdk/jmh/jmh-core/1.19/jmh-core-1.19.jar:/home/spirals/danglot/.m2/repository/net/sf/jopt-simple/jopt-simple/4.6/jopt-simple-4.6.jar:/home/spirals/danglot/.m2/repository/org/apache/commons/commons-math3/3.2/commons-math3-3.2.jar:/home/spirals/danglot/.m2/repository/org/openjdk/jmh/jmh-generator-annprocess/1.19/jmh-generator-annprocess-1.19.jar:/tmp/icst-2019/september-2018/dataset/commons-lang_parent/target/dspot/dependencies/:/home/spirals/danglot/.m2/repository/eu/stamp-project/test-runner/1.1.0/test-runner-1.1.0-jar-with-dependencies.jar eu.stamp_project.testrunner.runner.test.TestRunner org.apache.commons.lang3.builder.JsonToStringStyleTest testAppendSuper:testChar:testNestingPerson:testArray:testObject:testPerson:testDate
File saved to the following path: /tmp/icst-2019/september-2018/dataset/commons-lang_parent/target/dspot/TestListener.ser
Loading /tmp/icst-2019/september-2018/dataset/commons-lang_parent/target/dspot/TestListener.ser
[INFO] Test has been run: testArray,testChar,testDate,testNestingPerson,testObject,testPerson,testAppendSuper
[INFO] Run tests. (7)
[INFO] Run: java -classpath /tmp/icst-2019/september-2018/dataset/commons-lang_parent/target/test-classes:/tmp/icst-2019/september-2018/dataset/commons-lang_parent/target/classes/:/home/spirals/danglot/.m2/repository/junit/junit/4.12/junit-4.12.jar:/home/spirals/danglot/.m2/repository/org/hamcrest/hamcrest-core/1.3/hamcrest-core-1.3.jar:/home/spirals/danglot/.m2/repository/org/hamcrest/hamcrest-all/1.3/hamcrest-all-1.3.jar:/home/spirals/danglot/.m2/repository/org/easymock/easymock/3.5.1/easymock-3.5.1.jar:/home/spirals/danglot/.m2/repository/org/objenesis/objenesis/2.6/objenesis-2.6.jar:/home/spirals/danglot/.m2/repository/org/openjdk/jmh/jmh-core/1.19/jmh-core-1.19.jar:/home/spirals/danglot/.m2/repository/net/sf/jopt-simple/jopt-simple/4.6/jopt-simple-4.6.jar:/home/spirals/danglot/.m2/repository/org/apache/commons/commons-math3/3.2/commons-math3-3.2.jar:/home/spirals/danglot/.m2/repository/org/openjdk/jmh/jmh-generator-annprocess/1.19/jmh-generator-annprocess-1.19.jar:/tmp/icst-2019/september-2018/dataset/commons-lang_parent/target/dspot/dependencies/:/home/spirals/danglot/.m2/repository/eu/stamp-project/test-runner/1.1.0/test-runner-1.1.0-jar-with-dependencies.jar eu.stamp_project.testrunner.runner.test.TestRunner org.apache.commons.lang3.builder.JsonToStringStyleTest testAppendSuper:testChar:testNestingPerson:testArray:testObject:testPerson:testDate
File saved to the following path: /tmp/icst-2019/september-2018/dataset/commons-lang_parent/target/dspot/TestListener.ser
Loading /tmp/icst-2019/september-2018/dataset/commons-lang_parent/target/dspot/TestListener.ser
[INFO] Test has been run: testArray,testChar,testDate,testNestingPerson,testObject,testPerson,testAppendSuper
[INFO] 7 test pass, generating assertion...
[INFO] Add observations points in passing tests.
[INFO] Instrumentation...
 14% |======= ]/ 28% |============== ]- 42% |===================== ]\ 57% |============================ ]| 71% |=================================== ]/ 85% |========================================== ]-100% |================================================== ]\
[INFO] Run instrumented tests. (21)
[INFO] Run: java -classpath /tmp/icst-2019/september-2018/dataset/commons-lang_parent/target/test-classes:/tmp/icst-2019/september-2018/dataset/commons-lang_parent/target/classes/:/home/spirals/danglot/.m2/repository/junit/junit/4.12/junit-4.12.jar:/home/spirals/danglot/.m2/repository/org/hamcrest/hamcrest-core/1.3/hamcrest-core-1.3.jar:/home/spirals/danglot/.m2/repository/org/hamcrest/hamcrest-all/1.3/hamcrest-all-1.3.jar:/home/spirals/danglot/.m2/repository/org/easymock/easymock/3.5.1/easymock-3.5.1.jar:/home/spirals/danglot/.m2/repository/org/objenesis/objenesis/2.6/objenesis-2.6.jar:/home/spirals/danglot/.m2/repository/org/openjdk/jmh/jmh-core/1.19/jmh-core-1.19.jar:/home/spirals/danglot/.m2/repository/net/sf/jopt-simple/jopt-simple/4.6/jopt-simple-4.6.jar:/home/spirals/danglot/.m2/repository/org/apache/commons/commons-math3/3.2/commons-math3-3.2.jar:/home/spirals/danglot/.m2/repository/org/openjdk/jmh/jmh-generator-annprocess/1.19/jmh-generator-annprocess-1.19.jar:/tmp/icst-2019/september-2018/dataset/commons-lang_parent/target/dspot/dependencies/:/home/spirals/danglot/.m2/repository/eu/stamp-project/test-runner/1.1.0/test-runner-1.1.0-jar-with-dependencies.jar eu.stamp_project.testrunner.runner.test.TestRunner org.apache.commons.lang3.builder.JsonToStringStyleTest testAppendSuper_withlog0:testChar_withlog0:testNestingPerson_withlog0:testArray_withlog0:testObject_withlog0:testPerson_withlog0:testDate_withlog0:testAppendSuper_withlog1:testChar_withlog1:testNestingPerson_withlog1:testArray_withlog1:testObject_withlog1:testPerson_withlog1:testDate_withlog1:testAppendSuper_withlog2:testChar_withlog2:testNestingPerson_withlog2:testArray_withlog2:testObject_withlog2:testPerson_withlog2:testDate_withlog2
File saved to the following path: /tmp/icst-2019/september-2018/dataset/commons-lang_parent/target/dspot/observations.ser
File saved to the following path: /tmp/icst-2019/september-2018/dataset/commons-lang_parent/target/dspot/TestListener.ser
Loading /tmp/icst-2019/september-2018/dataset/commons-lang_parent/target/dspot/TestListener.ser
[INFO] Test has been run: testArray_withlog0,testArray_withlog1,testArray_withlog2,testChar_withlog0,testChar_withlog1,testChar_withlog2,testAppendSuper_withlog0,testAppendSuper_withlog1,testAppendSuper_withlog2,testDate_withlog0,testDate_withlog1,testDate_withlog2,testNestingPerson_withlog0,testNestingPerson_withlog1,testNestingPerson_withlog2,testObject_withlog0,testObject_withlog1,testObject_withlog2,testPerson_withlog0,testPerson_withlog1,testPerson_withlog2
[INFO] Generating assertions...
[INFO] 4 new tests with assertions generated
[INFO] Run: java -classpath /tmp/icst-2019/september-2018/dataset/commons-lang_parent/target/test-classes:/tmp/icst-2019/september-2018/dataset/commons-lang_parent/target/classes/:/home/spirals/danglot/.m2/repository/junit/junit/4.12/junit-4.12.jar:/home/spirals/danglot/.m2/repository/org/hamcrest/hamcrest-core/1.3/hamcrest-core-1.3.jar:/home/spirals/danglot/.m2/repository/org/hamcrest/hamcrest-all/1.3/hamcrest-all-1.3.jar:/home/spirals/danglot/.m2/repository/org/easymock/easymock/3.5.1/easymock-3.5.1.jar:/home/spirals/danglot/.m2/repository/org/objenesis/objenesis/2.6/objenesis-2.6.jar:/home/spirals/danglot/.m2/repository/org/openjdk/jmh/jmh-core/1.19/jmh-core-1.19.jar:/home/spirals/danglot/.m2/repository/net/sf/jopt-simple/jopt-simple/4.6/jopt-simple-4.6.jar:/home/spirals/danglot/.m2/repository/org/apache/commons/commons-math3/3.2/commons-math3-3.2.jar:/home/spirals/danglot/.m2/repository/org/openjdk/jmh/jmh-generator-annprocess/1.19/jmh-generator-annprocess-1.19.jar:/tmp/icst-2019/september-2018/dataset/commons-lang_parent/target/dspot/dependencies/:/home/spirals/danglot/.m2/repository/eu/stamp-project/test-runner/1.1.0/test-runner-1.1.0-jar-with-dependencies.jar eu.stamp_project.testrunner.runner.test.TestRunner org.apache.commons.lang3.builder.JsonToStringStyleTest testNestingPerson:testArray:testPerson:testDate
File saved to the following path: /tmp/icst-2019/september-2018/dataset/commons-lang_parent/target/dspot/TestListener.ser
Loading /tmp/icst-2019/september-2018/dataset/commons-lang_parent/target/dspot/TestListener.ser
[INFO] Test has been run: testArray,testNestingPerson,testPerson,testDate(org.apache.commons.lang3.builder.JsonToStringStyleTest): expected:<...":"Sun Sep 23 21:41:[19] CEST 2018"}> but was:<...":"Sun Sep 23 21:41:[20] CEST 2018"}>
[INFO] Assertion amplification: 3 test method(s) has been successfully amplified.
[WARN] 2018-09-23 21:41:21 Launcher - You specified the directory /tmp/icst-2019/september-2018/dataset/commons-lang/target/classes in source classpath, please note that only class files will be considered. Jars and subdirectories will be ignored.
[WARN] 2018-09-23 21:41:21 Launcher - You specified the directory /tmp/icst-2019/september-2018/dataset/commons-lang/target/test-classes in source classpath, please note that only class files will be considered. Jars and subdirectories will be ignored.
[WARN] 2018-09-23 21:41:21 Launcher - You specified the directory /tmp/icst-2019/september-2018/dataset/commons-lang/target/dspot/dependencies in source classpath, please note that only class files will be considered. Jars and subdirectories will be ignored.
[INFO] Run: java -classpath /tmp/icst-2019/september-2018/dataset/commons-lang/target/classes/:/tmp/icst-2019/september-2018/dataset/commons-lang/target/test-classes/:/home/spirals/danglot/.m2/repository/junit/junit/4.12/junit-4.12.jar:/home/spirals/danglot/.m2/repository/org/hamcrest/hamcrest-core/1.3/hamcrest-core-1.3.jar:/home/spirals/danglot/.m2/repository/org/hamcrest/hamcrest-all/1.3/hamcrest-all-1.3.jar:/home/spirals/danglot/.m2/repository/org/easymock/easymock/3.5.1/easymock-3.5.1.jar:/home/spirals/danglot/.m2/repository/org/objenesis/objenesis/2.6/objenesis-2.6.jar:/home/spirals/danglot/.m2/repository/org/openjdk/jmh/jmh-core/1.19/jmh-core-1.19.jar:/home/spirals/danglot/.m2/repository/net/sf/jopt-simple/jopt-simple/4.6/jopt-simple-4.6.jar:/home/spirals/danglot/.m2/repository/org/apache/commons/commons-math3/3.2/commons-math3-3.2.jar:/home/spirals/danglot/.m2/repository/org/openjdk/jmh/jmh-generator-annprocess/1.19/jmh-generator-annprocess-1.19.jar:/tmp/icst-2019/september-2018/dataset/commons-lang/target/dspot/dependencies/:/home/spirals/danglot/.m2/repository/eu/stamp-project/test-runner/1.1.0/test-runner-1.1.0-jar-with-dependencies.jar eu.stamp_project.testrunner.runner.test.TestRunner org.apache.commons.lang3.builder.JsonToStringStyleTest testNestingPerson:testArray:testPerson
File saved to the following path: /tmp/icst-2019/september-2018/dataset/commons-lang_parent/target/dspot/TestListener.ser
Loading /tmp/icst-2019/september-2018/dataset/commons-lang_parent/target/dspot/TestListener.ser
[INFO] Test has been run: testArray,testNestingPerson,testPerson
[INFO] 0 amplified test methods has been selected to be kept. (global: 0)
[INFO] elapsedTime 5629
======= REPORT =======
0 amplified test fails on the new versions.

[WARNING] DSpot could not obtain any amplified test method.
[WARNING] You can customize the following options: --amplifiers, --test-criterion, --iteration, --budgetizer etc, and retry with a new configuration.
[INFO] Amplification succeed.
[INFO] Elapsed time 6740 ms
[INFO] ------------------------------------------------------------------------
[INFO] BUILD SUCCESS
[INFO] ------------------------------------------------------------------------
[INFO] Total time: 57.365 s
[INFO] Finished at: 2018-09-23T21:41:22+02:00
[INFO] ------------------------------------------------------------------------
