[INFO] Scanning for projects...
[INFO] 
[INFO] --------------------------< org.jsoup:jsoup >---------------------------
[INFO] Building jsoup Java HTML Parser 1.11.3-SNAPSHOT
[INFO] --------------------------------[ jar ]---------------------------------
[INFO] 
[INFO] --- dspot-maven:1.1.1-SNAPSHOT:amplify-unit-tests (default-cli) @ jsoup ---
Downloading from stamp-maven-repository-mvn-repo: https://stamp-project.github.io/stamp-maven-repository/eu/stamp-project/dspot/1.1.1-SNAPSHOT/maven-metadata.xml
Downloading from stamp-maven-repository-mvn-repo: https://stamp-project.github.io/stamp-maven-repository/fr/inria/gforge/spoon/spoon-core/7.1.0-SNAPSHOT/maven-metadata.xml
Downloading from stamp-maven-repository-mvn-repo: https://stamp-project.github.io/stamp-maven-repository/org/eclipse/platform/org.eclipse.core.resources/maven-metadata.xml
Downloading from stamp-maven-repository-mvn-repo: https://stamp-project.github.io/stamp-maven-repository/org/eclipse/platform/org.eclipse.core.expressions/maven-metadata.xml
Downloading from stamp-maven-repository-mvn-repo: https://stamp-project.github.io/stamp-maven-repository/org/eclipse/platform/org.eclipse.core.runtime/maven-metadata.xml
Downloading from stamp-maven-repository-mvn-repo: https://stamp-project.github.io/stamp-maven-repository/org/eclipse/platform/org.eclipse.osgi/maven-metadata.xml
Downloading from stamp-maven-repository-mvn-repo: https://stamp-project.github.io/stamp-maven-repository/org/eclipse/platform/org.eclipse.equinox.common/maven-metadata.xml
Downloading from stamp-maven-repository-mvn-repo: https://stamp-project.github.io/stamp-maven-repository/org/eclipse/platform/org.eclipse.core.jobs/maven-metadata.xml
Downloading from stamp-maven-repository-mvn-repo: https://stamp-project.github.io/stamp-maven-repository/org/eclipse/platform/org.eclipse.equinox.registry/maven-metadata.xml
Downloading from stamp-maven-repository-mvn-repo: https://stamp-project.github.io/stamp-maven-repository/org/eclipse/platform/org.eclipse.equinox.preferences/maven-metadata.xml
Downloading from stamp-maven-repository-mvn-repo: https://stamp-project.github.io/stamp-maven-repository/org/eclipse/platform/org.eclipse.core.contenttype/maven-metadata.xml
Downloading from stamp-maven-repository-mvn-repo: https://stamp-project.github.io/stamp-maven-repository/org/eclipse/platform/org.eclipse.equinox.app/maven-metadata.xml
Downloading from stamp-maven-repository-mvn-repo: https://stamp-project.github.io/stamp-maven-repository/org/eclipse/platform/org.eclipse.core.filesystem/maven-metadata.xml
Downloading from stamp-maven-repository-mvn-repo: https://stamp-project.github.io/stamp-maven-repository/org/eclipse/platform/org.eclipse.text/maven-metadata.xml
Downloading from stamp-maven-repository-mvn-repo: https://stamp-project.github.io/stamp-maven-repository/org/eclipse/platform/org.eclipse.core.commands/maven-metadata.xml
[INFO] Path to runner Classes: /home/spirals/danglot/.m2/repository/eu/stamp-project/test-runner/1.1.0/test-runner-1.1.0-jar-with-dependencies.jar
[INFO] /home/spirals/danglot/.m2/repository/org/jacoco/org.jacoco.core/0.7.9/org.jacoco.core-0.7.9.jar
[INFO] /home/spirals/danglot/.m2/repository/org/ow2/asm/asm-debug-all/5.2/asm-debug-all-5.2.jar
[INFO] /home/spirals/danglot/.m2/repository/eu/stamp-project/test-runner/1.1.0/test-runner-1.1.0-jar-with-dependencies.jar
[WARNING] automaticBuilderName: unknown automatic builder specified in configuration, going to default.
[INFO] Default: provided Maven automatic builder.
[INFO] run maven clean test -DskipTests dependency:build-classpath -Dmdep.outputFile=target/dspot/classpath
[WARN] Maven will be executed in interactive mode, but no input stream has been configured for this MavenInvoker instance.
[INFO] Scanning for projects...
[INFO] 
[INFO] --------------------------< org.jsoup:jsoup >---------------------------
[INFO] Building jsoup Java HTML Parser 1.11.3-SNAPSHOT
[INFO] --------------------------------[ jar ]---------------------------------
[INFO] 
[INFO] --- maven-clean-plugin:2.5:clean (default-clean) @ jsoup ---
[INFO] Deleting /tmp/icst-2019/september-2018/dataset/jsoup_parent/target
[INFO] 
[INFO] --- maven-resources-plugin:3.0.1:resources (default-resources) @ jsoup ---
[INFO] Using 'UTF-8' encoding to copy filtered resources.
[INFO] Copying 0 resource
[INFO] Copying 3 resources to META-INF/
[INFO] 
[INFO] --- maven-compiler-plugin:3.5.1:compile (default-compile) @ jsoup ---
[INFO] Changes detected - recompiling the module!
[INFO] Compiling 67 source files to /tmp/icst-2019/september-2018/dataset/jsoup_parent/target/classes
[INFO] /tmp/icst-2019/september-2018/dataset/jsoup_parent/src/main/java/org/jsoup/nodes/Attributes.java: Some input files use or override a deprecated API.
[INFO] /tmp/icst-2019/september-2018/dataset/jsoup_parent/src/main/java/org/jsoup/nodes/Attributes.java: Recompile with -Xlint:deprecation for details.
[INFO] 
[INFO] --- animal-sniffer-maven-plugin:1.16:check (animal-sniffer) @ jsoup ---
[INFO] Checking unresolved references to net.sf.androidscents.signature:android-api-level-8:2.2_r3
[INFO] 
[INFO] >>> maven-bundle-plugin:2.5.4:manifest (bundle-manifest) > process-classes @ jsoup >>>
[INFO] 
[INFO] --- maven-resources-plugin:3.0.1:resources (default-resources) @ jsoup ---
[INFO] Using 'UTF-8' encoding to copy filtered resources.
[INFO] Copying 0 resource
[INFO] Copying 3 resources to META-INF/
[INFO] 
[INFO] --- maven-compiler-plugin:3.5.1:compile (default-compile) @ jsoup ---
[INFO] Changes detected - recompiling the module!
[INFO] Compiling 67 source files to /tmp/icst-2019/september-2018/dataset/jsoup_parent/target/classes
[INFO] /tmp/icst-2019/september-2018/dataset/jsoup_parent/src/main/java/org/jsoup/nodes/Attributes.java: Some input files use or override a deprecated API.
[INFO] /tmp/icst-2019/september-2018/dataset/jsoup_parent/src/main/java/org/jsoup/nodes/Attributes.java: Recompile with -Xlint:deprecation for details.
[INFO] 
[INFO] --- animal-sniffer-maven-plugin:1.16:check (animal-sniffer) @ jsoup ---
[INFO] Checking unresolved references to net.sf.androidscents.signature:android-api-level-8:2.2_r3
[INFO] 
[INFO] <<< maven-bundle-plugin:2.5.4:manifest (bundle-manifest) < process-classes @ jsoup <<<
[INFO] 
[INFO] 
[INFO] --- maven-bundle-plugin:2.5.4:manifest (bundle-manifest) @ jsoup ---
[INFO] 
[INFO] --- maven-resources-plugin:3.0.1:testResources (default-testResources) @ jsoup ---
[INFO] Using 'UTF-8' encoding to copy filtered resources.
[INFO] Copying 25 resources
[INFO] 
[INFO] --- maven-compiler-plugin:3.5.1:testCompile (default-testCompile) @ jsoup ---
[INFO] Changes detected - recompiling the module!
[INFO] Compiling 45 source files to /tmp/icst-2019/september-2018/dataset/jsoup_parent/target/test-classes
[INFO] /tmp/icst-2019/september-2018/dataset/jsoup_parent/src/test/java/org/jsoup/parser/AttributeParseTest.java: Some input files use or override a deprecated API.
[INFO] /tmp/icst-2019/september-2018/dataset/jsoup_parent/src/test/java/org/jsoup/parser/AttributeParseTest.java: Recompile with -Xlint:deprecation for details.
[INFO] 
[INFO] --- maven-surefire-plugin:2.12.4:test (default-test) @ jsoup ---
[INFO] Tests are skipped.
[INFO] 
[INFO] --- maven-dependency-plugin:2.8:build-classpath (default-cli) @ jsoup ---
[INFO] Wrote classpath file '/tmp/icst-2019/september-2018/dataset/jsoup_parent/target/dspot/classpath'.
[INFO] ------------------------------------------------------------------------
[INFO] BUILD SUCCESS
[INFO] ------------------------------------------------------------------------
[INFO] Total time: 8.968 s
[INFO] Finished at: 2018-09-22T14:14:52+02:00
[INFO] ------------------------------------------------------------------------
[INFO] run maven clean test -DskipTests dependency:build-classpath -Dmdep.outputFile=target/dspot/classpath
[WARN] Maven will be executed in interactive mode, but no input stream has been configured for this MavenInvoker instance.
[INFO] Scanning for projects...
[INFO] 
[INFO] --------------------------< org.jsoup:jsoup >---------------------------
[INFO] Building jsoup Java HTML Parser 1.11.3-SNAPSHOT
[INFO] --------------------------------[ jar ]---------------------------------
[INFO] 
[INFO] --- maven-clean-plugin:2.5:clean (default-clean) @ jsoup ---
[INFO] Deleting /tmp/icst-2019/september-2018/dataset/jsoup/target
[INFO] 
[INFO] --- maven-resources-plugin:3.0.1:resources (default-resources) @ jsoup ---
[INFO] Using 'UTF-8' encoding to copy filtered resources.
[INFO] Copying 0 resource
[INFO] Copying 3 resources to META-INF/
[INFO] 
[INFO] --- maven-compiler-plugin:3.5.1:compile (default-compile) @ jsoup ---
[INFO] Changes detected - recompiling the module!
[INFO] Compiling 67 source files to /tmp/icst-2019/september-2018/dataset/jsoup/target/classes
[INFO] /tmp/icst-2019/september-2018/dataset/jsoup/src/main/java/org/jsoup/nodes/Attributes.java: Some input files use or override a deprecated API.
[INFO] /tmp/icst-2019/september-2018/dataset/jsoup/src/main/java/org/jsoup/nodes/Attributes.java: Recompile with -Xlint:deprecation for details.
[INFO] 
[INFO] --- animal-sniffer-maven-plugin:1.16:check (animal-sniffer) @ jsoup ---
[INFO] Checking unresolved references to net.sf.androidscents.signature:android-api-level-8:2.2_r3
[INFO] 
[INFO] >>> maven-bundle-plugin:2.5.4:manifest (bundle-manifest) > process-classes @ jsoup >>>
[INFO] 
[INFO] --- maven-resources-plugin:3.0.1:resources (default-resources) @ jsoup ---
[INFO] Using 'UTF-8' encoding to copy filtered resources.
[INFO] Copying 0 resource
[INFO] Copying 3 resources to META-INF/
[INFO] 
[INFO] --- maven-compiler-plugin:3.5.1:compile (default-compile) @ jsoup ---
[INFO] Changes detected - recompiling the module!
[INFO] Compiling 67 source files to /tmp/icst-2019/september-2018/dataset/jsoup/target/classes
[INFO] /tmp/icst-2019/september-2018/dataset/jsoup/src/main/java/org/jsoup/nodes/Attributes.java: Some input files use or override a deprecated API.
[INFO] /tmp/icst-2019/september-2018/dataset/jsoup/src/main/java/org/jsoup/nodes/Attributes.java: Recompile with -Xlint:deprecation for details.
[INFO] 
[INFO] --- animal-sniffer-maven-plugin:1.16:check (animal-sniffer) @ jsoup ---
[INFO] Checking unresolved references to net.sf.androidscents.signature:android-api-level-8:2.2_r3
[INFO] 
[INFO] <<< maven-bundle-plugin:2.5.4:manifest (bundle-manifest) < process-classes @ jsoup <<<
[INFO] 
[INFO] 
[INFO] --- maven-bundle-plugin:2.5.4:manifest (bundle-manifest) @ jsoup ---
[INFO] 
[INFO] --- maven-resources-plugin:3.0.1:testResources (default-testResources) @ jsoup ---
[INFO] Using 'UTF-8' encoding to copy filtered resources.
[INFO] Copying 25 resources
[INFO] 
[INFO] --- maven-compiler-plugin:3.5.1:testCompile (default-testCompile) @ jsoup ---
[INFO] Changes detected - recompiling the module!
[INFO] Compiling 45 source files to /tmp/icst-2019/september-2018/dataset/jsoup/target/test-classes
[INFO] /tmp/icst-2019/september-2018/dataset/jsoup/src/test/java/org/jsoup/parser/AttributeParseTest.java: Some input files use or override a deprecated API.
[INFO] /tmp/icst-2019/september-2018/dataset/jsoup/src/test/java/org/jsoup/parser/AttributeParseTest.java: Recompile with -Xlint:deprecation for details.
[INFO] 
[INFO] --- maven-surefire-plugin:2.12.4:test (default-test) @ jsoup ---
[INFO] Tests are skipped.
[INFO] 
[INFO] --- maven-dependency-plugin:2.8:build-classpath (default-cli) @ jsoup ---
[INFO] Wrote classpath file '/tmp/icst-2019/september-2018/dataset/jsoup/target/dspot/classpath'.
[INFO] ------------------------------------------------------------------------
[INFO] BUILD SUCCESS
[INFO] ------------------------------------------------------------------------
[INFO] Total time: 8.409 s
[INFO] Finished at: 2018-09-22T14:15:05+02:00
[INFO] ------------------------------------------------------------------------
[INFO] Amplification of org.jsoup.parser.AttributeParseTest (2 test(s))
[INFO] Assertion amplification of org.jsoup.parser.AttributeParseTest (2 test(s))
[INFO] Run: java -classpath /tmp/icst-2019/september-2018/dataset/jsoup_parent/target/test-classes:/tmp/icst-2019/september-2018/dataset/jsoup_parent/target/classes/:/home/spirals/danglot/.m2/repository/junit/junit/4.12/junit-4.12.jar:/home/spirals/danglot/.m2/repository/org/hamcrest/hamcrest-core/1.3/hamcrest-core-1.3.jar:/home/spirals/danglot/.m2/repository/com/google/code/gson/gson/2.7/gson-2.7.jar:/home/spirals/danglot/.m2/repository/org/eclipse/jetty/jetty-server/9.2.22.v20170606/jetty-server-9.2.22.v20170606.jar:/home/spirals/danglot/.m2/repository/javax/servlet/javax.servlet-api/3.1.0/javax.servlet-api-3.1.0.jar:/home/spirals/danglot/.m2/repository/org/eclipse/jetty/jetty-http/9.2.22.v20170606/jetty-http-9.2.22.v20170606.jar:/home/spirals/danglot/.m2/repository/org/eclipse/jetty/jetty-util/9.2.22.v20170606/jetty-util-9.2.22.v20170606.jar:/home/spirals/danglot/.m2/repository/org/eclipse/jetty/jetty-io/9.2.22.v20170606/jetty-io-9.2.22.v20170606.jar:/home/spirals/danglot/.m2/repository/org/eclipse/jetty/jetty-servlet/9.2.22.v20170606/jetty-servlet-9.2.22.v20170606.jar:/home/spirals/danglot/.m2/repository/org/eclipse/jetty/jetty-security/9.2.22.v20170606/jetty-security-9.2.22.v20170606.jar:/tmp/icst-2019/september-2018/dataset/jsoup_parent/target/dspot/dependencies/:/home/spirals/danglot/.m2/repository/eu/stamp-project/test-runner/1.1.0/test-runner-1.1.0-jar-with-dependencies.jar eu.stamp_project.testrunner.runner.test.TestRunner org.jsoup.parser.AttributeParseTest moreAttributeUnescapes:strictAttributeUnescapes
File saved to the following path: /tmp/icst-2019/september-2018/dataset/jsoup_parent/target/dspot/TestListener.ser
Loading /tmp/icst-2019/september-2018/dataset/jsoup_parent/target/dspot/TestListener.ser
[INFO] Test has been run: moreAttributeUnescapes,strictAttributeUnescapes
[INFO] Run tests. (2)
[INFO] Run: java -classpath /tmp/icst-2019/september-2018/dataset/jsoup_parent/target/test-classes:/tmp/icst-2019/september-2018/dataset/jsoup_parent/target/classes/:/home/spirals/danglot/.m2/repository/junit/junit/4.12/junit-4.12.jar:/home/spirals/danglot/.m2/repository/org/hamcrest/hamcrest-core/1.3/hamcrest-core-1.3.jar:/home/spirals/danglot/.m2/repository/com/google/code/gson/gson/2.7/gson-2.7.jar:/home/spirals/danglot/.m2/repository/org/eclipse/jetty/jetty-server/9.2.22.v20170606/jetty-server-9.2.22.v20170606.jar:/home/spirals/danglot/.m2/repository/javax/servlet/javax.servlet-api/3.1.0/javax.servlet-api-3.1.0.jar:/home/spirals/danglot/.m2/repository/org/eclipse/jetty/jetty-http/9.2.22.v20170606/jetty-http-9.2.22.v20170606.jar:/home/spirals/danglot/.m2/repository/org/eclipse/jetty/jetty-util/9.2.22.v20170606/jetty-util-9.2.22.v20170606.jar:/home/spirals/danglot/.m2/repository/org/eclipse/jetty/jetty-io/9.2.22.v20170606/jetty-io-9.2.22.v20170606.jar:/home/spirals/danglot/.m2/repository/org/eclipse/jetty/jetty-servlet/9.2.22.v20170606/jetty-servlet-9.2.22.v20170606.jar:/home/spirals/danglot/.m2/repository/org/eclipse/jetty/jetty-security/9.2.22.v20170606/jetty-security-9.2.22.v20170606.jar:/tmp/icst-2019/september-2018/dataset/jsoup_parent/target/dspot/dependencies/:/home/spirals/danglot/.m2/repository/eu/stamp-project/test-runner/1.1.0/test-runner-1.1.0-jar-with-dependencies.jar eu.stamp_project.testrunner.runner.test.TestRunner org.jsoup.parser.AttributeParseTest moreAttributeUnescapes:strictAttributeUnescapes
File saved to the following path: /tmp/icst-2019/september-2018/dataset/jsoup_parent/target/dspot/TestListener.ser
Loading /tmp/icst-2019/september-2018/dataset/jsoup_parent/target/dspot/TestListener.ser
[INFO] Test has been run: moreAttributeUnescapes,strictAttributeUnescapes
[INFO] 2 test pass, generating assertion...
[INFO] Add observations points in passing tests.
[INFO] Instrumentation...
 50% |========================= ]/100% |================================================== ]-
[INFO] Run instrumented tests. (6)
[INFO] Run: java -classpath /tmp/icst-2019/september-2018/dataset/jsoup_parent/target/test-classes:/tmp/icst-2019/september-2018/dataset/jsoup_parent/target/classes/:/home/spirals/danglot/.m2/repository/junit/junit/4.12/junit-4.12.jar:/home/spirals/danglot/.m2/repository/org/hamcrest/hamcrest-core/1.3/hamcrest-core-1.3.jar:/home/spirals/danglot/.m2/repository/com/google/code/gson/gson/2.7/gson-2.7.jar:/home/spirals/danglot/.m2/repository/org/eclipse/jetty/jetty-server/9.2.22.v20170606/jetty-server-9.2.22.v20170606.jar:/home/spirals/danglot/.m2/repository/javax/servlet/javax.servlet-api/3.1.0/javax.servlet-api-3.1.0.jar:/home/spirals/danglot/.m2/repository/org/eclipse/jetty/jetty-http/9.2.22.v20170606/jetty-http-9.2.22.v20170606.jar:/home/spirals/danglot/.m2/repository/org/eclipse/jetty/jetty-util/9.2.22.v20170606/jetty-util-9.2.22.v20170606.jar:/home/spirals/danglot/.m2/repository/org/eclipse/jetty/jetty-io/9.2.22.v20170606/jetty-io-9.2.22.v20170606.jar:/home/spirals/danglot/.m2/repository/org/eclipse/jetty/jetty-servlet/9.2.22.v20170606/jetty-servlet-9.2.22.v20170606.jar:/home/spirals/danglot/.m2/repository/org/eclipse/jetty/jetty-security/9.2.22.v20170606/jetty-security-9.2.22.v20170606.jar:/tmp/icst-2019/september-2018/dataset/jsoup_parent/target/dspot/dependencies/:/home/spirals/danglot/.m2/repository/eu/stamp-project/test-runner/1.1.0/test-runner-1.1.0-jar-with-dependencies.jar eu.stamp_project.testrunner.runner.test.TestRunner org.jsoup.parser.AttributeParseTest moreAttributeUnescapes_withlog0:strictAttributeUnescapes_withlog0:moreAttributeUnescapes_withlog1:strictAttributeUnescapes_withlog1:moreAttributeUnescapes_withlog2:strictAttributeUnescapes_withlog2
File saved to the following path: /tmp/icst-2019/september-2018/dataset/jsoup_parent/target/dspot/observations.ser
File saved to the following path: /tmp/icst-2019/september-2018/dataset/jsoup_parent/target/dspot/TestListener.ser
Loading /tmp/icst-2019/september-2018/dataset/jsoup_parent/target/dspot/TestListener.ser
[INFO] Test has been run: moreAttributeUnescapes_withlog0,moreAttributeUnescapes_withlog1,moreAttributeUnescapes_withlog2,strictAttributeUnescapes_withlog0,strictAttributeUnescapes_withlog1,strictAttributeUnescapes_withlog2
[INFO] Generating assertions...
[INFO] 2 new tests with assertions generated
[INFO] Run: java -classpath /tmp/icst-2019/september-2018/dataset/jsoup_parent/target/test-classes:/tmp/icst-2019/september-2018/dataset/jsoup_parent/target/classes/:/home/spirals/danglot/.m2/repository/junit/junit/4.12/junit-4.12.jar:/home/spirals/danglot/.m2/repository/org/hamcrest/hamcrest-core/1.3/hamcrest-core-1.3.jar:/home/spirals/danglot/.m2/repository/com/google/code/gson/gson/2.7/gson-2.7.jar:/home/spirals/danglot/.m2/repository/org/eclipse/jetty/jetty-server/9.2.22.v20170606/jetty-server-9.2.22.v20170606.jar:/home/spirals/danglot/.m2/repository/javax/servlet/javax.servlet-api/3.1.0/javax.servlet-api-3.1.0.jar:/home/spirals/danglot/.m2/repository/org/eclipse/jetty/jetty-http/9.2.22.v20170606/jetty-http-9.2.22.v20170606.jar:/home/spirals/danglot/.m2/repository/org/eclipse/jetty/jetty-util/9.2.22.v20170606/jetty-util-9.2.22.v20170606.jar:/home/spirals/danglot/.m2/repository/org/eclipse/jetty/jetty-io/9.2.22.v20170606/jetty-io-9.2.22.v20170606.jar:/home/spirals/danglot/.m2/repository/org/eclipse/jetty/jetty-servlet/9.2.22.v20170606/jetty-servlet-9.2.22.v20170606.jar:/home/spirals/danglot/.m2/repository/org/eclipse/jetty/jetty-security/9.2.22.v20170606/jetty-security-9.2.22.v20170606.jar:/tmp/icst-2019/september-2018/dataset/jsoup_parent/target/dspot/dependencies/:/home/spirals/danglot/.m2/repository/eu/stamp-project/test-runner/1.1.0/test-runner-1.1.0-jar-with-dependencies.jar eu.stamp_project.testrunner.runner.test.TestRunner org.jsoup.parser.AttributeParseTest moreAttributeUnescapes:strictAttributeUnescapes
File saved to the following path: /tmp/icst-2019/september-2018/dataset/jsoup_parent/target/dspot/TestListener.ser
Loading /tmp/icst-2019/september-2018/dataset/jsoup_parent/target/dspot/TestListener.ser
[INFO] Test has been run: moreAttributeUnescapes,strictAttributeUnescapes
[INFO] Assertion amplification: 2 test method(s) has been successfully amplified.
[WARN] 2018-09-22 14:15:08 Launcher - You specified the directory /tmp/icst-2019/september-2018/dataset/jsoup/target/classes in source classpath, please note that only class files will be considered. Jars and subdirectories will be ignored.
[WARN] 2018-09-22 14:15:08 Launcher - You specified the directory /tmp/icst-2019/september-2018/dataset/jsoup/target/test-classes in source classpath, please note that only class files will be considered. Jars and subdirectories will be ignored.
[WARN] 2018-09-22 14:15:08 Launcher - You specified the directory /tmp/icst-2019/september-2018/dataset/jsoup/target/dspot/dependencies in source classpath, please note that only class files will be considered. Jars and subdirectories will be ignored.
[INFO] Run: java -classpath /tmp/icst-2019/september-2018/dataset/jsoup/target/classes/:/tmp/icst-2019/september-2018/dataset/jsoup/target/test-classes/:/home/spirals/danglot/.m2/repository/junit/junit/4.12/junit-4.12.jar:/home/spirals/danglot/.m2/repository/org/hamcrest/hamcrest-core/1.3/hamcrest-core-1.3.jar:/home/spirals/danglot/.m2/repository/com/google/code/gson/gson/2.7/gson-2.7.jar:/home/spirals/danglot/.m2/repository/org/eclipse/jetty/jetty-server/9.2.22.v20170606/jetty-server-9.2.22.v20170606.jar:/home/spirals/danglot/.m2/repository/javax/servlet/javax.servlet-api/3.1.0/javax.servlet-api-3.1.0.jar:/home/spirals/danglot/.m2/repository/org/eclipse/jetty/jetty-http/9.2.22.v20170606/jetty-http-9.2.22.v20170606.jar:/home/spirals/danglot/.m2/repository/org/eclipse/jetty/jetty-util/9.2.22.v20170606/jetty-util-9.2.22.v20170606.jar:/home/spirals/danglot/.m2/repository/org/eclipse/jetty/jetty-io/9.2.22.v20170606/jetty-io-9.2.22.v20170606.jar:/home/spirals/danglot/.m2/repository/org/eclipse/jetty/jetty-servlet/9.2.22.v20170606/jetty-servlet-9.2.22.v20170606.jar:/home/spirals/danglot/.m2/repository/org/eclipse/jetty/jetty-security/9.2.22.v20170606/jetty-security-9.2.22.v20170606.jar:/tmp/icst-2019/september-2018/dataset/jsoup/target/dspot/dependencies/:/home/spirals/danglot/.m2/repository/eu/stamp-project/test-runner/1.1.0/test-runner-1.1.0-jar-with-dependencies.jar eu.stamp_project.testrunner.runner.test.TestRunner org.jsoup.parser.AttributeParseTest moreAttributeUnescapes:strictAttributeUnescapes
File saved to the following path: /tmp/icst-2019/september-2018/dataset/jsoup_parent/target/dspot/TestListener.ser
Loading /tmp/icst-2019/september-2018/dataset/jsoup_parent/target/dspot/TestListener.ser
[INFO] Test has been run: moreAttributeUnescapes,strictAttributeUnescapes
[INFO] 0 amplified test methods has been selected to be kept. (global: 0)
[INFO] elapsedTime 3293
======= REPORT =======
0 amplified test fails on the new versions.

[WARNING] DSpot could not obtain any amplified test method.
[WARNING] You can customize the following options: --amplifiers, --test-criterion, --iteration, --budgetizer etc, and retry with a new configuration.
[INFO] Amplification of org.jsoup.nodes.DocumentTest (1 test(s))
[INFO] Assertion amplification of org.jsoup.nodes.DocumentTest (1 test(s))
[INFO] Run: java -classpath /tmp/icst-2019/september-2018/dataset/jsoup_parent/target/test-classes:/tmp/icst-2019/september-2018/dataset/jsoup_parent/target/classes/:/home/spirals/danglot/.m2/repository/junit/junit/4.12/junit-4.12.jar:/home/spirals/danglot/.m2/repository/org/hamcrest/hamcrest-core/1.3/hamcrest-core-1.3.jar:/home/spirals/danglot/.m2/repository/com/google/code/gson/gson/2.7/gson-2.7.jar:/home/spirals/danglot/.m2/repository/org/eclipse/jetty/jetty-server/9.2.22.v20170606/jetty-server-9.2.22.v20170606.jar:/home/spirals/danglot/.m2/repository/javax/servlet/javax.servlet-api/3.1.0/javax.servlet-api-3.1.0.jar:/home/spirals/danglot/.m2/repository/org/eclipse/jetty/jetty-http/9.2.22.v20170606/jetty-http-9.2.22.v20170606.jar:/home/spirals/danglot/.m2/repository/org/eclipse/jetty/jetty-util/9.2.22.v20170606/jetty-util-9.2.22.v20170606.jar:/home/spirals/danglot/.m2/repository/org/eclipse/jetty/jetty-io/9.2.22.v20170606/jetty-io-9.2.22.v20170606.jar:/home/spirals/danglot/.m2/repository/org/eclipse/jetty/jetty-servlet/9.2.22.v20170606/jetty-servlet-9.2.22.v20170606.jar:/home/spirals/danglot/.m2/repository/org/eclipse/jetty/jetty-security/9.2.22.v20170606/jetty-security-9.2.22.v20170606.jar:/tmp/icst-2019/september-2018/dataset/jsoup_parent/target/dspot/dependencies/:/home/spirals/danglot/.m2/repository/eu/stamp-project/test-runner/1.1.0/test-runner-1.1.0-jar-with-dependencies.jar eu.stamp_project.testrunner.runner.test.TestRunner org.jsoup.nodes.DocumentTest testLocation
File saved to the following path: /tmp/icst-2019/september-2018/dataset/jsoup_parent/target/dspot/TestListener.ser
Loading /tmp/icst-2019/september-2018/dataset/jsoup_parent/target/dspot/TestListener.ser
[INFO] Test has been run: testLocation
[INFO] Run tests. (1)
[INFO] Run: java -classpath /tmp/icst-2019/september-2018/dataset/jsoup_parent/target/test-classes:/tmp/icst-2019/september-2018/dataset/jsoup_parent/target/classes/:/home/spirals/danglot/.m2/repository/junit/junit/4.12/junit-4.12.jar:/home/spirals/danglot/.m2/repository/org/hamcrest/hamcrest-core/1.3/hamcrest-core-1.3.jar:/home/spirals/danglot/.m2/repository/com/google/code/gson/gson/2.7/gson-2.7.jar:/home/spirals/danglot/.m2/repository/org/eclipse/jetty/jetty-server/9.2.22.v20170606/jetty-server-9.2.22.v20170606.jar:/home/spirals/danglot/.m2/repository/javax/servlet/javax.servlet-api/3.1.0/javax.servlet-api-3.1.0.jar:/home/spirals/danglot/.m2/repository/org/eclipse/jetty/jetty-http/9.2.22.v20170606/jetty-http-9.2.22.v20170606.jar:/home/spirals/danglot/.m2/repository/org/eclipse/jetty/jetty-util/9.2.22.v20170606/jetty-util-9.2.22.v20170606.jar:/home/spirals/danglot/.m2/repository/org/eclipse/jetty/jetty-io/9.2.22.v20170606/jetty-io-9.2.22.v20170606.jar:/home/spirals/danglot/.m2/repository/org/eclipse/jetty/jetty-servlet/9.2.22.v20170606/jetty-servlet-9.2.22.v20170606.jar:/home/spirals/danglot/.m2/repository/org/eclipse/jetty/jetty-security/9.2.22.v20170606/jetty-security-9.2.22.v20170606.jar:/tmp/icst-2019/september-2018/dataset/jsoup_parent/target/dspot/dependencies/:/home/spirals/danglot/.m2/repository/eu/stamp-project/test-runner/1.1.0/test-runner-1.1.0-jar-with-dependencies.jar eu.stamp_project.testrunner.runner.test.TestRunner org.jsoup.nodes.DocumentTest testLocation
File saved to the following path: /tmp/icst-2019/september-2018/dataset/jsoup_parent/target/dspot/TestListener.ser
Loading /tmp/icst-2019/september-2018/dataset/jsoup_parent/target/dspot/TestListener.ser
[INFO] Test has been run: testLocation
[INFO] 1 test pass, generating assertion...
[INFO] Add observations points in passing tests.
[INFO] Instrumentation...
100% |================================================== ]/
[INFO] Run instrumented tests. (3)
[INFO] Run: java -classpath /tmp/icst-2019/september-2018/dataset/jsoup_parent/target/test-classes:/tmp/icst-2019/september-2018/dataset/jsoup_parent/target/classes/:/home/spirals/danglot/.m2/repository/junit/junit/4.12/junit-4.12.jar:/home/spirals/danglot/.m2/repository/org/hamcrest/hamcrest-core/1.3/hamcrest-core-1.3.jar:/home/spirals/danglot/.m2/repository/com/google/code/gson/gson/2.7/gson-2.7.jar:/home/spirals/danglot/.m2/repository/org/eclipse/jetty/jetty-server/9.2.22.v20170606/jetty-server-9.2.22.v20170606.jar:/home/spirals/danglot/.m2/repository/javax/servlet/javax.servlet-api/3.1.0/javax.servlet-api-3.1.0.jar:/home/spirals/danglot/.m2/repository/org/eclipse/jetty/jetty-http/9.2.22.v20170606/jetty-http-9.2.22.v20170606.jar:/home/spirals/danglot/.m2/repository/org/eclipse/jetty/jetty-util/9.2.22.v20170606/jetty-util-9.2.22.v20170606.jar:/home/spirals/danglot/.m2/repository/org/eclipse/jetty/jetty-io/9.2.22.v20170606/jetty-io-9.2.22.v20170606.jar:/home/spirals/danglot/.m2/repository/org/eclipse/jetty/jetty-servlet/9.2.22.v20170606/jetty-servlet-9.2.22.v20170606.jar:/home/spirals/danglot/.m2/repository/org/eclipse/jetty/jetty-security/9.2.22.v20170606/jetty-security-9.2.22.v20170606.jar:/tmp/icst-2019/september-2018/dataset/jsoup_parent/target/dspot/dependencies/:/home/spirals/danglot/.m2/repository/eu/stamp-project/test-runner/1.1.0/test-runner-1.1.0-jar-with-dependencies.jar eu.stamp_project.testrunner.runner.test.TestRunner org.jsoup.nodes.DocumentTest testLocation_withlog0:testLocation_withlog1:testLocation_withlog2
File saved to the following path: /tmp/icst-2019/september-2018/dataset/jsoup_parent/target/dspot/observations.ser
File saved to the following path: /tmp/icst-2019/september-2018/dataset/jsoup_parent/target/dspot/TestListener.ser
Loading /tmp/icst-2019/september-2018/dataset/jsoup_parent/target/dspot/TestListener.ser
[INFO] Test has been run: testLocation_withlog0,testLocation_withlog1,testLocation_withlog2
[INFO] Generating assertions...
[INFO] 1 new tests with assertions generated
[INFO] Run: java -classpath /tmp/icst-2019/september-2018/dataset/jsoup_parent/target/test-classes:/tmp/icst-2019/september-2018/dataset/jsoup_parent/target/classes/:/home/spirals/danglot/.m2/repository/junit/junit/4.12/junit-4.12.jar:/home/spirals/danglot/.m2/repository/org/hamcrest/hamcrest-core/1.3/hamcrest-core-1.3.jar:/home/spirals/danglot/.m2/repository/com/google/code/gson/gson/2.7/gson-2.7.jar:/home/spirals/danglot/.m2/repository/org/eclipse/jetty/jetty-server/9.2.22.v20170606/jetty-server-9.2.22.v20170606.jar:/home/spirals/danglot/.m2/repository/javax/servlet/javax.servlet-api/3.1.0/javax.servlet-api-3.1.0.jar:/home/spirals/danglot/.m2/repository/org/eclipse/jetty/jetty-http/9.2.22.v20170606/jetty-http-9.2.22.v20170606.jar:/home/spirals/danglot/.m2/repository/org/eclipse/jetty/jetty-util/9.2.22.v20170606/jetty-util-9.2.22.v20170606.jar:/home/spirals/danglot/.m2/repository/org/eclipse/jetty/jetty-io/9.2.22.v20170606/jetty-io-9.2.22.v20170606.jar:/home/spirals/danglot/.m2/repository/org/eclipse/jetty/jetty-servlet/9.2.22.v20170606/jetty-servlet-9.2.22.v20170606.jar:/home/spirals/danglot/.m2/repository/org/eclipse/jetty/jetty-security/9.2.22.v20170606/jetty-security-9.2.22.v20170606.jar:/tmp/icst-2019/september-2018/dataset/jsoup_parent/target/dspot/dependencies/:/home/spirals/danglot/.m2/repository/eu/stamp-project/test-runner/1.1.0/test-runner-1.1.0-jar-with-dependencies.jar eu.stamp_project.testrunner.runner.test.TestRunner org.jsoup.nodes.DocumentTest testLocation
File saved to the following path: /tmp/icst-2019/september-2018/dataset/jsoup_parent/target/dspot/TestListener.ser
Loading /tmp/icst-2019/september-2018/dataset/jsoup_parent/target/dspot/TestListener.ser
[INFO] Test has been run: testLocation
[INFO] Assertion amplification: 1 test method(s) has been successfully amplified.
[WARN] 2018-09-22 14:15:16 Launcher - You specified the directory /tmp/icst-2019/september-2018/dataset/jsoup/target/classes in source classpath, please note that only class files will be considered. Jars and subdirectories will be ignored.
[WARN] 2018-09-22 14:15:16 Launcher - You specified the directory /tmp/icst-2019/september-2018/dataset/jsoup/target/test-classes in source classpath, please note that only class files will be considered. Jars and subdirectories will be ignored.
[WARN] 2018-09-22 14:15:16 Launcher - You specified the directory /tmp/icst-2019/september-2018/dataset/jsoup/target/dspot/dependencies in source classpath, please note that only class files will be considered. Jars and subdirectories will be ignored.
[INFO] Run: java -classpath /tmp/icst-2019/september-2018/dataset/jsoup/target/classes/:/tmp/icst-2019/september-2018/dataset/jsoup/target/test-classes/:/home/spirals/danglot/.m2/repository/junit/junit/4.12/junit-4.12.jar:/home/spirals/danglot/.m2/repository/org/hamcrest/hamcrest-core/1.3/hamcrest-core-1.3.jar:/home/spirals/danglot/.m2/repository/com/google/code/gson/gson/2.7/gson-2.7.jar:/home/spirals/danglot/.m2/repository/org/eclipse/jetty/jetty-server/9.2.22.v20170606/jetty-server-9.2.22.v20170606.jar:/home/spirals/danglot/.m2/repository/javax/servlet/javax.servlet-api/3.1.0/javax.servlet-api-3.1.0.jar:/home/spirals/danglot/.m2/repository/org/eclipse/jetty/jetty-http/9.2.22.v20170606/jetty-http-9.2.22.v20170606.jar:/home/spirals/danglot/.m2/repository/org/eclipse/jetty/jetty-util/9.2.22.v20170606/jetty-util-9.2.22.v20170606.jar:/home/spirals/danglot/.m2/repository/org/eclipse/jetty/jetty-io/9.2.22.v20170606/jetty-io-9.2.22.v20170606.jar:/home/spirals/danglot/.m2/repository/org/eclipse/jetty/jetty-servlet/9.2.22.v20170606/jetty-servlet-9.2.22.v20170606.jar:/home/spirals/danglot/.m2/repository/org/eclipse/jetty/jetty-security/9.2.22.v20170606/jetty-security-9.2.22.v20170606.jar:/tmp/icst-2019/september-2018/dataset/jsoup/target/dspot/dependencies/:/home/spirals/danglot/.m2/repository/eu/stamp-project/test-runner/1.1.0/test-runner-1.1.0-jar-with-dependencies.jar eu.stamp_project.testrunner.runner.test.TestRunner org.jsoup.nodes.DocumentTest testLocation
File saved to the following path: /tmp/icst-2019/september-2018/dataset/jsoup_parent/target/dspot/TestListener.ser
Loading /tmp/icst-2019/september-2018/dataset/jsoup_parent/target/dspot/TestListener.ser
[INFO] Test has been run: testLocation
[INFO] 0 amplified test methods has been selected to be kept. (global: 0)
[INFO] elapsedTime 8013
======= REPORT =======
0 amplified test fails on the new versions.

[WARNING] DSpot could not obtain any amplified test method.
[WARNING] You can customize the following options: --amplifiers, --test-criterion, --iteration, --budgetizer etc, and retry with a new configuration.
[INFO] Amplification of org.jsoup.parser.HtmlParserTest (5 test(s))
[INFO] Assertion amplification of org.jsoup.parser.HtmlParserTest (5 test(s))
[INFO] Run: java -classpath /tmp/icst-2019/september-2018/dataset/jsoup_parent/target/test-classes:/tmp/icst-2019/september-2018/dataset/jsoup_parent/target/classes/:/home/spirals/danglot/.m2/repository/junit/junit/4.12/junit-4.12.jar:/home/spirals/danglot/.m2/repository/org/hamcrest/hamcrest-core/1.3/hamcrest-core-1.3.jar:/home/spirals/danglot/.m2/repository/com/google/code/gson/gson/2.7/gson-2.7.jar:/home/spirals/danglot/.m2/repository/org/eclipse/jetty/jetty-server/9.2.22.v20170606/jetty-server-9.2.22.v20170606.jar:/home/spirals/danglot/.m2/repository/javax/servlet/javax.servlet-api/3.1.0/javax.servlet-api-3.1.0.jar:/home/spirals/danglot/.m2/repository/org/eclipse/jetty/jetty-http/9.2.22.v20170606/jetty-http-9.2.22.v20170606.jar:/home/spirals/danglot/.m2/repository/org/eclipse/jetty/jetty-util/9.2.22.v20170606/jetty-util-9.2.22.v20170606.jar:/home/spirals/danglot/.m2/repository/org/eclipse/jetty/jetty-io/9.2.22.v20170606/jetty-io-9.2.22.v20170606.jar:/home/spirals/danglot/.m2/repository/org/eclipse/jetty/jetty-servlet/9.2.22.v20170606/jetty-servlet-9.2.22.v20170606.jar:/home/spirals/danglot/.m2/repository/org/eclipse/jetty/jetty-security/9.2.22.v20170606/jetty-security-9.2.22.v20170606.jar:/tmp/icst-2019/september-2018/dataset/jsoup_parent/target/dspot/dependencies/:/home/spirals/danglot/.m2/repository/eu/stamp-project/test-runner/1.1.0/test-runner-1.1.0-jar-with-dependencies.jar eu.stamp_project.testrunner.runner.test.TestRunner org.jsoup.parser.HtmlParserTest tracksErrorsWhenRequested:noErrorsByDefault:doesNotFindShortestMatchingEntity:relaxedBaseEntityMatchAndStrictExtendedMatch:tracksLimitedErrorsWhenRequested
File saved to the following path: /tmp/icst-2019/september-2018/dataset/jsoup_parent/target/dspot/TestListener.ser
Loading /tmp/icst-2019/september-2018/dataset/jsoup_parent/target/dspot/TestListener.ser
[INFO] Test has been run: noErrorsByDefault,tracksLimitedErrorsWhenRequested,tracksErrorsWhenRequested,relaxedBaseEntityMatchAndStrictExtendedMatch,doesNotFindShortestMatchingEntity(org.jsoup.parser.HtmlParserTest): expected:<One &amp;clubsuite; [?]> but was:<One &amp;clubsuite; [?]>
[INFO] Run tests. (4)
[INFO] Run: java -classpath /tmp/icst-2019/september-2018/dataset/jsoup_parent/target/test-classes:/tmp/icst-2019/september-2018/dataset/jsoup_parent/target/classes/:/home/spirals/danglot/.m2/repository/junit/junit/4.12/junit-4.12.jar:/home/spirals/danglot/.m2/repository/org/hamcrest/hamcrest-core/1.3/hamcrest-core-1.3.jar:/home/spirals/danglot/.m2/repository/com/google/code/gson/gson/2.7/gson-2.7.jar:/home/spirals/danglot/.m2/repository/org/eclipse/jetty/jetty-server/9.2.22.v20170606/jetty-server-9.2.22.v20170606.jar:/home/spirals/danglot/.m2/repository/javax/servlet/javax.servlet-api/3.1.0/javax.servlet-api-3.1.0.jar:/home/spirals/danglot/.m2/repository/org/eclipse/jetty/jetty-http/9.2.22.v20170606/jetty-http-9.2.22.v20170606.jar:/home/spirals/danglot/.m2/repository/org/eclipse/jetty/jetty-util/9.2.22.v20170606/jetty-util-9.2.22.v20170606.jar:/home/spirals/danglot/.m2/repository/org/eclipse/jetty/jetty-io/9.2.22.v20170606/jetty-io-9.2.22.v20170606.jar:/home/spirals/danglot/.m2/repository/org/eclipse/jetty/jetty-servlet/9.2.22.v20170606/jetty-servlet-9.2.22.v20170606.jar:/home/spirals/danglot/.m2/repository/org/eclipse/jetty/jetty-security/9.2.22.v20170606/jetty-security-9.2.22.v20170606.jar:/tmp/icst-2019/september-2018/dataset/jsoup_parent/target/dspot/dependencies/:/home/spirals/danglot/.m2/repository/eu/stamp-project/test-runner/1.1.0/test-runner-1.1.0-jar-with-dependencies.jar eu.stamp_project.testrunner.runner.test.TestRunner org.jsoup.parser.HtmlParserTest tracksErrorsWhenRequested:noErrorsByDefault:relaxedBaseEntityMatchAndStrictExtendedMatch:tracksLimitedErrorsWhenRequested
File saved to the following path: /tmp/icst-2019/september-2018/dataset/jsoup_parent/target/dspot/TestListener.ser
Loading /tmp/icst-2019/september-2018/dataset/jsoup_parent/target/dspot/TestListener.ser
[INFO] Test has been run: noErrorsByDefault,tracksLimitedErrorsWhenRequested,tracksErrorsWhenRequested,relaxedBaseEntityMatchAndStrictExtendedMatch
[INFO] 4 test pass, generating assertion...
[INFO] Add observations points in passing tests.
[INFO] Instrumentation...
 25% |============ ]/ 50% |========================= ]- 75% |===================================== ]\100% |================================================== ]|
[INFO] Run instrumented tests. (12)
[INFO] Run: java -classpath /tmp/icst-2019/september-2018/dataset/jsoup_parent/target/test-classes:/tmp/icst-2019/september-2018/dataset/jsoup_parent/target/classes/:/home/spirals/danglot/.m2/repository/junit/junit/4.12/junit-4.12.jar:/home/spirals/danglot/.m2/repository/org/hamcrest/hamcrest-core/1.3/hamcrest-core-1.3.jar:/home/spirals/danglot/.m2/repository/com/google/code/gson/gson/2.7/gson-2.7.jar:/home/spirals/danglot/.m2/repository/org/eclipse/jetty/jetty-server/9.2.22.v20170606/jetty-server-9.2.22.v20170606.jar:/home/spirals/danglot/.m2/repository/javax/servlet/javax.servlet-api/3.1.0/javax.servlet-api-3.1.0.jar:/home/spirals/danglot/.m2/repository/org/eclipse/jetty/jetty-http/9.2.22.v20170606/jetty-http-9.2.22.v20170606.jar:/home/spirals/danglot/.m2/repository/org/eclipse/jetty/jetty-util/9.2.22.v20170606/jetty-util-9.2.22.v20170606.jar:/home/spirals/danglot/.m2/repository/org/eclipse/jetty/jetty-io/9.2.22.v20170606/jetty-io-9.2.22.v20170606.jar:/home/spirals/danglot/.m2/repository/org/eclipse/jetty/jetty-servlet/9.2.22.v20170606/jetty-servlet-9.2.22.v20170606.jar:/home/spirals/danglot/.m2/repository/org/eclipse/jetty/jetty-security/9.2.22.v20170606/jetty-security-9.2.22.v20170606.jar:/tmp/icst-2019/september-2018/dataset/jsoup_parent/target/dspot/dependencies/:/home/spirals/danglot/.m2/repository/eu/stamp-project/test-runner/1.1.0/test-runner-1.1.0-jar-with-dependencies.jar eu.stamp_project.testrunner.runner.test.TestRunner org.jsoup.parser.HtmlParserTest tracksErrorsWhenRequested_withlog0:noErrorsByDefault_withlog0:relaxedBaseEntityMatchAndStrictExtendedMatch_withlog0:tracksLimitedErrorsWhenRequested_withlog0:tracksErrorsWhenRequested_withlog1:noErrorsByDefault_withlog1:relaxedBaseEntityMatchAndStrictExtendedMatch_withlog1:tracksLimitedErrorsWhenRequested_withlog1:tracksErrorsWhenRequested_withlog2:noErrorsByDefault_withlog2:relaxedBaseEntityMatchAndStrictExtendedMatch_withlog2:tracksLimitedErrorsWhenRequested_withlog2
File saved to the following path: /tmp/icst-2019/september-2018/dataset/jsoup_parent/target/dspot/observations.ser
File saved to the following path: /tmp/icst-2019/september-2018/dataset/jsoup_parent/target/dspot/TestListener.ser
Loading /tmp/icst-2019/september-2018/dataset/jsoup_parent/target/dspot/TestListener.ser
[INFO] Test has been run: tracksLimitedErrorsWhenRequested_withlog0,tracksLimitedErrorsWhenRequested_withlog1,tracksLimitedErrorsWhenRequested_withlog2,relaxedBaseEntityMatchAndStrictExtendedMatch_withlog0,relaxedBaseEntityMatchAndStrictExtendedMatch_withlog1,relaxedBaseEntityMatchAndStrictExtendedMatch_withlog2,tracksErrorsWhenRequested_withlog0,tracksErrorsWhenRequested_withlog1,tracksErrorsWhenRequested_withlog2,noErrorsByDefault_withlog0,noErrorsByDefault_withlog1,noErrorsByDefault_withlog2
[INFO] Generating assertions...
[INFO] 4 new tests with assertions generated
[INFO] Run: java -classpath /tmp/icst-2019/september-2018/dataset/jsoup_parent/target/test-classes:/tmp/icst-2019/september-2018/dataset/jsoup_parent/target/classes/:/home/spirals/danglot/.m2/repository/junit/junit/4.12/junit-4.12.jar:/home/spirals/danglot/.m2/repository/org/hamcrest/hamcrest-core/1.3/hamcrest-core-1.3.jar:/home/spirals/danglot/.m2/repository/com/google/code/gson/gson/2.7/gson-2.7.jar:/home/spirals/danglot/.m2/repository/org/eclipse/jetty/jetty-server/9.2.22.v20170606/jetty-server-9.2.22.v20170606.jar:/home/spirals/danglot/.m2/repository/javax/servlet/javax.servlet-api/3.1.0/javax.servlet-api-3.1.0.jar:/home/spirals/danglot/.m2/repository/org/eclipse/jetty/jetty-http/9.2.22.v20170606/jetty-http-9.2.22.v20170606.jar:/home/spirals/danglot/.m2/repository/org/eclipse/jetty/jetty-util/9.2.22.v20170606/jetty-util-9.2.22.v20170606.jar:/home/spirals/danglot/.m2/repository/org/eclipse/jetty/jetty-io/9.2.22.v20170606/jetty-io-9.2.22.v20170606.jar:/home/spirals/danglot/.m2/repository/org/eclipse/jetty/jetty-servlet/9.2.22.v20170606/jetty-servlet-9.2.22.v20170606.jar:/home/spirals/danglot/.m2/repository/org/eclipse/jetty/jetty-security/9.2.22.v20170606/jetty-security-9.2.22.v20170606.jar:/tmp/icst-2019/september-2018/dataset/jsoup_parent/target/dspot/dependencies/:/home/spirals/danglot/.m2/repository/eu/stamp-project/test-runner/1.1.0/test-runner-1.1.0-jar-with-dependencies.jar eu.stamp_project.testrunner.runner.test.TestRunner org.jsoup.parser.HtmlParserTest tracksErrorsWhenRequested:noErrorsByDefault:relaxedBaseEntityMatchAndStrictExtendedMatch:tracksLimitedErrorsWhenRequested
File saved to the following path: /tmp/icst-2019/september-2018/dataset/jsoup_parent/target/dspot/TestListener.ser
Loading /tmp/icst-2019/september-2018/dataset/jsoup_parent/target/dspot/TestListener.ser
[INFO] Test has been run: noErrorsByDefault,tracksLimitedErrorsWhenRequested,tracksErrorsWhenRequested,relaxedBaseEntityMatchAndStrictExtendedMatch
[INFO] Assertion amplification: 4 test method(s) has been successfully amplified.
[WARN] 2018-09-22 14:15:22 Launcher - You specified the directory /tmp/icst-2019/september-2018/dataset/jsoup/target/classes in source classpath, please note that only class files will be considered. Jars and subdirectories will be ignored.
[WARN] 2018-09-22 14:15:22 Launcher - You specified the directory /tmp/icst-2019/september-2018/dataset/jsoup/target/test-classes in source classpath, please note that only class files will be considered. Jars and subdirectories will be ignored.
[WARN] 2018-09-22 14:15:22 Launcher - You specified the directory /tmp/icst-2019/september-2018/dataset/jsoup/target/dspot/dependencies in source classpath, please note that only class files will be considered. Jars and subdirectories will be ignored.
[INFO] Run: java -classpath /tmp/icst-2019/september-2018/dataset/jsoup/target/classes/:/tmp/icst-2019/september-2018/dataset/jsoup/target/test-classes/:/home/spirals/danglot/.m2/repository/junit/junit/4.12/junit-4.12.jar:/home/spirals/danglot/.m2/repository/org/hamcrest/hamcrest-core/1.3/hamcrest-core-1.3.jar:/home/spirals/danglot/.m2/repository/com/google/code/gson/gson/2.7/gson-2.7.jar:/home/spirals/danglot/.m2/repository/org/eclipse/jetty/jetty-server/9.2.22.v20170606/jetty-server-9.2.22.v20170606.jar:/home/spirals/danglot/.m2/repository/javax/servlet/javax.servlet-api/3.1.0/javax.servlet-api-3.1.0.jar:/home/spirals/danglot/.m2/repository/org/eclipse/jetty/jetty-http/9.2.22.v20170606/jetty-http-9.2.22.v20170606.jar:/home/spirals/danglot/.m2/repository/org/eclipse/jetty/jetty-util/9.2.22.v20170606/jetty-util-9.2.22.v20170606.jar:/home/spirals/danglot/.m2/repository/org/eclipse/jetty/jetty-io/9.2.22.v20170606/jetty-io-9.2.22.v20170606.jar:/home/spirals/danglot/.m2/repository/org/eclipse/jetty/jetty-servlet/9.2.22.v20170606/jetty-servlet-9.2.22.v20170606.jar:/home/spirals/danglot/.m2/repository/org/eclipse/jetty/jetty-security/9.2.22.v20170606/jetty-security-9.2.22.v20170606.jar:/tmp/icst-2019/september-2018/dataset/jsoup/target/dspot/dependencies/:/home/spirals/danglot/.m2/repository/eu/stamp-project/test-runner/1.1.0/test-runner-1.1.0-jar-with-dependencies.jar eu.stamp_project.testrunner.runner.test.TestRunner org.jsoup.parser.HtmlParserTest tracksErrorsWhenRequested:noErrorsByDefault:relaxedBaseEntityMatchAndStrictExtendedMatch:tracksLimitedErrorsWhenRequested
File saved to the following path: /tmp/icst-2019/september-2018/dataset/jsoup_parent/target/dspot/TestListener.ser
Loading /tmp/icst-2019/september-2018/dataset/jsoup_parent/target/dspot/TestListener.ser
[INFO] Test has been run: noErrorsByDefault,tracksLimitedErrorsWhenRequested,tracksErrorsWhenRequested,relaxedBaseEntityMatchAndStrictExtendedMatch
[INFO] 0 amplified test methods has been selected to be kept. (global: 0)
[INFO] elapsedTime 5121
======= REPORT =======
0 amplified test fails on the new versions.

[WARNING] DSpot could not obtain any amplified test method.
[WARNING] You can customize the following options: --amplifiers, --test-criterion, --iteration, --budgetizer etc, and retry with a new configuration.
[INFO] Amplification of org.jsoup.nodes.EntitiesTest (2 test(s))
[INFO] Assertion amplification of org.jsoup.nodes.EntitiesTest (2 test(s))
[INFO] Run: java -classpath /tmp/icst-2019/september-2018/dataset/jsoup_parent/target/test-classes:/tmp/icst-2019/september-2018/dataset/jsoup_parent/target/classes/:/home/spirals/danglot/.m2/repository/junit/junit/4.12/junit-4.12.jar:/home/spirals/danglot/.m2/repository/org/hamcrest/hamcrest-core/1.3/hamcrest-core-1.3.jar:/home/spirals/danglot/.m2/repository/com/google/code/gson/gson/2.7/gson-2.7.jar:/home/spirals/danglot/.m2/repository/org/eclipse/jetty/jetty-server/9.2.22.v20170606/jetty-server-9.2.22.v20170606.jar:/home/spirals/danglot/.m2/repository/javax/servlet/javax.servlet-api/3.1.0/javax.servlet-api-3.1.0.jar:/home/spirals/danglot/.m2/repository/org/eclipse/jetty/jetty-http/9.2.22.v20170606/jetty-http-9.2.22.v20170606.jar:/home/spirals/danglot/.m2/repository/org/eclipse/jetty/jetty-util/9.2.22.v20170606/jetty-util-9.2.22.v20170606.jar:/home/spirals/danglot/.m2/repository/org/eclipse/jetty/jetty-io/9.2.22.v20170606/jetty-io-9.2.22.v20170606.jar:/home/spirals/danglot/.m2/repository/org/eclipse/jetty/jetty-servlet/9.2.22.v20170606/jetty-servlet-9.2.22.v20170606.jar:/home/spirals/danglot/.m2/repository/org/eclipse/jetty/jetty-security/9.2.22.v20170606/jetty-security-9.2.22.v20170606.jar:/tmp/icst-2019/september-2018/dataset/jsoup_parent/target/dspot/dependencies/:/home/spirals/danglot/.m2/repository/eu/stamp-project/test-runner/1.1.0/test-runner-1.1.0-jar-with-dependencies.jar eu.stamp_project.testrunner.runner.test.TestRunner org.jsoup.nodes.EntitiesTest noSpuriousDecodes:unescape
File saved to the following path: /tmp/icst-2019/september-2018/dataset/jsoup_parent/target/dspot/TestListener.ser
Loading /tmp/icst-2019/september-2018/dataset/jsoup_parent/target/dspot/TestListener.ser
[INFO] Test has been run: noSpuriousDecodes,unescape(org.jsoup.nodes.EntitiesTest): expected:<Hello [? &<> ? ? &angst ? ? ? there &! ? ? ?]> but was:<Hello [? &<> ? ? &angst ? ? ? there &! ? ? ?]>
[INFO] Run tests. (1)
[INFO] Run: java -classpath /tmp/icst-2019/september-2018/dataset/jsoup_parent/target/test-classes:/tmp/icst-2019/september-2018/dataset/jsoup_parent/target/classes/:/home/spirals/danglot/.m2/repository/junit/junit/4.12/junit-4.12.jar:/home/spirals/danglot/.m2/repository/org/hamcrest/hamcrest-core/1.3/hamcrest-core-1.3.jar:/home/spirals/danglot/.m2/repository/com/google/code/gson/gson/2.7/gson-2.7.jar:/home/spirals/danglot/.m2/repository/org/eclipse/jetty/jetty-server/9.2.22.v20170606/jetty-server-9.2.22.v20170606.jar:/home/spirals/danglot/.m2/repository/javax/servlet/javax.servlet-api/3.1.0/javax.servlet-api-3.1.0.jar:/home/spirals/danglot/.m2/repository/org/eclipse/jetty/jetty-http/9.2.22.v20170606/jetty-http-9.2.22.v20170606.jar:/home/spirals/danglot/.m2/repository/org/eclipse/jetty/jetty-util/9.2.22.v20170606/jetty-util-9.2.22.v20170606.jar:/home/spirals/danglot/.m2/repository/org/eclipse/jetty/jetty-io/9.2.22.v20170606/jetty-io-9.2.22.v20170606.jar:/home/spirals/danglot/.m2/repository/org/eclipse/jetty/jetty-servlet/9.2.22.v20170606/jetty-servlet-9.2.22.v20170606.jar:/home/spirals/danglot/.m2/repository/org/eclipse/jetty/jetty-security/9.2.22.v20170606/jetty-security-9.2.22.v20170606.jar:/tmp/icst-2019/september-2018/dataset/jsoup_parent/target/dspot/dependencies/:/home/spirals/danglot/.m2/repository/eu/stamp-project/test-runner/1.1.0/test-runner-1.1.0-jar-with-dependencies.jar eu.stamp_project.testrunner.runner.test.TestRunner org.jsoup.nodes.EntitiesTest noSpuriousDecodes
File saved to the following path: /tmp/icst-2019/september-2018/dataset/jsoup_parent/target/dspot/TestListener.ser
Loading /tmp/icst-2019/september-2018/dataset/jsoup_parent/target/dspot/TestListener.ser
[INFO] Test has been run: noSpuriousDecodes
[INFO] 1 test pass, generating assertion...
[INFO] Add observations points in passing tests.
[INFO] Instrumentation...
100% |================================================== ]/
[INFO] Run instrumented tests. (3)
[INFO] Run: java -classpath /tmp/icst-2019/september-2018/dataset/jsoup_parent/target/test-classes:/tmp/icst-2019/september-2018/dataset/jsoup_parent/target/classes/:/home/spirals/danglot/.m2/repository/junit/junit/4.12/junit-4.12.jar:/home/spirals/danglot/.m2/repository/org/hamcrest/hamcrest-core/1.3/hamcrest-core-1.3.jar:/home/spirals/danglot/.m2/repository/com/google/code/gson/gson/2.7/gson-2.7.jar:/home/spirals/danglot/.m2/repository/org/eclipse/jetty/jetty-server/9.2.22.v20170606/jetty-server-9.2.22.v20170606.jar:/home/spirals/danglot/.m2/repository/javax/servlet/javax.servlet-api/3.1.0/javax.servlet-api-3.1.0.jar:/home/spirals/danglot/.m2/repository/org/eclipse/jetty/jetty-http/9.2.22.v20170606/jetty-http-9.2.22.v20170606.jar:/home/spirals/danglot/.m2/repository/org/eclipse/jetty/jetty-util/9.2.22.v20170606/jetty-util-9.2.22.v20170606.jar:/home/spirals/danglot/.m2/repository/org/eclipse/jetty/jetty-io/9.2.22.v20170606/jetty-io-9.2.22.v20170606.jar:/home/spirals/danglot/.m2/repository/org/eclipse/jetty/jetty-servlet/9.2.22.v20170606/jetty-servlet-9.2.22.v20170606.jar:/home/spirals/danglot/.m2/repository/org/eclipse/jetty/jetty-security/9.2.22.v20170606/jetty-security-9.2.22.v20170606.jar:/tmp/icst-2019/september-2018/dataset/jsoup_parent/target/dspot/dependencies/:/home/spirals/danglot/.m2/repository/eu/stamp-project/test-runner/1.1.0/test-runner-1.1.0-jar-with-dependencies.jar eu.stamp_project.testrunner.runner.test.TestRunner org.jsoup.nodes.EntitiesTest noSpuriousDecodes_withlog0:noSpuriousDecodes_withlog1:noSpuriousDecodes_withlog2
File saved to the following path: /tmp/icst-2019/september-2018/dataset/jsoup_parent/target/dspot/observations.ser
File saved to the following path: /tmp/icst-2019/september-2018/dataset/jsoup_parent/target/dspot/TestListener.ser
Loading /tmp/icst-2019/september-2018/dataset/jsoup_parent/target/dspot/TestListener.ser
[INFO] Test has been run: noSpuriousDecodes_withlog0,noSpuriousDecodes_withlog1,noSpuriousDecodes_withlog2
[INFO] Generating assertions...
[INFO] 1 new tests with assertions generated
[INFO] Run: java -classpath /tmp/icst-2019/september-2018/dataset/jsoup_parent/target/test-classes:/tmp/icst-2019/september-2018/dataset/jsoup_parent/target/classes/:/home/spirals/danglot/.m2/repository/junit/junit/4.12/junit-4.12.jar:/home/spirals/danglot/.m2/repository/org/hamcrest/hamcrest-core/1.3/hamcrest-core-1.3.jar:/home/spirals/danglot/.m2/repository/com/google/code/gson/gson/2.7/gson-2.7.jar:/home/spirals/danglot/.m2/repository/org/eclipse/jetty/jetty-server/9.2.22.v20170606/jetty-server-9.2.22.v20170606.jar:/home/spirals/danglot/.m2/repository/javax/servlet/javax.servlet-api/3.1.0/javax.servlet-api-3.1.0.jar:/home/spirals/danglot/.m2/repository/org/eclipse/jetty/jetty-http/9.2.22.v20170606/jetty-http-9.2.22.v20170606.jar:/home/spirals/danglot/.m2/repository/org/eclipse/jetty/jetty-util/9.2.22.v20170606/jetty-util-9.2.22.v20170606.jar:/home/spirals/danglot/.m2/repository/org/eclipse/jetty/jetty-io/9.2.22.v20170606/jetty-io-9.2.22.v20170606.jar:/home/spirals/danglot/.m2/repository/org/eclipse/jetty/jetty-servlet/9.2.22.v20170606/jetty-servlet-9.2.22.v20170606.jar:/home/spirals/danglot/.m2/repository/org/eclipse/jetty/jetty-security/9.2.22.v20170606/jetty-security-9.2.22.v20170606.jar:/tmp/icst-2019/september-2018/dataset/jsoup_parent/target/dspot/dependencies/:/home/spirals/danglot/.m2/repository/eu/stamp-project/test-runner/1.1.0/test-runner-1.1.0-jar-with-dependencies.jar eu.stamp_project.testrunner.runner.test.TestRunner org.jsoup.nodes.EntitiesTest noSpuriousDecodes
File saved to the following path: /tmp/icst-2019/september-2018/dataset/jsoup_parent/target/dspot/TestListener.ser
Loading /tmp/icst-2019/september-2018/dataset/jsoup_parent/target/dspot/TestListener.ser
[INFO] Test has been run: noSpuriousDecodes
[INFO] Assertion amplification: 1 test method(s) has been successfully amplified.
[WARN] 2018-09-22 14:15:26 Launcher - You specified the directory /tmp/icst-2019/september-2018/dataset/jsoup/target/classes in source classpath, please note that only class files will be considered. Jars and subdirectories will be ignored.
[WARN] 2018-09-22 14:15:26 Launcher - You specified the directory /tmp/icst-2019/september-2018/dataset/jsoup/target/test-classes in source classpath, please note that only class files will be considered. Jars and subdirectories will be ignored.
[WARN] 2018-09-22 14:15:26 Launcher - You specified the directory /tmp/icst-2019/september-2018/dataset/jsoup/target/dspot/dependencies in source classpath, please note that only class files will be considered. Jars and subdirectories will be ignored.
[INFO] Run: java -classpath /tmp/icst-2019/september-2018/dataset/jsoup/target/classes/:/tmp/icst-2019/september-2018/dataset/jsoup/target/test-classes/:/home/spirals/danglot/.m2/repository/junit/junit/4.12/junit-4.12.jar:/home/spirals/danglot/.m2/repository/org/hamcrest/hamcrest-core/1.3/hamcrest-core-1.3.jar:/home/spirals/danglot/.m2/repository/com/google/code/gson/gson/2.7/gson-2.7.jar:/home/spirals/danglot/.m2/repository/org/eclipse/jetty/jetty-server/9.2.22.v20170606/jetty-server-9.2.22.v20170606.jar:/home/spirals/danglot/.m2/repository/javax/servlet/javax.servlet-api/3.1.0/javax.servlet-api-3.1.0.jar:/home/spirals/danglot/.m2/repository/org/eclipse/jetty/jetty-http/9.2.22.v20170606/jetty-http-9.2.22.v20170606.jar:/home/spirals/danglot/.m2/repository/org/eclipse/jetty/jetty-util/9.2.22.v20170606/jetty-util-9.2.22.v20170606.jar:/home/spirals/danglot/.m2/repository/org/eclipse/jetty/jetty-io/9.2.22.v20170606/jetty-io-9.2.22.v20170606.jar:/home/spirals/danglot/.m2/repository/org/eclipse/jetty/jetty-servlet/9.2.22.v20170606/jetty-servlet-9.2.22.v20170606.jar:/home/spirals/danglot/.m2/repository/org/eclipse/jetty/jetty-security/9.2.22.v20170606/jetty-security-9.2.22.v20170606.jar:/tmp/icst-2019/september-2018/dataset/jsoup/target/dspot/dependencies/:/home/spirals/danglot/.m2/repository/eu/stamp-project/test-runner/1.1.0/test-runner-1.1.0-jar-with-dependencies.jar eu.stamp_project.testrunner.runner.test.TestRunner org.jsoup.nodes.EntitiesTest noSpuriousDecodes
File saved to the following path: /tmp/icst-2019/september-2018/dataset/jsoup_parent/target/dspot/TestListener.ser
Loading /tmp/icst-2019/september-2018/dataset/jsoup_parent/target/dspot/TestListener.ser
[INFO] Test has been run: noSpuriousDecodes
[INFO] 0 amplified test methods has been selected to be kept. (global: 0)
[INFO] elapsedTime 2895
======= REPORT =======
0 amplified test fails on the new versions.

[WARNING] DSpot could not obtain any amplified test method.
[WARNING] You can customize the following options: --amplifiers, --test-criterion, --iteration, --budgetizer etc, and retry with a new configuration.
[INFO] Amplification of org.jsoup.helper.W3CDomTest (2 test(s))
[INFO] Assertion amplification of org.jsoup.helper.W3CDomTest (2 test(s))
[INFO] Run: java -classpath /tmp/icst-2019/september-2018/dataset/jsoup_parent/target/test-classes:/tmp/icst-2019/september-2018/dataset/jsoup_parent/target/classes/:/home/spirals/danglot/.m2/repository/junit/junit/4.12/junit-4.12.jar:/home/spirals/danglot/.m2/repository/org/hamcrest/hamcrest-core/1.3/hamcrest-core-1.3.jar:/home/spirals/danglot/.m2/repository/com/google/code/gson/gson/2.7/gson-2.7.jar:/home/spirals/danglot/.m2/repository/org/eclipse/jetty/jetty-server/9.2.22.v20170606/jetty-server-9.2.22.v20170606.jar:/home/spirals/danglot/.m2/repository/javax/servlet/javax.servlet-api/3.1.0/javax.servlet-api-3.1.0.jar:/home/spirals/danglot/.m2/repository/org/eclipse/jetty/jetty-http/9.2.22.v20170606/jetty-http-9.2.22.v20170606.jar:/home/spirals/danglot/.m2/repository/org/eclipse/jetty/jetty-util/9.2.22.v20170606/jetty-util-9.2.22.v20170606.jar:/home/spirals/danglot/.m2/repository/org/eclipse/jetty/jetty-io/9.2.22.v20170606/jetty-io-9.2.22.v20170606.jar:/home/spirals/danglot/.m2/repository/org/eclipse/jetty/jetty-servlet/9.2.22.v20170606/jetty-servlet-9.2.22.v20170606.jar:/home/spirals/danglot/.m2/repository/org/eclipse/jetty/jetty-security/9.2.22.v20170606/jetty-security-9.2.22.v20170606.jar:/tmp/icst-2019/september-2018/dataset/jsoup_parent/target/dspot/dependencies/:/home/spirals/danglot/.m2/repository/eu/stamp-project/test-runner/1.1.0/test-runner-1.1.0-jar-with-dependencies.jar eu.stamp_project.testrunner.runner.test.TestRunner org.jsoup.helper.W3CDomTest convertsGoogleLocation:convertsGoogle
File saved to the following path: /tmp/icst-2019/september-2018/dataset/jsoup_parent/target/dspot/TestListener.ser
Loading /tmp/icst-2019/september-2018/dataset/jsoup_parent/target/dspot/TestListener.ser
[INFO] Test has been run: convertsGoogleLocation,convertsGoogle
[INFO] Run tests. (2)
[INFO] Run: java -classpath /tmp/icst-2019/september-2018/dataset/jsoup_parent/target/test-classes:/tmp/icst-2019/september-2018/dataset/jsoup_parent/target/classes/:/home/spirals/danglot/.m2/repository/junit/junit/4.12/junit-4.12.jar:/home/spirals/danglot/.m2/repository/org/hamcrest/hamcrest-core/1.3/hamcrest-core-1.3.jar:/home/spirals/danglot/.m2/repository/com/google/code/gson/gson/2.7/gson-2.7.jar:/home/spirals/danglot/.m2/repository/org/eclipse/jetty/jetty-server/9.2.22.v20170606/jetty-server-9.2.22.v20170606.jar:/home/spirals/danglot/.m2/repository/javax/servlet/javax.servlet-api/3.1.0/javax.servlet-api-3.1.0.jar:/home/spirals/danglot/.m2/repository/org/eclipse/jetty/jetty-http/9.2.22.v20170606/jetty-http-9.2.22.v20170606.jar:/home/spirals/danglot/.m2/repository/org/eclipse/jetty/jetty-util/9.2.22.v20170606/jetty-util-9.2.22.v20170606.jar:/home/spirals/danglot/.m2/repository/org/eclipse/jetty/jetty-io/9.2.22.v20170606/jetty-io-9.2.22.v20170606.jar:/home/spirals/danglot/.m2/repository/org/eclipse/jetty/jetty-servlet/9.2.22.v20170606/jetty-servlet-9.2.22.v20170606.jar:/home/spirals/danglot/.m2/repository/org/eclipse/jetty/jetty-security/9.2.22.v20170606/jetty-security-9.2.22.v20170606.jar:/tmp/icst-2019/september-2018/dataset/jsoup_parent/target/dspot/dependencies/:/home/spirals/danglot/.m2/repository/eu/stamp-project/test-runner/1.1.0/test-runner-1.1.0-jar-with-dependencies.jar eu.stamp_project.testrunner.runner.test.TestRunner org.jsoup.helper.W3CDomTest convertsGoogleLocation:convertsGoogle
File saved to the following path: /tmp/icst-2019/september-2018/dataset/jsoup_parent/target/dspot/TestListener.ser
Loading /tmp/icst-2019/september-2018/dataset/jsoup_parent/target/dspot/TestListener.ser
[INFO] Test has been run: convertsGoogleLocation,convertsGoogle
[INFO] 2 test pass, generating assertion...
[INFO] Add observations points in passing tests.
[INFO] Instrumentation...
 50% |========================= ]/100% |================================================== ]-
[INFO] Run instrumented tests. (6)
[INFO] Run: java -classpath /tmp/icst-2019/september-2018/dataset/jsoup_parent/target/test-classes:/tmp/icst-2019/september-2018/dataset/jsoup_parent/target/classes/:/home/spirals/danglot/.m2/repository/junit/junit/4.12/junit-4.12.jar:/home/spirals/danglot/.m2/repository/org/hamcrest/hamcrest-core/1.3/hamcrest-core-1.3.jar:/home/spirals/danglot/.m2/repository/com/google/code/gson/gson/2.7/gson-2.7.jar:/home/spirals/danglot/.m2/repository/org/eclipse/jetty/jetty-server/9.2.22.v20170606/jetty-server-9.2.22.v20170606.jar:/home/spirals/danglot/.m2/repository/javax/servlet/javax.servlet-api/3.1.0/javax.servlet-api-3.1.0.jar:/home/spirals/danglot/.m2/repository/org/eclipse/jetty/jetty-http/9.2.22.v20170606/jetty-http-9.2.22.v20170606.jar:/home/spirals/danglot/.m2/repository/org/eclipse/jetty/jetty-util/9.2.22.v20170606/jetty-util-9.2.22.v20170606.jar:/home/spirals/danglot/.m2/repository/org/eclipse/jetty/jetty-io/9.2.22.v20170606/jetty-io-9.2.22.v20170606.jar:/home/spirals/danglot/.m2/repository/org/eclipse/jetty/jetty-servlet/9.2.22.v20170606/jetty-servlet-9.2.22.v20170606.jar:/home/spirals/danglot/.m2/repository/org/eclipse/jetty/jetty-security/9.2.22.v20170606/jetty-security-9.2.22.v20170606.jar:/tmp/icst-2019/september-2018/dataset/jsoup_parent/target/dspot/dependencies/:/home/spirals/danglot/.m2/repository/eu/stamp-project/test-runner/1.1.0/test-runner-1.1.0-jar-with-dependencies.jar eu.stamp_project.testrunner.runner.test.TestRunner org.jsoup.helper.W3CDomTest convertsGoogleLocation_withlog0:convertsGoogle_withlog0:convertsGoogleLocation_withlog1:convertsGoogle_withlog1:convertsGoogleLocation_withlog2:convertsGoogle_withlog2
File saved to the following path: /tmp/icst-2019/september-2018/dataset/jsoup_parent/target/dspot/observations.ser
File saved to the following path: /tmp/icst-2019/september-2018/dataset/jsoup_parent/target/dspot/TestListener.ser
Loading /tmp/icst-2019/september-2018/dataset/jsoup_parent/target/dspot/TestListener.ser
[INFO] Test has been run: convertsGoogle_withlog0,convertsGoogle_withlog1,convertsGoogle_withlog2,convertsGoogleLocation_withlog0,convertsGoogleLocation_withlog1,convertsGoogleLocation_withlog2
[INFO] Generating assertions...
[INFO] 2 new tests with assertions generated
[INFO] Run: java -classpath /tmp/icst-2019/september-2018/dataset/jsoup_parent/target/test-classes:/tmp/icst-2019/september-2018/dataset/jsoup_parent/target/classes/:/home/spirals/danglot/.m2/repository/junit/junit/4.12/junit-4.12.jar:/home/spirals/danglot/.m2/repository/org/hamcrest/hamcrest-core/1.3/hamcrest-core-1.3.jar:/home/spirals/danglot/.m2/repository/com/google/code/gson/gson/2.7/gson-2.7.jar:/home/spirals/danglot/.m2/repository/org/eclipse/jetty/jetty-server/9.2.22.v20170606/jetty-server-9.2.22.v20170606.jar:/home/spirals/danglot/.m2/repository/javax/servlet/javax.servlet-api/3.1.0/javax.servlet-api-3.1.0.jar:/home/spirals/danglot/.m2/repository/org/eclipse/jetty/jetty-http/9.2.22.v20170606/jetty-http-9.2.22.v20170606.jar:/home/spirals/danglot/.m2/repository/org/eclipse/jetty/jetty-util/9.2.22.v20170606/jetty-util-9.2.22.v20170606.jar:/home/spirals/danglot/.m2/repository/org/eclipse/jetty/jetty-io/9.2.22.v20170606/jetty-io-9.2.22.v20170606.jar:/home/spirals/danglot/.m2/repository/org/eclipse/jetty/jetty-servlet/9.2.22.v20170606/jetty-servlet-9.2.22.v20170606.jar:/home/spirals/danglot/.m2/repository/org/eclipse/jetty/jetty-security/9.2.22.v20170606/jetty-security-9.2.22.v20170606.jar:/tmp/icst-2019/september-2018/dataset/jsoup_parent/target/dspot/dependencies/:/home/spirals/danglot/.m2/repository/eu/stamp-project/test-runner/1.1.0/test-runner-1.1.0-jar-with-dependencies.jar eu.stamp_project.testrunner.runner.test.TestRunner org.jsoup.helper.W3CDomTest convertsGoogleLocation:convertsGoogle
File saved to the following path: /tmp/icst-2019/september-2018/dataset/jsoup_parent/target/dspot/TestListener.ser
Loading /tmp/icst-2019/september-2018/dataset/jsoup_parent/target/dspot/TestListener.ser
[INFO] Test has been run: convertsGoogleLocation,convertsGoogle
[INFO] Assertion amplification: 2 test method(s) has been successfully amplified.
[WARN] 2018-09-22 14:15:30 Launcher - You specified the directory /tmp/icst-2019/september-2018/dataset/jsoup/target/classes in source classpath, please note that only class files will be considered. Jars and subdirectories will be ignored.
[WARN] 2018-09-22 14:15:30 Launcher - You specified the directory /tmp/icst-2019/september-2018/dataset/jsoup/target/test-classes in source classpath, please note that only class files will be considered. Jars and subdirectories will be ignored.
[WARN] 2018-09-22 14:15:30 Launcher - You specified the directory /tmp/icst-2019/september-2018/dataset/jsoup/target/dspot/dependencies in source classpath, please note that only class files will be considered. Jars and subdirectories will be ignored.
[INFO] Run: java -classpath /tmp/icst-2019/september-2018/dataset/jsoup/target/classes/:/tmp/icst-2019/september-2018/dataset/jsoup/target/test-classes/:/home/spirals/danglot/.m2/repository/junit/junit/4.12/junit-4.12.jar:/home/spirals/danglot/.m2/repository/org/hamcrest/hamcrest-core/1.3/hamcrest-core-1.3.jar:/home/spirals/danglot/.m2/repository/com/google/code/gson/gson/2.7/gson-2.7.jar:/home/spirals/danglot/.m2/repository/org/eclipse/jetty/jetty-server/9.2.22.v20170606/jetty-server-9.2.22.v20170606.jar:/home/spirals/danglot/.m2/repository/javax/servlet/javax.servlet-api/3.1.0/javax.servlet-api-3.1.0.jar:/home/spirals/danglot/.m2/repository/org/eclipse/jetty/jetty-http/9.2.22.v20170606/jetty-http-9.2.22.v20170606.jar:/home/spirals/danglot/.m2/repository/org/eclipse/jetty/jetty-util/9.2.22.v20170606/jetty-util-9.2.22.v20170606.jar:/home/spirals/danglot/.m2/repository/org/eclipse/jetty/jetty-io/9.2.22.v20170606/jetty-io-9.2.22.v20170606.jar:/home/spirals/danglot/.m2/repository/org/eclipse/jetty/jetty-servlet/9.2.22.v20170606/jetty-servlet-9.2.22.v20170606.jar:/home/spirals/danglot/.m2/repository/org/eclipse/jetty/jetty-security/9.2.22.v20170606/jetty-security-9.2.22.v20170606.jar:/tmp/icst-2019/september-2018/dataset/jsoup/target/dspot/dependencies/:/home/spirals/danglot/.m2/repository/eu/stamp-project/test-runner/1.1.0/test-runner-1.1.0-jar-with-dependencies.jar eu.stamp_project.testrunner.runner.test.TestRunner org.jsoup.helper.W3CDomTest convertsGoogleLocation:convertsGoogle
File saved to the following path: /tmp/icst-2019/september-2018/dataset/jsoup_parent/target/dspot/TestListener.ser
Loading /tmp/icst-2019/september-2018/dataset/jsoup_parent/target/dspot/TestListener.ser
[INFO] Test has been run: convertsGoogle,convertsGoogleLocation(org.jsoup.helper.W3CDomTest): expected:<...r-2018/dataset/jsoup[_parent]/target/test-classes...> but was:<...r-2018/dataset/jsoup[]/target/test-classes...>
[INFO] 1 amplified test methods has been selected to be kept. (global: 1)
[INFO] elapsedTime 3977
======= REPORT =======
1 amplified test fails on the new versions.
convertsGoogleLocation(org.jsoup.helper.W3CDomTest): expected:<...r-2018/dataset/jsoup[_parent]/target/test-classes...> but was:<...r-2018/dataset/jsoup[]/target/test-classes...>

[INFO] Print AmplW3CDomTest with 1?amplified test cases in /tmp/icst-2019/september-2018/result/jsoup/commit_18_18ef323/assert_amplification
[INFO] Amplification of org.jsoup.parser.TokeniserStateTest (1 test(s))
[INFO] Assertion amplification of org.jsoup.parser.TokeniserStateTest (1 test(s))
[INFO] Run: java -classpath /tmp/icst-2019/september-2018/dataset/jsoup_parent/target/test-classes:/tmp/icst-2019/september-2018/dataset/jsoup_parent/target/classes/:/home/spirals/danglot/.m2/repository/junit/junit/4.12/junit-4.12.jar:/home/spirals/danglot/.m2/repository/org/hamcrest/hamcrest-core/1.3/hamcrest-core-1.3.jar:/home/spirals/danglot/.m2/repository/com/google/code/gson/gson/2.7/gson-2.7.jar:/home/spirals/danglot/.m2/repository/org/eclipse/jetty/jetty-server/9.2.22.v20170606/jetty-server-9.2.22.v20170606.jar:/home/spirals/danglot/.m2/repository/javax/servlet/javax.servlet-api/3.1.0/javax.servlet-api-3.1.0.jar:/home/spirals/danglot/.m2/repository/org/eclipse/jetty/jetty-http/9.2.22.v20170606/jetty-http-9.2.22.v20170606.jar:/home/spirals/danglot/.m2/repository/org/eclipse/jetty/jetty-util/9.2.22.v20170606/jetty-util-9.2.22.v20170606.jar:/home/spirals/danglot/.m2/repository/org/eclipse/jetty/jetty-io/9.2.22.v20170606/jetty-io-9.2.22.v20170606.jar:/home/spirals/danglot/.m2/repository/org/eclipse/jetty/jetty-servlet/9.2.22.v20170606/jetty-servlet-9.2.22.v20170606.jar:/home/spirals/danglot/.m2/repository/org/eclipse/jetty/jetty-security/9.2.22.v20170606/jetty-security-9.2.22.v20170606.jar:/tmp/icst-2019/september-2018/dataset/jsoup_parent/target/dspot/dependencies/:/home/spirals/danglot/.m2/repository/eu/stamp-project/test-runner/1.1.0/test-runner-1.1.0-jar-with-dependencies.jar eu.stamp_project.testrunner.runner.test.TestRunner org.jsoup.parser.TokeniserStateTest testCharacterReferenceInRcdata
File saved to the following path: /tmp/icst-2019/september-2018/dataset/jsoup_parent/target/dspot/TestListener.ser
Loading /tmp/icst-2019/september-2018/dataset/jsoup_parent/target/dspot/TestListener.ser
[INFO] Test has been run: testCharacterReferenceInRcdata
[INFO] Run tests. (1)
[INFO] Run: java -classpath /tmp/icst-2019/september-2018/dataset/jsoup_parent/target/test-classes:/tmp/icst-2019/september-2018/dataset/jsoup_parent/target/classes/:/home/spirals/danglot/.m2/repository/junit/junit/4.12/junit-4.12.jar:/home/spirals/danglot/.m2/repository/org/hamcrest/hamcrest-core/1.3/hamcrest-core-1.3.jar:/home/spirals/danglot/.m2/repository/com/google/code/gson/gson/2.7/gson-2.7.jar:/home/spirals/danglot/.m2/repository/org/eclipse/jetty/jetty-server/9.2.22.v20170606/jetty-server-9.2.22.v20170606.jar:/home/spirals/danglot/.m2/repository/javax/servlet/javax.servlet-api/3.1.0/javax.servlet-api-3.1.0.jar:/home/spirals/danglot/.m2/repository/org/eclipse/jetty/jetty-http/9.2.22.v20170606/jetty-http-9.2.22.v20170606.jar:/home/spirals/danglot/.m2/repository/org/eclipse/jetty/jetty-util/9.2.22.v20170606/jetty-util-9.2.22.v20170606.jar:/home/spirals/danglot/.m2/repository/org/eclipse/jetty/jetty-io/9.2.22.v20170606/jetty-io-9.2.22.v20170606.jar:/home/spirals/danglot/.m2/repository/org/eclipse/jetty/jetty-servlet/9.2.22.v20170606/jetty-servlet-9.2.22.v20170606.jar:/home/spirals/danglot/.m2/repository/org/eclipse/jetty/jetty-security/9.2.22.v20170606/jetty-security-9.2.22.v20170606.jar:/tmp/icst-2019/september-2018/dataset/jsoup_parent/target/dspot/dependencies/:/home/spirals/danglot/.m2/repository/eu/stamp-project/test-runner/1.1.0/test-runner-1.1.0-jar-with-dependencies.jar eu.stamp_project.testrunner.runner.test.TestRunner org.jsoup.parser.TokeniserStateTest testCharacterReferenceInRcdata
File saved to the following path: /tmp/icst-2019/september-2018/dataset/jsoup_parent/target/dspot/TestListener.ser
Loading /tmp/icst-2019/september-2018/dataset/jsoup_parent/target/dspot/TestListener.ser
[INFO] Test has been run: testCharacterReferenceInRcdata
[INFO] 1 test pass, generating assertion...
[INFO] Add observations points in passing tests.
[INFO] Instrumentation...
100% |================================================== ]/
[INFO] Run instrumented tests. (3)
[INFO] Run: java -classpath /tmp/icst-2019/september-2018/dataset/jsoup_parent/target/test-classes:/tmp/icst-2019/september-2018/dataset/jsoup_parent/target/classes/:/home/spirals/danglot/.m2/repository/junit/junit/4.12/junit-4.12.jar:/home/spirals/danglot/.m2/repository/org/hamcrest/hamcrest-core/1.3/hamcrest-core-1.3.jar:/home/spirals/danglot/.m2/repository/com/google/code/gson/gson/2.7/gson-2.7.jar:/home/spirals/danglot/.m2/repository/org/eclipse/jetty/jetty-server/9.2.22.v20170606/jetty-server-9.2.22.v20170606.jar:/home/spirals/danglot/.m2/repository/javax/servlet/javax.servlet-api/3.1.0/javax.servlet-api-3.1.0.jar:/home/spirals/danglot/.m2/repository/org/eclipse/jetty/jetty-http/9.2.22.v20170606/jetty-http-9.2.22.v20170606.jar:/home/spirals/danglot/.m2/repository/org/eclipse/jetty/jetty-util/9.2.22.v20170606/jetty-util-9.2.22.v20170606.jar:/home/spirals/danglot/.m2/repository/org/eclipse/jetty/jetty-io/9.2.22.v20170606/jetty-io-9.2.22.v20170606.jar:/home/spirals/danglot/.m2/repository/org/eclipse/jetty/jetty-servlet/9.2.22.v20170606/jetty-servlet-9.2.22.v20170606.jar:/home/spirals/danglot/.m2/repository/org/eclipse/jetty/jetty-security/9.2.22.v20170606/jetty-security-9.2.22.v20170606.jar:/tmp/icst-2019/september-2018/dataset/jsoup_parent/target/dspot/dependencies/:/home/spirals/danglot/.m2/repository/eu/stamp-project/test-runner/1.1.0/test-runner-1.1.0-jar-with-dependencies.jar eu.stamp_project.testrunner.runner.test.TestRunner org.jsoup.parser.TokeniserStateTest testCharacterReferenceInRcdata_withlog0:testCharacterReferenceInRcdata_withlog1:testCharacterReferenceInRcdata_withlog2
File saved to the following path: /tmp/icst-2019/september-2018/dataset/jsoup_parent/target/dspot/observations.ser
File saved to the following path: /tmp/icst-2019/september-2018/dataset/jsoup_parent/target/dspot/TestListener.ser
Loading /tmp/icst-2019/september-2018/dataset/jsoup_parent/target/dspot/TestListener.ser
[INFO] Test has been run: testCharacterReferenceInRcdata_withlog0,testCharacterReferenceInRcdata_withlog1,testCharacterReferenceInRcdata_withlog2
[INFO] Generating assertions...
[INFO] 1 new tests with assertions generated
[INFO] Run: java -classpath /tmp/icst-2019/september-2018/dataset/jsoup_parent/target/test-classes:/tmp/icst-2019/september-2018/dataset/jsoup_parent/target/classes/:/home/spirals/danglot/.m2/repository/junit/junit/4.12/junit-4.12.jar:/home/spirals/danglot/.m2/repository/org/hamcrest/hamcrest-core/1.3/hamcrest-core-1.3.jar:/home/spirals/danglot/.m2/repository/com/google/code/gson/gson/2.7/gson-2.7.jar:/home/spirals/danglot/.m2/repository/org/eclipse/jetty/jetty-server/9.2.22.v20170606/jetty-server-9.2.22.v20170606.jar:/home/spirals/danglot/.m2/repository/javax/servlet/javax.servlet-api/3.1.0/javax.servlet-api-3.1.0.jar:/home/spirals/danglot/.m2/repository/org/eclipse/jetty/jetty-http/9.2.22.v20170606/jetty-http-9.2.22.v20170606.jar:/home/spirals/danglot/.m2/repository/org/eclipse/jetty/jetty-util/9.2.22.v20170606/jetty-util-9.2.22.v20170606.jar:/home/spirals/danglot/.m2/repository/org/eclipse/jetty/jetty-io/9.2.22.v20170606/jetty-io-9.2.22.v20170606.jar:/home/spirals/danglot/.m2/repository/org/eclipse/jetty/jetty-servlet/9.2.22.v20170606/jetty-servlet-9.2.22.v20170606.jar:/home/spirals/danglot/.m2/repository/org/eclipse/jetty/jetty-security/9.2.22.v20170606/jetty-security-9.2.22.v20170606.jar:/tmp/icst-2019/september-2018/dataset/jsoup_parent/target/dspot/dependencies/:/home/spirals/danglot/.m2/repository/eu/stamp-project/test-runner/1.1.0/test-runner-1.1.0-jar-with-dependencies.jar eu.stamp_project.testrunner.runner.test.TestRunner org.jsoup.parser.TokeniserStateTest testCharacterReferenceInRcdata
File saved to the following path: /tmp/icst-2019/september-2018/dataset/jsoup_parent/target/dspot/TestListener.ser
Loading /tmp/icst-2019/september-2018/dataset/jsoup_parent/target/dspot/TestListener.ser
[INFO] Test has been run: testCharacterReferenceInRcdata
[INFO] Assertion amplification: 1 test method(s) has been successfully amplified.
[WARN] 2018-09-22 14:15:33 Launcher - You specified the directory /tmp/icst-2019/september-2018/dataset/jsoup/target/classes in source classpath, please note that only class files will be considered. Jars and subdirectories will be ignored.
[WARN] 2018-09-22 14:15:33 Launcher - You specified the directory /tmp/icst-2019/september-2018/dataset/jsoup/target/test-classes in source classpath, please note that only class files will be considered. Jars and subdirectories will be ignored.
[WARN] 2018-09-22 14:15:33 Launcher - You specified the directory /tmp/icst-2019/september-2018/dataset/jsoup/target/dspot/dependencies in source classpath, please note that only class files will be considered. Jars and subdirectories will be ignored.
[INFO] Run: java -classpath /tmp/icst-2019/september-2018/dataset/jsoup/target/classes/:/tmp/icst-2019/september-2018/dataset/jsoup/target/test-classes/:/home/spirals/danglot/.m2/repository/junit/junit/4.12/junit-4.12.jar:/home/spirals/danglot/.m2/repository/org/hamcrest/hamcrest-core/1.3/hamcrest-core-1.3.jar:/home/spirals/danglot/.m2/repository/com/google/code/gson/gson/2.7/gson-2.7.jar:/home/spirals/danglot/.m2/repository/org/eclipse/jetty/jetty-server/9.2.22.v20170606/jetty-server-9.2.22.v20170606.jar:/home/spirals/danglot/.m2/repository/javax/servlet/javax.servlet-api/3.1.0/javax.servlet-api-3.1.0.jar:/home/spirals/danglot/.m2/repository/org/eclipse/jetty/jetty-http/9.2.22.v20170606/jetty-http-9.2.22.v20170606.jar:/home/spirals/danglot/.m2/repository/org/eclipse/jetty/jetty-util/9.2.22.v20170606/jetty-util-9.2.22.v20170606.jar:/home/spirals/danglot/.m2/repository/org/eclipse/jetty/jetty-io/9.2.22.v20170606/jetty-io-9.2.22.v20170606.jar:/home/spirals/danglot/.m2/repository/org/eclipse/jetty/jetty-servlet/9.2.22.v20170606/jetty-servlet-9.2.22.v20170606.jar:/home/spirals/danglot/.m2/repository/org/eclipse/jetty/jetty-security/9.2.22.v20170606/jetty-security-9.2.22.v20170606.jar:/tmp/icst-2019/september-2018/dataset/jsoup/target/dspot/dependencies/:/home/spirals/danglot/.m2/repository/eu/stamp-project/test-runner/1.1.0/test-runner-1.1.0-jar-with-dependencies.jar eu.stamp_project.testrunner.runner.test.TestRunner org.jsoup.parser.TokeniserStateTest testCharacterReferenceInRcdata
File saved to the following path: /tmp/icst-2019/september-2018/dataset/jsoup_parent/target/dspot/TestListener.ser
Loading /tmp/icst-2019/september-2018/dataset/jsoup_parent/target/dspot/TestListener.ser
[INFO] Test has been run: testCharacterReferenceInRcdata
[INFO] 0 amplified test methods has been selected to be kept. (global: 0)
[INFO] elapsedTime 2672
======= REPORT =======
0 amplified test fails on the new versions.

[WARNING] DSpot could not obtain any amplified test method.
[WARNING] You can customize the following options: --amplifiers, --test-criterion, --iteration, --budgetizer etc, and retry with a new configuration.
[INFO] Amplification of org.jsoup.integration.ParseTest (8 test(s))
[INFO] Assertion amplification of org.jsoup.integration.ParseTest (8 test(s))
[INFO] Run: java -classpath /tmp/icst-2019/september-2018/dataset/jsoup_parent/target/test-classes:/tmp/icst-2019/september-2018/dataset/jsoup_parent/target/classes/:/home/spirals/danglot/.m2/repository/junit/junit/4.12/junit-4.12.jar:/home/spirals/danglot/.m2/repository/org/hamcrest/hamcrest-core/1.3/hamcrest-core-1.3.jar:/home/spirals/danglot/.m2/repository/com/google/code/gson/gson/2.7/gson-2.7.jar:/home/spirals/danglot/.m2/repository/org/eclipse/jetty/jetty-server/9.2.22.v20170606/jetty-server-9.2.22.v20170606.jar:/home/spirals/danglot/.m2/repository/javax/servlet/javax.servlet-api/3.1.0/javax.servlet-api-3.1.0.jar:/home/spirals/danglot/.m2/repository/org/eclipse/jetty/jetty-http/9.2.22.v20170606/jetty-http-9.2.22.v20170606.jar:/home/spirals/danglot/.m2/repository/org/eclipse/jetty/jetty-util/9.2.22.v20170606/jetty-util-9.2.22.v20170606.jar:/home/spirals/danglot/.m2/repository/org/eclipse/jetty/jetty-io/9.2.22.v20170606/jetty-io-9.2.22.v20170606.jar:/home/spirals/danglot/.m2/repository/org/eclipse/jetty/jetty-servlet/9.2.22.v20170606/jetty-servlet-9.2.22.v20170606.jar:/home/spirals/danglot/.m2/repository/org/eclipse/jetty/jetty-security/9.2.22.v20170606/jetty-security-9.2.22.v20170606.jar:/tmp/icst-2019/september-2018/dataset/jsoup_parent/target/dspot/dependencies/:/home/spirals/danglot/.m2/repository/eu/stamp-project/test-runner/1.1.0/test-runner-1.1.0-jar-with-dependencies.jar eu.stamp_project.testrunner.runner.test.TestRunner org.jsoup.integration.ParseTest testNewsHomepage:testSmhBizArticle:testYahooArticle:testGoogleSearchIpod:testYahooJp:testBaidu:testNytArticle:testBinary
File saved to the following path: /tmp/icst-2019/september-2018/dataset/jsoup_parent/target/dspot/TestListener.ser
Loading /tmp/icst-2019/september-2018/dataset/jsoup_parent/target/dspot/TestListener.ser
[INFO] Test has been run: testGoogleSearchIpod,testYahooArticle,testNytArticle,testBinary,testNewsHomepage,testYahooJp(org.jsoup.integration.ParseTest): expected:<[????????????]> but was:<[????????????]>,testBaidu(org.jsoup.integration.ParseTest): expected:<[????]> but was:<[????]>,testSmhBizArticle(org.jsoup.integration.ParseTest): expected:<The board[?]s next fear: the fem...> but was:<The board[?]s next fear: the fem...>
[INFO] Run tests. (5)
[INFO] Run: java -classpath /tmp/icst-2019/september-2018/dataset/jsoup_parent/target/test-classes:/tmp/icst-2019/september-2018/dataset/jsoup_parent/target/classes/:/home/spirals/danglot/.m2/repository/junit/junit/4.12/junit-4.12.jar:/home/spirals/danglot/.m2/repository/org/hamcrest/hamcrest-core/1.3/hamcrest-core-1.3.jar:/home/spirals/danglot/.m2/repository/com/google/code/gson/gson/2.7/gson-2.7.jar:/home/spirals/danglot/.m2/repository/org/eclipse/jetty/jetty-server/9.2.22.v20170606/jetty-server-9.2.22.v20170606.jar:/home/spirals/danglot/.m2/repository/javax/servlet/javax.servlet-api/3.1.0/javax.servlet-api-3.1.0.jar:/home/spirals/danglot/.m2/repository/org/eclipse/jetty/jetty-http/9.2.22.v20170606/jetty-http-9.2.22.v20170606.jar:/home/spirals/danglot/.m2/repository/org/eclipse/jetty/jetty-util/9.2.22.v20170606/jetty-util-9.2.22.v20170606.jar:/home/spirals/danglot/.m2/repository/org/eclipse/jetty/jetty-io/9.2.22.v20170606/jetty-io-9.2.22.v20170606.jar:/home/spirals/danglot/.m2/repository/org/eclipse/jetty/jetty-servlet/9.2.22.v20170606/jetty-servlet-9.2.22.v20170606.jar:/home/spirals/danglot/.m2/repository/org/eclipse/jetty/jetty-security/9.2.22.v20170606/jetty-security-9.2.22.v20170606.jar:/tmp/icst-2019/september-2018/dataset/jsoup_parent/target/dspot/dependencies/:/home/spirals/danglot/.m2/repository/eu/stamp-project/test-runner/1.1.0/test-runner-1.1.0-jar-with-dependencies.jar eu.stamp_project.testrunner.runner.test.TestRunner org.jsoup.integration.ParseTest testNewsHomepage:testYahooArticle:testGoogleSearchIpod:testNytArticle:testBinary
File saved to the following path: /tmp/icst-2019/september-2018/dataset/jsoup_parent/target/dspot/TestListener.ser
Loading /tmp/icst-2019/september-2018/dataset/jsoup_parent/target/dspot/TestListener.ser
[INFO] Test has been run: testGoogleSearchIpod,testYahooArticle,testNytArticle,testBinary,testNewsHomepage
[INFO] 5 test pass, generating assertion...
[INFO] Add observations points in passing tests.
[INFO] Instrumentation...
 20% |========== ]/ 40% |==================== ]- 60% |============================== ]\ 80% |======================================== ]|100% |================================================== ]/
[INFO] Run instrumented tests. (15)
[INFO] Run: java -classpath /tmp/icst-2019/september-2018/dataset/jsoup_parent/target/test-classes:/tmp/icst-2019/september-2018/dataset/jsoup_parent/target/classes/:/home/spirals/danglot/.m2/repository/junit/junit/4.12/junit-4.12.jar:/home/spirals/danglot/.m2/repository/org/hamcrest/hamcrest-core/1.3/hamcrest-core-1.3.jar:/home/spirals/danglot/.m2/repository/com/google/code/gson/gson/2.7/gson-2.7.jar:/home/spirals/danglot/.m2/repository/org/eclipse/jetty/jetty-server/9.2.22.v20170606/jetty-server-9.2.22.v20170606.jar:/home/spirals/danglot/.m2/repository/javax/servlet/javax.servlet-api/3.1.0/javax.servlet-api-3.1.0.jar:/home/spirals/danglot/.m2/repository/org/eclipse/jetty/jetty-http/9.2.22.v20170606/jetty-http-9.2.22.v20170606.jar:/home/spirals/danglot/.m2/repository/org/eclipse/jetty/jetty-util/9.2.22.v20170606/jetty-util-9.2.22.v20170606.jar:/home/spirals/danglot/.m2/repository/org/eclipse/jetty/jetty-io/9.2.22.v20170606/jetty-io-9.2.22.v20170606.jar:/home/spirals/danglot/.m2/repository/org/eclipse/jetty/jetty-servlet/9.2.22.v20170606/jetty-servlet-9.2.22.v20170606.jar:/home/spirals/danglot/.m2/repository/org/eclipse/jetty/jetty-security/9.2.22.v20170606/jetty-security-9.2.22.v20170606.jar:/tmp/icst-2019/september-2018/dataset/jsoup_parent/target/dspot/dependencies/:/home/spirals/danglot/.m2/repository/eu/stamp-project/test-runner/1.1.0/test-runner-1.1.0-jar-with-dependencies.jar eu.stamp_project.testrunner.runner.test.TestRunner org.jsoup.integration.ParseTest testNewsHomepage_withlog0:testYahooArticle_withlog0:testGoogleSearchIpod_withlog0:testNytArticle_withlog0:testBinary_withlog0:testNewsHomepage_withlog1:testYahooArticle_withlog1:testGoogleSearchIpod_withlog1:testNytArticle_withlog1:testBinary_withlog1:testNewsHomepage_withlog2:testYahooArticle_withlog2:testGoogleSearchIpod_withlog2:testNytArticle_withlog2:testBinary_withlog2
File saved to the following path: /tmp/icst-2019/september-2018/dataset/jsoup_parent/target/dspot/observations.ser
File saved to the following path: /tmp/icst-2019/september-2018/dataset/jsoup_parent/target/dspot/TestListener.ser
Loading /tmp/icst-2019/september-2018/dataset/jsoup_parent/target/dspot/TestListener.ser
[INFO] Test has been run: testNytArticle_withlog0,testNytArticle_withlog1,testNytArticle_withlog2,testYahooArticle_withlog0,testYahooArticle_withlog1,testYahooArticle_withlog2,testNewsHomepage_withlog0,testNewsHomepage_withlog1,testNewsHomepage_withlog2,testBinary_withlog0,testBinary_withlog1,testBinary_withlog2,testGoogleSearchIpod_withlog0,testGoogleSearchIpod_withlog1,testGoogleSearchIpod_withlog2
[INFO] Generating assertions...
[INFO] 5 new tests with assertions generated
[INFO] Run: java -classpath /tmp/icst-2019/september-2018/dataset/jsoup_parent/target/test-classes:/tmp/icst-2019/september-2018/dataset/jsoup_parent/target/classes/:/home/spirals/danglot/.m2/repository/junit/junit/4.12/junit-4.12.jar:/home/spirals/danglot/.m2/repository/org/hamcrest/hamcrest-core/1.3/hamcrest-core-1.3.jar:/home/spirals/danglot/.m2/repository/com/google/code/gson/gson/2.7/gson-2.7.jar:/home/spirals/danglot/.m2/repository/org/eclipse/jetty/jetty-server/9.2.22.v20170606/jetty-server-9.2.22.v20170606.jar:/home/spirals/danglot/.m2/repository/javax/servlet/javax.servlet-api/3.1.0/javax.servlet-api-3.1.0.jar:/home/spirals/danglot/.m2/repository/org/eclipse/jetty/jetty-http/9.2.22.v20170606/jetty-http-9.2.22.v20170606.jar:/home/spirals/danglot/.m2/repository/org/eclipse/jetty/jetty-util/9.2.22.v20170606/jetty-util-9.2.22.v20170606.jar:/home/spirals/danglot/.m2/repository/org/eclipse/jetty/jetty-io/9.2.22.v20170606/jetty-io-9.2.22.v20170606.jar:/home/spirals/danglot/.m2/repository/org/eclipse/jetty/jetty-servlet/9.2.22.v20170606/jetty-servlet-9.2.22.v20170606.jar:/home/spirals/danglot/.m2/repository/org/eclipse/jetty/jetty-security/9.2.22.v20170606/jetty-security-9.2.22.v20170606.jar:/tmp/icst-2019/september-2018/dataset/jsoup_parent/target/dspot/dependencies/:/home/spirals/danglot/.m2/repository/eu/stamp-project/test-runner/1.1.0/test-runner-1.1.0-jar-with-dependencies.jar eu.stamp_project.testrunner.runner.test.TestRunner org.jsoup.integration.ParseTest testNewsHomepage:testYahooArticle:testGoogleSearchIpod:testNytArticle:testBinary
File saved to the following path: /tmp/icst-2019/september-2018/dataset/jsoup_parent/target/dspot/TestListener.ser
Loading /tmp/icst-2019/september-2018/dataset/jsoup_parent/target/dspot/TestListener.ser
[INFO] Test has been run: testGoogleSearchIpod,testYahooArticle,testNytArticle,testBinary,testNewsHomepage
[INFO] Assertion amplification: 5 test method(s) has been successfully amplified.
[WARN] 2018-09-22 14:15:37 Launcher - You specified the directory /tmp/icst-2019/september-2018/dataset/jsoup/target/classes in source classpath, please note that only class files will be considered. Jars and subdirectories will be ignored.
[WARN] 2018-09-22 14:15:37 Launcher - You specified the directory /tmp/icst-2019/september-2018/dataset/jsoup/target/test-classes in source classpath, please note that only class files will be considered. Jars and subdirectories will be ignored.
[WARN] 2018-09-22 14:15:37 Launcher - You specified the directory /tmp/icst-2019/september-2018/dataset/jsoup/target/dspot/dependencies in source classpath, please note that only class files will be considered. Jars and subdirectories will be ignored.
[INFO] Run: java -classpath /tmp/icst-2019/september-2018/dataset/jsoup/target/classes/:/tmp/icst-2019/september-2018/dataset/jsoup/target/test-classes/:/home/spirals/danglot/.m2/repository/junit/junit/4.12/junit-4.12.jar:/home/spirals/danglot/.m2/repository/org/hamcrest/hamcrest-core/1.3/hamcrest-core-1.3.jar:/home/spirals/danglot/.m2/repository/com/google/code/gson/gson/2.7/gson-2.7.jar:/home/spirals/danglot/.m2/repository/org/eclipse/jetty/jetty-server/9.2.22.v20170606/jetty-server-9.2.22.v20170606.jar:/home/spirals/danglot/.m2/repository/javax/servlet/javax.servlet-api/3.1.0/javax.servlet-api-3.1.0.jar:/home/spirals/danglot/.m2/repository/org/eclipse/jetty/jetty-http/9.2.22.v20170606/jetty-http-9.2.22.v20170606.jar:/home/spirals/danglot/.m2/repository/org/eclipse/jetty/jetty-util/9.2.22.v20170606/jetty-util-9.2.22.v20170606.jar:/home/spirals/danglot/.m2/repository/org/eclipse/jetty/jetty-io/9.2.22.v20170606/jetty-io-9.2.22.v20170606.jar:/home/spirals/danglot/.m2/repository/org/eclipse/jetty/jetty-servlet/9.2.22.v20170606/jetty-servlet-9.2.22.v20170606.jar:/home/spirals/danglot/.m2/repository/org/eclipse/jetty/jetty-security/9.2.22.v20170606/jetty-security-9.2.22.v20170606.jar:/tmp/icst-2019/september-2018/dataset/jsoup/target/dspot/dependencies/:/home/spirals/danglot/.m2/repository/eu/stamp-project/test-runner/1.1.0/test-runner-1.1.0-jar-with-dependencies.jar eu.stamp_project.testrunner.runner.test.TestRunner org.jsoup.integration.ParseTest testNewsHomepage:testYahooArticle:testGoogleSearchIpod:testNytArticle:testBinary
File saved to the following path: /tmp/icst-2019/september-2018/dataset/jsoup_parent/target/dspot/TestListener.ser
Loading /tmp/icst-2019/september-2018/dataset/jsoup_parent/target/dspot/TestListener.ser
[INFO] Test has been run: testGoogleSearchIpod,testYahooArticle,testNytArticle,testBinary,testNewsHomepage
[INFO] 0 amplified test methods has been selected to be kept. (global: 0)
[INFO] elapsedTime 4232
======= REPORT =======
0 amplified test fails on the new versions.

[WARNING] DSpot could not obtain any amplified test method.
[WARNING] You can customize the following options: --amplifiers, --test-criterion, --iteration, --budgetizer etc, and retry with a new configuration.
[INFO] Amplification succeed.
[INFO] Elapsed time 32903 ms
[INFO] ------------------------------------------------------------------------
[INFO] BUILD SUCCESS
[INFO] ------------------------------------------------------------------------
[INFO] Total time: 01:03 min
[INFO] Finished at: 2018-09-22T14:15:38+02:00
[INFO] ------------------------------------------------------------------------
