[INFO] Scanning for projects...
[INFO] 
[INFO] ---------------------------< io.scif:scifio >---------------------------
[INFO] Building SCIFIO Core 0.34.0-SNAPSHOT
[INFO] --------------------------------[ jar ]---------------------------------
[INFO] 
[INFO] --- dspot-maven:1.1.1-SNAPSHOT:amplify-unit-tests (default-cli) @ scifio ---
Downloading from stamp-maven-repository-mvn-repo: https://stamp-project.github.io/stamp-maven-repository/eu/stamp-project/dspot/1.1.1-SNAPSHOT/maven-metadata.xml
Downloading from stamp-maven-repository-mvn-repo: https://stamp-project.github.io/stamp-maven-repository/fr/inria/gforge/spoon/spoon-core/7.1.0-SNAPSHOT/maven-metadata.xml
Downloading from stamp-maven-repository-mvn-repo: https://stamp-project.github.io/stamp-maven-repository/org/eclipse/platform/org.eclipse.core.resources/maven-metadata.xml
Downloading from stamp-maven-repository-mvn-repo: https://stamp-project.github.io/stamp-maven-repository/org/eclipse/platform/org.eclipse.core.expressions/maven-metadata.xml
Downloading from stamp-maven-repository-mvn-repo: https://stamp-project.github.io/stamp-maven-repository/org/eclipse/platform/org.eclipse.core.runtime/maven-metadata.xml
Downloading from stamp-maven-repository-mvn-repo: https://stamp-project.github.io/stamp-maven-repository/org/eclipse/platform/org.eclipse.osgi/maven-metadata.xml
Downloading from stamp-maven-repository-mvn-repo: https://stamp-project.github.io/stamp-maven-repository/org/eclipse/platform/org.eclipse.equinox.common/maven-metadata.xml
Downloading from stamp-maven-repository-mvn-repo: https://stamp-project.github.io/stamp-maven-repository/org/eclipse/platform/org.eclipse.core.jobs/maven-metadata.xml
Downloading from stamp-maven-repository-mvn-repo: https://stamp-project.github.io/stamp-maven-repository/org/eclipse/platform/org.eclipse.equinox.registry/maven-metadata.xml
Downloading from stamp-maven-repository-mvn-repo: https://stamp-project.github.io/stamp-maven-repository/org/eclipse/platform/org.eclipse.equinox.preferences/maven-metadata.xml
Downloading from stamp-maven-repository-mvn-repo: https://stamp-project.github.io/stamp-maven-repository/org/eclipse/platform/org.eclipse.core.contenttype/maven-metadata.xml
Downloading from stamp-maven-repository-mvn-repo: https://stamp-project.github.io/stamp-maven-repository/org/eclipse/platform/org.eclipse.equinox.app/maven-metadata.xml
Downloading from stamp-maven-repository-mvn-repo: https://stamp-project.github.io/stamp-maven-repository/org/eclipse/platform/org.eclipse.core.filesystem/maven-metadata.xml
Downloading from stamp-maven-repository-mvn-repo: https://stamp-project.github.io/stamp-maven-repository/org/eclipse/platform/org.eclipse.text/maven-metadata.xml
Downloading from stamp-maven-repository-mvn-repo: https://stamp-project.github.io/stamp-maven-repository/org/eclipse/platform/org.eclipse.core.commands/maven-metadata.xml
[INFO] Path to runner Classes: /home/spirals/danglot/.m2/repository/eu/stamp-project/test-runner/1.1.0/test-runner-1.1.0-jar-with-dependencies.jar
[INFO] /home/spirals/danglot/.m2/repository/org/jacoco/org.jacoco.core/0.7.9/org.jacoco.core-0.7.9.jar
[INFO] /home/spirals/danglot/.m2/repository/org/ow2/asm/asm-debug-all/5.2/asm-debug-all-5.2.jar
[INFO] /home/spirals/danglot/.m2/repository/eu/stamp-project/test-runner/1.1.0/test-runner-1.1.0-jar-with-dependencies.jar
[WARNING] automaticBuilderName: unknown automatic builder specified in configuration, going to default.
[INFO] Default: provided Maven automatic builder.
[INFO] run maven clean test -DskipTests dependency:build-classpath -Dmdep.outputFile=target/dspot/classpath
[WARN] Maven will be executed in interactive mode, but no input stream has been configured for this MavenInvoker instance.
[INFO] Scanning for projects...
[INFO] 
[INFO] ---------------------------< io.scif:scifio >---------------------------
[INFO] Building SCIFIO Core 0.34.0-SNAPSHOT
[INFO] --------------------------------[ jar ]---------------------------------
[INFO] 
[INFO] --- maven-clean-plugin:3.0.0:clean (default-clean) @ scifio ---
[INFO] Deleting /tmp/icst-2019/september-2018/dataset/scifio_parent/target
[INFO] 
[INFO] --- maven-enforcer-plugin:1.4.1:enforce (enforce-rules) @ scifio ---
[INFO] Skipping Rule Enforcement.
[INFO] 
[INFO] --- build-helper-maven-plugin:1.12:regex-property (sanitize-version) @ scifio ---
[INFO] 
[INFO] --- buildnumber-maven-plugin:1.4:create (default) @ scifio ---
[INFO] Executing: /bin/sh -c cd '/tmp/icst-2019/september-2018/dataset/scifio_parent' && 'git' 'rev-parse' '--verify' 'HEAD'
[INFO] Working directory: /tmp/icst-2019/september-2018/dataset/scifio_parent
[INFO] Storing buildNumber: 6af1f07b9d579a16270713a4a3c5cf25195deb5d at timestamp: 1537621337778
[INFO] Storing buildScmBranch: master
[INFO] 
[INFO] --- scijava-maven-plugin:1.0.0:set-rootdir (set-rootdir) @ scifio ---
[INFO] Setting rootdir: /tmp/icst-2019/september-2018/dataset/scifio_parent
[INFO] 
[INFO] --- maven-resources-plugin:3.0.2:resources (default-resources) @ scifio ---
[INFO] Using 'UTF-8' encoding to copy filtered resources.
[INFO] skip non existing resourceDirectory /tmp/icst-2019/september-2018/dataset/scifio_parent/src/main/resources
[INFO] 
[INFO] --- maven-compiler-plugin:3.6.0:compile (default-compile) @ scifio ---
[INFO] Compiling 318 source files to /tmp/icst-2019/september-2018/dataset/scifio_parent/target/classes
[INFO] /tmp/icst-2019/september-2018/dataset/scifio_parent/src/main/java/io/scif/formats/qt/QTJavaService.java: Some input files use or override a deprecated API.
[INFO] /tmp/icst-2019/september-2018/dataset/scifio_parent/src/main/java/io/scif/formats/qt/QTJavaService.java: Recompile with -Xlint:deprecation for details.
[INFO] /tmp/icst-2019/september-2018/dataset/scifio_parent/src/main/java/io/scif/img/cell/SCIFIOCellImgCleaningProvider.java: Some input files use unchecked or unsafe operations.
[INFO] /tmp/icst-2019/september-2018/dataset/scifio_parent/src/main/java/io/scif/img/cell/SCIFIOCellImgCleaningProvider.java: Recompile with -Xlint:unchecked for details.
[INFO] 
[INFO] --- maven-resources-plugin:3.0.2:testResources (default-testResources) @ scifio ---
[INFO] Using 'UTF-8' encoding to copy filtered resources.
[INFO] Copying 2 resources
[INFO] 
[INFO] --- maven-compiler-plugin:3.6.0:testCompile (default-testCompile) @ scifio ---
[INFO] Compiling 72 source files to /tmp/icst-2019/september-2018/dataset/scifio_parent/target/test-classes
[INFO] /tmp/icst-2019/september-2018/dataset/scifio_parent/src/test/java/io/scif/img/cell/SCIFIOCellImgTest.java: Some input files use or override a deprecated API.
[INFO] /tmp/icst-2019/september-2018/dataset/scifio_parent/src/test/java/io/scif/img/cell/SCIFIOCellImgTest.java: Recompile with -Xlint:deprecation for details.
[INFO] /tmp/icst-2019/september-2018/dataset/scifio_parent/src/test/java/io/scif/io/TestParameters.java: /tmp/icst-2019/september-2018/dataset/scifio_parent/src/test/java/io/scif/io/TestParameters.java uses unchecked or unsafe operations.
[INFO] /tmp/icst-2019/september-2018/dataset/scifio_parent/src/test/java/io/scif/io/TestParameters.java: Recompile with -Xlint:unchecked for details.
[INFO] 
[INFO] --- maven-surefire-plugin:2.19.1:test (default-test) @ scifio ---
[INFO] Tests are skipped.
[INFO] 
[INFO] --- maven-dependency-plugin:3.0.0:build-classpath (default-cli) @ scifio ---
[INFO] Wrote classpath file '/tmp/icst-2019/september-2018/dataset/scifio_parent/target/dspot/classpath'.
[INFO] ------------------------------------------------------------------------
[INFO] BUILD SUCCESS
[INFO] ------------------------------------------------------------------------
[INFO] Total time: 13.087 s
[INFO] Finished at: 2018-09-22T15:02:28+02:00
[INFO] ------------------------------------------------------------------------
[INFO] run maven clean test -DskipTests dependency:build-classpath -Dmdep.outputFile=target/dspot/classpath
[WARN] Maven will be executed in interactive mode, but no input stream has been configured for this MavenInvoker instance.
[INFO] Scanning for projects...
[INFO] 
[INFO] ---------------------------< io.scif:scifio >---------------------------
[INFO] Building SCIFIO Core 0.34.0-SNAPSHOT
[INFO] --------------------------------[ jar ]---------------------------------
[INFO] 
[INFO] --- maven-clean-plugin:3.0.0:clean (default-clean) @ scifio ---
[INFO] Deleting /tmp/icst-2019/september-2018/dataset/scifio/target
[INFO] 
[INFO] --- maven-enforcer-plugin:1.4.1:enforce (enforce-rules) @ scifio ---
[INFO] Skipping Rule Enforcement.
[INFO] 
[INFO] --- build-helper-maven-plugin:1.12:regex-property (sanitize-version) @ scifio ---
[INFO] 
[INFO] --- buildnumber-maven-plugin:1.4:create (default) @ scifio ---
[INFO] Executing: /bin/sh -c cd '/tmp/icst-2019/september-2018/dataset/scifio' && 'git' 'rev-parse' '--verify' 'HEAD'
[INFO] Working directory: /tmp/icst-2019/september-2018/dataset/scifio
[INFO] Storing buildNumber: 81981bd0fc59c0dd3c3b04aca5e25d41a4413646 at timestamp: 1537621360046
[INFO] Storing buildScmBranch: master
[INFO] 
[INFO] --- scijava-maven-plugin:1.0.0:set-rootdir (set-rootdir) @ scifio ---
[INFO] Setting rootdir: /tmp/icst-2019/september-2018/dataset/scifio
[INFO] 
[INFO] --- maven-resources-plugin:3.0.2:resources (default-resources) @ scifio ---
[INFO] Using 'UTF-8' encoding to copy filtered resources.
[INFO] skip non existing resourceDirectory /tmp/icst-2019/september-2018/dataset/scifio/src/main/resources
[INFO] 
[INFO] --- maven-compiler-plugin:3.6.0:compile (default-compile) @ scifio ---
[INFO] Compiling 318 source files to /tmp/icst-2019/september-2018/dataset/scifio/target/classes
[INFO] /tmp/icst-2019/september-2018/dataset/scifio/src/main/java/io/scif/formats/qt/QTJavaService.java: Some input files use or override a deprecated API.
[INFO] /tmp/icst-2019/september-2018/dataset/scifio/src/main/java/io/scif/formats/qt/QTJavaService.java: Recompile with -Xlint:deprecation for details.
[INFO] /tmp/icst-2019/september-2018/dataset/scifio/src/main/java/io/scif/gui/ComboFileFilter.java: Some input files use unchecked or unsafe operations.
[INFO] /tmp/icst-2019/september-2018/dataset/scifio/src/main/java/io/scif/gui/ComboFileFilter.java: Recompile with -Xlint:unchecked for details.
[INFO] 
[INFO] --- maven-resources-plugin:3.0.2:testResources (default-testResources) @ scifio ---
[INFO] Using 'UTF-8' encoding to copy filtered resources.
[INFO] Copying 2 resources
[INFO] 
[INFO] --- maven-compiler-plugin:3.6.0:testCompile (default-testCompile) @ scifio ---
[INFO] Compiling 72 source files to /tmp/icst-2019/september-2018/dataset/scifio/target/test-classes
[INFO] /tmp/icst-2019/september-2018/dataset/scifio/src/test/java/io/scif/io/LocationTest.java: Some input files use or override a deprecated API.
[INFO] /tmp/icst-2019/september-2018/dataset/scifio/src/test/java/io/scif/io/LocationTest.java: Recompile with -Xlint:deprecation for details.
[INFO] /tmp/icst-2019/september-2018/dataset/scifio/src/test/java/io/scif/io/TestParameters.java: /tmp/icst-2019/september-2018/dataset/scifio/src/test/java/io/scif/io/TestParameters.java uses unchecked or unsafe operations.
[INFO] /tmp/icst-2019/september-2018/dataset/scifio/src/test/java/io/scif/io/TestParameters.java: Recompile with -Xlint:unchecked for details.
[INFO] 
[INFO] --- maven-surefire-plugin:2.19.1:test (default-test) @ scifio ---
[INFO] Tests are skipped.
[INFO] 
[INFO] --- maven-dependency-plugin:3.0.0:build-classpath (default-cli) @ scifio ---
[INFO] Wrote classpath file '/tmp/icst-2019/september-2018/dataset/scifio/target/dspot/classpath'.
[INFO] ------------------------------------------------------------------------
[INFO] BUILD SUCCESS
[INFO] ------------------------------------------------------------------------
[INFO] Total time: 13.002 s
[INFO] Finished at: 2018-09-22T15:02:50+02:00
[INFO] ------------------------------------------------------------------------
[INFO] Amplification of io.scif.img.ImgSaverTest (4 test(s))
[INFO] Assertion amplification of io.scif.img.ImgSaverTest (4 test(s))
[INFO] Run: java -classpath /tmp/icst-2019/september-2018/dataset/scifio_parent/target/test-classes:/tmp/icst-2019/september-2018/dataset/scifio_parent/target/classes/:/home/spirals/danglot/.m2/repository/io/scif/scifio-jai-imageio/1.1.1/scifio-jai-imageio-1.1.1.jar:/home/spirals/danglot/.m2/repository/net/imagej/imagej-common/0.24.4/imagej-common-0.24.4.jar:/home/spirals/danglot/.m2/repository/net/imglib2/imglib2-roi/0.4.6/imglib2-roi-0.4.6.jar:/home/spirals/danglot/.m2/repository/net/sf/trove4j/trove4j/3.0.3/trove4j-3.0.3.jar:/home/spirals/danglot/.m2/repository/edu/ucar/udunits/4.3.18/udunits-4.3.18.jar:/home/spirals/danglot/.m2/repository/net/imglib2/imglib2/4.2.1/imglib2-4.2.1.jar:/home/spirals/danglot/.m2/repository/org/scijava/scijava-common/2.65.0/scijava-common-2.65.0.jar:/home/spirals/danglot/.m2/repository/org/scijava/parsington/1.0.1/parsington-1.0.1.jar:/home/spirals/danglot/.m2/repository/com/googlecode/gentyref/gentyref/1.1.0/gentyref-1.1.0.jar:/home/spirals/danglot/.m2/repository/org/bushe/eventbus/1.4/eventbus-1.4.jar:/home/spirals/danglot/.m2/repository/org/mapdb/mapdb/1.0.3/mapdb-1.0.3.jar:/home/spirals/danglot/.m2/repository/junit/junit/4.12/junit-4.12.jar:/home/spirals/danglot/.m2/repository/org/hamcrest/hamcrest-core/1.3/hamcrest-core-1.3.jar:/tmp/icst-2019/september-2018/dataset/scifio_parent/target/dspot/dependencies/:/home/spirals/danglot/.m2/repository/eu/stamp-project/test-runner/1.1.0/test-runner-1.1.0-jar-with-dependencies.jar eu.stamp_project.testrunner.runner.test.TestRunner io.scif.img.ImgSaverTest testArrayPlaneSaving:testCellPlaneSaving:testImgPlusIntegrity:testPlanarPlaneSaving
File saved to the following path: /tmp/icst-2019/september-2018/dataset/scifio_parent/target/dspot/TestListener.ser
Loading /tmp/icst-2019/september-2018/dataset/scifio_parent/target/dspot/TestListener.ser
[INFO] Test has been run: initializationError(org.junit.runner.manipulation.Filter): No tests found matching Filter test methods according their simple name: [testArrayPlaneSaving, testCellPlaneSaving, testImgPlusIntegrity, testPlanarPlaneSaving] from org.junit.internal.requests.ClassRequest@68f7aae2
[INFO] 0 amplified test methods has been selected to be kept. (global: 0)
[INFO] elapsedTime 758
======= REPORT =======
0 amplified test fails on the new versions.

[INFO] ------------------------------------------------------------------------
[INFO] BUILD FAILURE
[INFO] ------------------------------------------------------------------------
[INFO] Total time: 43.441 s
[INFO] Finished at: 2018-09-22T15:02:51+02:00
[INFO] ------------------------------------------------------------------------
[ERROR] Failed to execute goal eu.stamp-project:dspot-maven:1.1.1-SNAPSHOT:amplify-unit-tests (default-cli) on project scifio: Execution default-cli of goal eu.stamp-project:dspot-maven:1.1.1-SNAPSHOT:amplify-unit-tests failed: java.lang.RuntimeException: java.lang.NullPointerException -> [Help 1]
[ERROR] 
[ERROR] To see the full stack trace of the errors, re-run Maven with the -e switch.
[ERROR] Re-run Maven using the -X switch to enable full debug logging.
[ERROR] 
[ERROR] For more information about the errors and possible solutions, please read the following articles:
[ERROR] [Help 1] http://cwiki.apache.org/confluence/display/MAVEN/PluginExecutionException
