[INFO] Scanning for projects...
[INFO] 
[INFO] -----------------------< commons-io:commons-io >------------------------
[INFO] Building Apache Commons IO 2.6-SNAPSHOT
[INFO] --------------------------------[ jar ]---------------------------------
[INFO] 
[INFO] --- dspot-maven:1.1.1-SNAPSHOT:amplify-unit-tests (default-cli) @ commons-io ---
Downloading from stamp-maven-repository-mvn-repo: https://stamp-project.github.io/stamp-maven-repository/eu/stamp-project/dspot/1.1.1-SNAPSHOT/maven-metadata.xml
Downloading from stamp-maven-repository-mvn-repo: https://stamp-project.github.io/stamp-maven-repository/fr/inria/gforge/spoon/spoon-core/7.1.0-SNAPSHOT/maven-metadata.xml
Downloading from stamp-maven-repository-mvn-repo: https://stamp-project.github.io/stamp-maven-repository/org/eclipse/platform/org.eclipse.core.resources/maven-metadata.xml
Downloading from stamp-maven-repository-mvn-repo: https://stamp-project.github.io/stamp-maven-repository/org/eclipse/platform/org.eclipse.core.expressions/maven-metadata.xml
Downloading from stamp-maven-repository-mvn-repo: https://stamp-project.github.io/stamp-maven-repository/org/eclipse/platform/org.eclipse.core.runtime/maven-metadata.xml
Downloading from stamp-maven-repository-mvn-repo: https://stamp-project.github.io/stamp-maven-repository/org/eclipse/platform/org.eclipse.osgi/maven-metadata.xml
Downloading from stamp-maven-repository-mvn-repo: https://stamp-project.github.io/stamp-maven-repository/org/eclipse/platform/org.eclipse.equinox.common/maven-metadata.xml
Downloading from stamp-maven-repository-mvn-repo: https://stamp-project.github.io/stamp-maven-repository/org/eclipse/platform/org.eclipse.core.jobs/maven-metadata.xml
Downloading from stamp-maven-repository-mvn-repo: https://stamp-project.github.io/stamp-maven-repository/org/eclipse/platform/org.eclipse.equinox.registry/maven-metadata.xml
Downloading from stamp-maven-repository-mvn-repo: https://stamp-project.github.io/stamp-maven-repository/org/eclipse/platform/org.eclipse.equinox.preferences/maven-metadata.xml
Downloading from stamp-maven-repository-mvn-repo: https://stamp-project.github.io/stamp-maven-repository/org/eclipse/platform/org.eclipse.core.contenttype/maven-metadata.xml
Downloading from stamp-maven-repository-mvn-repo: https://stamp-project.github.io/stamp-maven-repository/org/eclipse/platform/org.eclipse.equinox.app/maven-metadata.xml
Downloading from stamp-maven-repository-mvn-repo: https://stamp-project.github.io/stamp-maven-repository/org/eclipse/platform/org.eclipse.core.filesystem/maven-metadata.xml
Downloading from stamp-maven-repository-mvn-repo: https://stamp-project.github.io/stamp-maven-repository/org/eclipse/platform/org.eclipse.text/maven-metadata.xml
Downloading from stamp-maven-repository-mvn-repo: https://stamp-project.github.io/stamp-maven-repository/org/eclipse/platform/org.eclipse.core.commands/maven-metadata.xml
[INFO] Path to runner Classes: /home/spirals/danglot/.m2/repository/eu/stamp-project/test-runner/1.1.0/test-runner-1.1.0-jar-with-dependencies.jar
[INFO] /home/spirals/danglot/.m2/repository/org/jacoco/org.jacoco.core/0.7.9/org.jacoco.core-0.7.9.jar
[INFO] /home/spirals/danglot/.m2/repository/org/ow2/asm/asm-debug-all/5.2/asm-debug-all-5.2.jar
[INFO] /home/spirals/danglot/.m2/repository/eu/stamp-project/test-runner/1.1.0/test-runner-1.1.0-jar-with-dependencies.jar
[WARNING] automaticBuilderName: unknown automatic builder specified in configuration, going to default.
[INFO] Default: provided Maven automatic builder.
[INFO] run maven clean test -DskipTests dependency:build-classpath -Dmdep.outputFile=target/dspot/classpath
[WARN] Maven will be executed in interactive mode, but no input stream has been configured for this MavenInvoker instance.
[INFO] Scanning for projects...
Downloading from central: https://repo.maven.apache.org/maven2/org/apache/commons/commons-build-plugin/1.6/commons-build-plugin-1.6.pom
Progress (1): 2.2/7.4 kB
Progress (1): 5.0/7.4 kB
Progress (1): 7.4 kB    
                    
Downloaded from central: https://repo.maven.apache.org/maven2/org/apache/commons/commons-build-plugin/1.6/commons-build-plugin-1.6.pom (7.4 kB at 9.1 kB/s)
Downloading from central: https://repo.maven.apache.org/maven2/org/apache/commons/commons-build-plugin/1.6/commons-build-plugin-1.6.jar
Progress (1): 2.2/30 kB
Progress (1): 5.0/30 kB
Progress (1): 7.7/30 kB
Progress (1): 10/30 kB 
Progress (1): 13/30 kB
Progress (1): 16/30 kB
Progress (1): 19/30 kB
Progress (1): 21/30 kB
Progress (1): 24/30 kB
Progress (1): 27/30 kB
Progress (1): 30/30 kB
Progress (1): 30 kB   
                   
Downloaded from central: https://repo.maven.apache.org/maven2/org/apache/commons/commons-build-plugin/1.6/commons-build-plugin-1.6.jar (30 kB at 55 kB/s)
[INFO] 
[INFO] -----------------------< commons-io:commons-io >------------------------
[INFO] Building Apache Commons IO 2.6-SNAPSHOT
[INFO] --------------------------------[ jar ]---------------------------------
[INFO] 
[INFO] --- maven-clean-plugin:3.0.0:clean (default-clean) @ commons-io ---
[INFO] Deleting /tmp/icst-2019/september-2018/dataset/commons-io_parent/target
[INFO] 
[INFO] --- maven-enforcer-plugin:1.4.1:enforce (enforce-maven-3) @ commons-io ---
[INFO] Skipping Rule Enforcement.
[INFO] 
[INFO] --- build-helper-maven-plugin:1.10:parse-version (parse-version) @ commons-io ---
[INFO] 
[INFO] --- maven-antrun-plugin:1.8:run (javadoc.resources) @ commons-io ---
[INFO] Executing tasks

main:
     [copy] Copying 2 files to /tmp/icst-2019/september-2018/dataset/commons-io_parent/target/apidocs/META-INF
[INFO] Executed tasks
[INFO] 
[INFO] --- maven-remote-resources-plugin:1.5:process (process-resource-bundles) @ commons-io ---
[INFO] 
[INFO] --- buildnumber-maven-plugin:1.4:create (default) @ commons-io ---
[INFO] Executing: /bin/sh -c cd '/tmp/icst-2019/september-2018/dataset/commons-io_parent' && 'git' 'rev-parse' '--verify' 'HEAD'
[INFO] Working directory: /tmp/icst-2019/september-2018/dataset/commons-io_parent
[INFO] Storing buildNumber: c295a589777a35730c90b26f28f7cc938d4053e3 at timestamp: 1537772091383
[INFO] Storing buildScmBranch: master
[INFO] 
[INFO] --- maven-resources-plugin:2.7:resources (default-resources) @ commons-io ---
[INFO] Using 'iso-8859-1' encoding to copy filtered resources.
[INFO] skip non existing resourceDirectory /tmp/icst-2019/september-2018/dataset/commons-io_parent/src/main/resources
[INFO] Copying 2 resources to META-INF
[INFO] 
[INFO] --- maven-compiler-plugin:3.5.1:compile (default-compile) @ commons-io ---
[INFO] Changes detected - recompiling the module!
[INFO] Compiling 118 source files to /tmp/icst-2019/september-2018/dataset/commons-io_parent/target/classes
[INFO] /tmp/icst-2019/september-2018/dataset/commons-io_parent/src/main/java/org/apache/commons/io/FileSystemUtils.java: /tmp/icst-2019/september-2018/dataset/commons-io_parent/src/main/java/org/apache/commons/io/FileSystemUtils.java uses or overrides a deprecated API.
[INFO] /tmp/icst-2019/september-2018/dataset/commons-io_parent/src/main/java/org/apache/commons/io/FileSystemUtils.java: Recompile with -Xlint:deprecation for details.
[INFO] 
[INFO] --- maven-bundle-plugin:3.0.1:manifest (bundle-manifest) @ commons-io ---
[INFO] 
[INFO] --- animal-sniffer-maven-plugin:1.15:check (checkAPIcompatibility) @ commons-io ---
[INFO] Checking unresolved references to org.codehaus.mojo.signature:java17:1.0
[INFO] 
[INFO] --- maven-resources-plugin:2.7:testResources (default-testResources) @ commons-io ---
[INFO] Using 'iso-8859-1' encoding to copy filtered resources.
[INFO] Copying 20 resources
[INFO] Copying 2 resources to META-INF
[INFO] 
[INFO] --- maven-compiler-plugin:3.5.1:testCompile (default-testCompile) @ commons-io ---
[INFO] Changes detected - recompiling the module!
[INFO] Compiling 115 source files to /tmp/icst-2019/september-2018/dataset/commons-io_parent/target/test-classes
[INFO] /tmp/icst-2019/september-2018/dataset/commons-io_parent/src/test/java/org/apache/commons/io/LineIteratorTestCase.java: Some input files use or override a deprecated API.
[INFO] /tmp/icst-2019/september-2018/dataset/commons-io_parent/src/test/java/org/apache/commons/io/LineIteratorTestCase.java: Recompile with -Xlint:deprecation for details.
[INFO] 
[INFO] --- maven-surefire-plugin:2.19.1:test (default-test) @ commons-io ---
[INFO] Tests are skipped.
[INFO] 
[INFO] --- maven-dependency-plugin:2.10:build-classpath (default-cli) @ commons-io ---
[INFO] Wrote classpath file '/tmp/icst-2019/september-2018/dataset/commons-io_parent/target/dspot/classpath'.
[INFO] ------------------------------------------------------------------------
[INFO] BUILD SUCCESS
[INFO] ------------------------------------------------------------------------
[INFO] Total time: 11.959 s
[INFO] Finished at: 2018-09-24T08:54:58+02:00
[INFO] ------------------------------------------------------------------------
[INFO] run maven clean test -DskipTests dependency:build-classpath -Dmdep.outputFile=target/dspot/classpath
[WARN] Maven will be executed in interactive mode, but no input stream has been configured for this MavenInvoker instance.
[INFO] Scanning for projects...
[INFO] 
[INFO] -----------------------< commons-io:commons-io >------------------------
[INFO] Building Apache Commons IO 2.6-SNAPSHOT
[INFO] --------------------------------[ jar ]---------------------------------
[INFO] 
[INFO] --- maven-clean-plugin:3.0.0:clean (default-clean) @ commons-io ---
[INFO] Deleting /tmp/icst-2019/september-2018/dataset/commons-io/target
[INFO] 
[INFO] --- maven-enforcer-plugin:1.4.1:enforce (enforce-maven-3) @ commons-io ---
[INFO] Skipping Rule Enforcement.
[INFO] 
[INFO] --- build-helper-maven-plugin:1.10:parse-version (parse-version) @ commons-io ---
[INFO] 
[INFO] --- maven-antrun-plugin:1.8:run (javadoc.resources) @ commons-io ---
[INFO] Executing tasks

main:
     [copy] Copying 2 files to /tmp/icst-2019/september-2018/dataset/commons-io/target/apidocs/META-INF
[INFO] Executed tasks
[INFO] 
[INFO] --- maven-remote-resources-plugin:1.5:process (process-resource-bundles) @ commons-io ---
[INFO] 
[INFO] --- buildnumber-maven-plugin:1.4:create (default) @ commons-io ---
[INFO] Executing: /bin/sh -c cd '/tmp/icst-2019/september-2018/dataset/commons-io' && 'git' 'rev-parse' '--verify' 'HEAD'
[INFO] Working directory: /tmp/icst-2019/september-2018/dataset/commons-io
[INFO] Storing buildNumber: f00d97a6cea0a08c8112ffb8bd0b6847373899ae at timestamp: 1537772108435
[INFO] Storing buildScmBranch: master
[INFO] 
[INFO] --- maven-resources-plugin:2.7:resources (default-resources) @ commons-io ---
[INFO] Using 'iso-8859-1' encoding to copy filtered resources.
[INFO] skip non existing resourceDirectory /tmp/icst-2019/september-2018/dataset/commons-io/src/main/resources
[INFO] Copying 2 resources to META-INF
[INFO] 
[INFO] --- maven-compiler-plugin:3.6.0:compile (default-compile) @ commons-io ---
[INFO] Changes detected - recompiling the module!
[INFO] Compiling 118 source files to /tmp/icst-2019/september-2018/dataset/commons-io/target/classes
[INFO] /tmp/icst-2019/september-2018/dataset/commons-io/src/main/java/org/apache/commons/io/FileSystemUtils.java: /tmp/icst-2019/september-2018/dataset/commons-io/src/main/java/org/apache/commons/io/FileSystemUtils.java uses or overrides a deprecated API.
[INFO] /tmp/icst-2019/september-2018/dataset/commons-io/src/main/java/org/apache/commons/io/FileSystemUtils.java: Recompile with -Xlint:deprecation for details.
[INFO] 
[INFO] --- maven-bundle-plugin:3.0.1:manifest (bundle-manifest) @ commons-io ---
[INFO] 
[INFO] --- animal-sniffer-maven-plugin:1.15:check (checkAPIcompatibility) @ commons-io ---
[INFO] Checking unresolved references to org.codehaus.mojo.signature:java17:1.0
[INFO] 
[INFO] --- maven-resources-plugin:2.7:testResources (default-testResources) @ commons-io ---
[INFO] Using 'iso-8859-1' encoding to copy filtered resources.
[INFO] Copying 20 resources
[INFO] Copying 2 resources to META-INF
[INFO] 
[INFO] --- maven-compiler-plugin:3.6.0:testCompile (default-testCompile) @ commons-io ---
[INFO] Changes detected - recompiling the module!
[INFO] Compiling 115 source files to /tmp/icst-2019/september-2018/dataset/commons-io/target/test-classes
[INFO] /tmp/icst-2019/september-2018/dataset/commons-io/src/test/java/org/apache/commons/io/output/FileWriterWithEncodingTest.java: Some input files use or override a deprecated API.
[INFO] /tmp/icst-2019/september-2018/dataset/commons-io/src/test/java/org/apache/commons/io/output/FileWriterWithEncodingTest.java: Recompile with -Xlint:deprecation for details.
[INFO] 
[INFO] --- maven-surefire-plugin:2.19.1:test (default-test) @ commons-io ---
[INFO] Tests are skipped.
[INFO] 
[INFO] --- maven-dependency-plugin:2.10:build-classpath (default-cli) @ commons-io ---
[INFO] Wrote classpath file '/tmp/icst-2019/september-2018/dataset/commons-io/target/dspot/classpath'.
[INFO] ------------------------------------------------------------------------
[INFO] BUILD SUCCESS
[INFO] ------------------------------------------------------------------------
[INFO] Total time: 10.418 s
[INFO] Finished at: 2018-09-24T08:55:16+02:00
[INFO] ------------------------------------------------------------------------
[INFO] Amplification of org.apache.commons.io.IOUtilsTestCase (2 test(s))
[INFO] Assertion amplification of org.apache.commons.io.IOUtilsTestCase (2 test(s))
[INFO] Run: java -classpath /tmp/icst-2019/september-2018/dataset/commons-io_parent/target/test-classes:/tmp/icst-2019/september-2018/dataset/commons-io_parent/target/classes/:/home/spirals/danglot/.m2/repository/junit/junit/4.12/junit-4.12.jar:/home/spirals/danglot/.m2/repository/org/hamcrest/hamcrest-core/1.3/hamcrest-core-1.3.jar:/tmp/icst-2019/september-2018/dataset/commons-io_parent/target/dspot/dependencies/:/home/spirals/danglot/.m2/repository/eu/stamp-project/test-runner/1.1.0/test-runner-1.1.0-jar-with-dependencies.jar eu.stamp_project.testrunner.runner.test.TestRunner org.apache.commons.io.IOUtilsTestCase testToByteArray_InputStream_Size:testToByteArray_InputStream_SizeIllegal
File saved to the following path: /tmp/icst-2019/september-2018/dataset/commons-io_parent/target/dspot/TestListener.ser
Loading /tmp/icst-2019/september-2018/dataset/commons-io_parent/target/dspot/TestListener.ser
[INFO] Test has been run: testToByteArray_InputStream_Size,testToByteArray_InputStream_SizeIllegal
[INFO] Run tests. (2)
[INFO] Run: java -classpath /tmp/icst-2019/september-2018/dataset/commons-io_parent/target/test-classes:/tmp/icst-2019/september-2018/dataset/commons-io_parent/target/classes/:/home/spirals/danglot/.m2/repository/junit/junit/4.12/junit-4.12.jar:/home/spirals/danglot/.m2/repository/org/hamcrest/hamcrest-core/1.3/hamcrest-core-1.3.jar:/tmp/icst-2019/september-2018/dataset/commons-io_parent/target/dspot/dependencies/:/home/spirals/danglot/.m2/repository/eu/stamp-project/test-runner/1.1.0/test-runner-1.1.0-jar-with-dependencies.jar eu.stamp_project.testrunner.runner.test.TestRunner org.apache.commons.io.IOUtilsTestCase testToByteArray_InputStream_Size:testToByteArray_InputStream_SizeIllegal
File saved to the following path: /tmp/icst-2019/september-2018/dataset/commons-io_parent/target/dspot/TestListener.ser
Loading /tmp/icst-2019/september-2018/dataset/commons-io_parent/target/dspot/TestListener.ser
[INFO] Test has been run: testToByteArray_InputStream_Size,testToByteArray_InputStream_SizeIllegal
[INFO] 2 test pass, generating assertion...
[INFO] Add observations points in passing tests.
[INFO] Instrumentation...
 50% |========================= ]/100% |================================================== ]-
[INFO] Run instrumented tests. (6)
[INFO] Run: java -classpath /tmp/icst-2019/september-2018/dataset/commons-io_parent/target/test-classes:/tmp/icst-2019/september-2018/dataset/commons-io_parent/target/classes/:/home/spirals/danglot/.m2/repository/junit/junit/4.12/junit-4.12.jar:/home/spirals/danglot/.m2/repository/org/hamcrest/hamcrest-core/1.3/hamcrest-core-1.3.jar:/tmp/icst-2019/september-2018/dataset/commons-io_parent/target/dspot/dependencies/:/home/spirals/danglot/.m2/repository/eu/stamp-project/test-runner/1.1.0/test-runner-1.1.0-jar-with-dependencies.jar eu.stamp_project.testrunner.runner.test.TestRunner org.apache.commons.io.IOUtilsTestCase testToByteArray_InputStream_Size_withlog0:testToByteArray_InputStream_SizeIllegal_withlog0:testToByteArray_InputStream_Size_withlog1:testToByteArray_InputStream_SizeIllegal_withlog1:testToByteArray_InputStream_Size_withlog2:testToByteArray_InputStream_SizeIllegal_withlog2
File saved to the following path: /tmp/icst-2019/september-2018/dataset/commons-io_parent/target/dspot/observations.ser
File saved to the following path: /tmp/icst-2019/september-2018/dataset/commons-io_parent/target/dspot/TestListener.ser
Loading /tmp/icst-2019/september-2018/dataset/commons-io_parent/target/dspot/TestListener.ser
[INFO] Test has been run: testToByteArray_InputStream_Size_withlog0,testToByteArray_InputStream_Size_withlog1,testToByteArray_InputStream_Size_withlog2,testToByteArray_InputStream_SizeIllegal_withlog0,testToByteArray_InputStream_SizeIllegal_withlog1,testToByteArray_InputStream_SizeIllegal_withlog2
[INFO] Generating assertions...
[INFO] 2 new tests with assertions generated
[INFO] Run: java -classpath /tmp/icst-2019/september-2018/dataset/commons-io_parent/target/test-classes:/tmp/icst-2019/september-2018/dataset/commons-io_parent/target/classes/:/home/spirals/danglot/.m2/repository/junit/junit/4.12/junit-4.12.jar:/home/spirals/danglot/.m2/repository/org/hamcrest/hamcrest-core/1.3/hamcrest-core-1.3.jar:/tmp/icst-2019/september-2018/dataset/commons-io_parent/target/dspot/dependencies/:/home/spirals/danglot/.m2/repository/eu/stamp-project/test-runner/1.1.0/test-runner-1.1.0-jar-with-dependencies.jar eu.stamp_project.testrunner.runner.test.TestRunner org.apache.commons.io.IOUtilsTestCase testToByteArray_InputStream_Size:testToByteArray_InputStream_SizeIllegal
File saved to the following path: /tmp/icst-2019/september-2018/dataset/commons-io_parent/target/dspot/TestListener.ser
Loading /tmp/icst-2019/september-2018/dataset/commons-io_parent/target/dspot/TestListener.ser
[INFO] Test has been run: testToByteArray_InputStream_Size,testToByteArray_InputStream_SizeIllegal
[INFO] Assertion amplification: 2 test method(s) has been successfully amplified.
[WARN] 2018-09-24 08:55:22 Launcher - You specified the directory /tmp/icst-2019/september-2018/dataset/commons-io/target/classes in source classpath, please note that only class files will be considered. Jars and subdirectories will be ignored.
[WARN] 2018-09-24 08:55:22 Launcher - You specified the directory /tmp/icst-2019/september-2018/dataset/commons-io/target/test-classes in source classpath, please note that only class files will be considered. Jars and subdirectories will be ignored.
[WARN] 2018-09-24 08:55:22 Launcher - You specified the directory /tmp/icst-2019/september-2018/dataset/commons-io/target/dspot/dependencies in source classpath, please note that only class files will be considered. Jars and subdirectories will be ignored.
[INFO] Run: java -classpath /tmp/icst-2019/september-2018/dataset/commons-io/target/classes/:/tmp/icst-2019/september-2018/dataset/commons-io/target/test-classes/:/home/spirals/danglot/.m2/repository/junit/junit/4.12/junit-4.12.jar:/home/spirals/danglot/.m2/repository/org/hamcrest/hamcrest-core/1.3/hamcrest-core-1.3.jar:/tmp/icst-2019/september-2018/dataset/commons-io/target/dspot/dependencies/:/home/spirals/danglot/.m2/repository/eu/stamp-project/test-runner/1.1.0/test-runner-1.1.0-jar-with-dependencies.jar eu.stamp_project.testrunner.runner.test.TestRunner org.apache.commons.io.IOUtilsTestCase testToByteArray_InputStream_Size:testToByteArray_InputStream_SizeIllegal
File saved to the following path: /tmp/icst-2019/september-2018/dataset/commons-io_parent/target/dspot/TestListener.ser
Loading /tmp/icst-2019/september-2018/dataset/commons-io_parent/target/dspot/TestListener.ser
[INFO] Test has been run: testToByteArray_InputStream_Size(org.apache.commons.io.IOUtilsTestCase): null,testToByteArray_InputStream_SizeIllegal(org.apache.commons.io.IOUtilsTestCase): null
[INFO] 2 amplified test methods has been selected to be kept. (global: 2)
[INFO] elapsedTime 6656
======= REPORT =======
2 amplified test fails on the new versions.
testToByteArray_InputStream_SizeIllegal(org.apache.commons.io.IOUtilsTestCase): null
testToByteArray_InputStream_Size(org.apache.commons.io.IOUtilsTestCase): null

[INFO] Print AmplIOUtilsTestCase with 2?amplified test cases in /tmp/icst-2019/september-2018/result/commons-io/commit_3_f00d97a/assert_amplification
[INFO] Amplification succeed.
[INFO] Elapsed time 7049 ms
[INFO] ------------------------------------------------------------------------
[INFO] BUILD SUCCESS
[INFO] ------------------------------------------------------------------------
[INFO] Total time: 42.840 s
[INFO] Finished at: 2018-09-24T08:55:23+02:00
[INFO] ------------------------------------------------------------------------
