[INFO] Scanning for projects...
[INFO] 
[INFO] -----------------------< commons-io:commons-io >------------------------
[INFO] Building Apache Commons IO 2.5-SNAPSHOT
[INFO] --------------------------------[ jar ]---------------------------------
[INFO] 
[INFO] --- dspot-maven:1.1.1-SNAPSHOT:amplify-unit-tests (default-cli) @ commons-io ---
Downloading from stamp-maven-repository-mvn-repo: https://stamp-project.github.io/stamp-maven-repository/eu/stamp-project/dspot/1.1.1-SNAPSHOT/maven-metadata.xml
Downloading from stamp-maven-repository-mvn-repo: https://stamp-project.github.io/stamp-maven-repository/fr/inria/gforge/spoon/spoon-core/7.1.0-SNAPSHOT/maven-metadata.xml
Downloading from stamp-maven-repository-mvn-repo: https://stamp-project.github.io/stamp-maven-repository/org/eclipse/platform/org.eclipse.core.resources/maven-metadata.xml
Downloading from stamp-maven-repository-mvn-repo: https://stamp-project.github.io/stamp-maven-repository/org/eclipse/platform/org.eclipse.core.expressions/maven-metadata.xml
Downloading from stamp-maven-repository-mvn-repo: https://stamp-project.github.io/stamp-maven-repository/org/eclipse/platform/org.eclipse.core.runtime/maven-metadata.xml
Downloading from stamp-maven-repository-mvn-repo: https://stamp-project.github.io/stamp-maven-repository/org/eclipse/platform/org.eclipse.osgi/maven-metadata.xml
Downloading from stamp-maven-repository-mvn-repo: https://stamp-project.github.io/stamp-maven-repository/org/eclipse/platform/org.eclipse.equinox.common/maven-metadata.xml
Downloading from stamp-maven-repository-mvn-repo: https://stamp-project.github.io/stamp-maven-repository/org/eclipse/platform/org.eclipse.core.jobs/maven-metadata.xml
Downloading from stamp-maven-repository-mvn-repo: https://stamp-project.github.io/stamp-maven-repository/org/eclipse/platform/org.eclipse.equinox.registry/maven-metadata.xml
Downloading from stamp-maven-repository-mvn-repo: https://stamp-project.github.io/stamp-maven-repository/org/eclipse/platform/org.eclipse.equinox.preferences/maven-metadata.xml
Downloading from stamp-maven-repository-mvn-repo: https://stamp-project.github.io/stamp-maven-repository/org/eclipse/platform/org.eclipse.core.contenttype/maven-metadata.xml
Downloading from stamp-maven-repository-mvn-repo: https://stamp-project.github.io/stamp-maven-repository/org/eclipse/platform/org.eclipse.equinox.app/maven-metadata.xml
Downloading from stamp-maven-repository-mvn-repo: https://stamp-project.github.io/stamp-maven-repository/org/eclipse/platform/org.eclipse.core.filesystem/maven-metadata.xml
Downloading from stamp-maven-repository-mvn-repo: https://stamp-project.github.io/stamp-maven-repository/org/eclipse/platform/org.eclipse.text/maven-metadata.xml
Downloading from stamp-maven-repository-mvn-repo: https://stamp-project.github.io/stamp-maven-repository/org/eclipse/platform/org.eclipse.core.commands/maven-metadata.xml
[INFO] Path to runner Classes: /home/spirals/danglot/.m2/repository/eu/stamp-project/test-runner/1.1.0/test-runner-1.1.0-jar-with-dependencies.jar
[INFO] /home/spirals/danglot/.m2/repository/org/jacoco/org.jacoco.core/0.7.9/org.jacoco.core-0.7.9.jar
[INFO] /home/spirals/danglot/.m2/repository/org/ow2/asm/asm-debug-all/5.2/asm-debug-all-5.2.jar
[INFO] /home/spirals/danglot/.m2/repository/eu/stamp-project/test-runner/1.1.0/test-runner-1.1.0-jar-with-dependencies.jar
[WARNING] automaticBuilderName: unknown automatic builder specified in configuration, going to default.
[INFO] Default: provided Maven automatic builder.
[INFO] run maven clean test -DskipTests dependency:build-classpath -Dmdep.outputFile=target/dspot/classpath
[WARN] Maven will be executed in interactive mode, but no input stream has been configured for this MavenInvoker instance.
[INFO] Scanning for projects...
[INFO] 
[INFO] -----------------------< commons-io:commons-io >------------------------
[INFO] Building Apache Commons IO 2.5-SNAPSHOT
[INFO] --------------------------------[ jar ]---------------------------------
[INFO] 
[INFO] --- maven-clean-plugin:2.5:clean (default-clean) @ commons-io ---
[INFO] Deleting /tmp/icst-2019/september-2018/dataset/commons-io_parent/target
[INFO] 
[INFO] --- maven-enforcer-plugin:1.3.1:enforce (enforce-maven-3) @ commons-io ---
[INFO] Skipping Rule Enforcement.
[INFO] 
[INFO] --- maven-antrun-plugin:1.7:run (javadoc.resources) @ commons-io ---
[INFO] Executing tasks

main:
     [copy] Copying 2 files to /tmp/icst-2019/september-2018/dataset/commons-io_parent/target/apidocs/META-INF
[INFO] Executed tasks
[INFO] 
[INFO] --- maven-remote-resources-plugin:1.5:process (default) @ commons-io ---
[INFO] 
[INFO] --- buildnumber-maven-plugin:1.2:create (default) @ commons-io ---
[INFO] Checking for local modifications: skipped.
[INFO] Updating project files from SCM: skipped.
[INFO] Executing: /bin/sh -c cd /tmp/icst-2019/september-2018/dataset/commons-io_parent && svn --non-interactive info
[INFO] Working directory: /tmp/icst-2019/september-2018/dataset/commons-io_parent
[INFO] Storing buildNumber: ?????? at timestamp: 1537772762223
[INFO] Executing: /bin/sh -c cd /tmp/icst-2019/september-2018/dataset/commons-io_parent && svn --non-interactive info
[INFO] Working directory: /tmp/icst-2019/september-2018/dataset/commons-io_parent
[INFO] Storing buildScmBranch: UNKNOWN_BRANCH
[INFO] 
[INFO] --- maven-resources-plugin:2.6:resources (default-resources) @ commons-io ---
[INFO] Using 'iso-8859-1' encoding to copy filtered resources.
[INFO] skip non existing resourceDirectory /tmp/icst-2019/september-2018/dataset/commons-io_parent/src/main/resources
[INFO] Copying 2 resources to META-INF
[INFO] 
[INFO] --- maven-compiler-plugin:3.1:compile (default-compile) @ commons-io ---
[INFO] Changes detected - recompiling the module!
[INFO] Compiling 108 source files to /tmp/icst-2019/september-2018/dataset/commons-io_parent/target/classes
[INFO] 
[INFO] --- maven-bundle-plugin:2.4.0:manifest (bundle-manifest) @ commons-io ---
[INFO] 
[INFO] --- maven-resources-plugin:2.6:testResources (default-testResources) @ commons-io ---
[INFO] Using 'iso-8859-1' encoding to copy filtered resources.
[INFO] Copying 15 resources
[INFO] Copying 2 resources to META-INF
[INFO] 
[INFO] --- maven-compiler-plugin:3.1:testCompile (default-testCompile) @ commons-io ---
[INFO] Changes detected - recompiling the module!
[INFO] Compiling 98 source files to /tmp/icst-2019/september-2018/dataset/commons-io_parent/target/test-classes
[INFO] 
[INFO] --- maven-surefire-plugin:2.17:test (default-test) @ commons-io ---
[INFO] Tests are skipped.
[INFO] 
[INFO] --- maven-dependency-plugin:2.8:build-classpath (default-cli) @ commons-io ---
[INFO] Wrote classpath file '/tmp/icst-2019/september-2018/dataset/commons-io_parent/target/dspot/classpath'.
[INFO] ------------------------------------------------------------------------
[INFO] BUILD SUCCESS
[INFO] ------------------------------------------------------------------------
[INFO] Total time: 8.417 s
[INFO] Finished at: 2018-09-24T09:06:08+02:00
[INFO] ------------------------------------------------------------------------
[INFO] run maven clean test -DskipTests dependency:build-classpath -Dmdep.outputFile=target/dspot/classpath
[WARN] Maven will be executed in interactive mode, but no input stream has been configured for this MavenInvoker instance.
[INFO] Scanning for projects...
[INFO] 
[INFO] -----------------------< commons-io:commons-io >------------------------
[INFO] Building Apache Commons IO 2.5-SNAPSHOT
[INFO] --------------------------------[ jar ]---------------------------------
[INFO] 
[INFO] --- maven-clean-plugin:2.5:clean (default-clean) @ commons-io ---
[INFO] Deleting /tmp/icst-2019/september-2018/dataset/commons-io/target
[INFO] 
[INFO] --- maven-enforcer-plugin:1.3.1:enforce (enforce-maven-3) @ commons-io ---
[INFO] Skipping Rule Enforcement.
[INFO] 
[INFO] --- maven-antrun-plugin:1.7:run (javadoc.resources) @ commons-io ---
[INFO] Executing tasks

main:
     [copy] Copying 2 files to /tmp/icst-2019/september-2018/dataset/commons-io/target/apidocs/META-INF
[INFO] Executed tasks
[INFO] 
[INFO] --- maven-remote-resources-plugin:1.5:process (default) @ commons-io ---
[INFO] 
[INFO] --- buildnumber-maven-plugin:1.2:create (default) @ commons-io ---
[INFO] Checking for local modifications: skipped.
[INFO] Updating project files from SCM: skipped.
[INFO] Executing: /bin/sh -c cd /tmp/icst-2019/september-2018/dataset/commons-io && svn --non-interactive info
[INFO] Working directory: /tmp/icst-2019/september-2018/dataset/commons-io
[INFO] Storing buildNumber: ?????? at timestamp: 1537772776919
[INFO] Executing: /bin/sh -c cd /tmp/icst-2019/september-2018/dataset/commons-io && svn --non-interactive info
[INFO] Working directory: /tmp/icst-2019/september-2018/dataset/commons-io
[INFO] Storing buildScmBranch: UNKNOWN_BRANCH
[INFO] 
[INFO] --- maven-resources-plugin:2.6:resources (default-resources) @ commons-io ---
[INFO] Using 'iso-8859-1' encoding to copy filtered resources.
[INFO] skip non existing resourceDirectory /tmp/icst-2019/september-2018/dataset/commons-io/src/main/resources
[INFO] Copying 2 resources to META-INF
[INFO] 
[INFO] --- maven-compiler-plugin:3.1:compile (default-compile) @ commons-io ---
[INFO] Changes detected - recompiling the module!
[INFO] Compiling 108 source files to /tmp/icst-2019/september-2018/dataset/commons-io/target/classes
[INFO] 
[INFO] --- maven-bundle-plugin:2.4.0:manifest (bundle-manifest) @ commons-io ---
[INFO] 
[INFO] --- maven-resources-plugin:2.6:testResources (default-testResources) @ commons-io ---
[INFO] Using 'iso-8859-1' encoding to copy filtered resources.
[INFO] Copying 15 resources
[INFO] Copying 2 resources to META-INF
[INFO] 
[INFO] --- maven-compiler-plugin:3.1:testCompile (default-testCompile) @ commons-io ---
[INFO] Changes detected - recompiling the module!
[INFO] Compiling 98 source files to /tmp/icst-2019/september-2018/dataset/commons-io/target/test-classes
[INFO] 
[INFO] --- maven-surefire-plugin:2.17:test (default-test) @ commons-io ---
[INFO] Tests are skipped.
[INFO] 
[INFO] --- maven-dependency-plugin:2.8:build-classpath (default-cli) @ commons-io ---
[INFO] Wrote classpath file '/tmp/icst-2019/september-2018/dataset/commons-io/target/dspot/classpath'.
[INFO] ------------------------------------------------------------------------
[INFO] BUILD SUCCESS
[INFO] ------------------------------------------------------------------------
[INFO] Total time: 8.379 s
[INFO] Finished at: 2018-09-24T09:06:22+02:00
[INFO] ------------------------------------------------------------------------
[INFO] Amplification of org.apache.commons.io.input.UnixLineEndingInputStreamTest (6 test(s))
[INFO] Assertion amplification of org.apache.commons.io.input.UnixLineEndingInputStreamTest (6 test(s))
[INFO] Run: java -classpath /tmp/icst-2019/september-2018/dataset/commons-io_parent/target/test-classes:/tmp/icst-2019/september-2018/dataset/commons-io_parent/target/classes/:/home/spirals/danglot/.m2/repository/junit/junit/4.12/junit-4.12.jar:/home/spirals/danglot/.m2/repository/org/hamcrest/hamcrest-core/1.3/hamcrest-core-1.3.jar:/tmp/icst-2019/september-2018/dataset/commons-io_parent/target/dspot/dependencies/:/home/spirals/danglot/.m2/repository/eu/stamp-project/test-runner/1.1.0/test-runner-1.1.0-jar-with-dependencies.jar eu.stamp_project.testrunner.runner.test.TestRunner org.apache.commons.io.input.UnixLineEndingInputStreamTest inTheMiddleOfTheLine:retainLineFeed:multipleBlankLines:twoLinesAtEnd:malformed:simpleString
File saved to the following path: /tmp/icst-2019/september-2018/dataset/commons-io_parent/target/dspot/TestListener.ser
Loading /tmp/icst-2019/september-2018/dataset/commons-io_parent/target/dspot/TestListener.ser
[INFO] Test has been run: malformed,simpleString,multipleBlankLines,retainLineFeed,twoLinesAtEnd,inTheMiddleOfTheLine
[INFO] Run tests. (6)
[INFO] Run: java -classpath /tmp/icst-2019/september-2018/dataset/commons-io_parent/target/test-classes:/tmp/icst-2019/september-2018/dataset/commons-io_parent/target/classes/:/home/spirals/danglot/.m2/repository/junit/junit/4.12/junit-4.12.jar:/home/spirals/danglot/.m2/repository/org/hamcrest/hamcrest-core/1.3/hamcrest-core-1.3.jar:/tmp/icst-2019/september-2018/dataset/commons-io_parent/target/dspot/dependencies/:/home/spirals/danglot/.m2/repository/eu/stamp-project/test-runner/1.1.0/test-runner-1.1.0-jar-with-dependencies.jar eu.stamp_project.testrunner.runner.test.TestRunner org.apache.commons.io.input.UnixLineEndingInputStreamTest inTheMiddleOfTheLine:retainLineFeed:multipleBlankLines:twoLinesAtEnd:malformed:simpleString
File saved to the following path: /tmp/icst-2019/september-2018/dataset/commons-io_parent/target/dspot/TestListener.ser
Loading /tmp/icst-2019/september-2018/dataset/commons-io_parent/target/dspot/TestListener.ser
[INFO] Test has been run: malformed,simpleString,multipleBlankLines,retainLineFeed,twoLinesAtEnd,inTheMiddleOfTheLine
[INFO] 6 test pass, generating assertion...
[INFO] Add observations points in passing tests.
[INFO] Instrumentation...
 16% |======== ]/ 33% |================ ]- 50% |========================= ]\ 66% |================================= ]| 83% |========================================= ]/100% |================================================== ]-
[INFO] Run instrumented tests. (18)
[INFO] Run: java -classpath /tmp/icst-2019/september-2018/dataset/commons-io_parent/target/test-classes:/tmp/icst-2019/september-2018/dataset/commons-io_parent/target/classes/:/home/spirals/danglot/.m2/repository/junit/junit/4.12/junit-4.12.jar:/home/spirals/danglot/.m2/repository/org/hamcrest/hamcrest-core/1.3/hamcrest-core-1.3.jar:/tmp/icst-2019/september-2018/dataset/commons-io_parent/target/dspot/dependencies/:/home/spirals/danglot/.m2/repository/eu/stamp-project/test-runner/1.1.0/test-runner-1.1.0-jar-with-dependencies.jar eu.stamp_project.testrunner.runner.test.TestRunner org.apache.commons.io.input.UnixLineEndingInputStreamTest inTheMiddleOfTheLine_withlog0:retainLineFeed_withlog0:multipleBlankLines_withlog0:twoLinesAtEnd_withlog0:malformed_withlog0:simpleString_withlog0:inTheMiddleOfTheLine_withlog1:retainLineFeed_withlog1:multipleBlankLines_withlog1:twoLinesAtEnd_withlog1:malformed_withlog1:simpleString_withlog1:inTheMiddleOfTheLine_withlog2:retainLineFeed_withlog2:multipleBlankLines_withlog2:twoLinesAtEnd_withlog2:malformed_withlog2:simpleString_withlog2
File saved to the following path: /tmp/icst-2019/september-2018/dataset/commons-io_parent/target/dspot/observations.ser
File saved to the following path: /tmp/icst-2019/september-2018/dataset/commons-io_parent/target/dspot/TestListener.ser
Loading /tmp/icst-2019/september-2018/dataset/commons-io_parent/target/dspot/TestListener.ser
[INFO] Test has been run: malformed_withlog0,malformed_withlog1,malformed_withlog2,twoLinesAtEnd_withlog0,twoLinesAtEnd_withlog1,twoLinesAtEnd_withlog2,multipleBlankLines_withlog0,multipleBlankLines_withlog1,multipleBlankLines_withlog2,retainLineFeed_withlog0,retainLineFeed_withlog1,retainLineFeed_withlog2,simpleString_withlog0,simpleString_withlog1,simpleString_withlog2,inTheMiddleOfTheLine_withlog0,inTheMiddleOfTheLine_withlog1,inTheMiddleOfTheLine_withlog2
[INFO] Generating assertions...
[INFO] 6 new tests with assertions generated
[INFO] Run: java -classpath /tmp/icst-2019/september-2018/dataset/commons-io_parent/target/test-classes:/tmp/icst-2019/september-2018/dataset/commons-io_parent/target/classes/:/home/spirals/danglot/.m2/repository/junit/junit/4.12/junit-4.12.jar:/home/spirals/danglot/.m2/repository/org/hamcrest/hamcrest-core/1.3/hamcrest-core-1.3.jar:/tmp/icst-2019/september-2018/dataset/commons-io_parent/target/dspot/dependencies/:/home/spirals/danglot/.m2/repository/eu/stamp-project/test-runner/1.1.0/test-runner-1.1.0-jar-with-dependencies.jar eu.stamp_project.testrunner.runner.test.TestRunner org.apache.commons.io.input.UnixLineEndingInputStreamTest inTheMiddleOfTheLine:retainLineFeed:multipleBlankLines:twoLinesAtEnd:malformed:simpleString
File saved to the following path: /tmp/icst-2019/september-2018/dataset/commons-io_parent/target/dspot/TestListener.ser
Loading /tmp/icst-2019/september-2018/dataset/commons-io_parent/target/dspot/TestListener.ser
[INFO] Test has been run: malformed,simpleString,multipleBlankLines,retainLineFeed,twoLinesAtEnd,inTheMiddleOfTheLine
[INFO] Assertion amplification: 6 test method(s) has been successfully amplified.
[WARN] 2018-09-24 09:06:25 Launcher - You specified the directory /tmp/icst-2019/september-2018/dataset/commons-io/target/classes in source classpath, please note that only class files will be considered. Jars and subdirectories will be ignored.
[WARN] 2018-09-24 09:06:25 Launcher - You specified the directory /tmp/icst-2019/september-2018/dataset/commons-io/target/test-classes in source classpath, please note that only class files will be considered. Jars and subdirectories will be ignored.
[WARN] 2018-09-24 09:06:25 Launcher - You specified the directory /tmp/icst-2019/september-2018/dataset/commons-io/target/dspot/dependencies in source classpath, please note that only class files will be considered. Jars and subdirectories will be ignored.
[INFO] Run: java -classpath /tmp/icst-2019/september-2018/dataset/commons-io/target/classes/:/tmp/icst-2019/september-2018/dataset/commons-io/target/test-classes/:/home/spirals/danglot/.m2/repository/junit/junit/4.12/junit-4.12.jar:/home/spirals/danglot/.m2/repository/org/hamcrest/hamcrest-core/1.3/hamcrest-core-1.3.jar:/tmp/icst-2019/september-2018/dataset/commons-io/target/dspot/dependencies/:/home/spirals/danglot/.m2/repository/eu/stamp-project/test-runner/1.1.0/test-runner-1.1.0-jar-with-dependencies.jar eu.stamp_project.testrunner.runner.test.TestRunner org.apache.commons.io.input.UnixLineEndingInputStreamTest inTheMiddleOfTheLine:retainLineFeed:multipleBlankLines:twoLinesAtEnd:malformed:simpleString
File saved to the following path: /tmp/icst-2019/september-2018/dataset/commons-io_parent/target/dspot/TestListener.ser
Loading /tmp/icst-2019/september-2018/dataset/commons-io_parent/target/dspot/TestListener.ser
[INFO] Test has been run: simpleString,multipleBlankLines,retainLineFeed,twoLinesAtEnd,inTheMiddleOfTheLine,malformed(org.apache.commons.io.input.UnixLineEndingInputStreamTest): expected:<a[]bc> but was:<a[
]bc>
[INFO] 1 amplified test methods has been selected to be kept. (global: 1)
[INFO] elapsedTime 2732
======= REPORT =======
1 amplified test fails on the new versions.
malformed(org.apache.commons.io.input.UnixLineEndingInputStreamTest): expected:<a[]bc> but was:<a[
]bc>

[INFO] Print AmplUnixLineEndingInputStreamTest with 1?amplified test cases in /tmp/icst-2019/september-2018/result/commons-io/commit_17_071dbe7/assert_amplification
[INFO] Amplification succeed.
[INFO] Elapsed time 2887 ms
[INFO] ------------------------------------------------------------------------
[INFO] BUILD SUCCESS
[INFO] ------------------------------------------------------------------------
[INFO] Total time: 32.359 s
[INFO] Finished at: 2018-09-24T09:06:25+02:00
[INFO] ------------------------------------------------------------------------
