[INFO] Scanning for projects...
[WARNING] 
[WARNING] Some problems were encountered while building the effective model for com.google.code.gson:gson-extras:jar:1.0-SNAPSHOT
[WARNING] 'parent.relativePath' of POM com.google.code.gson:gson-extras:1.0-SNAPSHOT (/tmp/icst-2019/september-2018/dataset/gson_parent/extras/pom.xml) points at com.google.code.gson:gson-parent instead of org.sonatype.oss:oss-parent, please verify your project structure @ line 9, column 11
[WARNING] 
[WARNING] It is highly recommended to fix these problems because they threaten the stability of your build.
[WARNING] 
[WARNING] For this reason, future Maven versions might no longer support building such malformed projects.
[WARNING] 
[INFO] 
[INFO] ------------------< com.google.code.gson:gson-extras >------------------
[INFO] Building Gson Extras 1.0-SNAPSHOT
[INFO] --------------------------------[ jar ]---------------------------------
[INFO] 
[INFO] --- dspot-maven:1.1.1-SNAPSHOT:amplify-unit-tests (default-cli) @ gson-extras ---
Downloading from stamp-maven-repository-mvn-repo: https://stamp-project.github.io/stamp-maven-repository/eu/stamp-project/dspot/1.1.1-SNAPSHOT/maven-metadata.xml
Downloading from stamp-maven-repository-mvn-repo: https://stamp-project.github.io/stamp-maven-repository/fr/inria/gforge/spoon/spoon-core/7.1.0-SNAPSHOT/maven-metadata.xml
Downloading from stamp-maven-repository-mvn-repo: https://stamp-project.github.io/stamp-maven-repository/org/eclipse/platform/org.eclipse.core.resources/maven-metadata.xml
Downloading from stamp-maven-repository-mvn-repo: https://stamp-project.github.io/stamp-maven-repository/org/eclipse/platform/org.eclipse.core.expressions/maven-metadata.xml
Downloading from stamp-maven-repository-mvn-repo: https://stamp-project.github.io/stamp-maven-repository/org/eclipse/platform/org.eclipse.core.runtime/maven-metadata.xml
Downloading from stamp-maven-repository-mvn-repo: https://stamp-project.github.io/stamp-maven-repository/org/eclipse/platform/org.eclipse.osgi/maven-metadata.xml
Downloading from stamp-maven-repository-mvn-repo: https://stamp-project.github.io/stamp-maven-repository/org/eclipse/platform/org.eclipse.equinox.common/maven-metadata.xml
Downloading from stamp-maven-repository-mvn-repo: https://stamp-project.github.io/stamp-maven-repository/org/eclipse/platform/org.eclipse.core.jobs/maven-metadata.xml
Downloading from stamp-maven-repository-mvn-repo: https://stamp-project.github.io/stamp-maven-repository/org/eclipse/platform/org.eclipse.equinox.registry/maven-metadata.xml
Downloading from stamp-maven-repository-mvn-repo: https://stamp-project.github.io/stamp-maven-repository/org/eclipse/platform/org.eclipse.equinox.preferences/maven-metadata.xml
Downloading from stamp-maven-repository-mvn-repo: https://stamp-project.github.io/stamp-maven-repository/org/eclipse/platform/org.eclipse.core.contenttype/maven-metadata.xml
Downloading from stamp-maven-repository-mvn-repo: https://stamp-project.github.io/stamp-maven-repository/org/eclipse/platform/org.eclipse.equinox.app/maven-metadata.xml
Downloading from stamp-maven-repository-mvn-repo: https://stamp-project.github.io/stamp-maven-repository/org/eclipse/platform/org.eclipse.core.filesystem/maven-metadata.xml
Downloading from stamp-maven-repository-mvn-repo: https://stamp-project.github.io/stamp-maven-repository/org/eclipse/platform/org.eclipse.text/maven-metadata.xml
Downloading from stamp-maven-repository-mvn-repo: https://stamp-project.github.io/stamp-maven-repository/org/eclipse/platform/org.eclipse.core.commands/maven-metadata.xml
[INFO] Path to runner Classes: /home/spirals/danglot/.m2/repository/eu/stamp-project/test-runner/1.1.0/test-runner-1.1.0-jar-with-dependencies.jar
[INFO] /home/spirals/danglot/.m2/repository/org/jacoco/org.jacoco.core/0.7.9/org.jacoco.core-0.7.9.jar
[INFO] /home/spirals/danglot/.m2/repository/org/ow2/asm/asm-debug-all/5.2/asm-debug-all-5.2.jar
[INFO] /home/spirals/danglot/.m2/repository/eu/stamp-project/test-runner/1.1.0/test-runner-1.1.0-jar-with-dependencies.jar
[WARNING] automaticBuilderName: unknown automatic builder specified in configuration, going to default.
[INFO] Default: provided Maven automatic builder.
[INFO] run maven clean test -DskipTests dependency:build-classpath -Dmdep.outputFile=target/dspot/classpath
[WARN] Maven will be executed in interactive mode, but no input stream has been configured for this MavenInvoker instance.
[INFO] Scanning for projects...
[WARNING] 
[WARNING] Some problems were encountered while building the effective model for com.google.code.gson:gson-extras:jar:1.0-SNAPSHOT
[WARNING] 'parent.relativePath' of POM com.google.code.gson:gson-extras:1.0-SNAPSHOT (/tmp/icst-2019/september-2018/dataset/gson_parent/extras/pom.xml) points at com.google.code.gson:gson-parent instead of org.sonatype.oss:oss-parent, please verify your project structure @ line 9, column 11
[WARNING] 
[WARNING] It is highly recommended to fix these problems because they threaten the stability of your build.
[WARNING] 
[WARNING] For this reason, future Maven versions might no longer support building such malformed projects.
[WARNING] 
[INFO] 
[INFO] ------------------< com.google.code.gson:gson-extras >------------------
[INFO] Building Gson Extras 1.0-SNAPSHOT
[INFO] --------------------------------[ jar ]---------------------------------
[INFO] 
[INFO] --- maven-clean-plugin:2.5:clean (default-clean) @ gson-extras ---
[INFO] Deleting /tmp/icst-2019/september-2018/dataset/gson_parent/extras/target
[INFO] 
[INFO] --- maven-enforcer-plugin:1.2:enforce (enforce-maven) @ gson-extras ---
[INFO] Skipping Rule Enforcement.
[INFO] 
[INFO] --- maven-resources-plugin:2.6:resources (default-resources) @ gson-extras ---
[INFO] Using 'UTF-8' encoding to copy filtered resources.
[INFO] skip non existing resourceDirectory /tmp/icst-2019/september-2018/dataset/gson_parent/extras/src/main/resources
[INFO] 
[INFO] --- maven-compiler-plugin:3.5.1:compile (default-compile) @ gson-extras ---
[INFO] Changes detected - recompiling the module!
[INFO] Compiling 8 source files to /tmp/icst-2019/september-2018/dataset/gson_parent/extras/target/classes
[INFO] 
[INFO] --- maven-resources-plugin:2.6:testResources (default-testResources) @ gson-extras ---
[INFO] Using 'UTF-8' encoding to copy filtered resources.
[INFO] skip non existing resourceDirectory /tmp/icst-2019/september-2018/dataset/gson_parent/extras/src/test/resources
[INFO] 
[INFO] --- maven-compiler-plugin:3.5.1:testCompile (default-testCompile) @ gson-extras ---
[INFO] Changes detected - recompiling the module!
[INFO] Compiling 5 source files to /tmp/icst-2019/september-2018/dataset/gson_parent/extras/target/test-classes
[INFO] 
[INFO] --- maven-surefire-plugin:2.12.4:test (default-test) @ gson-extras ---
[INFO] Tests are skipped.
[INFO] 
[INFO] --- maven-dependency-plugin:2.8:build-classpath (default-cli) @ gson-extras ---
[INFO] Wrote classpath file '/tmp/icst-2019/september-2018/dataset/gson_parent/extras/target/dspot/classpath'.
[INFO] ------------------------------------------------------------------------
[INFO] BUILD SUCCESS
[INFO] ------------------------------------------------------------------------
[INFO] Total time: 3.856 s
[INFO] Finished at: 2018-09-23T13:32:41+02:00
[INFO] ------------------------------------------------------------------------
[INFO] run maven clean test -DskipTests dependency:build-classpath -Dmdep.outputFile=target/dspot/classpath
[WARN] Maven will be executed in interactive mode, but no input stream has been configured for this MavenInvoker instance.
[INFO] Scanning for projects...
[WARNING] 
[WARNING] Some problems were encountered while building the effective model for com.google.code.gson:gson-extras:jar:1.0-SNAPSHOT
[WARNING] 'parent.relativePath' of POM com.google.code.gson:gson-extras:1.0-SNAPSHOT (/tmp/icst-2019/september-2018/dataset/gson/extras/pom.xml) points at com.google.code.gson:gson-parent instead of org.sonatype.oss:oss-parent, please verify your project structure @ line 9, column 11
[WARNING] 
[WARNING] It is highly recommended to fix these problems because they threaten the stability of your build.
[WARNING] 
[WARNING] For this reason, future Maven versions might no longer support building such malformed projects.
[WARNING] 
[INFO] 
[INFO] ------------------< com.google.code.gson:gson-extras >------------------
[INFO] Building Gson Extras 1.0-SNAPSHOT
[INFO] --------------------------------[ jar ]---------------------------------
[INFO] 
[INFO] --- maven-clean-plugin:2.5:clean (default-clean) @ gson-extras ---
[INFO] Deleting /tmp/icst-2019/september-2018/dataset/gson/extras/target
[INFO] 
[INFO] --- maven-enforcer-plugin:1.2:enforce (enforce-maven) @ gson-extras ---
[INFO] Skipping Rule Enforcement.
[INFO] 
[INFO] --- maven-resources-plugin:2.6:resources (default-resources) @ gson-extras ---
[INFO] Using 'UTF-8' encoding to copy filtered resources.
[INFO] skip non existing resourceDirectory /tmp/icst-2019/september-2018/dataset/gson/extras/src/main/resources
[INFO] 
[INFO] --- maven-compiler-plugin:3.5.1:compile (default-compile) @ gson-extras ---
[INFO] Changes detected - recompiling the module!
[INFO] Compiling 8 source files to /tmp/icst-2019/september-2018/dataset/gson/extras/target/classes
[INFO] 
[INFO] --- maven-resources-plugin:2.6:testResources (default-testResources) @ gson-extras ---
[INFO] Using 'UTF-8' encoding to copy filtered resources.
[INFO] skip non existing resourceDirectory /tmp/icst-2019/september-2018/dataset/gson/extras/src/test/resources
[INFO] 
[INFO] --- maven-compiler-plugin:3.5.1:testCompile (default-testCompile) @ gson-extras ---
[INFO] Changes detected - recompiling the module!
[INFO] Compiling 5 source files to /tmp/icst-2019/september-2018/dataset/gson/extras/target/test-classes
[INFO] 
[INFO] --- maven-surefire-plugin:2.12.4:test (default-test) @ gson-extras ---
[INFO] Tests are skipped.
[INFO] 
[INFO] --- maven-dependency-plugin:2.8:build-classpath (default-cli) @ gson-extras ---
[INFO] Wrote classpath file '/tmp/icst-2019/september-2018/dataset/gson/extras/target/dspot/classpath'.
[INFO] ------------------------------------------------------------------------
[INFO] BUILD SUCCESS
[INFO] ------------------------------------------------------------------------
[INFO] Total time: 3.817 s
[INFO] Finished at: 2018-09-23T13:32:49+02:00
[INFO] ------------------------------------------------------------------------
[INFO] Amplification of com.google.gson.typeadapters.RuntimeTypeAdapterFactoryTest (13 test(s))
[INFO] Assertion amplification of com.google.gson.typeadapters.RuntimeTypeAdapterFactoryTest (13 test(s))
[INFO] Run: java -classpath /tmp/icst-2019/september-2018/dataset/gson_parent/extras/target/test-classes:/tmp/icst-2019/september-2018/dataset/gson_parent/extras/target/classes/:/home/spirals/danglot/.m2/repository/junit/junit/4.12/junit-4.12.jar:/home/spirals/danglot/.m2/repository/com/google/code/gson/gson/2.7/gson-2.7.jar:/home/spirals/danglot/.m2/repository/javax/annotation/jsr250-api/1.0/jsr250-api-1.0.jar:/home/spirals/danglot/.m2/repository/junit/junit/3.8.2/junit-3.8.2.jar:/tmp/icst-2019/september-2018/dataset/gson_parent/extras/target/dspot/dependencies/:/home/spirals/danglot/.m2/repository/eu/stamp-project/test-runner/1.1.0/test-runner-1.1.0-jar-with-dependencies.jar eu.stamp_project.testrunner.runner.test.TestRunner com.google.gson.typeadapters.RuntimeTypeAdapterFactoryTest testRuntimeTypeIsBaseType:testNullTypeFieldName:testDuplicateSubtype:testDeserializeMissingTypeField:testDeserializeMissingSubtype:testNullSubtype:testNullBaseType:testSerializeMissingSubtype:testSerializeCollidingTypeFieldName:testDuplicateLabel:testRuntimeTypeAdapter:testSerializeWrappedNullValue:testNullLabel
File saved to the following path: /tmp/icst-2019/september-2018/dataset/gson_parent/extras/target/dspot/TestListener.ser
Loading /tmp/icst-2019/september-2018/dataset/gson_parent/extras/target/dspot/TestListener.ser
[INFO] Test has been run: testDeserializeMissingSubtype,testNullTypeFieldName,testSerializeMissingSubtype,testDuplicateLabel,testSerializeCollidingTypeFieldName,testDuplicateSubtype,testNullSubtype,testNullBaseType,testSerializeWrappedNullValue,testDeserializeMissingTypeField,testRuntimeTypeAdapter,testRuntimeTypeIsBaseType,testNullLabel
[INFO] Run tests. (13)
[INFO] Run: java -classpath /tmp/icst-2019/september-2018/dataset/gson_parent/extras/target/test-classes:/tmp/icst-2019/september-2018/dataset/gson_parent/extras/target/classes/:/home/spirals/danglot/.m2/repository/junit/junit/4.12/junit-4.12.jar:/home/spirals/danglot/.m2/repository/com/google/code/gson/gson/2.7/gson-2.7.jar:/home/spirals/danglot/.m2/repository/javax/annotation/jsr250-api/1.0/jsr250-api-1.0.jar:/home/spirals/danglot/.m2/repository/junit/junit/3.8.2/junit-3.8.2.jar:/tmp/icst-2019/september-2018/dataset/gson_parent/extras/target/dspot/dependencies/:/home/spirals/danglot/.m2/repository/eu/stamp-project/test-runner/1.1.0/test-runner-1.1.0-jar-with-dependencies.jar eu.stamp_project.testrunner.runner.test.TestRunner com.google.gson.typeadapters.RuntimeTypeAdapterFactoryTest testRuntimeTypeIsBaseType:testNullTypeFieldName:testDuplicateSubtype:testDeserializeMissingTypeField:testDeserializeMissingSubtype:testNullSubtype:testNullBaseType:testSerializeMissingSubtype:testSerializeCollidingTypeFieldName:testDuplicateLabel:testRuntimeTypeAdapter:testSerializeWrappedNullValue:testNullLabel
File saved to the following path: /tmp/icst-2019/september-2018/dataset/gson_parent/extras/target/dspot/TestListener.ser
Loading /tmp/icst-2019/september-2018/dataset/gson_parent/extras/target/dspot/TestListener.ser
[INFO] Test has been run: testDeserializeMissingSubtype,testNullTypeFieldName,testSerializeMissingSubtype,testDuplicateLabel,testSerializeCollidingTypeFieldName,testDuplicateSubtype,testNullSubtype,testNullBaseType,testSerializeWrappedNullValue,testDeserializeMissingTypeField,testRuntimeTypeAdapter,testRuntimeTypeIsBaseType,testNullLabel
[INFO] 13 test pass, generating assertion...
[INFO] Add observations points in passing tests.
[INFO] Instrumentation...
  7% |=== ]/ 15% |======= ]- 23% |=========== ]\ 30% |=============== ]| 38% |=================== ]/ 46% |======================= ]- 53% |========================== ]\ 61% |============================== ]| 69% |================================== ]/ 76% |====================================== ]- 84% |========================================== ]\ 92% |============================================== ]|100% |================================================== ]/
[INFO] Run instrumented tests. (39)
[INFO] Run: java -classpath /tmp/icst-2019/september-2018/dataset/gson_parent/extras/target/test-classes:/tmp/icst-2019/september-2018/dataset/gson_parent/extras/target/classes/:/home/spirals/danglot/.m2/repository/junit/junit/4.12/junit-4.12.jar:/home/spirals/danglot/.m2/repository/com/google/code/gson/gson/2.7/gson-2.7.jar:/home/spirals/danglot/.m2/repository/javax/annotation/jsr250-api/1.0/jsr250-api-1.0.jar:/home/spirals/danglot/.m2/repository/junit/junit/3.8.2/junit-3.8.2.jar:/tmp/icst-2019/september-2018/dataset/gson_parent/extras/target/dspot/dependencies/:/home/spirals/danglot/.m2/repository/eu/stamp-project/test-runner/1.1.0/test-runner-1.1.0-jar-with-dependencies.jar eu.stamp_project.testrunner.runner.test.TestRunner com.google.gson.typeadapters.RuntimeTypeAdapterFactoryTest testRuntimeTypeIsBaseType_withlog0:testNullTypeFieldName_withlog0:testDuplicateSubtype_withlog0:testDeserializeMissingTypeField_withlog0:testDeserializeMissingSubtype_withlog0:testNullSubtype_withlog0:testNullBaseType_withlog0:testSerializeMissingSubtype_withlog0:testSerializeCollidingTypeFieldName_withlog0:testDuplicateLabel_withlog0:testRuntimeTypeAdapter_withlog0:testSerializeWrappedNullValue_withlog0:testNullLabel_withlog0:testRuntimeTypeIsBaseType_withlog1:testNullTypeFieldName_withlog1:testDuplicateSubtype_withlog1:testDeserializeMissingTypeField_withlog1:testDeserializeMissingSubtype_withlog1:testNullSubtype_withlog1:testNullBaseType_withlog1:testSerializeMissingSubtype_withlog1:testSerializeCollidingTypeFieldName_withlog1:testDuplicateLabel_withlog1:testRuntimeTypeAdapter_withlog1:testSerializeWrappedNullValue_withlog1:testNullLabel_withlog1:testRuntimeTypeIsBaseType_withlog2:testNullTypeFieldName_withlog2:testDuplicateSubtype_withlog2:testDeserializeMissingTypeField_withlog2:testDeserializeMissingSubtype_withlog2:testNullSubtype_withlog2:testNullBaseType_withlog2:testSerializeMissingSubtype_withlog2:testSerializeCollidingTypeFieldName_withlog2:testDuplicateLabel_withlog2:testRuntimeTypeAdapter_withlog2:testSerializeWrappedNullValue_withlog2:testNullLabel_withlog2
File saved to the following path: /tmp/icst-2019/september-2018/dataset/gson_parent/extras/target/dspot/observations.ser
File saved to the following path: /tmp/icst-2019/september-2018/dataset/gson_parent/extras/target/dspot/TestListener.ser
Loading /tmp/icst-2019/september-2018/dataset/gson_parent/extras/target/dspot/TestListener.ser
[INFO] Test has been run: testRuntimeTypeIsBaseType_withlog0,testRuntimeTypeIsBaseType_withlog1,testRuntimeTypeIsBaseType_withlog2,testSerializeWrappedNullValue_withlog0,testSerializeWrappedNullValue_withlog1,testSerializeWrappedNullValue_withlog2,testNullSubtype_withlog0,testNullSubtype_withlog1,testNullSubtype_withlog2,testNullBaseType_withlog0,testNullBaseType_withlog1,testNullBaseType_withlog2,testNullLabel_withlog0,testNullLabel_withlog1,testNullLabel_withlog2,testDeserializeMissingSubtype_withlog0,testDeserializeMissingSubtype_withlog1,testDeserializeMissingSubtype_withlog2,testSerializeCollidingTypeFieldName_withlog0,testSerializeCollidingTypeFieldName_withlog1,testSerializeCollidingTypeFieldName_withlog2,testNullTypeFieldName_withlog0,testNullTypeFieldName_withlog1,testNullTypeFieldName_withlog2,testDuplicateSubtype_withlog0,testDuplicateSubtype_withlog1,testDuplicateSubtype_withlog2,testSerializeMissingSubtype_withlog0,testSerializeMissingSubtype_withlog1,testSerializeMissingSubtype_withlog2,testDuplicateLabel_withlog0,testDuplicateLabel_withlog1,testDuplicateLabel_withlog2,testDeserializeMissingTypeField_withlog0,testDeserializeMissingTypeField_withlog1,testDeserializeMissingTypeField_withlog2,testRuntimeTypeAdapter_withlog0,testRuntimeTypeAdapter_withlog1,testRuntimeTypeAdapter_withlog2
[INFO] Generating assertions...
[INFO] 3 new tests with assertions generated
[INFO] Run: java -classpath /tmp/icst-2019/september-2018/dataset/gson_parent/extras/target/test-classes:/tmp/icst-2019/september-2018/dataset/gson_parent/extras/target/classes/:/home/spirals/danglot/.m2/repository/junit/junit/4.12/junit-4.12.jar:/home/spirals/danglot/.m2/repository/com/google/code/gson/gson/2.7/gson-2.7.jar:/home/spirals/danglot/.m2/repository/javax/annotation/jsr250-api/1.0/jsr250-api-1.0.jar:/home/spirals/danglot/.m2/repository/junit/junit/3.8.2/junit-3.8.2.jar:/tmp/icst-2019/september-2018/dataset/gson_parent/extras/target/dspot/dependencies/:/home/spirals/danglot/.m2/repository/eu/stamp-project/test-runner/1.1.0/test-runner-1.1.0-jar-with-dependencies.jar eu.stamp_project.testrunner.runner.test.TestRunner com.google.gson.typeadapters.RuntimeTypeAdapterFactoryTest testRuntimeTypeIsBaseType:testRuntimeTypeAdapter:testSerializeWrappedNullValue
File saved to the following path: /tmp/icst-2019/september-2018/dataset/gson_parent/extras/target/dspot/TestListener.ser
Loading /tmp/icst-2019/september-2018/dataset/gson_parent/extras/target/dspot/TestListener.ser
[INFO] Test has been run: testSerializeWrappedNullValue,testRuntimeTypeAdapter,testRuntimeTypeIsBaseType
[INFO] Assertion amplification: 3 test method(s) has been successfully amplified.
[WARN] 2018-09-23 13:32:53 Launcher - You specified the directory /tmp/icst-2019/september-2018/dataset/gson/extras/target/classes in source classpath, please note that only class files will be considered. Jars and subdirectories will be ignored.
[WARN] 2018-09-23 13:32:53 Launcher - You specified the directory /tmp/icst-2019/september-2018/dataset/gson/extras/target/test-classes in source classpath, please note that only class files will be considered. Jars and subdirectories will be ignored.
[WARN] 2018-09-23 13:32:53 Launcher - You specified the directory /tmp/icst-2019/september-2018/dataset/gson/extras/target/dspot/dependencies in source classpath, please note that only class files will be considered. Jars and subdirectories will be ignored.
[INFO] Run: java -classpath /tmp/icst-2019/september-2018/dataset/gson/extras/target/classes/:/tmp/icst-2019/september-2018/dataset/gson/extras/target/test-classes/:/home/spirals/danglot/.m2/repository/junit/junit/4.12/junit-4.12.jar:/home/spirals/danglot/.m2/repository/com/google/code/gson/gson/2.7/gson-2.7.jar:/home/spirals/danglot/.m2/repository/javax/annotation/jsr250-api/1.0/jsr250-api-1.0.jar:/home/spirals/danglot/.m2/repository/junit/junit/3.8.2/junit-3.8.2.jar:/tmp/icst-2019/september-2018/dataset/gson/extras/target/dspot/dependencies/:/home/spirals/danglot/.m2/repository/eu/stamp-project/test-runner/1.1.0/test-runner-1.1.0-jar-with-dependencies.jar eu.stamp_project.testrunner.runner.test.TestRunner com.google.gson.typeadapters.RuntimeTypeAdapterFactoryTest testRuntimeTypeIsBaseType:testRuntimeTypeAdapter:testSerializeWrappedNullValue
File saved to the following path: /tmp/icst-2019/september-2018/dataset/gson_parent/extras/target/dspot/TestListener.ser
Loading /tmp/icst-2019/september-2018/dataset/gson_parent/extras/target/dspot/TestListener.ser
[INFO] Test has been run: testSerializeWrappedNullValue,testRuntimeTypeAdapter,testRuntimeTypeIsBaseType
[INFO] 0 amplified test methods has been selected to be kept. (global: 0)
[INFO] elapsedTime 4877
======= REPORT =======
0 amplified test fails on the new versions.

[WARNING] DSpot could not obtain any amplified test method.
[WARNING] You can customize the following options: --amplifiers, --test-criterion, --iteration, --budgetizer etc, and retry with a new configuration.
[INFO] Amplification succeed.
[INFO] Elapsed time 5173 ms
[INFO] ------------------------------------------------------------------------
[INFO] BUILD SUCCESS
[INFO] ------------------------------------------------------------------------
[INFO] Total time: 22.939 s
[INFO] Finished at: 2018-09-23T13:32:54+02:00
[INFO] ------------------------------------------------------------------------
