[INFO] Scanning for projects...
[INFO] 
[INFO] -----------------------< commons-io:commons-io >------------------------
[INFO] Building Apache Commons IO 2.5-SNAPSHOT
[INFO] --------------------------------[ jar ]---------------------------------
[INFO] 
[INFO] --- dspot-maven:1.1.1-SNAPSHOT:amplify-unit-tests (default-cli) @ commons-io ---
Downloading from stamp-maven-repository-mvn-repo: https://stamp-project.github.io/stamp-maven-repository/eu/stamp-project/dspot/1.1.1-SNAPSHOT/maven-metadata.xml
Downloading from stamp-maven-repository-mvn-repo: https://stamp-project.github.io/stamp-maven-repository/fr/inria/gforge/spoon/spoon-core/7.1.0-SNAPSHOT/maven-metadata.xml
Downloading from stamp-maven-repository-mvn-repo: https://stamp-project.github.io/stamp-maven-repository/org/eclipse/platform/org.eclipse.core.resources/maven-metadata.xml
Downloading from stamp-maven-repository-mvn-repo: https://stamp-project.github.io/stamp-maven-repository/org/eclipse/platform/org.eclipse.core.expressions/maven-metadata.xml
Downloading from stamp-maven-repository-mvn-repo: https://stamp-project.github.io/stamp-maven-repository/org/eclipse/platform/org.eclipse.core.runtime/maven-metadata.xml
Downloading from stamp-maven-repository-mvn-repo: https://stamp-project.github.io/stamp-maven-repository/org/eclipse/platform/org.eclipse.osgi/maven-metadata.xml
Downloading from stamp-maven-repository-mvn-repo: https://stamp-project.github.io/stamp-maven-repository/org/eclipse/platform/org.eclipse.equinox.common/maven-metadata.xml
Downloading from stamp-maven-repository-mvn-repo: https://stamp-project.github.io/stamp-maven-repository/org/eclipse/platform/org.eclipse.core.jobs/maven-metadata.xml
Downloading from stamp-maven-repository-mvn-repo: https://stamp-project.github.io/stamp-maven-repository/org/eclipse/platform/org.eclipse.equinox.registry/maven-metadata.xml
Downloading from stamp-maven-repository-mvn-repo: https://stamp-project.github.io/stamp-maven-repository/org/eclipse/platform/org.eclipse.equinox.preferences/maven-metadata.xml
Downloading from stamp-maven-repository-mvn-repo: https://stamp-project.github.io/stamp-maven-repository/org/eclipse/platform/org.eclipse.core.contenttype/maven-metadata.xml
Downloading from stamp-maven-repository-mvn-repo: https://stamp-project.github.io/stamp-maven-repository/org/eclipse/platform/org.eclipse.equinox.app/maven-metadata.xml
Downloading from stamp-maven-repository-mvn-repo: https://stamp-project.github.io/stamp-maven-repository/org/eclipse/platform/org.eclipse.core.filesystem/maven-metadata.xml
Downloading from stamp-maven-repository-mvn-repo: https://stamp-project.github.io/stamp-maven-repository/org/eclipse/platform/org.eclipse.text/maven-metadata.xml
Downloading from stamp-maven-repository-mvn-repo: https://stamp-project.github.io/stamp-maven-repository/org/eclipse/platform/org.eclipse.core.commands/maven-metadata.xml
[INFO] Path to runner Classes: /home/spirals/danglot/.m2/repository/eu/stamp-project/test-runner/1.1.0/test-runner-1.1.0-jar-with-dependencies.jar
[INFO] /home/spirals/danglot/.m2/repository/org/jacoco/org.jacoco.core/0.7.9/org.jacoco.core-0.7.9.jar
[INFO] /home/spirals/danglot/.m2/repository/org/ow2/asm/asm-debug-all/5.2/asm-debug-all-5.2.jar
[INFO] /home/spirals/danglot/.m2/repository/eu/stamp-project/test-runner/1.1.0/test-runner-1.1.0-jar-with-dependencies.jar
[WARNING] automaticBuilderName: unknown automatic builder specified in configuration, going to default.
[INFO] Default: provided Maven automatic builder.
[INFO] run maven clean test -DskipTests dependency:build-classpath -Dmdep.outputFile=target/dspot/classpath
[WARN] Maven will be executed in interactive mode, but no input stream has been configured for this MavenInvoker instance.
[INFO] Scanning for projects...
[INFO] 
[INFO] -----------------------< commons-io:commons-io >------------------------
[INFO] Building Apache Commons IO 2.5-SNAPSHOT
[INFO] --------------------------------[ jar ]---------------------------------
[INFO] 
[INFO] --- maven-clean-plugin:2.6.1:clean (default-clean) @ commons-io ---
[INFO] Deleting /tmp/icst-2019/september-2018/dataset/commons-io_parent/target
[INFO] 
[INFO] --- maven-enforcer-plugin:1.3.1:enforce (enforce-maven-3) @ commons-io ---
[INFO] Skipping Rule Enforcement.
[INFO] 
[INFO] --- build-helper-maven-plugin:1.8:parse-version (parse-version) @ commons-io ---
[INFO] 
[INFO] --- maven-antrun-plugin:1.7:run (javadoc.resources) @ commons-io ---
[INFO] Executing tasks

main:
     [copy] Copying 2 files to /tmp/icst-2019/september-2018/dataset/commons-io_parent/target/apidocs/META-INF
[INFO] Executed tasks
[INFO] 
[INFO] --- maven-remote-resources-plugin:1.5:process (default) @ commons-io ---
[INFO] 
[INFO] --- buildnumber-maven-plugin:1.3:create (default) @ commons-io ---
[INFO] Executing: /bin/sh -c cd /tmp/icst-2019/september-2018/dataset/commons-io_parent && svn --non-interactive info
[INFO] Working directory: /tmp/icst-2019/september-2018/dataset/commons-io_parent
[INFO] Storing buildNumber: ?????? at timestamp: 1537772719762
[INFO] Executing: /bin/sh -c cd /tmp/icst-2019/september-2018/dataset/commons-io_parent && svn --non-interactive info
[INFO] Working directory: /tmp/icst-2019/september-2018/dataset/commons-io_parent
[INFO] Storing buildScmBranch: UNKNOWN_BRANCH
[INFO] 
[INFO] --- maven-resources-plugin:2.7:resources (default-resources) @ commons-io ---
[INFO] Using 'iso-8859-1' encoding to copy filtered resources.
[INFO] skip non existing resourceDirectory /tmp/icst-2019/september-2018/dataset/commons-io_parent/src/main/resources
[INFO] Copying 2 resources to META-INF
[INFO] 
[INFO] --- maven-compiler-plugin:3.2:compile (default-compile) @ commons-io ---
[INFO] Changes detected - recompiling the module!
[INFO] Compiling 109 source files to /tmp/icst-2019/september-2018/dataset/commons-io_parent/target/classes
[INFO] 
[INFO] --- maven-bundle-plugin:2.5.3:manifest (bundle-manifest) @ commons-io ---
[INFO] 
[INFO] --- animal-sniffer-maven-plugin:1.13:check (checkAPIcompatibility) @ commons-io ---
[INFO] Checking unresolved references to org.codehaus.mojo.signature:java16:1.0
[INFO] 
[INFO] --- maven-resources-plugin:2.7:testResources (default-testResources) @ commons-io ---
[INFO] Using 'iso-8859-1' encoding to copy filtered resources.
[INFO] Copying 15 resources
[INFO] Copying 2 resources to META-INF
[INFO] 
[INFO] --- maven-compiler-plugin:3.2:testCompile (default-testCompile) @ commons-io ---
[INFO] Changes detected - recompiling the module!
[INFO] Compiling 99 source files to /tmp/icst-2019/september-2018/dataset/commons-io_parent/target/test-classes
[INFO] 
[INFO] --- maven-surefire-plugin:2.18:test (default-test) @ commons-io ---
[INFO] Tests are skipped.
[INFO] 
[INFO] --- maven-dependency-plugin:2.8:build-classpath (default-cli) @ commons-io ---
[INFO] Wrote classpath file '/tmp/icst-2019/september-2018/dataset/commons-io_parent/target/dspot/classpath'.
[INFO] ------------------------------------------------------------------------
[INFO] BUILD SUCCESS
[INFO] ------------------------------------------------------------------------
[INFO] Total time: 9.738 s
[INFO] Finished at: 2018-09-24T09:05:26+02:00
[INFO] ------------------------------------------------------------------------
[INFO] run maven clean test -DskipTests dependency:build-classpath -Dmdep.outputFile=target/dspot/classpath
[WARN] Maven will be executed in interactive mode, but no input stream has been configured for this MavenInvoker instance.
[INFO] Scanning for projects...
[INFO] 
[INFO] -----------------------< commons-io:commons-io >------------------------
[INFO] Building Apache Commons IO 2.5-SNAPSHOT
[INFO] --------------------------------[ jar ]---------------------------------
[INFO] 
[INFO] --- maven-clean-plugin:2.6.1:clean (default-clean) @ commons-io ---
[INFO] Deleting /tmp/icst-2019/september-2018/dataset/commons-io/target
[INFO] 
[INFO] --- maven-enforcer-plugin:1.3.1:enforce (enforce-maven-3) @ commons-io ---
[INFO] Skipping Rule Enforcement.
[INFO] 
[INFO] --- build-helper-maven-plugin:1.8:parse-version (parse-version) @ commons-io ---
[INFO] 
[INFO] --- maven-antrun-plugin:1.7:run (javadoc.resources) @ commons-io ---
[INFO] Executing tasks

main:
     [copy] Copying 2 files to /tmp/icst-2019/september-2018/dataset/commons-io/target/apidocs/META-INF
[INFO] Executed tasks
[INFO] 
[INFO] --- maven-remote-resources-plugin:1.5:process (default) @ commons-io ---
[INFO] 
[INFO] --- buildnumber-maven-plugin:1.3:create (default) @ commons-io ---
[INFO] Executing: /bin/sh -c cd /tmp/icst-2019/september-2018/dataset/commons-io && svn --non-interactive info
[INFO] Working directory: /tmp/icst-2019/september-2018/dataset/commons-io
[INFO] Storing buildNumber: ?????? at timestamp: 1537772736028
[INFO] Executing: /bin/sh -c cd /tmp/icst-2019/september-2018/dataset/commons-io && svn --non-interactive info
[INFO] Working directory: /tmp/icst-2019/september-2018/dataset/commons-io
[INFO] Storing buildScmBranch: UNKNOWN_BRANCH
[INFO] 
[INFO] --- maven-resources-plugin:2.7:resources (default-resources) @ commons-io ---
[INFO] Using 'iso-8859-1' encoding to copy filtered resources.
[INFO] skip non existing resourceDirectory /tmp/icst-2019/september-2018/dataset/commons-io/src/main/resources
[INFO] Copying 2 resources to META-INF
[INFO] 
[INFO] --- maven-compiler-plugin:3.2:compile (default-compile) @ commons-io ---
[INFO] Changes detected - recompiling the module!
[INFO] Compiling 109 source files to /tmp/icst-2019/september-2018/dataset/commons-io/target/classes
[INFO] 
[INFO] --- maven-bundle-plugin:2.5.3:manifest (bundle-manifest) @ commons-io ---
[INFO] 
[INFO] --- animal-sniffer-maven-plugin:1.13:check (checkAPIcompatibility) @ commons-io ---
[INFO] Checking unresolved references to org.codehaus.mojo.signature:java16:1.0
[INFO] 
[INFO] --- maven-resources-plugin:2.7:testResources (default-testResources) @ commons-io ---
[INFO] Using 'iso-8859-1' encoding to copy filtered resources.
[INFO] Copying 15 resources
[INFO] Copying 2 resources to META-INF
[INFO] 
[INFO] --- maven-compiler-plugin:3.2:testCompile (default-testCompile) @ commons-io ---
[INFO] Changes detected - recompiling the module!
[INFO] Compiling 99 source files to /tmp/icst-2019/september-2018/dataset/commons-io/target/test-classes
[INFO] 
[INFO] --- maven-surefire-plugin:2.18:test (default-test) @ commons-io ---
[INFO] Tests are skipped.
[INFO] 
[INFO] --- maven-dependency-plugin:2.8:build-classpath (default-cli) @ commons-io ---
[INFO] Wrote classpath file '/tmp/icst-2019/september-2018/dataset/commons-io/target/dspot/classpath'.
[INFO] ------------------------------------------------------------------------
[INFO] BUILD SUCCESS
[INFO] ------------------------------------------------------------------------
[INFO] Total time: 9.554 s
[INFO] Finished at: 2018-09-24T09:05:42+02:00
[INFO] ------------------------------------------------------------------------
[INFO] Amplification of org.apache.commons.io.input.BrokenInputStreamTest (2 test(s))
[INFO] Assertion amplification of org.apache.commons.io.input.BrokenInputStreamTest (2 test(s))
[INFO] Run: java -classpath /tmp/icst-2019/september-2018/dataset/commons-io_parent/target/test-classes:/tmp/icst-2019/september-2018/dataset/commons-io_parent/target/classes/:/home/spirals/danglot/.m2/repository/junit/junit/4.12/junit-4.12.jar:/home/spirals/danglot/.m2/repository/org/hamcrest/hamcrest-core/1.3/hamcrest-core-1.3.jar:/tmp/icst-2019/september-2018/dataset/commons-io_parent/target/dspot/dependencies/:/home/spirals/danglot/.m2/repository/eu/stamp-project/test-runner/1.1.0/test-runner-1.1.0-jar-with-dependencies.jar eu.stamp_project.testrunner.runner.test.TestRunner org.apache.commons.io.input.BrokenInputStreamTest testClose:testClose
File saved to the following path: /tmp/icst-2019/september-2018/dataset/commons-io_parent/target/dspot/TestListener.ser
Loading /tmp/icst-2019/september-2018/dataset/commons-io_parent/target/dspot/TestListener.ser
[INFO] Test has been run: testClose
[INFO] Run tests. (2)
[INFO] Run: java -classpath /tmp/icst-2019/september-2018/dataset/commons-io_parent/target/test-classes:/tmp/icst-2019/september-2018/dataset/commons-io_parent/target/classes/:/home/spirals/danglot/.m2/repository/junit/junit/4.12/junit-4.12.jar:/home/spirals/danglot/.m2/repository/org/hamcrest/hamcrest-core/1.3/hamcrest-core-1.3.jar:/tmp/icst-2019/september-2018/dataset/commons-io_parent/target/dspot/dependencies/:/home/spirals/danglot/.m2/repository/eu/stamp-project/test-runner/1.1.0/test-runner-1.1.0-jar-with-dependencies.jar eu.stamp_project.testrunner.runner.test.TestRunner org.apache.commons.io.input.BrokenInputStreamTest testClose:testClose
File saved to the following path: /tmp/icst-2019/september-2018/dataset/commons-io_parent/target/dspot/TestListener.ser
Loading /tmp/icst-2019/september-2018/dataset/commons-io_parent/target/dspot/TestListener.ser
[INFO] Test has been run: testClose
[INFO] 1 test pass, generating assertion...
[INFO] Add observations points in passing tests.
[INFO] Instrumentation...
 50% |========================= ]/ 50% |========================= ]/[INFO] Run instrumented tests. (6)
[INFO] Run: java -classpath /tmp/icst-2019/september-2018/dataset/commons-io_parent/target/test-classes:/tmp/icst-2019/september-2018/dataset/commons-io_parent/target/classes/:/home/spirals/danglot/.m2/repository/junit/junit/4.12/junit-4.12.jar:/home/spirals/danglot/.m2/repository/org/hamcrest/hamcrest-core/1.3/hamcrest-core-1.3.jar:/tmp/icst-2019/september-2018/dataset/commons-io_parent/target/dspot/dependencies/:/home/spirals/danglot/.m2/repository/eu/stamp-project/test-runner/1.1.0/test-runner-1.1.0-jar-with-dependencies.jar eu.stamp_project.testrunner.runner.test.TestRunner org.apache.commons.io.input.BrokenInputStreamTest testClose_withlog0:testClose_withlog0:testClose_withlog1:testClose_withlog1:testClose_withlog2:testClose_withlog2
File saved to the following path: /tmp/icst-2019/september-2018/dataset/commons-io_parent/target/dspot/observations.ser
File saved to the following path: /tmp/icst-2019/september-2018/dataset/commons-io_parent/target/dspot/TestListener.ser
Loading /tmp/icst-2019/september-2018/dataset/commons-io_parent/target/dspot/TestListener.ser
[INFO] Test has been run: testClose_withlog0,testClose_withlog1,testClose_withlog2
[INFO] Generating assertions...
[INFO] Could not generate any test with assertions
[INFO] 0 amplified test methods has been selected to be kept. (global: 0)
[INFO] elapsedTime 1585
======= REPORT =======
0 amplified test fails on the new versions.

[WARNING] DSpot could not obtain any amplified test method.
[WARNING] You can customize the following options: --amplifiers, --test-criterion, --iteration, --budgetizer etc, and retry with a new configuration.
[INFO] Amplification of org.apache.commons.io.input.TaggedInputStreamTest (2 test(s))
[INFO] Assertion amplification of org.apache.commons.io.input.TaggedInputStreamTest (2 test(s))
[INFO] Run: java -classpath /tmp/icst-2019/september-2018/dataset/commons-io_parent/target/test-classes:/tmp/icst-2019/september-2018/dataset/commons-io_parent/target/classes/:/home/spirals/danglot/.m2/repository/junit/junit/4.12/junit-4.12.jar:/home/spirals/danglot/.m2/repository/org/hamcrest/hamcrest-core/1.3/hamcrest-core-1.3.jar:/tmp/icst-2019/september-2018/dataset/commons-io_parent/target/dspot/dependencies/:/home/spirals/danglot/.m2/repository/eu/stamp-project/test-runner/1.1.0/test-runner-1.1.0-jar-with-dependencies.jar eu.stamp_project.testrunner.runner.test.TestRunner org.apache.commons.io.input.TaggedInputStreamTest testBrokenStream:testBrokenStream
File saved to the following path: /tmp/icst-2019/september-2018/dataset/commons-io_parent/target/dspot/TestListener.ser
Loading /tmp/icst-2019/september-2018/dataset/commons-io_parent/target/dspot/TestListener.ser
[INFO] Test has been run: testBrokenStream
[INFO] Run tests. (2)
[INFO] Run: java -classpath /tmp/icst-2019/september-2018/dataset/commons-io_parent/target/test-classes:/tmp/icst-2019/september-2018/dataset/commons-io_parent/target/classes/:/home/spirals/danglot/.m2/repository/junit/junit/4.12/junit-4.12.jar:/home/spirals/danglot/.m2/repository/org/hamcrest/hamcrest-core/1.3/hamcrest-core-1.3.jar:/tmp/icst-2019/september-2018/dataset/commons-io_parent/target/dspot/dependencies/:/home/spirals/danglot/.m2/repository/eu/stamp-project/test-runner/1.1.0/test-runner-1.1.0-jar-with-dependencies.jar eu.stamp_project.testrunner.runner.test.TestRunner org.apache.commons.io.input.TaggedInputStreamTest testBrokenStream:testBrokenStream
File saved to the following path: /tmp/icst-2019/september-2018/dataset/commons-io_parent/target/dspot/TestListener.ser
Loading /tmp/icst-2019/september-2018/dataset/commons-io_parent/target/dspot/TestListener.ser
[INFO] Test has been run: testBrokenStream
[INFO] 1 test pass, generating assertion...
[INFO] Add observations points in passing tests.
[INFO] Instrumentation...
 50% |========================= ]/ 50% |========================= ]/[INFO] Run instrumented tests. (6)
[INFO] Run: java -classpath /tmp/icst-2019/september-2018/dataset/commons-io_parent/target/test-classes:/tmp/icst-2019/september-2018/dataset/commons-io_parent/target/classes/:/home/spirals/danglot/.m2/repository/junit/junit/4.12/junit-4.12.jar:/home/spirals/danglot/.m2/repository/org/hamcrest/hamcrest-core/1.3/hamcrest-core-1.3.jar:/tmp/icst-2019/september-2018/dataset/commons-io_parent/target/dspot/dependencies/:/home/spirals/danglot/.m2/repository/eu/stamp-project/test-runner/1.1.0/test-runner-1.1.0-jar-with-dependencies.jar eu.stamp_project.testrunner.runner.test.TestRunner org.apache.commons.io.input.TaggedInputStreamTest testBrokenStream_withlog0:testBrokenStream_withlog0:testBrokenStream_withlog1:testBrokenStream_withlog1:testBrokenStream_withlog2:testBrokenStream_withlog2
File saved to the following path: /tmp/icst-2019/september-2018/dataset/commons-io_parent/target/dspot/observations.ser
File saved to the following path: /tmp/icst-2019/september-2018/dataset/commons-io_parent/target/dspot/TestListener.ser
Loading /tmp/icst-2019/september-2018/dataset/commons-io_parent/target/dspot/TestListener.ser
[INFO] Test has been run: testBrokenStream_withlog0,testBrokenStream_withlog1,testBrokenStream_withlog2
[INFO] Generating assertions...
[INFO] 2 new tests with assertions generated
[INFO] Run: java -classpath /tmp/icst-2019/september-2018/dataset/commons-io_parent/target/test-classes:/tmp/icst-2019/september-2018/dataset/commons-io_parent/target/classes/:/home/spirals/danglot/.m2/repository/junit/junit/4.12/junit-4.12.jar:/home/spirals/danglot/.m2/repository/org/hamcrest/hamcrest-core/1.3/hamcrest-core-1.3.jar:/tmp/icst-2019/september-2018/dataset/commons-io_parent/target/dspot/dependencies/:/home/spirals/danglot/.m2/repository/eu/stamp-project/test-runner/1.1.0/test-runner-1.1.0-jar-with-dependencies.jar eu.stamp_project.testrunner.runner.test.TestRunner org.apache.commons.io.input.TaggedInputStreamTest testBrokenStream:testBrokenStream
File saved to the following path: /tmp/icst-2019/september-2018/dataset/commons-io_parent/target/dspot/TestListener.ser
Loading /tmp/icst-2019/september-2018/dataset/commons-io_parent/target/dspot/TestListener.ser
[INFO] Test has been run: testBrokenStream
[INFO] Assertion amplification: 2 test method(s) has been successfully amplified.
[WARN] 2018-09-24 09:05:46 Launcher - You specified the directory /tmp/icst-2019/september-2018/dataset/commons-io/target/classes in source classpath, please note that only class files will be considered. Jars and subdirectories will be ignored.
[WARN] 2018-09-24 09:05:46 Launcher - You specified the directory /tmp/icst-2019/september-2018/dataset/commons-io/target/test-classes in source classpath, please note that only class files will be considered. Jars and subdirectories will be ignored.
[WARN] 2018-09-24 09:05:46 Launcher - You specified the directory /tmp/icst-2019/september-2018/dataset/commons-io/target/dspot/dependencies in source classpath, please note that only class files will be considered. Jars and subdirectories will be ignored.
[INFO] Run: java -classpath /tmp/icst-2019/september-2018/dataset/commons-io/target/classes/:/tmp/icst-2019/september-2018/dataset/commons-io/target/test-classes/:/home/spirals/danglot/.m2/repository/junit/junit/4.12/junit-4.12.jar:/home/spirals/danglot/.m2/repository/org/hamcrest/hamcrest-core/1.3/hamcrest-core-1.3.jar:/tmp/icst-2019/september-2018/dataset/commons-io/target/dspot/dependencies/:/home/spirals/danglot/.m2/repository/eu/stamp-project/test-runner/1.1.0/test-runner-1.1.0-jar-with-dependencies.jar eu.stamp_project.testrunner.runner.test.TestRunner org.apache.commons.io.input.TaggedInputStreamTest testBrokenStream:testBrokenStream
File saved to the following path: /tmp/icst-2019/september-2018/dataset/commons-io_parent/target/dspot/TestListener.ser
Loading /tmp/icst-2019/september-2018/dataset/commons-io_parent/target/dspot/TestListener.ser
[INFO] Test has been run: testBrokenStream
[INFO] 0 amplified test methods has been selected to be kept. (global: 0)
[INFO] elapsedTime 2649
======= REPORT =======
0 amplified test fails on the new versions.

[WARNING] DSpot could not obtain any amplified test method.
[WARNING] You can customize the following options: --amplifiers, --test-criterion, --iteration, --budgetizer etc, and retry with a new configuration.
[INFO] Amplification of org.apache.commons.io.output.BrokenOutputStreamTest (2 test(s))
[INFO] Assertion amplification of org.apache.commons.io.output.BrokenOutputStreamTest (2 test(s))
[INFO] Run: java -classpath /tmp/icst-2019/september-2018/dataset/commons-io_parent/target/test-classes:/tmp/icst-2019/september-2018/dataset/commons-io_parent/target/classes/:/home/spirals/danglot/.m2/repository/junit/junit/4.12/junit-4.12.jar:/home/spirals/danglot/.m2/repository/org/hamcrest/hamcrest-core/1.3/hamcrest-core-1.3.jar:/tmp/icst-2019/september-2018/dataset/commons-io_parent/target/dspot/dependencies/:/home/spirals/danglot/.m2/repository/eu/stamp-project/test-runner/1.1.0/test-runner-1.1.0-jar-with-dependencies.jar eu.stamp_project.testrunner.runner.test.TestRunner org.apache.commons.io.output.BrokenOutputStreamTest testClose:testClose
File saved to the following path: /tmp/icst-2019/september-2018/dataset/commons-io_parent/target/dspot/TestListener.ser
Loading /tmp/icst-2019/september-2018/dataset/commons-io_parent/target/dspot/TestListener.ser
[INFO] Test has been run: testClose
[INFO] Run tests. (2)
[INFO] Run: java -classpath /tmp/icst-2019/september-2018/dataset/commons-io_parent/target/test-classes:/tmp/icst-2019/september-2018/dataset/commons-io_parent/target/classes/:/home/spirals/danglot/.m2/repository/junit/junit/4.12/junit-4.12.jar:/home/spirals/danglot/.m2/repository/org/hamcrest/hamcrest-core/1.3/hamcrest-core-1.3.jar:/tmp/icst-2019/september-2018/dataset/commons-io_parent/target/dspot/dependencies/:/home/spirals/danglot/.m2/repository/eu/stamp-project/test-runner/1.1.0/test-runner-1.1.0-jar-with-dependencies.jar eu.stamp_project.testrunner.runner.test.TestRunner org.apache.commons.io.output.BrokenOutputStreamTest testClose:testClose
File saved to the following path: /tmp/icst-2019/september-2018/dataset/commons-io_parent/target/dspot/TestListener.ser
Loading /tmp/icst-2019/september-2018/dataset/commons-io_parent/target/dspot/TestListener.ser
[INFO] Test has been run: testClose
[INFO] 1 test pass, generating assertion...
[INFO] Add observations points in passing tests.
[INFO] Instrumentation...
 50% |========================= ]/ 50% |========================= ]/[INFO] Run instrumented tests. (6)
[INFO] Run: java -classpath /tmp/icst-2019/september-2018/dataset/commons-io_parent/target/test-classes:/tmp/icst-2019/september-2018/dataset/commons-io_parent/target/classes/:/home/spirals/danglot/.m2/repository/junit/junit/4.12/junit-4.12.jar:/home/spirals/danglot/.m2/repository/org/hamcrest/hamcrest-core/1.3/hamcrest-core-1.3.jar:/tmp/icst-2019/september-2018/dataset/commons-io_parent/target/dspot/dependencies/:/home/spirals/danglot/.m2/repository/eu/stamp-project/test-runner/1.1.0/test-runner-1.1.0-jar-with-dependencies.jar eu.stamp_project.testrunner.runner.test.TestRunner org.apache.commons.io.output.BrokenOutputStreamTest testClose_withlog0:testClose_withlog0:testClose_withlog1:testClose_withlog1:testClose_withlog2:testClose_withlog2
File saved to the following path: /tmp/icst-2019/september-2018/dataset/commons-io_parent/target/dspot/observations.ser
File saved to the following path: /tmp/icst-2019/september-2018/dataset/commons-io_parent/target/dspot/TestListener.ser
Loading /tmp/icst-2019/september-2018/dataset/commons-io_parent/target/dspot/TestListener.ser
[INFO] Test has been run: testClose_withlog0,testClose_withlog1,testClose_withlog2
[INFO] Generating assertions...
[INFO] Could not generate any test with assertions
[INFO] 0 amplified test methods has been selected to be kept. (global: 0)
[INFO] elapsedTime 1347
======= REPORT =======
0 amplified test fails on the new versions.

[WARNING] DSpot could not obtain any amplified test method.
[WARNING] You can customize the following options: --amplifiers, --test-criterion, --iteration, --budgetizer etc, and retry with a new configuration.
[INFO] Amplification of org.apache.commons.io.output.TaggedOutputStreamTest (2 test(s))
[INFO] Assertion amplification of org.apache.commons.io.output.TaggedOutputStreamTest (2 test(s))
[INFO] Run: java -classpath /tmp/icst-2019/september-2018/dataset/commons-io_parent/target/test-classes:/tmp/icst-2019/september-2018/dataset/commons-io_parent/target/classes/:/home/spirals/danglot/.m2/repository/junit/junit/4.12/junit-4.12.jar:/home/spirals/danglot/.m2/repository/org/hamcrest/hamcrest-core/1.3/hamcrest-core-1.3.jar:/tmp/icst-2019/september-2018/dataset/commons-io_parent/target/dspot/dependencies/:/home/spirals/danglot/.m2/repository/eu/stamp-project/test-runner/1.1.0/test-runner-1.1.0-jar-with-dependencies.jar eu.stamp_project.testrunner.runner.test.TestRunner org.apache.commons.io.output.TaggedOutputStreamTest testBrokenStream:testBrokenStream
File saved to the following path: /tmp/icst-2019/september-2018/dataset/commons-io_parent/target/dspot/TestListener.ser
Loading /tmp/icst-2019/september-2018/dataset/commons-io_parent/target/dspot/TestListener.ser
[INFO] Test has been run: testBrokenStream
[INFO] Run tests. (2)
[INFO] Run: java -classpath /tmp/icst-2019/september-2018/dataset/commons-io_parent/target/test-classes:/tmp/icst-2019/september-2018/dataset/commons-io_parent/target/classes/:/home/spirals/danglot/.m2/repository/junit/junit/4.12/junit-4.12.jar:/home/spirals/danglot/.m2/repository/org/hamcrest/hamcrest-core/1.3/hamcrest-core-1.3.jar:/tmp/icst-2019/september-2018/dataset/commons-io_parent/target/dspot/dependencies/:/home/spirals/danglot/.m2/repository/eu/stamp-project/test-runner/1.1.0/test-runner-1.1.0-jar-with-dependencies.jar eu.stamp_project.testrunner.runner.test.TestRunner org.apache.commons.io.output.TaggedOutputStreamTest testBrokenStream:testBrokenStream
File saved to the following path: /tmp/icst-2019/september-2018/dataset/commons-io_parent/target/dspot/TestListener.ser
Loading /tmp/icst-2019/september-2018/dataset/commons-io_parent/target/dspot/TestListener.ser
[INFO] Test has been run: testBrokenStream
[INFO] 1 test pass, generating assertion...
[INFO] Add observations points in passing tests.
[INFO] Instrumentation...
 50% |========================= ]/ 50% |========================= ]/[INFO] Run instrumented tests. (6)
[INFO] Run: java -classpath /tmp/icst-2019/september-2018/dataset/commons-io_parent/target/test-classes:/tmp/icst-2019/september-2018/dataset/commons-io_parent/target/classes/:/home/spirals/danglot/.m2/repository/junit/junit/4.12/junit-4.12.jar:/home/spirals/danglot/.m2/repository/org/hamcrest/hamcrest-core/1.3/hamcrest-core-1.3.jar:/tmp/icst-2019/september-2018/dataset/commons-io_parent/target/dspot/dependencies/:/home/spirals/danglot/.m2/repository/eu/stamp-project/test-runner/1.1.0/test-runner-1.1.0-jar-with-dependencies.jar eu.stamp_project.testrunner.runner.test.TestRunner org.apache.commons.io.output.TaggedOutputStreamTest testBrokenStream_withlog0:testBrokenStream_withlog0:testBrokenStream_withlog1:testBrokenStream_withlog1:testBrokenStream_withlog2:testBrokenStream_withlog2
File saved to the following path: /tmp/icst-2019/september-2018/dataset/commons-io_parent/target/dspot/observations.ser
File saved to the following path: /tmp/icst-2019/september-2018/dataset/commons-io_parent/target/dspot/TestListener.ser
Loading /tmp/icst-2019/september-2018/dataset/commons-io_parent/target/dspot/TestListener.ser
[INFO] Test has been run: testBrokenStream_withlog0,testBrokenStream_withlog1,testBrokenStream_withlog2
[INFO] Generating assertions...
[INFO] 2 new tests with assertions generated
[INFO] Run: java -classpath /tmp/icst-2019/september-2018/dataset/commons-io_parent/target/test-classes:/tmp/icst-2019/september-2018/dataset/commons-io_parent/target/classes/:/home/spirals/danglot/.m2/repository/junit/junit/4.12/junit-4.12.jar:/home/spirals/danglot/.m2/repository/org/hamcrest/hamcrest-core/1.3/hamcrest-core-1.3.jar:/tmp/icst-2019/september-2018/dataset/commons-io_parent/target/dspot/dependencies/:/home/spirals/danglot/.m2/repository/eu/stamp-project/test-runner/1.1.0/test-runner-1.1.0-jar-with-dependencies.jar eu.stamp_project.testrunner.runner.test.TestRunner org.apache.commons.io.output.TaggedOutputStreamTest testBrokenStream:testBrokenStream
File saved to the following path: /tmp/icst-2019/september-2018/dataset/commons-io_parent/target/dspot/TestListener.ser
Loading /tmp/icst-2019/september-2018/dataset/commons-io_parent/target/dspot/TestListener.ser
[INFO] Test has been run: testBrokenStream
[INFO] Assertion amplification: 2 test method(s) has been successfully amplified.
[WARN] 2018-09-24 09:05:50 Launcher - You specified the directory /tmp/icst-2019/september-2018/dataset/commons-io/target/classes in source classpath, please note that only class files will be considered. Jars and subdirectories will be ignored.
[WARN] 2018-09-24 09:05:50 Launcher - You specified the directory /tmp/icst-2019/september-2018/dataset/commons-io/target/test-classes in source classpath, please note that only class files will be considered. Jars and subdirectories will be ignored.
[WARN] 2018-09-24 09:05:50 Launcher - You specified the directory /tmp/icst-2019/september-2018/dataset/commons-io/target/dspot/dependencies in source classpath, please note that only class files will be considered. Jars and subdirectories will be ignored.
[INFO] Run: java -classpath /tmp/icst-2019/september-2018/dataset/commons-io/target/classes/:/tmp/icst-2019/september-2018/dataset/commons-io/target/test-classes/:/home/spirals/danglot/.m2/repository/junit/junit/4.12/junit-4.12.jar:/home/spirals/danglot/.m2/repository/org/hamcrest/hamcrest-core/1.3/hamcrest-core-1.3.jar:/tmp/icst-2019/september-2018/dataset/commons-io/target/dspot/dependencies/:/home/spirals/danglot/.m2/repository/eu/stamp-project/test-runner/1.1.0/test-runner-1.1.0-jar-with-dependencies.jar eu.stamp_project.testrunner.runner.test.TestRunner org.apache.commons.io.output.TaggedOutputStreamTest testBrokenStream:testBrokenStream
File saved to the following path: /tmp/icst-2019/september-2018/dataset/commons-io_parent/target/dspot/TestListener.ser
Loading /tmp/icst-2019/september-2018/dataset/commons-io_parent/target/dspot/TestListener.ser
[INFO] Test has been run: testBrokenStream
[INFO] 0 amplified test methods has been selected to be kept. (global: 0)
[INFO] elapsedTime 2400
======= REPORT =======
0 amplified test fails on the new versions.

[WARNING] DSpot could not obtain any amplified test method.
[WARNING] You can customize the following options: --amplifiers, --test-criterion, --iteration, --budgetizer etc, and retry with a new configuration.
[INFO] Amplification succeed.
[INFO] Elapsed time 8246 ms
[INFO] ------------------------------------------------------------------------
[INFO] BUILD SUCCESS
[INFO] ------------------------------------------------------------------------
[INFO] Total time: 40.426 s
[INFO] Finished at: 2018-09-24T09:05:51+02:00
[INFO] ------------------------------------------------------------------------
