[INFO] Scanning for projects...
[WARNING] 
[WARNING] Some problems were encountered while building the effective model for org.xwiki.commons:xwiki-commons-tool-xar-plugin:maven-plugin:10.6-SNAPSHOT
[WARNING] Reporting configuration should be done in <reporting> section, not in maven-site-plugin <configuration> as reportPlugins parameter.
[WARNING] 
[WARNING] It is highly recommended to fix these problems because they threaten the stability of your build.
[WARNING] 
[WARNING] For this reason, future Maven versions might no longer support building such malformed projects.
[WARNING] 
[INFO] 
[INFO] ----------< org.xwiki.commons:xwiki-commons-tool-xar-plugin >-----------
[INFO] Building XWiki Commons - Tools - XAR Tools - XAR Plugin 10.6-SNAPSHOT
[INFO] ----------------------------[ maven-plugin ]----------------------------
[INFO] 
[INFO] --- dspot-maven:1.1.1-SNAPSHOT:amplify-unit-tests (default-cli) @ xwiki-commons-tool-xar-plugin ---
Downloading from stamp-maven-repository-mvn-repo: https://stamp-project.github.io/stamp-maven-repository/eu/stamp-project/dspot/1.1.1-SNAPSHOT/maven-metadata.xml
Downloading from stamp-maven-repository-mvn-repo: https://stamp-project.github.io/stamp-maven-repository/fr/inria/gforge/spoon/spoon-core/7.1.0-SNAPSHOT/maven-metadata.xml
Downloading from stamp-maven-repository-mvn-repo: https://stamp-project.github.io/stamp-maven-repository/org/eclipse/platform/org.eclipse.core.resources/maven-metadata.xml
Downloading from stamp-maven-repository-mvn-repo: https://stamp-project.github.io/stamp-maven-repository/org/eclipse/platform/org.eclipse.core.expressions/maven-metadata.xml
Downloading from stamp-maven-repository-mvn-repo: https://stamp-project.github.io/stamp-maven-repository/org/eclipse/platform/org.eclipse.core.runtime/maven-metadata.xml
Downloading from stamp-maven-repository-mvn-repo: https://stamp-project.github.io/stamp-maven-repository/org/eclipse/platform/org.eclipse.osgi/maven-metadata.xml
Downloading from stamp-maven-repository-mvn-repo: https://stamp-project.github.io/stamp-maven-repository/org/eclipse/platform/org.eclipse.equinox.common/maven-metadata.xml
Downloading from stamp-maven-repository-mvn-repo: https://stamp-project.github.io/stamp-maven-repository/org/eclipse/platform/org.eclipse.core.jobs/maven-metadata.xml
Downloading from stamp-maven-repository-mvn-repo: https://stamp-project.github.io/stamp-maven-repository/org/eclipse/platform/org.eclipse.equinox.registry/maven-metadata.xml
Downloading from stamp-maven-repository-mvn-repo: https://stamp-project.github.io/stamp-maven-repository/org/eclipse/platform/org.eclipse.equinox.preferences/maven-metadata.xml
Downloading from stamp-maven-repository-mvn-repo: https://stamp-project.github.io/stamp-maven-repository/org/eclipse/platform/org.eclipse.core.contenttype/maven-metadata.xml
Downloading from stamp-maven-repository-mvn-repo: https://stamp-project.github.io/stamp-maven-repository/org/eclipse/platform/org.eclipse.equinox.app/maven-metadata.xml
Downloading from stamp-maven-repository-mvn-repo: https://stamp-project.github.io/stamp-maven-repository/org/eclipse/platform/org.eclipse.core.filesystem/maven-metadata.xml
Downloading from stamp-maven-repository-mvn-repo: https://stamp-project.github.io/stamp-maven-repository/org/eclipse/platform/org.eclipse.text/maven-metadata.xml
Downloading from stamp-maven-repository-mvn-repo: https://stamp-project.github.io/stamp-maven-repository/org/eclipse/platform/org.eclipse.core.commands/maven-metadata.xml
[INFO] Path to runner Classes: /home/spirals/danglot/.m2/repository/eu/stamp-project/test-runner/1.1.0/test-runner-1.1.0-jar-with-dependencies.jar
[INFO] /home/spirals/danglot/.m2/repository/org/jacoco/org.jacoco.core/0.7.9/org.jacoco.core-0.7.9.jar
[INFO] /home/spirals/danglot/.m2/repository/org/ow2/asm/asm-debug-all/5.2/asm-debug-all-5.2.jar
[INFO] /home/spirals/danglot/.m2/repository/eu/stamp-project/test-runner/1.1.0/test-runner-1.1.0-jar-with-dependencies.jar
[WARNING] automaticBuilderName: unknown automatic builder specified in configuration, going to default.
[INFO] Default: provided Maven automatic builder.
[INFO] run maven clean test -DskipTests dependency:build-classpath -Dmdep.outputFile=target/dspot/classpath
[WARN] Maven will be executed in interactive mode, but no input stream has been configured for this MavenInvoker instance.
[INFO] Scanning for projects...
[WARNING] 
[WARNING] Some problems were encountered while building the effective model for org.xwiki.commons:xwiki-commons-tool-xar-plugin:maven-plugin:10.6-SNAPSHOT
[WARNING] Reporting configuration should be done in <reporting> section, not in maven-site-plugin <configuration> as reportPlugins parameter.
[WARNING] 
[WARNING] It is highly recommended to fix these problems because they threaten the stability of your build.
[WARNING] 
[WARNING] For this reason, future Maven versions might no longer support building such malformed projects.
[WARNING] 
[INFO] 
[INFO] ----------< org.xwiki.commons:xwiki-commons-tool-xar-plugin >-----------
[INFO] Building XWiki Commons - Tools - XAR Tools - XAR Plugin 10.6-SNAPSHOT
[INFO] ----------------------------[ maven-plugin ]----------------------------
[INFO] 
[INFO] --- maven-clean-plugin:3.1.0:clean (default-clean) @ xwiki-commons-tool-xar-plugin ---
[INFO] Deleting /tmp/icst-2019/september-2018/dataset/xwiki-commons_parent/xwiki-commons-tools/xwiki-commons-tool-xar/xwiki-commons-tool-xar-plugin/target
[INFO] 
[INFO] --- maven-enforcer-plugin:1.4.1:enforce (enforce-plugins) @ xwiki-commons-tool-xar-plugin ---
[INFO] Skipping Rule Enforcement.
[INFO] 
[INFO] --- maven-enforcer-plugin:1.4.1:enforce (enforce-jcl-log4j-isolation) @ xwiki-commons-tool-xar-plugin ---
[INFO] Skipping Rule Enforcement.
[INFO] 
[INFO] --- maven-enforcer-plugin:1.4.1:enforce (enforce-glasshfish-jaxb) @ xwiki-commons-tool-xar-plugin ---
[INFO] Skipping Rule Enforcement.
[INFO] 
[INFO] --- maven-enforcer-plugin:1.4.1:enforce (enforce-open-json) @ xwiki-commons-tool-xar-plugin ---
[INFO] Skipping Rule Enforcement.
[INFO] 
[INFO] --- maven-enforcer-plugin:1.4.1:enforce (enforce-glassfish-el) @ xwiki-commons-tool-xar-plugin ---
[INFO] Skipping Rule Enforcement.
[INFO] 
[INFO] --- maven-enforcer-plugin:1.4.1:enforce (enforce-commons-lang3) @ xwiki-commons-tool-xar-plugin ---
[INFO] Skipping Rule Enforcement.
[INFO] 
[INFO] --- maven-enforcer-plugin:1.4.1:enforce (enforce-commons-configuration2) @ xwiki-commons-tool-xar-plugin ---
[INFO] Skipping Rule Enforcement.
[INFO] 
[INFO] --- maven-enforcer-plugin:1.4.1:enforce (enforce-bouncycastle-ids) @ xwiki-commons-tool-xar-plugin ---
[INFO] Skipping Rule Enforcement.
[INFO] 
[INFO] --- maven-enforcer-plugin:1.4.1:enforce (enforce-javase-dependencies) @ xwiki-commons-tool-xar-plugin ---
[INFO] Skipping Rule Enforcement.
[INFO] 
[INFO] --- maven-enforcer-plugin:1.4.1:enforce (enforce-upper-bounds) @ xwiki-commons-tool-xar-plugin ---
[INFO] Skipping Rule Enforcement.
[INFO] 
[INFO] --- maven-resources-plugin:3.1.0:resources (default-resources) @ xwiki-commons-tool-xar-plugin ---
[INFO] Using 'UTF-8' encoding to copy filtered resources.
[INFO] skip non existing resourceDirectory /tmp/icst-2019/september-2018/dataset/xwiki-commons_parent/xwiki-commons-tools/xwiki-commons-tool-xar/xwiki-commons-tool-xar-plugin/src/main/resources
[INFO] 
[INFO] --- maven-compiler-plugin:3.7.0:compile (default-compile) @ xwiki-commons-tool-xar-plugin ---
[INFO] Changes detected - recompiling the module!
[INFO] Compiling 10 source files to /tmp/icst-2019/september-2018/dataset/xwiki-commons_parent/xwiki-commons-tools/xwiki-commons-tool-xar/xwiki-commons-tool-xar-plugin/target/classes
[INFO] /tmp/icst-2019/september-2018/dataset/xwiki-commons_parent/xwiki-commons-tools/xwiki-commons-tool-xar/xwiki-commons-tool-xar-plugin/src/main/java/org/xwiki/tool/xar/AbstractXARMojo.java: Some input files use or override a deprecated API.
[INFO] /tmp/icst-2019/september-2018/dataset/xwiki-commons_parent/xwiki-commons-tools/xwiki-commons-tool-xar/xwiki-commons-tool-xar-plugin/src/main/java/org/xwiki/tool/xar/AbstractXARMojo.java: Recompile with -Xlint:deprecation for details.
[INFO] 
[INFO] --- maven-plugin-plugin:3.5:descriptor (default-descriptor) @ xwiki-commons-tool-xar-plugin ---
[WARNING] 

Goal prefix is specified as: 'xar'. Maven currently expects it to be 'xwiki-commons-tool-xar'.

[INFO] Using 'UTF-8' encoding to read mojo source files.
[INFO] java-javadoc mojo extractor found 0 mojo descriptor.
[INFO] java-annotations mojo extractor found 4 mojo descriptors.
[INFO] 
[INFO] --- maven-resources-plugin:3.1.0:testResources (default-testResources) @ xwiki-commons-tool-xar-plugin ---
[INFO] Using 'UTF-8' encoding to copy filtered resources.
[INFO] Copying 1 resource
[INFO] 
[INFO] --- maven-compiler-plugin:3.7.0:testCompile (default-testCompile) @ xwiki-commons-tool-xar-plugin ---
[INFO] Changes detected - recompiling the module!
[INFO] Compiling 2 source files to /tmp/icst-2019/september-2018/dataset/xwiki-commons_parent/xwiki-commons-tools/xwiki-commons-tool-xar/xwiki-commons-tool-xar-plugin/target/test-classes
[INFO] /tmp/icst-2019/september-2018/dataset/xwiki-commons_parent/xwiki-commons-tools/xwiki-commons-tool-xar/xwiki-commons-tool-xar-plugin/src/test/java/org/xwiki/tool/xar/FormatMojoTest.java: /tmp/icst-2019/september-2018/dataset/xwiki-commons_parent/xwiki-commons-tools/xwiki-commons-tool-xar/xwiki-commons-tool-xar-plugin/src/test/java/org/xwiki/tool/xar/FormatMojoTest.java uses unchecked or unsafe operations.
[INFO] /tmp/icst-2019/september-2018/dataset/xwiki-commons_parent/xwiki-commons-tools/xwiki-commons-tool-xar/xwiki-commons-tool-xar-plugin/src/test/java/org/xwiki/tool/xar/FormatMojoTest.java: Recompile with -Xlint:unchecked for details.
[INFO] 
[INFO] --- maven-surefire-plugin:2.19.1:test (default-test) @ xwiki-commons-tool-xar-plugin ---
[INFO] Tests are skipped.
[INFO] 
[INFO] --- maven-dependency-plugin:3.1.1:build-classpath (default-cli) @ xwiki-commons-tool-xar-plugin ---
[INFO] Wrote classpath file '/tmp/icst-2019/september-2018/dataset/xwiki-commons_parent/xwiki-commons-tools/xwiki-commons-tool-xar/xwiki-commons-tool-xar-plugin/target/dspot/classpath'.
[INFO] ------------------------------------------------------------------------
[INFO] BUILD SUCCESS
[INFO] ------------------------------------------------------------------------
[INFO] Total time: 11.552 s
[INFO] Finished at: 2018-09-22T19:03:48+02:00
[INFO] ------------------------------------------------------------------------
[INFO] run maven clean test -DskipTests dependency:build-classpath -Dmdep.outputFile=target/dspot/classpath
[WARN] Maven will be executed in interactive mode, but no input stream has been configured for this MavenInvoker instance.
[INFO] Scanning for projects...
[WARNING] 
[WARNING] Some problems were encountered while building the effective model for org.xwiki.commons:xwiki-commons-tool-xar-plugin:maven-plugin:10.6-SNAPSHOT
[WARNING] Reporting configuration should be done in <reporting> section, not in maven-site-plugin <configuration> as reportPlugins parameter.
[WARNING] 
[WARNING] It is highly recommended to fix these problems because they threaten the stability of your build.
[WARNING] 
[WARNING] For this reason, future Maven versions might no longer support building such malformed projects.
[WARNING] 
[INFO] 
[INFO] ----------< org.xwiki.commons:xwiki-commons-tool-xar-plugin >-----------
[INFO] Building XWiki Commons - Tools - XAR Tools - XAR Plugin 10.6-SNAPSHOT
[INFO] ----------------------------[ maven-plugin ]----------------------------
[INFO] 
[INFO] --- maven-clean-plugin:3.1.0:clean (default-clean) @ xwiki-commons-tool-xar-plugin ---
[INFO] Deleting /tmp/icst-2019/september-2018/dataset/xwiki-commons/xwiki-commons-tools/xwiki-commons-tool-xar/xwiki-commons-tool-xar-plugin/target
[INFO] 
[INFO] --- maven-enforcer-plugin:1.4.1:enforce (enforce-plugins) @ xwiki-commons-tool-xar-plugin ---
[INFO] Skipping Rule Enforcement.
[INFO] 
[INFO] --- maven-enforcer-plugin:1.4.1:enforce (enforce-jcl-log4j-isolation) @ xwiki-commons-tool-xar-plugin ---
[INFO] Skipping Rule Enforcement.
[INFO] 
[INFO] --- maven-enforcer-plugin:1.4.1:enforce (enforce-glasshfish-jaxb) @ xwiki-commons-tool-xar-plugin ---
[INFO] Skipping Rule Enforcement.
[INFO] 
[INFO] --- maven-enforcer-plugin:1.4.1:enforce (enforce-open-json) @ xwiki-commons-tool-xar-plugin ---
[INFO] Skipping Rule Enforcement.
[INFO] 
[INFO] --- maven-enforcer-plugin:1.4.1:enforce (enforce-glassfish-el) @ xwiki-commons-tool-xar-plugin ---
[INFO] Skipping Rule Enforcement.
[INFO] 
[INFO] --- maven-enforcer-plugin:1.4.1:enforce (enforce-commons-lang3) @ xwiki-commons-tool-xar-plugin ---
[INFO] Skipping Rule Enforcement.
[INFO] 
[INFO] --- maven-enforcer-plugin:1.4.1:enforce (enforce-commons-configuration2) @ xwiki-commons-tool-xar-plugin ---
[INFO] Skipping Rule Enforcement.
[INFO] 
[INFO] --- maven-enforcer-plugin:1.4.1:enforce (enforce-bouncycastle-ids) @ xwiki-commons-tool-xar-plugin ---
[INFO] Skipping Rule Enforcement.
[INFO] 
[INFO] --- maven-enforcer-plugin:1.4.1:enforce (enforce-javase-dependencies) @ xwiki-commons-tool-xar-plugin ---
[INFO] Skipping Rule Enforcement.
[INFO] 
[INFO] --- maven-enforcer-plugin:1.4.1:enforce (enforce-upper-bounds) @ xwiki-commons-tool-xar-plugin ---
[INFO] Skipping Rule Enforcement.
[INFO] 
[INFO] --- maven-resources-plugin:3.1.0:resources (default-resources) @ xwiki-commons-tool-xar-plugin ---
[INFO] Using 'UTF-8' encoding to copy filtered resources.
[INFO] skip non existing resourceDirectory /tmp/icst-2019/september-2018/dataset/xwiki-commons/xwiki-commons-tools/xwiki-commons-tool-xar/xwiki-commons-tool-xar-plugin/src/main/resources
[INFO] 
[INFO] --- maven-compiler-plugin:3.7.0:compile (default-compile) @ xwiki-commons-tool-xar-plugin ---
[INFO] Changes detected - recompiling the module!
[INFO] Compiling 10 source files to /tmp/icst-2019/september-2018/dataset/xwiki-commons/xwiki-commons-tools/xwiki-commons-tool-xar/xwiki-commons-tool-xar-plugin/target/classes
[INFO] /tmp/icst-2019/september-2018/dataset/xwiki-commons/xwiki-commons-tools/xwiki-commons-tool-xar/xwiki-commons-tool-xar-plugin/src/main/java/org/xwiki/tool/xar/AbstractXARMojo.java: Some input files use or override a deprecated API.
[INFO] /tmp/icst-2019/september-2018/dataset/xwiki-commons/xwiki-commons-tools/xwiki-commons-tool-xar/xwiki-commons-tool-xar-plugin/src/main/java/org/xwiki/tool/xar/AbstractXARMojo.java: Recompile with -Xlint:deprecation for details.
[INFO] 
[INFO] --- maven-plugin-plugin:3.5:descriptor (default-descriptor) @ xwiki-commons-tool-xar-plugin ---
[WARNING] 

Goal prefix is specified as: 'xar'. Maven currently expects it to be 'xwiki-commons-tool-xar'.

[INFO] Using 'UTF-8' encoding to read mojo source files.
[INFO] java-javadoc mojo extractor found 0 mojo descriptor.
[INFO] java-annotations mojo extractor found 4 mojo descriptors.
[INFO] 
[INFO] --- maven-resources-plugin:3.1.0:testResources (default-testResources) @ xwiki-commons-tool-xar-plugin ---
[INFO] Using 'UTF-8' encoding to copy filtered resources.
[INFO] Copying 1 resource
[INFO] 
[INFO] --- maven-compiler-plugin:3.7.0:testCompile (default-testCompile) @ xwiki-commons-tool-xar-plugin ---
[INFO] Changes detected - recompiling the module!
[INFO] Compiling 2 source files to /tmp/icst-2019/september-2018/dataset/xwiki-commons/xwiki-commons-tools/xwiki-commons-tool-xar/xwiki-commons-tool-xar-plugin/target/test-classes
[INFO] /tmp/icst-2019/september-2018/dataset/xwiki-commons/xwiki-commons-tools/xwiki-commons-tool-xar/xwiki-commons-tool-xar-plugin/src/test/java/org/xwiki/tool/xar/FormatMojoTest.java: /tmp/icst-2019/september-2018/dataset/xwiki-commons/xwiki-commons-tools/xwiki-commons-tool-xar/xwiki-commons-tool-xar-plugin/src/test/java/org/xwiki/tool/xar/FormatMojoTest.java uses unchecked or unsafe operations.
[INFO] /tmp/icst-2019/september-2018/dataset/xwiki-commons/xwiki-commons-tools/xwiki-commons-tool-xar/xwiki-commons-tool-xar-plugin/src/test/java/org/xwiki/tool/xar/FormatMojoTest.java: Recompile with -Xlint:unchecked for details.
[INFO] 
[INFO] --- maven-surefire-plugin:2.19.1:test (default-test) @ xwiki-commons-tool-xar-plugin ---
[INFO] Tests are skipped.
[INFO] 
[INFO] --- maven-dependency-plugin:3.1.1:build-classpath (default-cli) @ xwiki-commons-tool-xar-plugin ---
[INFO] Wrote classpath file '/tmp/icst-2019/september-2018/dataset/xwiki-commons/xwiki-commons-tools/xwiki-commons-tool-xar/xwiki-commons-tool-xar-plugin/target/dspot/classpath'.
[INFO] ------------------------------------------------------------------------
[INFO] BUILD SUCCESS
[INFO] ------------------------------------------------------------------------
[INFO] Total time: 11.912 s
[INFO] Finished at: 2018-09-22T19:04:06+02:00
[INFO] ------------------------------------------------------------------------
[INFO] Amplification of org.xwiki.tool.xar.XWikiDocumentTest (1 test(s))
[INFO] Assertion amplification of org.xwiki.tool.xar.XWikiDocumentTest (1 test(s))
[INFO] Run: java -classpath /tmp/icst-2019/september-2018/dataset/xwiki-commons_parent/xwiki-commons-tools/xwiki-commons-tool-xar/xwiki-commons-tool-xar-plugin/target/test-classes:/tmp/icst-2019/september-2018/dataset/xwiki-commons_parent/xwiki-commons-tools/xwiki-commons-tool-xar/xwiki-commons-tool-xar-plugin/target/classes/:/home/spirals/danglot/.m2/repository/org/dom4j/dom4j/2.1.0/dom4j-2.1.0.jar:/home/spirals/danglot/.m2/repository/org/codehaus/plexus/plexus-archiver/3.6.0/plexus-archiver-3.6.0.jar:/home/spirals/danglot/.m2/repository/org/codehaus/plexus/plexus-io/3.0.1/plexus-io-3.0.1.jar:/home/spirals/danglot/.m2/repository/org/apache/commons/commons-compress/1.17/commons-compress-1.17.jar:/home/spirals/danglot/.m2/repository/org/iq80/snappy/snappy/0.4/snappy-0.4.jar:/home/spirals/danglot/.m2/repository/org/tukaani/xz/1.8/xz-1.8.jar:/home/spirals/danglot/.m2/repository/jaxen/jaxen/1.1.6/jaxen-1.1.6.jar:/home/spirals/danglot/.m2/repository/com/ibm/icu/icu4j/50.1.1/icu4j-50.1.1.jar:/home/spirals/danglot/.m2/repository/commons-io/commons-io/2.6/commons-io-2.6.jar:/home/spirals/danglot/.m2/repository/org/apache/commons/commons-lang3/3.7/commons-lang3-3.7.jar:/home/spirals/danglot/.m2/repository/org/codehaus/plexus/plexus-utils/3.1.0/plexus-utils-3.1.0.jar:/home/spirals/danglot/.m2/repository/org/apache/maven/maven-artifact/3.3.9/maven-artifact-3.3.9.jar:/home/spirals/danglot/.m2/repository/org/apache/maven/maven-plugin-api/3.3.9/maven-plugin-api-3.3.9.jar:/home/spirals/danglot/.m2/repository/org/eclipse/sisu/org.eclipse.sisu.plexus/0.3.3/org.eclipse.sisu.plexus-0.3.3.jar:/home/spirals/danglot/.m2/repository/javax/enterprise/cdi-api/1.0/cdi-api-1.0.jar:/home/spirals/danglot/.m2/repository/javax/inject/javax.inject/1/javax.inject-1.jar:/home/spirals/danglot/.m2/repository/org/eclipse/sisu/org.eclipse.sisu.inject/0.3.3/org.eclipse.sisu.inject-0.3.3.jar:/home/spirals/danglot/.m2/repository/org/apache/maven/maven-compat/3.3.9/maven-compat-3.3.9.jar:/home/spirals/danglot/.m2/repository/org/apache/maven/maven-model-builder/3.3.9/maven-model-builder-3.3.9.jar:/home/spirals/danglot/.m2/repository/org/apache/maven/maven-builder-support/3.3.9/maven-builder-support-3.3.9.jar:/home/spirals/danglot/.m2/repository/com/google/guava/guava/20.0/guava-20.0.jar:/home/spirals/danglot/.m2/repository/org/apache/maven/maven-settings/3.3.9/maven-settings-3.3.9.jar:/home/spirals/danglot/.m2/repository/org/apache/maven/maven-core/3.3.9/maven-core-3.3.9.jar:/home/spirals/danglot/.m2/repository/org/apache/maven/maven-settings-builder/3.3.9/maven-settings-builder-3.3.9.jar:/home/spirals/danglot/.m2/repository/org/apache/maven/maven-repository-metadata/3.3.9/maven-repository-metadata-3.3.9.jar:/home/spirals/danglot/.m2/repository/org/apache/maven/maven-aether-provider/3.3.9/maven-aether-provider-3.3.9.jar:/home/spirals/danglot/.m2/repository/org/eclipse/aether/aether-spi/1.0.2.v20150114/aether-spi-1.0.2.v20150114.jar:/home/spirals/danglot/.m2/repository/org/eclipse/aether/aether-impl/1.0.2.v20150114/aether-impl-1.0.2.v20150114.jar:/home/spirals/danglot/.m2/repository/org/eclipse/aether/aether-api/1.0.2.v20150114/aether-api-1.0.2.v20150114.jar:/home/spirals/danglot/.m2/repository/org/eclipse/aether/aether-util/1.0.2.v20150114/aether-util-1.0.2.v20150114.jar:/home/spirals/danglot/.m2/repository/com/google/inject/guice/4.0/guice-4.0-no_aop.jar:/home/spirals/danglot/.m2/repository/aopalliance/aopalliance/1.0/aopalliance-1.0.jar:/home/spirals/danglot/.m2/repository/org/sonatype/plexus/plexus-sec-dispatcher/1.3/plexus-sec-dispatcher-1.3.jar:/home/spirals/danglot/.m2/repository/org/sonatype/plexus/plexus-cipher/1.4/plexus-cipher-1.4.jar:/home/spirals/danglot/.m2/repository/org/codehaus/plexus/plexus-interpolation/1.25/plexus-interpolation-1.25.jar:/home/spirals/danglot/.m2/repository/org/codehaus/plexus/plexus-component-annotations/1.7.1/plexus-component-annotations-1.7.1.jar:/home/spirals/danglot/.m2/repository/org/apache/maven/wagon/wagon-provider-api/2.10/wagon-provider-api-2.10.jar:/home/spirals/danglot/.m2/repository/org/apache/maven/maven-model/3.3.9/maven-model-3.3.9.jar:/home/spirals/danglot/.m2/repository/org/apache/maven/plugin-tools/maven-plugin-annotations/3.5/maven-plugin-annotations-3.5.jar:/home/spirals/danglot/.m2/repository/org/codehaus/plexus/plexus-container-default/1.7.1/plexus-container-default-1.7.1.jar:/home/spirals/danglot/.m2/repository/org/codehaus/plexus/plexus-classworlds/2.5.2/plexus-classworlds-2.5.2.jar:/home/spirals/danglot/.m2/repository/org/apache/xbean/xbean-reflect/3.7/xbean-reflect-3.7.jar:/home/spirals/danglot/.m2/repository/com/google/collections/google-collections/1.0/google-collections-1.0.jar:/home/spirals/danglot/.m2/repository/org/twdata/maven/mojo-executor/2.2.0/mojo-executor-2.2.0.jar:/home/spirals/danglot/.m2/repository/xerces/xercesImpl/2.11.0/xercesImpl-2.11.0.jar:/home/spirals/danglot/.m2/repository/xml-apis/xml-apis/1.4.01/xml-apis-1.4.01.jar:/home/spirals/danglot/.m2/repository/junit/junit/4.12/junit-4.12.jar:/home/spirals/danglot/.m2/repository/org/hamcrest/hamcrest-core/1.3/hamcrest-core-1.3.jar:/tmp/icst-2019/september-2018/dataset/xwiki-commons_parent/xwiki-commons-tools/xwiki-commons-tool-xar/xwiki-commons-tool-xar-plugin/target/dspot/dependencies/:/home/spirals/danglot/.m2/repository/eu/stamp-project/test-runner/1.1.0/test-runner-1.1.0-jar-with-dependencies.jar eu.stamp_project.testrunner.runner.test.TestRunner org.xwiki.tool.xar.XWikiDocumentTest createReference
File saved to the following path: /tmp/icst-2019/september-2018/dataset/xwiki-commons_parent/xwiki-commons-tools/xwiki-commons-tool-xar/xwiki-commons-tool-xar-plugin/target/dspot/TestListener.ser
Loading /tmp/icst-2019/september-2018/dataset/xwiki-commons_parent/xwiki-commons-tools/xwiki-commons-tool-xar/xwiki-commons-tool-xar-plugin/target/dspot/TestListener.ser
[INFO] Test has been run: createReference
[INFO] Run tests. (1)
[INFO] Run: java -classpath /tmp/icst-2019/september-2018/dataset/xwiki-commons_parent/xwiki-commons-tools/xwiki-commons-tool-xar/xwiki-commons-tool-xar-plugin/target/test-classes:/tmp/icst-2019/september-2018/dataset/xwiki-commons_parent/xwiki-commons-tools/xwiki-commons-tool-xar/xwiki-commons-tool-xar-plugin/target/classes/:/home/spirals/danglot/.m2/repository/org/dom4j/dom4j/2.1.0/dom4j-2.1.0.jar:/home/spirals/danglot/.m2/repository/org/codehaus/plexus/plexus-archiver/3.6.0/plexus-archiver-3.6.0.jar:/home/spirals/danglot/.m2/repository/org/codehaus/plexus/plexus-io/3.0.1/plexus-io-3.0.1.jar:/home/spirals/danglot/.m2/repository/org/apache/commons/commons-compress/1.17/commons-compress-1.17.jar:/home/spirals/danglot/.m2/repository/org/iq80/snappy/snappy/0.4/snappy-0.4.jar:/home/spirals/danglot/.m2/repository/org/tukaani/xz/1.8/xz-1.8.jar:/home/spirals/danglot/.m2/repository/jaxen/jaxen/1.1.6/jaxen-1.1.6.jar:/home/spirals/danglot/.m2/repository/com/ibm/icu/icu4j/50.1.1/icu4j-50.1.1.jar:/home/spirals/danglot/.m2/repository/commons-io/commons-io/2.6/commons-io-2.6.jar:/home/spirals/danglot/.m2/repository/org/apache/commons/commons-lang3/3.7/commons-lang3-3.7.jar:/home/spirals/danglot/.m2/repository/org/codehaus/plexus/plexus-utils/3.1.0/plexus-utils-3.1.0.jar:/home/spirals/danglot/.m2/repository/org/apache/maven/maven-artifact/3.3.9/maven-artifact-3.3.9.jar:/home/spirals/danglot/.m2/repository/org/apache/maven/maven-plugin-api/3.3.9/maven-plugin-api-3.3.9.jar:/home/spirals/danglot/.m2/repository/org/eclipse/sisu/org.eclipse.sisu.plexus/0.3.3/org.eclipse.sisu.plexus-0.3.3.jar:/home/spirals/danglot/.m2/repository/javax/enterprise/cdi-api/1.0/cdi-api-1.0.jar:/home/spirals/danglot/.m2/repository/javax/inject/javax.inject/1/javax.inject-1.jar:/home/spirals/danglot/.m2/repository/org/eclipse/sisu/org.eclipse.sisu.inject/0.3.3/org.eclipse.sisu.inject-0.3.3.jar:/home/spirals/danglot/.m2/repository/org/apache/maven/maven-compat/3.3.9/maven-compat-3.3.9.jar:/home/spirals/danglot/.m2/repository/org/apache/maven/maven-model-builder/3.3.9/maven-model-builder-3.3.9.jar:/home/spirals/danglot/.m2/repository/org/apache/maven/maven-builder-support/3.3.9/maven-builder-support-3.3.9.jar:/home/spirals/danglot/.m2/repository/com/google/guava/guava/20.0/guava-20.0.jar:/home/spirals/danglot/.m2/repository/org/apache/maven/maven-settings/3.3.9/maven-settings-3.3.9.jar:/home/spirals/danglot/.m2/repository/org/apache/maven/maven-core/3.3.9/maven-core-3.3.9.jar:/home/spirals/danglot/.m2/repository/org/apache/maven/maven-settings-builder/3.3.9/maven-settings-builder-3.3.9.jar:/home/spirals/danglot/.m2/repository/org/apache/maven/maven-repository-metadata/3.3.9/maven-repository-metadata-3.3.9.jar:/home/spirals/danglot/.m2/repository/org/apache/maven/maven-aether-provider/3.3.9/maven-aether-provider-3.3.9.jar:/home/spirals/danglot/.m2/repository/org/eclipse/aether/aether-spi/1.0.2.v20150114/aether-spi-1.0.2.v20150114.jar:/home/spirals/danglot/.m2/repository/org/eclipse/aether/aether-impl/1.0.2.v20150114/aether-impl-1.0.2.v20150114.jar:/home/spirals/danglot/.m2/repository/org/eclipse/aether/aether-api/1.0.2.v20150114/aether-api-1.0.2.v20150114.jar:/home/spirals/danglot/.m2/repository/org/eclipse/aether/aether-util/1.0.2.v20150114/aether-util-1.0.2.v20150114.jar:/home/spirals/danglot/.m2/repository/com/google/inject/guice/4.0/guice-4.0-no_aop.jar:/home/spirals/danglot/.m2/repository/aopalliance/aopalliance/1.0/aopalliance-1.0.jar:/home/spirals/danglot/.m2/repository/org/sonatype/plexus/plexus-sec-dispatcher/1.3/plexus-sec-dispatcher-1.3.jar:/home/spirals/danglot/.m2/repository/org/sonatype/plexus/plexus-cipher/1.4/plexus-cipher-1.4.jar:/home/spirals/danglot/.m2/repository/org/codehaus/plexus/plexus-interpolation/1.25/plexus-interpolation-1.25.jar:/home/spirals/danglot/.m2/repository/org/codehaus/plexus/plexus-component-annotations/1.7.1/plexus-component-annotations-1.7.1.jar:/home/spirals/danglot/.m2/repository/org/apache/maven/wagon/wagon-provider-api/2.10/wagon-provider-api-2.10.jar:/home/spirals/danglot/.m2/repository/org/apache/maven/maven-model/3.3.9/maven-model-3.3.9.jar:/home/spirals/danglot/.m2/repository/org/apache/maven/plugin-tools/maven-plugin-annotations/3.5/maven-plugin-annotations-3.5.jar:/home/spirals/danglot/.m2/repository/org/codehaus/plexus/plexus-container-default/1.7.1/plexus-container-default-1.7.1.jar:/home/spirals/danglot/.m2/repository/org/codehaus/plexus/plexus-classworlds/2.5.2/plexus-classworlds-2.5.2.jar:/home/spirals/danglot/.m2/repository/org/apache/xbean/xbean-reflect/3.7/xbean-reflect-3.7.jar:/home/spirals/danglot/.m2/repository/com/google/collections/google-collections/1.0/google-collections-1.0.jar:/home/spirals/danglot/.m2/repository/org/twdata/maven/mojo-executor/2.2.0/mojo-executor-2.2.0.jar:/home/spirals/danglot/.m2/repository/xerces/xercesImpl/2.11.0/xercesImpl-2.11.0.jar:/home/spirals/danglot/.m2/repository/xml-apis/xml-apis/1.4.01/xml-apis-1.4.01.jar:/home/spirals/danglot/.m2/repository/junit/junit/4.12/junit-4.12.jar:/home/spirals/danglot/.m2/repository/org/hamcrest/hamcrest-core/1.3/hamcrest-core-1.3.jar:/tmp/icst-2019/september-2018/dataset/xwiki-commons_parent/xwiki-commons-tools/xwiki-commons-tool-xar/xwiki-commons-tool-xar-plugin/target/dspot/dependencies/:/home/spirals/danglot/.m2/repository/eu/stamp-project/test-runner/1.1.0/test-runner-1.1.0-jar-with-dependencies.jar eu.stamp_project.testrunner.runner.test.TestRunner org.xwiki.tool.xar.XWikiDocumentTest createReference
File saved to the following path: /tmp/icst-2019/september-2018/dataset/xwiki-commons_parent/xwiki-commons-tools/xwiki-commons-tool-xar/xwiki-commons-tool-xar-plugin/target/dspot/TestListener.ser
Loading /tmp/icst-2019/september-2018/dataset/xwiki-commons_parent/xwiki-commons-tools/xwiki-commons-tool-xar/xwiki-commons-tool-xar-plugin/target/dspot/TestListener.ser
[INFO] Test has been run: createReference
[INFO] 1 test pass, generating assertion...
[INFO] Add observations points in passing tests.
[INFO] Instrumentation...
100% |================================================== ]/
[INFO] Run instrumented tests. (3)
[INFO] Run: java -classpath /tmp/icst-2019/september-2018/dataset/xwiki-commons_parent/xwiki-commons-tools/xwiki-commons-tool-xar/xwiki-commons-tool-xar-plugin/target/test-classes:/tmp/icst-2019/september-2018/dataset/xwiki-commons_parent/xwiki-commons-tools/xwiki-commons-tool-xar/xwiki-commons-tool-xar-plugin/target/classes/:/home/spirals/danglot/.m2/repository/org/dom4j/dom4j/2.1.0/dom4j-2.1.0.jar:/home/spirals/danglot/.m2/repository/org/codehaus/plexus/plexus-archiver/3.6.0/plexus-archiver-3.6.0.jar:/home/spirals/danglot/.m2/repository/org/codehaus/plexus/plexus-io/3.0.1/plexus-io-3.0.1.jar:/home/spirals/danglot/.m2/repository/org/apache/commons/commons-compress/1.17/commons-compress-1.17.jar:/home/spirals/danglot/.m2/repository/org/iq80/snappy/snappy/0.4/snappy-0.4.jar:/home/spirals/danglot/.m2/repository/org/tukaani/xz/1.8/xz-1.8.jar:/home/spirals/danglot/.m2/repository/jaxen/jaxen/1.1.6/jaxen-1.1.6.jar:/home/spirals/danglot/.m2/repository/com/ibm/icu/icu4j/50.1.1/icu4j-50.1.1.jar:/home/spirals/danglot/.m2/repository/commons-io/commons-io/2.6/commons-io-2.6.jar:/home/spirals/danglot/.m2/repository/org/apache/commons/commons-lang3/3.7/commons-lang3-3.7.jar:/home/spirals/danglot/.m2/repository/org/codehaus/plexus/plexus-utils/3.1.0/plexus-utils-3.1.0.jar:/home/spirals/danglot/.m2/repository/org/apache/maven/maven-artifact/3.3.9/maven-artifact-3.3.9.jar:/home/spirals/danglot/.m2/repository/org/apache/maven/maven-plugin-api/3.3.9/maven-plugin-api-3.3.9.jar:/home/spirals/danglot/.m2/repository/org/eclipse/sisu/org.eclipse.sisu.plexus/0.3.3/org.eclipse.sisu.plexus-0.3.3.jar:/home/spirals/danglot/.m2/repository/javax/enterprise/cdi-api/1.0/cdi-api-1.0.jar:/home/spirals/danglot/.m2/repository/javax/inject/javax.inject/1/javax.inject-1.jar:/home/spirals/danglot/.m2/repository/org/eclipse/sisu/org.eclipse.sisu.inject/0.3.3/org.eclipse.sisu.inject-0.3.3.jar:/home/spirals/danglot/.m2/repository/org/apache/maven/maven-compat/3.3.9/maven-compat-3.3.9.jar:/home/spirals/danglot/.m2/repository/org/apache/maven/maven-model-builder/3.3.9/maven-model-builder-3.3.9.jar:/home/spirals/danglot/.m2/repository/org/apache/maven/maven-builder-support/3.3.9/maven-builder-support-3.3.9.jar:/home/spirals/danglot/.m2/repository/com/google/guava/guava/20.0/guava-20.0.jar:/home/spirals/danglot/.m2/repository/org/apache/maven/maven-settings/3.3.9/maven-settings-3.3.9.jar:/home/spirals/danglot/.m2/repository/org/apache/maven/maven-core/3.3.9/maven-core-3.3.9.jar:/home/spirals/danglot/.m2/repository/org/apache/maven/maven-settings-builder/3.3.9/maven-settings-builder-3.3.9.jar:/home/spirals/danglot/.m2/repository/org/apache/maven/maven-repository-metadata/3.3.9/maven-repository-metadata-3.3.9.jar:/home/spirals/danglot/.m2/repository/org/apache/maven/maven-aether-provider/3.3.9/maven-aether-provider-3.3.9.jar:/home/spirals/danglot/.m2/repository/org/eclipse/aether/aether-spi/1.0.2.v20150114/aether-spi-1.0.2.v20150114.jar:/home/spirals/danglot/.m2/repository/org/eclipse/aether/aether-impl/1.0.2.v20150114/aether-impl-1.0.2.v20150114.jar:/home/spirals/danglot/.m2/repository/org/eclipse/aether/aether-api/1.0.2.v20150114/aether-api-1.0.2.v20150114.jar:/home/spirals/danglot/.m2/repository/org/eclipse/aether/aether-util/1.0.2.v20150114/aether-util-1.0.2.v20150114.jar:/home/spirals/danglot/.m2/repository/com/google/inject/guice/4.0/guice-4.0-no_aop.jar:/home/spirals/danglot/.m2/repository/aopalliance/aopalliance/1.0/aopalliance-1.0.jar:/home/spirals/danglot/.m2/repository/org/sonatype/plexus/plexus-sec-dispatcher/1.3/plexus-sec-dispatcher-1.3.jar:/home/spirals/danglot/.m2/repository/org/sonatype/plexus/plexus-cipher/1.4/plexus-cipher-1.4.jar:/home/spirals/danglot/.m2/repository/org/codehaus/plexus/plexus-interpolation/1.25/plexus-interpolation-1.25.jar:/home/spirals/danglot/.m2/repository/org/codehaus/plexus/plexus-component-annotations/1.7.1/plexus-component-annotations-1.7.1.jar:/home/spirals/danglot/.m2/repository/org/apache/maven/wagon/wagon-provider-api/2.10/wagon-provider-api-2.10.jar:/home/spirals/danglot/.m2/repository/org/apache/maven/maven-model/3.3.9/maven-model-3.3.9.jar:/home/spirals/danglot/.m2/repository/org/apache/maven/plugin-tools/maven-plugin-annotations/3.5/maven-plugin-annotations-3.5.jar:/home/spirals/danglot/.m2/repository/org/codehaus/plexus/plexus-container-default/1.7.1/plexus-container-default-1.7.1.jar:/home/spirals/danglot/.m2/repository/org/codehaus/plexus/plexus-classworlds/2.5.2/plexus-classworlds-2.5.2.jar:/home/spirals/danglot/.m2/repository/org/apache/xbean/xbean-reflect/3.7/xbean-reflect-3.7.jar:/home/spirals/danglot/.m2/repository/com/google/collections/google-collections/1.0/google-collections-1.0.jar:/home/spirals/danglot/.m2/repository/org/twdata/maven/mojo-executor/2.2.0/mojo-executor-2.2.0.jar:/home/spirals/danglot/.m2/repository/xerces/xercesImpl/2.11.0/xercesImpl-2.11.0.jar:/home/spirals/danglot/.m2/repository/xml-apis/xml-apis/1.4.01/xml-apis-1.4.01.jar:/home/spirals/danglot/.m2/repository/junit/junit/4.12/junit-4.12.jar:/home/spirals/danglot/.m2/repository/org/hamcrest/hamcrest-core/1.3/hamcrest-core-1.3.jar:/tmp/icst-2019/september-2018/dataset/xwiki-commons_parent/xwiki-commons-tools/xwiki-commons-tool-xar/xwiki-commons-tool-xar-plugin/target/dspot/dependencies/:/home/spirals/danglot/.m2/repository/eu/stamp-project/test-runner/1.1.0/test-runner-1.1.0-jar-with-dependencies.jar eu.stamp_project.testrunner.runner.test.TestRunner org.xwiki.tool.xar.XWikiDocumentTest createReference_withlog0:createReference_withlog1:createReference_withlog2
File saved to the following path: /tmp/icst-2019/september-2018/dataset/xwiki-commons_parent/xwiki-commons-tools/xwiki-commons-tool-xar/xwiki-commons-tool-xar-plugin/target/dspot/observations.ser
File saved to the following path: /tmp/icst-2019/september-2018/dataset/xwiki-commons_parent/xwiki-commons-tools/xwiki-commons-tool-xar/xwiki-commons-tool-xar-plugin/target/dspot/TestListener.ser
Loading /tmp/icst-2019/september-2018/dataset/xwiki-commons_parent/xwiki-commons-tools/xwiki-commons-tool-xar/xwiki-commons-tool-xar-plugin/target/dspot/TestListener.ser
[INFO] Test has been run: createReference_withlog0,createReference_withlog1,createReference_withlog2
[INFO] Generating assertions...
[INFO] Could not generate any test with assertions
[INFO] 0 amplified test methods has been selected to be kept. (global: 0)
[INFO] elapsedTime 3740
======= REPORT =======
0 amplified test fails on the new versions.

[WARNING] DSpot could not obtain any amplified test method.
[WARNING] You can customize the following options: --amplifiers, --test-criterion, --iteration, --budgetizer etc, and retry with a new configuration.
[INFO] Amplification succeed.
[INFO] Elapsed time 4297 ms
[INFO] ------------------------------------------------------------------------
[INFO] BUILD SUCCESS
[INFO] ------------------------------------------------------------------------
[INFO] Total time: 44.932 s
[INFO] Finished at: 2018-09-22T19:04:11+02:00
[INFO] ------------------------------------------------------------------------
