[INFO] Scanning for projects...
[INFO] 
[INFO] ------------------< org.apache.commons:commons-lang3 >------------------
[INFO] Building Apache Commons Lang 3.8-SNAPSHOT
[INFO] --------------------------------[ jar ]---------------------------------
[INFO] 
[INFO] --- dspot-maven:1.1.1-SNAPSHOT:amplify-unit-tests (default-cli) @ commons-lang3 ---
Downloading from stamp-maven-repository-mvn-repo: https://stamp-project.github.io/stamp-maven-repository/eu/stamp-project/dspot/1.1.1-SNAPSHOT/maven-metadata.xml
Downloading from stamp-maven-repository-mvn-repo: https://stamp-project.github.io/stamp-maven-repository/fr/inria/gforge/spoon/spoon-core/7.1.0-SNAPSHOT/maven-metadata.xml
Downloading from stamp-maven-repository-mvn-repo: https://stamp-project.github.io/stamp-maven-repository/org/eclipse/platform/org.eclipse.core.resources/maven-metadata.xml
Downloading from stamp-maven-repository-mvn-repo: https://stamp-project.github.io/stamp-maven-repository/org/eclipse/platform/org.eclipse.core.expressions/maven-metadata.xml
Downloading from stamp-maven-repository-mvn-repo: https://stamp-project.github.io/stamp-maven-repository/org/eclipse/platform/org.eclipse.core.runtime/maven-metadata.xml
Downloading from stamp-maven-repository-mvn-repo: https://stamp-project.github.io/stamp-maven-repository/org/eclipse/platform/org.eclipse.osgi/maven-metadata.xml
Downloading from stamp-maven-repository-mvn-repo: https://stamp-project.github.io/stamp-maven-repository/org/eclipse/platform/org.eclipse.equinox.common/maven-metadata.xml
Downloading from stamp-maven-repository-mvn-repo: https://stamp-project.github.io/stamp-maven-repository/org/eclipse/platform/org.eclipse.core.jobs/maven-metadata.xml
Downloading from stamp-maven-repository-mvn-repo: https://stamp-project.github.io/stamp-maven-repository/org/eclipse/platform/org.eclipse.equinox.registry/maven-metadata.xml
Downloading from stamp-maven-repository-mvn-repo: https://stamp-project.github.io/stamp-maven-repository/org/eclipse/platform/org.eclipse.equinox.preferences/maven-metadata.xml
Downloading from stamp-maven-repository-mvn-repo: https://stamp-project.github.io/stamp-maven-repository/org/eclipse/platform/org.eclipse.core.contenttype/maven-metadata.xml
Downloading from stamp-maven-repository-mvn-repo: https://stamp-project.github.io/stamp-maven-repository/org/eclipse/platform/org.eclipse.equinox.app/maven-metadata.xml
Downloading from stamp-maven-repository-mvn-repo: https://stamp-project.github.io/stamp-maven-repository/org/eclipse/platform/org.eclipse.core.filesystem/maven-metadata.xml
Downloading from stamp-maven-repository-mvn-repo: https://stamp-project.github.io/stamp-maven-repository/org/eclipse/platform/org.eclipse.text/maven-metadata.xml
Downloading from stamp-maven-repository-mvn-repo: https://stamp-project.github.io/stamp-maven-repository/org/eclipse/platform/org.eclipse.core.commands/maven-metadata.xml
[INFO] Path to runner Classes: /home/spirals/danglot/.m2/repository/eu/stamp-project/test-runner/1.1.0/test-runner-1.1.0-jar-with-dependencies.jar
[INFO] /home/spirals/danglot/.m2/repository/org/jacoco/org.jacoco.core/0.7.9/org.jacoco.core-0.7.9.jar
[INFO] /home/spirals/danglot/.m2/repository/org/ow2/asm/asm-debug-all/5.2/asm-debug-all-5.2.jar
[INFO] /home/spirals/danglot/.m2/repository/eu/stamp-project/test-runner/1.1.0/test-runner-1.1.0-jar-with-dependencies.jar
[WARNING] automaticBuilderName: unknown automatic builder specified in configuration, going to default.
[INFO] Default: provided Maven automatic builder.
[INFO] run maven clean test -DskipTests dependency:build-classpath -Dmdep.outputFile=target/dspot/classpath
[WARN] Maven will be executed in interactive mode, but no input stream has been configured for this MavenInvoker instance.
[INFO] Scanning for projects...
[INFO] 
[INFO] ------------------< org.apache.commons:commons-lang3 >------------------
[INFO] Building Apache Commons Lang 3.8-SNAPSHOT
[INFO] --------------------------------[ jar ]---------------------------------
[INFO] 
[INFO] --- maven-clean-plugin:3.0.0:clean (default-clean) @ commons-lang3 ---
[INFO] Deleting /tmp/icst-2019/september-2018/dataset/commons-lang_parent/target
[INFO] 
[INFO] --- maven-enforcer-plugin:3.0.0-M2:enforce (enforce-maven-version) @ commons-lang3 ---
[INFO] Skipping Rule Enforcement.
[INFO] 
[INFO] --- maven-enforcer-plugin:3.0.0-M2:enforce (enforce-maven-3) @ commons-lang3 ---
[INFO] Skipping Rule Enforcement.
[INFO] 
[INFO] --- build-helper-maven-plugin:3.0.0:parse-version (parse-version) @ commons-lang3 ---
[INFO] 
[INFO] --- maven-antrun-plugin:1.8:run (javadoc.resources) @ commons-lang3 ---
[INFO] Executing tasks

main:
     [copy] Copying 2 files to /tmp/icst-2019/september-2018/dataset/commons-lang_parent/target/apidocs/META-INF
[INFO] Executed tasks
[INFO] 
[INFO] --- maven-remote-resources-plugin:1.5:process (process-resource-bundles) @ commons-lang3 ---
[INFO] 
[INFO] --- buildnumber-maven-plugin:1.4:create (default) @ commons-lang3 ---
[INFO] Executing: /bin/sh -c cd '/tmp/icst-2019/september-2018/dataset/commons-lang_parent' && 'git' 'rev-parse' '--verify' 'HEAD'
[INFO] Working directory: /tmp/icst-2019/september-2018/dataset/commons-lang_parent
[INFO] Storing buildNumber: 08aa21f9217df0a28d48be5be5db03ddf4867140 at timestamp: 1537730523526
[INFO] Storing buildScmBranch: master
[INFO] 
[INFO] --- maven-resources-plugin:3.0.2:resources (default-resources) @ commons-lang3 ---
[INFO] Using 'ISO-8859-1' encoding to copy filtered resources.
[INFO] skip non existing resourceDirectory /tmp/icst-2019/september-2018/dataset/commons-lang_parent/src/main/resources
[INFO] Copying 2 resources to META-INF
[INFO] 
[INFO] --- maven-compiler-plugin:3.7.0:compile (default-compile) @ commons-lang3 ---
[INFO] Changes detected - recompiling the module!
[INFO] Compiling 153 source files to /tmp/icst-2019/september-2018/dataset/commons-lang_parent/target/classes
[INFO] /tmp/icst-2019/september-2018/dataset/commons-lang_parent/src/main/java/org/apache/commons/lang3/builder/ToStringStyle.java: Some input files use or override a deprecated API.
[INFO] /tmp/icst-2019/september-2018/dataset/commons-lang_parent/src/main/java/org/apache/commons/lang3/builder/ToStringStyle.java: Recompile with -Xlint:deprecation for details.
[INFO] /tmp/icst-2019/september-2018/dataset/commons-lang_parent/src/main/java/org/apache/commons/lang3/text/StrBuilder.java: Some input files use unchecked or unsafe operations.
[INFO] /tmp/icst-2019/september-2018/dataset/commons-lang_parent/src/main/java/org/apache/commons/lang3/text/StrBuilder.java: Recompile with -Xlint:unchecked for details.
[INFO] 
[INFO] --- maven-bundle-plugin:3.5.0:manifest (bundle-manifest) @ commons-lang3 ---
[INFO] 
[INFO] --- animal-sniffer-maven-plugin:1.16:check (checkAPIcompatibility) @ commons-lang3 ---
[INFO] Checking unresolved references to org.codehaus.mojo.signature:java17:1.0
[INFO] 
[INFO] --- maven-resources-plugin:3.0.2:testResources (default-testResources) @ commons-lang3 ---
[INFO] Using 'ISO-8859-1' encoding to copy filtered resources.
[INFO] Copying 2 resources
[INFO] Copying 2 resources to META-INF
[INFO] 
[INFO] --- maven-compiler-plugin:3.7.0:testCompile (default-testCompile) @ commons-lang3 ---
[INFO] Changes detected - recompiling the module!
[INFO] Compiling 174 source files to /tmp/icst-2019/september-2018/dataset/commons-lang_parent/target/test-classes
[INFO] /tmp/icst-2019/september-2018/dataset/commons-lang_parent/src/test/java/org/apache/commons/lang3/StringEscapeUtilsTest.java: Some input files use or override a deprecated API.
[INFO] /tmp/icst-2019/september-2018/dataset/commons-lang_parent/src/test/java/org/apache/commons/lang3/StringEscapeUtilsTest.java: Recompile with -Xlint:deprecation for details.
[INFO] /tmp/icst-2019/september-2018/dataset/commons-lang_parent/src/test/java/org/apache/commons/lang3/EnumUtilsTest.java: /tmp/icst-2019/september-2018/dataset/commons-lang_parent/src/test/java/org/apache/commons/lang3/EnumUtilsTest.java uses unchecked or unsafe operations.
[INFO] /tmp/icst-2019/september-2018/dataset/commons-lang_parent/src/test/java/org/apache/commons/lang3/EnumUtilsTest.java: Recompile with -Xlint:unchecked for details.
[INFO] 
[INFO] --- maven-surefire-plugin:2.22.0:test (default-test) @ commons-lang3 ---
[INFO] Tests are skipped.
[INFO] 
[INFO] --- maven-dependency-plugin:2.10:build-classpath (default-cli) @ commons-lang3 ---
[INFO] Wrote classpath file '/tmp/icst-2019/september-2018/dataset/commons-lang_parent/target/dspot/classpath'.
[INFO] ------------------------------------------------------------------------
[INFO] BUILD SUCCESS
[INFO] ------------------------------------------------------------------------
[INFO] Total time: 15.341 s
[INFO] Finished at: 2018-09-23T21:22:15+02:00
[INFO] ------------------------------------------------------------------------
[INFO] run maven clean test -DskipTests dependency:build-classpath -Dmdep.outputFile=target/dspot/classpath
[WARN] Maven will be executed in interactive mode, but no input stream has been configured for this MavenInvoker instance.
[INFO] Scanning for projects...
[INFO] 
[INFO] ------------------< org.apache.commons:commons-lang3 >------------------
[INFO] Building Apache Commons Lang 3.8-SNAPSHOT
[INFO] --------------------------------[ jar ]---------------------------------
[INFO] 
[INFO] --- maven-clean-plugin:3.0.0:clean (default-clean) @ commons-lang3 ---
[INFO] Deleting /tmp/icst-2019/september-2018/dataset/commons-lang/target
[INFO] 
[INFO] --- maven-enforcer-plugin:3.0.0-M2:enforce (enforce-maven-version) @ commons-lang3 ---
[INFO] Skipping Rule Enforcement.
[INFO] 
[INFO] --- maven-enforcer-plugin:3.0.0-M2:enforce (enforce-maven-3) @ commons-lang3 ---
[INFO] Skipping Rule Enforcement.
[INFO] 
[INFO] --- build-helper-maven-plugin:3.0.0:parse-version (parse-version) @ commons-lang3 ---
[INFO] 
[INFO] --- maven-antrun-plugin:1.8:run (javadoc.resources) @ commons-lang3 ---
[INFO] Executing tasks

main:
     [copy] Copying 2 files to /tmp/icst-2019/september-2018/dataset/commons-lang/target/apidocs/META-INF
[INFO] Executed tasks
[INFO] 
[INFO] --- maven-remote-resources-plugin:1.5:process (process-resource-bundles) @ commons-lang3 ---
[INFO] 
[INFO] --- buildnumber-maven-plugin:1.4:create (default) @ commons-lang3 ---
[INFO] Executing: /bin/sh -c cd '/tmp/icst-2019/september-2018/dataset/commons-lang' && 'git' 'rev-parse' '--verify' 'HEAD'
[INFO] Working directory: /tmp/icst-2019/september-2018/dataset/commons-lang
[INFO] Storing buildNumber: b31877a46009d5ee52af9b5f737dabe241689931 at timestamp: 1537730549965
[INFO] Storing buildScmBranch: master
[INFO] 
[INFO] --- maven-resources-plugin:3.0.2:resources (default-resources) @ commons-lang3 ---
[INFO] Using 'ISO-8859-1' encoding to copy filtered resources.
[INFO] skip non existing resourceDirectory /tmp/icst-2019/september-2018/dataset/commons-lang/src/main/resources
[INFO] Copying 2 resources to META-INF
[INFO] 
[INFO] --- maven-compiler-plugin:3.7.0:compile (default-compile) @ commons-lang3 ---
[INFO] Changes detected - recompiling the module!
[INFO] Compiling 153 source files to /tmp/icst-2019/september-2018/dataset/commons-lang/target/classes
[INFO] /tmp/icst-2019/september-2018/dataset/commons-lang/src/main/java/org/apache/commons/lang3/builder/ToStringStyle.java: Some input files use or override a deprecated API.
[INFO] /tmp/icst-2019/september-2018/dataset/commons-lang/src/main/java/org/apache/commons/lang3/builder/ToStringStyle.java: Recompile with -Xlint:deprecation for details.
[INFO] /tmp/icst-2019/september-2018/dataset/commons-lang/src/main/java/org/apache/commons/lang3/text/StrBuilder.java: Some input files use unchecked or unsafe operations.
[INFO] /tmp/icst-2019/september-2018/dataset/commons-lang/src/main/java/org/apache/commons/lang3/text/StrBuilder.java: Recompile with -Xlint:unchecked for details.
[INFO] 
[INFO] --- maven-bundle-plugin:3.5.0:manifest (bundle-manifest) @ commons-lang3 ---
[INFO] 
[INFO] --- animal-sniffer-maven-plugin:1.16:check (checkAPIcompatibility) @ commons-lang3 ---
[INFO] Checking unresolved references to org.codehaus.mojo.signature:java17:1.0
[INFO] 
[INFO] --- maven-resources-plugin:3.0.2:testResources (default-testResources) @ commons-lang3 ---
[INFO] Using 'ISO-8859-1' encoding to copy filtered resources.
[INFO] Copying 2 resources
[INFO] Copying 2 resources to META-INF
[INFO] 
[INFO] --- maven-compiler-plugin:3.7.0:testCompile (default-testCompile) @ commons-lang3 ---
[INFO] Changes detected - recompiling the module!
[INFO] Compiling 174 source files to /tmp/icst-2019/september-2018/dataset/commons-lang/target/test-classes
[INFO] /tmp/icst-2019/september-2018/dataset/commons-lang/src/test/java/org/apache/commons/lang3/StringUtilsTest.java: Some input files use or override a deprecated API.
[INFO] /tmp/icst-2019/september-2018/dataset/commons-lang/src/test/java/org/apache/commons/lang3/StringUtilsTest.java: Recompile with -Xlint:deprecation for details.
[INFO] /tmp/icst-2019/september-2018/dataset/commons-lang/src/test/java/org/apache/commons/lang3/EnumUtilsTest.java: /tmp/icst-2019/september-2018/dataset/commons-lang/src/test/java/org/apache/commons/lang3/EnumUtilsTest.java uses unchecked or unsafe operations.
[INFO] /tmp/icst-2019/september-2018/dataset/commons-lang/src/test/java/org/apache/commons/lang3/EnumUtilsTest.java: Recompile with -Xlint:unchecked for details.
[INFO] 
[INFO] --- maven-surefire-plugin:2.22.0:test (default-test) @ commons-lang3 ---
[INFO] Tests are skipped.
[INFO] 
[INFO] --- maven-dependency-plugin:2.10:build-classpath (default-cli) @ commons-lang3 ---
[INFO] Wrote classpath file '/tmp/icst-2019/september-2018/dataset/commons-lang/target/dspot/classpath'.
[INFO] ------------------------------------------------------------------------
[INFO] BUILD SUCCESS
[INFO] ------------------------------------------------------------------------
[INFO] Total time: 16.001 s
[INFO] Finished at: 2018-09-23T21:22:42+02:00
[INFO] ------------------------------------------------------------------------
[INFO] Amplification of org.apache.commons.lang3.math.NumberUtilsTest (25 test(s))
[INFO] Assertion amplification of org.apache.commons.lang3.math.NumberUtilsTest (25 test(s))
[INFO] Run: java -classpath /tmp/icst-2019/september-2018/dataset/commons-lang_parent/target/test-classes:/tmp/icst-2019/september-2018/dataset/commons-lang_parent/target/classes/:/home/spirals/danglot/.m2/repository/junit/junit/4.12/junit-4.12.jar:/home/spirals/danglot/.m2/repository/org/hamcrest/hamcrest-core/1.3/hamcrest-core-1.3.jar:/home/spirals/danglot/.m2/repository/org/hamcrest/hamcrest-all/1.3/hamcrest-all-1.3.jar:/home/spirals/danglot/.m2/repository/org/easymock/easymock/3.5.1/easymock-3.5.1.jar:/home/spirals/danglot/.m2/repository/org/objenesis/objenesis/2.6/objenesis-2.6.jar:/home/spirals/danglot/.m2/repository/org/openjdk/jmh/jmh-core/1.19/jmh-core-1.19.jar:/home/spirals/danglot/.m2/repository/net/sf/jopt-simple/jopt-simple/4.6/jopt-simple-4.6.jar:/home/spirals/danglot/.m2/repository/org/apache/commons/commons-math3/3.2/commons-math3-3.2.jar:/home/spirals/danglot/.m2/repository/org/openjdk/jmh/jmh-generator-annprocess/1.19/jmh-generator-annprocess-1.19.jar:/tmp/icst-2019/september-2018/dataset/commons-lang_parent/target/dspot/dependencies/:/home/spirals/danglot/.m2/repository/eu/stamp-project/test-runner/1.1.0/test-runner-1.1.0-jar-with-dependencies.jar eu.stamp_project.testrunner.runner.test.TestRunner org.apache.commons.lang3.math.NumberUtilsTest testLANG971:testLANG992:testLANG972:testStringCreateNumberEnsureNoPrecisionLoss:testIsNumberLANG1252:testIsNumberLANG992:testCreateNumber:testCreateNumberMagnitude:testIsNumber:TestLang747:testLANG1252:testIsNumberLANG1385:testIsNumberLANG972:testIsNumberLANG971:testLang300:testCreateNumberFailure_4:testIsCreatable:testCreateNumberFailure_5:testCreateNumberFailure_6:testCreateNumberFailure_7:testCreateNumberFailure_8:testLang1087:testCreateNumberFailure_1:testCreateNumberFailure_2:testCreateNumberFailure_3
File saved to the following path: /tmp/icst-2019/september-2018/dataset/commons-lang_parent/target/dspot/TestListener.ser
Loading /tmp/icst-2019/september-2018/dataset/commons-lang_parent/target/dspot/TestListener.ser
[INFO] Test has been run: testCreateNumber,testLANG971,testLANG972,testLANG992,testLang1087,testCreateNumberMagnitude,testLang300,testIsNumberLANG1252,testIsNumberLANG1385,testLANG1252,testIsNumber,testCreateNumberFailure_1,testCreateNumberFailure_2,testCreateNumberFailure_3,testCreateNumberFailure_4,testCreateNumberFailure_5,testCreateNumberFailure_6,testCreateNumberFailure_7,testCreateNumberFailure_8,testIsCreatable,TestLang747,testIsNumberLANG971,testIsNumberLANG972,testIsNumberLANG992,testStringCreateNumberEnsureNoPrecisionLoss
[INFO] Run tests. (25)
[INFO] Run: java -classpath /tmp/icst-2019/september-2018/dataset/commons-lang_parent/target/test-classes:/tmp/icst-2019/september-2018/dataset/commons-lang_parent/target/classes/:/home/spirals/danglot/.m2/repository/junit/junit/4.12/junit-4.12.jar:/home/spirals/danglot/.m2/repository/org/hamcrest/hamcrest-core/1.3/hamcrest-core-1.3.jar:/home/spirals/danglot/.m2/repository/org/hamcrest/hamcrest-all/1.3/hamcrest-all-1.3.jar:/home/spirals/danglot/.m2/repository/org/easymock/easymock/3.5.1/easymock-3.5.1.jar:/home/spirals/danglot/.m2/repository/org/objenesis/objenesis/2.6/objenesis-2.6.jar:/home/spirals/danglot/.m2/repository/org/openjdk/jmh/jmh-core/1.19/jmh-core-1.19.jar:/home/spirals/danglot/.m2/repository/net/sf/jopt-simple/jopt-simple/4.6/jopt-simple-4.6.jar:/home/spirals/danglot/.m2/repository/org/apache/commons/commons-math3/3.2/commons-math3-3.2.jar:/home/spirals/danglot/.m2/repository/org/openjdk/jmh/jmh-generator-annprocess/1.19/jmh-generator-annprocess-1.19.jar:/tmp/icst-2019/september-2018/dataset/commons-lang_parent/target/dspot/dependencies/:/home/spirals/danglot/.m2/repository/eu/stamp-project/test-runner/1.1.0/test-runner-1.1.0-jar-with-dependencies.jar eu.stamp_project.testrunner.runner.test.TestRunner org.apache.commons.lang3.math.NumberUtilsTest testLANG971:testLANG992:testLANG972:testStringCreateNumberEnsureNoPrecisionLoss:testIsNumberLANG1252:testIsNumberLANG992:testCreateNumber:testCreateNumberMagnitude:testIsNumber:TestLang747:testLANG1252:testIsNumberLANG1385:testIsNumberLANG972:testIsNumberLANG971:testLang300:testCreateNumberFailure_4:testIsCreatable:testCreateNumberFailure_5:testCreateNumberFailure_6:testCreateNumberFailure_7:testCreateNumberFailure_8:testLang1087:testCreateNumberFailure_1:testCreateNumberFailure_2:testCreateNumberFailure_3
File saved to the following path: /tmp/icst-2019/september-2018/dataset/commons-lang_parent/target/dspot/TestListener.ser
Loading /tmp/icst-2019/september-2018/dataset/commons-lang_parent/target/dspot/TestListener.ser
[INFO] Test has been run: testCreateNumber,testLANG971,testLANG972,testLANG992,testLang1087,testCreateNumberMagnitude,testLang300,testIsNumberLANG1252,testIsNumberLANG1385,testLANG1252,testIsNumber,testIsCreatable,TestLang747,testIsNumberLANG971,testIsNumberLANG972,testIsNumberLANG992,testStringCreateNumberEnsureNoPrecisionLoss,testCreateNumberFailure_1(org.apache.commons.lang3.math.NumberUtilsTest): --1.1E-700F is not a valid number.,testCreateNumberFailure_2(org.apache.commons.lang3.math.NumberUtilsTest): -1.1E+0-7e00 is not a valid number.,testCreateNumberFailure_3(org.apache.commons.lang3.math.NumberUtilsTest): -11E+0-7e00 is not a valid number.,testCreateNumberFailure_4(org.apache.commons.lang3.math.NumberUtilsTest): null,testCreateNumberFailure_5(org.apache.commons.lang3.math.NumberUtilsTest): 1234.5ff is not a valid number.,testCreateNumberFailure_6(org.apache.commons.lang3.math.NumberUtilsTest): 1234.5FF is not a valid number.,testCreateNumberFailure_7(org.apache.commons.lang3.math.NumberUtilsTest): 1234.5dd is not a valid number.,testCreateNumberFailure_8(org.apache.commons.lang3.math.NumberUtilsTest): 1234.5DD is not a valid number.
[INFO] 17 test pass, generating assertion...
[INFO] Add observations points in passing tests.
[INFO] Instrumentation...
  5% |== ]/ 11% |===== ]- 17% |======== ]\ 23% |=========== ]| 29% |============== ]/ 35% |================= ]- 41% |==================== ]\ 47% |======================= ]| 52% |========================== ]/ 58% |============================= ]- 64% |================================ ]\ 70% |=================================== ]| 76% |====================================== ]/ 82% |========================================= ]- 88% |============================================ ]\ 94% |=============================================== ]|100% |================================================== ]/
[INFO] Run instrumented tests. (51)
[INFO] Run: java -classpath /tmp/icst-2019/september-2018/dataset/commons-lang_parent/target/test-classes:/tmp/icst-2019/september-2018/dataset/commons-lang_parent/target/classes/:/home/spirals/danglot/.m2/repository/junit/junit/4.12/junit-4.12.jar:/home/spirals/danglot/.m2/repository/org/hamcrest/hamcrest-core/1.3/hamcrest-core-1.3.jar:/home/spirals/danglot/.m2/repository/org/hamcrest/hamcrest-all/1.3/hamcrest-all-1.3.jar:/home/spirals/danglot/.m2/repository/org/easymock/easymock/3.5.1/easymock-3.5.1.jar:/home/spirals/danglot/.m2/repository/org/objenesis/objenesis/2.6/objenesis-2.6.jar:/home/spirals/danglot/.m2/repository/org/openjdk/jmh/jmh-core/1.19/jmh-core-1.19.jar:/home/spirals/danglot/.m2/repository/net/sf/jopt-simple/jopt-simple/4.6/jopt-simple-4.6.jar:/home/spirals/danglot/.m2/repository/org/apache/commons/commons-math3/3.2/commons-math3-3.2.jar:/home/spirals/danglot/.m2/repository/org/openjdk/jmh/jmh-generator-annprocess/1.19/jmh-generator-annprocess-1.19.jar:/tmp/icst-2019/september-2018/dataset/commons-lang_parent/target/dspot/dependencies/:/home/spirals/danglot/.m2/repository/eu/stamp-project/test-runner/1.1.0/test-runner-1.1.0-jar-with-dependencies.jar eu.stamp_project.testrunner.runner.test.TestRunner org.apache.commons.lang3.math.NumberUtilsTest testLANG971_withlog0:testLANG992_withlog0:testLANG972_withlog0:testStringCreateNumberEnsureNoPrecisionLoss_withlog0:testIsNumberLANG1252_withlog0:testIsNumberLANG992_withlog0:testCreateNumber_withlog0:testCreateNumberMagnitude_withlog0:testIsNumber_withlog0:TestLang747_withlog0:testLANG1252_withlog0:testIsNumberLANG1385_withlog0:testIsNumberLANG972_withlog0:testIsNumberLANG971_withlog0:testLang300_withlog0:testIsCreatable_withlog0:testLang1087_withlog0:testLANG971_withlog1:testLANG992_withlog1:testLANG972_withlog1:testStringCreateNumberEnsureNoPrecisionLoss_withlog1:testIsNumberLANG1252_withlog1:testIsNumberLANG992_withlog1:testCreateNumber_withlog1:testCreateNumberMagnitude_withlog1:testIsNumber_withlog1:TestLang747_withlog1:testLANG1252_withlog1:testIsNumberLANG1385_withlog1:testIsNumberLANG972_withlog1:testIsNumberLANG971_withlog1:testLang300_withlog1:testIsCreatable_withlog1:testLang1087_withlog1:testLANG971_withlog2:testLANG992_withlog2:testLANG972_withlog2:testStringCreateNumberEnsureNoPrecisionLoss_withlog2:testIsNumberLANG1252_withlog2:testIsNumberLANG992_withlog2:testCreateNumber_withlog2:testCreateNumberMagnitude_withlog2:testIsNumber_withlog2:TestLang747_withlog2:testLANG1252_withlog2:testIsNumberLANG1385_withlog2:testIsNumberLANG972_withlog2:testIsNumberLANG971_withlog2:testLang300_withlog2:testIsCreatable_withlog2:testLang1087_withlog2
File saved to the following path: /tmp/icst-2019/september-2018/dataset/commons-lang_parent/target/dspot/observations.ser
File saved to the following path: /tmp/icst-2019/september-2018/dataset/commons-lang_parent/target/dspot/TestListener.ser
Loading /tmp/icst-2019/september-2018/dataset/commons-lang_parent/target/dspot/TestListener.ser
[INFO] Test has been run: testCreateNumberMagnitude_withlog0,testCreateNumberMagnitude_withlog1,testCreateNumberMagnitude_withlog2,testIsNumberLANG1252_withlog0,testIsNumberLANG1252_withlog1,testIsNumberLANG1252_withlog2,testLANG972_withlog0,testLANG972_withlog1,testLANG972_withlog2,testLANG971_withlog0,testLANG971_withlog1,testLANG971_withlog2,testLang300_withlog0,testLang300_withlog1,testLang300_withlog2,testLANG992_withlog0,testLANG992_withlog1,testLANG992_withlog2,testIsCreatable_withlog0,testIsCreatable_withlog1,testIsCreatable_withlog2,testStringCreateNumberEnsureNoPrecisionLoss_withlog0,testStringCreateNumberEnsureNoPrecisionLoss_withlog1,testStringCreateNumberEnsureNoPrecisionLoss_withlog2,testIsNumberLANG972_withlog0,testIsNumberLANG972_withlog1,testIsNumberLANG972_withlog2,TestLang747_withlog0,TestLang747_withlog1,TestLang747_withlog2,testIsNumberLANG971_withlog0,testIsNumberLANG971_withlog1,testIsNumberLANG971_withlog2,testLANG1252_withlog0,testLANG1252_withlog1,testLANG1252_withlog2,testIsNumber_withlog0,testIsNumber_withlog1,testIsNumber_withlog2,testIsNumberLANG992_withlog0,testIsNumberLANG992_withlog1,testIsNumberLANG992_withlog2,testIsNumberLANG1385_withlog0,testIsNumberLANG1385_withlog1,testIsNumberLANG1385_withlog2,testLang1087_withlog0,testLang1087_withlog1,testLang1087_withlog2,testCreateNumber_withlog0(org.apache.commons.lang3.math.NumberUtilsTest): null,testCreateNumber_withlog1(org.apache.commons.lang3.math.NumberUtilsTest): null,testCreateNumber_withlog2(org.apache.commons.lang3.math.NumberUtilsTest): null
[WARNING] Some instrumented test failed!
[INFO] Generating assertions...
[INFO] 8 test fail, generating try/catch/fail blocks...
[INFO] 14 new tests with assertions generated
[INFO] Run: java -classpath /tmp/icst-2019/september-2018/dataset/commons-lang_parent/target/test-classes:/tmp/icst-2019/september-2018/dataset/commons-lang_parent/target/classes/:/home/spirals/danglot/.m2/repository/junit/junit/4.12/junit-4.12.jar:/home/spirals/danglot/.m2/repository/org/hamcrest/hamcrest-core/1.3/hamcrest-core-1.3.jar:/home/spirals/danglot/.m2/repository/org/hamcrest/hamcrest-all/1.3/hamcrest-all-1.3.jar:/home/spirals/danglot/.m2/repository/org/easymock/easymock/3.5.1/easymock-3.5.1.jar:/home/spirals/danglot/.m2/repository/org/objenesis/objenesis/2.6/objenesis-2.6.jar:/home/spirals/danglot/.m2/repository/org/openjdk/jmh/jmh-core/1.19/jmh-core-1.19.jar:/home/spirals/danglot/.m2/repository/net/sf/jopt-simple/jopt-simple/4.6/jopt-simple-4.6.jar:/home/spirals/danglot/.m2/repository/org/apache/commons/commons-math3/3.2/commons-math3-3.2.jar:/home/spirals/danglot/.m2/repository/org/openjdk/jmh/jmh-generator-annprocess/1.19/jmh-generator-annprocess-1.19.jar:/tmp/icst-2019/september-2018/dataset/commons-lang_parent/target/dspot/dependencies/:/home/spirals/danglot/.m2/repository/eu/stamp-project/test-runner/1.1.0/test-runner-1.1.0-jar-with-dependencies.jar eu.stamp_project.testrunner.runner.test.TestRunner org.apache.commons.lang3.math.NumberUtilsTest testStringCreateNumberEnsureNoPrecisionLoss:testCreateNumber:testCreateNumberMagnitude:TestLang747:testLang300:testLang1087:testCreateNumberFailure_4_failAssert0:testCreateNumberFailure_5_failAssert1:testCreateNumberFailure_6_failAssert2:testCreateNumberFailure_7_failAssert3:testCreateNumberFailure_8_failAssert4:testCreateNumberFailure_1_failAssert5:testCreateNumberFailure_2_failAssert6:testCreateNumberFailure_3_failAssert7
File saved to the following path: /tmp/icst-2019/september-2018/dataset/commons-lang_parent/target/dspot/TestListener.ser
Loading /tmp/icst-2019/september-2018/dataset/commons-lang_parent/target/dspot/TestListener.ser
[INFO] Test has been run: testCreateNumber,testCreateNumberFailure_8_failAssert4,testCreateNumberFailure_7_failAssert3,testCreateNumberFailure_6_failAssert2,testCreateNumberFailure_5_failAssert1,testLang1087,testCreateNumberMagnitude,testCreateNumberFailure_4_failAssert0,testLang300,testCreateNumberFailure_3_failAssert7,testCreateNumberFailure_2_failAssert6,testCreateNumberFailure_1_failAssert5,TestLang747,testStringCreateNumberEnsureNoPrecisionLoss
[INFO] Assertion amplification: 14 test method(s) has been successfully amplified.
[WARN] 2018-09-23 21:22:56 Launcher - You specified the directory /tmp/icst-2019/september-2018/dataset/commons-lang/target/classes in source classpath, please note that only class files will be considered. Jars and subdirectories will be ignored.
[WARN] 2018-09-23 21:22:56 Launcher - You specified the directory /tmp/icst-2019/september-2018/dataset/commons-lang/target/test-classes in source classpath, please note that only class files will be considered. Jars and subdirectories will be ignored.
[WARN] 2018-09-23 21:22:56 Launcher - You specified the directory /tmp/icst-2019/september-2018/dataset/commons-lang/target/dspot/dependencies in source classpath, please note that only class files will be considered. Jars and subdirectories will be ignored.
[INFO] Run: java -classpath /tmp/icst-2019/september-2018/dataset/commons-lang/target/classes/:/tmp/icst-2019/september-2018/dataset/commons-lang/target/test-classes/:/home/spirals/danglot/.m2/repository/junit/junit/4.12/junit-4.12.jar:/home/spirals/danglot/.m2/repository/org/hamcrest/hamcrest-core/1.3/hamcrest-core-1.3.jar:/home/spirals/danglot/.m2/repository/org/hamcrest/hamcrest-all/1.3/hamcrest-all-1.3.jar:/home/spirals/danglot/.m2/repository/org/easymock/easymock/3.5.1/easymock-3.5.1.jar:/home/spirals/danglot/.m2/repository/org/objenesis/objenesis/2.6/objenesis-2.6.jar:/home/spirals/danglot/.m2/repository/org/openjdk/jmh/jmh-core/1.19/jmh-core-1.19.jar:/home/spirals/danglot/.m2/repository/net/sf/jopt-simple/jopt-simple/4.6/jopt-simple-4.6.jar:/home/spirals/danglot/.m2/repository/org/apache/commons/commons-math3/3.2/commons-math3-3.2.jar:/home/spirals/danglot/.m2/repository/org/openjdk/jmh/jmh-generator-annprocess/1.19/jmh-generator-annprocess-1.19.jar:/tmp/icst-2019/september-2018/dataset/commons-lang/target/dspot/dependencies/:/home/spirals/danglot/.m2/repository/eu/stamp-project/test-runner/1.1.0/test-runner-1.1.0-jar-with-dependencies.jar eu.stamp_project.testrunner.runner.test.TestRunner org.apache.commons.lang3.math.NumberUtilsTest testStringCreateNumberEnsureNoPrecisionLoss:testCreateNumber:testCreateNumberMagnitude:TestLang747:testLang300:testLang1087:testCreateNumberFailure_4_failAssert0:testCreateNumberFailure_5_failAssert1:testCreateNumberFailure_6_failAssert2:testCreateNumberFailure_7_failAssert3:testCreateNumberFailure_8_failAssert4:testCreateNumberFailure_1_failAssert5:testCreateNumberFailure_2_failAssert6:testCreateNumberFailure_3_failAssert7
File saved to the following path: /tmp/icst-2019/september-2018/dataset/commons-lang_parent/target/dspot/TestListener.ser
Loading /tmp/icst-2019/september-2018/dataset/commons-lang_parent/target/dspot/TestListener.ser
[INFO] Test has been run: testCreateNumber,testCreateNumberFailure_8_failAssert4,testCreateNumberFailure_7_failAssert3,testCreateNumberFailure_6_failAssert2,testCreateNumberFailure_5_failAssert1,testLang1087,testCreateNumberMagnitude,testCreateNumberFailure_4_failAssert0,testLang300,testCreateNumberFailure_3_failAssert7,testCreateNumberFailure_2_failAssert6,testCreateNumberFailure_1_failAssert5,TestLang747,testStringCreateNumberEnsureNoPrecisionLoss
[INFO] 0 amplified test methods has been selected to be kept. (global: 0)
[INFO] elapsedTime 10461
======= REPORT =======
0 amplified test fails on the new versions.

[WARNING] DSpot could not obtain any amplified test method.
[WARNING] You can customize the following options: --amplifiers, --test-criterion, --iteration, --budgetizer etc, and retry with a new configuration.
[INFO] Amplification succeed.
[INFO] Elapsed time 16009 ms
[INFO] ------------------------------------------------------------------------
[INFO] BUILD SUCCESS
[INFO] ------------------------------------------------------------------------
[INFO] Total time: 01:05 min
[INFO] Finished at: 2018-09-23T21:22:58+02:00
[INFO] ------------------------------------------------------------------------
