[INFO] Scanning for projects...
[WARNING] 
[WARNING] Some problems were encountered while building the effective model for org.xwiki.commons:xwiki-commons-diff-api:jar:10.0-SNAPSHOT
[WARNING] Reporting configuration should be done in <reporting> section, not in maven-site-plugin <configuration> as reportPlugins parameter.
[WARNING] 
[WARNING] It is highly recommended to fix these problems because they threaten the stability of your build.
[WARNING] 
[WARNING] For this reason, future Maven versions might no longer support building such malformed projects.
[WARNING] 
[INFO] 
[INFO] --------------< org.xwiki.commons:xwiki-commons-diff-api >--------------
[INFO] Building XWiki Commons - Diff API 10.0-SNAPSHOT
[INFO] --------------------------------[ jar ]---------------------------------
[INFO] 
[INFO] --- dspot-maven:1.1.1-SNAPSHOT:amplify-unit-tests (default-cli) @ xwiki-commons-diff-api ---
Downloading from stamp-maven-repository-mvn-repo: https://stamp-project.github.io/stamp-maven-repository/eu/stamp-project/dspot/1.1.1-SNAPSHOT/maven-metadata.xml
Downloading from stamp-maven-repository-mvn-repo: https://stamp-project.github.io/stamp-maven-repository/fr/inria/gforge/spoon/spoon-core/7.1.0-SNAPSHOT/maven-metadata.xml
Downloading from stamp-maven-repository-mvn-repo: https://stamp-project.github.io/stamp-maven-repository/org/eclipse/platform/org.eclipse.core.resources/maven-metadata.xml
Downloading from stamp-maven-repository-mvn-repo: https://stamp-project.github.io/stamp-maven-repository/org/eclipse/platform/org.eclipse.core.expressions/maven-metadata.xml
Downloading from stamp-maven-repository-mvn-repo: https://stamp-project.github.io/stamp-maven-repository/org/eclipse/platform/org.eclipse.core.runtime/maven-metadata.xml
Downloading from stamp-maven-repository-mvn-repo: https://stamp-project.github.io/stamp-maven-repository/org/eclipse/platform/org.eclipse.osgi/maven-metadata.xml
Downloading from stamp-maven-repository-mvn-repo: https://stamp-project.github.io/stamp-maven-repository/org/eclipse/platform/org.eclipse.equinox.common/maven-metadata.xml
Downloading from stamp-maven-repository-mvn-repo: https://stamp-project.github.io/stamp-maven-repository/org/eclipse/platform/org.eclipse.core.jobs/maven-metadata.xml
Downloading from stamp-maven-repository-mvn-repo: https://stamp-project.github.io/stamp-maven-repository/org/eclipse/platform/org.eclipse.equinox.registry/maven-metadata.xml
Downloading from stamp-maven-repository-mvn-repo: https://stamp-project.github.io/stamp-maven-repository/org/eclipse/platform/org.eclipse.equinox.preferences/maven-metadata.xml
Downloading from stamp-maven-repository-mvn-repo: https://stamp-project.github.io/stamp-maven-repository/org/eclipse/platform/org.eclipse.core.contenttype/maven-metadata.xml
Downloading from stamp-maven-repository-mvn-repo: https://stamp-project.github.io/stamp-maven-repository/org/eclipse/platform/org.eclipse.equinox.app/maven-metadata.xml
Downloading from stamp-maven-repository-mvn-repo: https://stamp-project.github.io/stamp-maven-repository/org/eclipse/platform/org.eclipse.core.filesystem/maven-metadata.xml
Downloading from stamp-maven-repository-mvn-repo: https://stamp-project.github.io/stamp-maven-repository/org/eclipse/platform/org.eclipse.text/maven-metadata.xml
Downloading from stamp-maven-repository-mvn-repo: https://stamp-project.github.io/stamp-maven-repository/org/eclipse/platform/org.eclipse.core.commands/maven-metadata.xml
[INFO] Path to runner Classes: /home/spirals/danglot/.m2/repository/eu/stamp-project/test-runner/1.1.0/test-runner-1.1.0-jar-with-dependencies.jar
[INFO] /home/spirals/danglot/.m2/repository/org/jacoco/org.jacoco.core/0.7.9/org.jacoco.core-0.7.9.jar
[INFO] /home/spirals/danglot/.m2/repository/org/ow2/asm/asm-debug-all/5.2/asm-debug-all-5.2.jar
[INFO] /home/spirals/danglot/.m2/repository/eu/stamp-project/test-runner/1.1.0/test-runner-1.1.0-jar-with-dependencies.jar
[WARNING] automaticBuilderName: unknown automatic builder specified in configuration, going to default.
[INFO] Default: provided Maven automatic builder.
[INFO] run maven clean test -DskipTests dependency:build-classpath -Dmdep.outputFile=target/dspot/classpath
[WARN] Maven will be executed in interactive mode, but no input stream has been configured for this MavenInvoker instance.
[INFO] Scanning for projects...
[WARNING] 
[WARNING] Some problems were encountered while building the effective model for org.xwiki.commons:xwiki-commons-diff-api:jar:10.0-SNAPSHOT
[WARNING] Reporting configuration should be done in <reporting> section, not in maven-site-plugin <configuration> as reportPlugins parameter.
[WARNING] 
[WARNING] It is highly recommended to fix these problems because they threaten the stability of your build.
[WARNING] 
[WARNING] For this reason, future Maven versions might no longer support building such malformed projects.
[WARNING] 
[INFO] 
[INFO] --------------< org.xwiki.commons:xwiki-commons-diff-api >--------------
[INFO] Building XWiki Commons - Diff API 10.0-SNAPSHOT
[INFO] --------------------------------[ jar ]---------------------------------
[INFO] 
[INFO] --- maven-clean-plugin:3.0.0:clean (default-clean) @ xwiki-commons-diff-api ---
[INFO] 
[INFO] --- maven-enforcer-plugin:1.4.1:enforce (enforce-plugins) @ xwiki-commons-diff-api ---
Downloading from apache.snapshots: http://repository.apache.org/snapshots/org/xwiki/commons/xwiki-commons-tool-enforcer-dependencies/10.0-SNAPSHOT/maven-metadata.xml
Downloading from apache.snapshots: http://repository.apache.org/snapshots/org/xwiki/commons/xwiki-commons-tool-enforcers/10.0-SNAPSHOT/maven-metadata.xml
[INFO] Skipping Rule Enforcement.
[INFO] 
[INFO] --- maven-enforcer-plugin:1.4.1:enforce (enforce-jcl-log4j-isolation) @ xwiki-commons-diff-api ---
[INFO] Skipping Rule Enforcement.
[INFO] 
[INFO] --- maven-enforcer-plugin:1.4.1:enforce (enforce-glasshfish-jaxb) @ xwiki-commons-diff-api ---
[INFO] Skipping Rule Enforcement.
[INFO] 
[INFO] --- maven-enforcer-plugin:1.4.1:enforce (enforce-commons-lang3) @ xwiki-commons-diff-api ---
[INFO] Skipping Rule Enforcement.
[INFO] 
[INFO] --- maven-enforcer-plugin:1.4.1:enforce (enforce-commons-configuration2) @ xwiki-commons-diff-api ---
[INFO] Skipping Rule Enforcement.
[INFO] 
[INFO] --- maven-enforcer-plugin:1.4.1:enforce (enforce-bouncycastle-ids) @ xwiki-commons-diff-api ---
[INFO] Skipping Rule Enforcement.
[INFO] 
[INFO] --- maven-enforcer-plugin:1.4.1:enforce (enforce-javase-dependencies) @ xwiki-commons-diff-api ---
[INFO] Skipping Rule Enforcement.
[INFO] 
[INFO] --- maven-enforcer-plugin:1.4.1:enforce (enforce-upper-bounds) @ xwiki-commons-diff-api ---
[INFO] Skipping Rule Enforcement.
[INFO] 
[INFO] --- maven-enforcer-plugin:1.4.1:enforce (enforce-no-legacy-dependencies) @ xwiki-commons-diff-api ---
[INFO] 
[INFO] --- maven-enforcer-plugin:1.4.1:enforce (enforce-valid-poms) @ xwiki-commons-diff-api ---
[INFO] Skipping Rule Enforcement.
[INFO] 
[INFO] --- maven-enforcer-plugin:1.4.1:enforce (enforce-platform-rendering-isolation) @ xwiki-commons-diff-api ---
[INFO] Skipping Rule Enforcement.
[INFO] 
[INFO] --- maven-enforcer-plugin:1.4.1:enforce (check-dependency-version) @ xwiki-commons-diff-api ---
[INFO] Skipping Rule Enforcement.
[INFO] 
[INFO] --- maven-remote-resources-plugin:1.5:process (xwiki-license-resources) @ xwiki-commons-diff-api ---
Downloading from apache.snapshots: http://repository.apache.org/snapshots/org/xwiki/commons/xwiki-commons-tool-license-resources/10.0-SNAPSHOT/maven-metadata.xml
[INFO] 
[INFO] --- maven-resources-plugin:3.0.2:resources (default-resources) @ xwiki-commons-diff-api ---
[INFO] Using 'UTF-8' encoding to copy filtered resources.
[INFO] Copying 1 resource
[INFO] Copying 2 resources
[INFO] 
[INFO] --- maven-compiler-plugin:3.7.0:compile (default-compile) @ xwiki-commons-diff-api ---
[INFO] Changes detected - recompiling the module!
[INFO] Compiling 20 source files to /tmp/icst-2019/september-2018/dataset/xwiki-commons_parent/xwiki-commons-core/xwiki-commons-diff/xwiki-commons-diff-api/target/classes
[INFO] 
[INFO] --- maven-bundle-plugin:2.5.3:manifest (bundle-manifest) @ xwiki-commons-diff-api ---
[INFO] 
[INFO] --- maven-resources-plugin:3.0.2:testResources (default-testResources) @ xwiki-commons-diff-api ---
[INFO] Using 'UTF-8' encoding to copy filtered resources.
[INFO] skip non existing resourceDirectory /tmp/icst-2019/september-2018/dataset/xwiki-commons_parent/xwiki-commons-core/xwiki-commons-diff/xwiki-commons-diff-api/src/test/resources
[INFO] Copying 2 resources
[INFO] 
[INFO] --- maven-compiler-plugin:3.7.0:testCompile (default-testCompile) @ xwiki-commons-diff-api ---
[INFO] Changes detected - recompiling the module!
[INFO] Compiling 1 source file to /tmp/icst-2019/september-2018/dataset/xwiki-commons_parent/xwiki-commons-core/xwiki-commons-diff/xwiki-commons-diff-api/target/test-classes
[INFO] 
[INFO] --- maven-surefire-plugin:2.19.1:test (default-test) @ xwiki-commons-diff-api ---
Downloading from apache.snapshots: http://repository.apache.org/snapshots/org/xwiki/commons/xwiki-commons-tool-test-simple/10.0-SNAPSHOT/maven-metadata.xml
[INFO] Tests are skipped.
[INFO] 
[INFO] --- maven-dependency-plugin:3.0.2:build-classpath (default-cli) @ xwiki-commons-diff-api ---
[INFO] Wrote classpath file '/tmp/icst-2019/september-2018/dataset/xwiki-commons_parent/xwiki-commons-core/xwiki-commons-diff/xwiki-commons-diff-api/target/dspot/classpath'.
[INFO] ------------------------------------------------------------------------
[INFO] BUILD SUCCESS
[INFO] ------------------------------------------------------------------------
[INFO] Total time: 15.549 s
[INFO] Finished at: 2018-09-23T13:19:33+02:00
[INFO] ------------------------------------------------------------------------
[INFO] run maven clean test -DskipTests dependency:build-classpath -Dmdep.outputFile=target/dspot/classpath
[WARN] Maven will be executed in interactive mode, but no input stream has been configured for this MavenInvoker instance.
[INFO] Scanning for projects...
[WARNING] 
[WARNING] Some problems were encountered while building the effective model for org.xwiki.commons:xwiki-commons-diff-api:jar:10.0-SNAPSHOT
[WARNING] Reporting configuration should be done in <reporting> section, not in maven-site-plugin <configuration> as reportPlugins parameter.
[WARNING] 
[WARNING] It is highly recommended to fix these problems because they threaten the stability of your build.
[WARNING] 
[WARNING] For this reason, future Maven versions might no longer support building such malformed projects.
[WARNING] 
[INFO] 
[INFO] --------------< org.xwiki.commons:xwiki-commons-diff-api >--------------
[INFO] Building XWiki Commons - Diff API 10.0-SNAPSHOT
[INFO] --------------------------------[ jar ]---------------------------------
[INFO] 
[INFO] --- maven-clean-plugin:3.0.0:clean (default-clean) @ xwiki-commons-diff-api ---
[INFO] 
[INFO] --- maven-enforcer-plugin:1.4.1:enforce (enforce-plugins) @ xwiki-commons-diff-api ---
[INFO] Skipping Rule Enforcement.
[INFO] 
[INFO] --- maven-enforcer-plugin:1.4.1:enforce (enforce-jcl-log4j-isolation) @ xwiki-commons-diff-api ---
[INFO] Skipping Rule Enforcement.
[INFO] 
[INFO] --- maven-enforcer-plugin:1.4.1:enforce (enforce-glasshfish-jaxb) @ xwiki-commons-diff-api ---
[INFO] Skipping Rule Enforcement.
[INFO] 
[INFO] --- maven-enforcer-plugin:1.4.1:enforce (enforce-commons-lang3) @ xwiki-commons-diff-api ---
[INFO] Skipping Rule Enforcement.
[INFO] 
[INFO] --- maven-enforcer-plugin:1.4.1:enforce (enforce-commons-configuration2) @ xwiki-commons-diff-api ---
[INFO] Skipping Rule Enforcement.
[INFO] 
[INFO] --- maven-enforcer-plugin:1.4.1:enforce (enforce-bouncycastle-ids) @ xwiki-commons-diff-api ---
[INFO] Skipping Rule Enforcement.
[INFO] 
[INFO] --- maven-enforcer-plugin:1.4.1:enforce (enforce-javase-dependencies) @ xwiki-commons-diff-api ---
[INFO] Skipping Rule Enforcement.
[INFO] 
[INFO] --- maven-enforcer-plugin:1.4.1:enforce (enforce-upper-bounds) @ xwiki-commons-diff-api ---
[INFO] Skipping Rule Enforcement.
[INFO] 
[INFO] --- maven-enforcer-plugin:1.4.1:enforce (enforce-no-legacy-dependencies) @ xwiki-commons-diff-api ---
[INFO] 
[INFO] --- maven-enforcer-plugin:1.4.1:enforce (enforce-valid-poms) @ xwiki-commons-diff-api ---
[INFO] Skipping Rule Enforcement.
[INFO] 
[INFO] --- maven-enforcer-plugin:1.4.1:enforce (enforce-platform-rendering-isolation) @ xwiki-commons-diff-api ---
[INFO] Skipping Rule Enforcement.
[INFO] 
[INFO] --- maven-enforcer-plugin:1.4.1:enforce (check-dependency-version) @ xwiki-commons-diff-api ---
[INFO] Skipping Rule Enforcement.
[INFO] 
[INFO] --- maven-remote-resources-plugin:1.5:process (xwiki-license-resources) @ xwiki-commons-diff-api ---
[INFO] 
[INFO] --- maven-resources-plugin:3.0.2:resources (default-resources) @ xwiki-commons-diff-api ---
[INFO] Using 'UTF-8' encoding to copy filtered resources.
[INFO] Copying 1 resource
[INFO] Copying 2 resources
[INFO] 
[INFO] --- maven-compiler-plugin:3.7.0:compile (default-compile) @ xwiki-commons-diff-api ---
[INFO] Changes detected - recompiling the module!
[INFO] Compiling 20 source files to /tmp/icst-2019/september-2018/dataset/xwiki-commons/xwiki-commons-core/xwiki-commons-diff/xwiki-commons-diff-api/target/classes
[WARNING] /tmp/icst-2019/september-2018/dataset/xwiki-commons/xwiki-commons-core/xwiki-commons-diff/xwiki-commons-diff-api/src/main/java/org/xwiki/diff/internal/DefaultDiffManager.java:[399,41] found raw type: java.util.List
  missing type arguments for generic class java.util.List<E>
[INFO] 
[INFO] --- maven-bundle-plugin:2.5.3:manifest (bundle-manifest) @ xwiki-commons-diff-api ---
[INFO] 
[INFO] --- maven-resources-plugin:3.0.2:testResources (default-testResources) @ xwiki-commons-diff-api ---
[INFO] Using 'UTF-8' encoding to copy filtered resources.
[INFO] skip non existing resourceDirectory /tmp/icst-2019/september-2018/dataset/xwiki-commons/xwiki-commons-core/xwiki-commons-diff/xwiki-commons-diff-api/src/test/resources
[INFO] Copying 2 resources
[INFO] 
[INFO] --- maven-compiler-plugin:3.7.0:testCompile (default-testCompile) @ xwiki-commons-diff-api ---
[INFO] Changes detected - recompiling the module!
[INFO] Compiling 1 source file to /tmp/icst-2019/september-2018/dataset/xwiki-commons/xwiki-commons-core/xwiki-commons-diff/xwiki-commons-diff-api/target/test-classes
[INFO] 
[INFO] --- maven-surefire-plugin:2.19.1:test (default-test) @ xwiki-commons-diff-api ---
[INFO] Tests are skipped.
[INFO] 
[INFO] --- maven-dependency-plugin:3.0.2:build-classpath (default-cli) @ xwiki-commons-diff-api ---
[INFO] Wrote classpath file '/tmp/icst-2019/september-2018/dataset/xwiki-commons/xwiki-commons-core/xwiki-commons-diff/xwiki-commons-diff-api/target/dspot/classpath'.
[INFO] ------------------------------------------------------------------------
[INFO] BUILD SUCCESS
[INFO] ------------------------------------------------------------------------
[INFO] Total time: 12.800 s
[INFO] Finished at: 2018-09-23T13:19:52+02:00
[INFO] ------------------------------------------------------------------------
[INFO] Amplification of org.xwiki.diff.internal.DefaultDiffManagerTest (4 test(s))
[INFO] Assertion amplification of org.xwiki.diff.internal.DefaultDiffManagerTest (4 test(s))
[INFO] Run: java -classpath /tmp/icst-2019/september-2018/dataset/xwiki-commons_parent/xwiki-commons-core/xwiki-commons-diff/xwiki-commons-diff-api/target/test-classes:/tmp/icst-2019/september-2018/dataset/xwiki-commons_parent/xwiki-commons-core/xwiki-commons-diff/xwiki-commons-diff-api/target/classes/:/home/spirals/danglot/.m2/repository/org/xwiki/commons/xwiki-commons-component-api/10.0-SNAPSHOT/xwiki-commons-component-api-10.0-SNAPSHOT.jar:/home/spirals/danglot/.m2/repository/org/xwiki/commons/xwiki-commons-stability/10.0-SNAPSHOT/xwiki-commons-stability-10.0-SNAPSHOT.jar:/home/spirals/danglot/.m2/repository/org/xwiki/commons/xwiki-commons-text/10.0-SNAPSHOT/xwiki-commons-text-10.0-SNAPSHOT.jar:/home/spirals/danglot/.m2/repository/org/slf4j/slf4j-api/1.7.25/slf4j-api-1.7.25.jar:/home/spirals/danglot/.m2/repository/javax/inject/javax.inject/1/javax.inject-1.jar:/home/spirals/danglot/.m2/repository/org/xwiki/commons/xwiki-commons-logging-api/10.0-SNAPSHOT/xwiki-commons-logging-api-10.0-SNAPSHOT.jar:/home/spirals/danglot/.m2/repository/org/xwiki/commons/xwiki-commons-observation-api/10.0-SNAPSHOT/xwiki-commons-observation-api-10.0-SNAPSHOT.jar:/home/spirals/danglot/.m2/repository/org/apache/commons/commons-lang3/3.7/commons-lang3-3.7.jar:/home/spirals/danglot/.m2/repository/commons-io/commons-io/2.6/commons-io-2.6.jar:/home/spirals/danglot/.m2/repository/com/googlecode/java-diff-utils/diffutils/1.3.0/diffutils-1.3.0.jar:/home/spirals/danglot/.m2/repository/org/xwiki/commons/xwiki-commons-tool-test-component/10.0-SNAPSHOT/xwiki-commons-tool-test-component-10.0-SNAPSHOT.jar:/home/spirals/danglot/.m2/repository/org/xwiki/commons/xwiki-commons-tool-test-simple/10.0-SNAPSHOT/xwiki-commons-tool-test-simple-10.0-SNAPSHOT.jar:/home/spirals/danglot/.m2/repository/junit/junit/4.12/junit-4.12.jar:/home/spirals/danglot/.m2/repository/org/hamcrest/hamcrest-core/1.3/hamcrest-core-1.3.jar:/home/spirals/danglot/.m2/repository/org/junit/jupiter/junit-jupiter-api/5.0.3/junit-jupiter-api-5.0.3.jar:/home/spirals/danglot/.m2/repository/org/apiguardian/apiguardian-api/1.0.0/apiguardian-api-1.0.0.jar:/home/spirals/danglot/.m2/repository/org/opentest4j/opentest4j/1.0.0/opentest4j-1.0.0.jar:/home/spirals/danglot/.m2/repository/org/junit/platform/junit-platform-commons/1.0.3/junit-platform-commons-1.0.3.jar:/home/spirals/danglot/.m2/repository/org/junit/jupiter/junit-jupiter-engine/5.0.3/junit-jupiter-engine-5.0.3.jar:/home/spirals/danglot/.m2/repository/org/junit/platform/junit-platform-engine/1.0.3/junit-platform-engine-1.0.3.jar:/home/spirals/danglot/.m2/repository/org/junit/platform/junit-platform-launcher/1.0.3/junit-platform-launcher-1.0.3.jar:/home/spirals/danglot/.m2/repository/org/junit/vintage/junit-vintage-engine/4.12.3/junit-vintage-engine-4.12.3.jar:/home/spirals/danglot/.m2/repository/org/hamcrest/hamcrest-library/1.3/hamcrest-library-1.3.jar:/home/spirals/danglot/.m2/repository/org/jmock/jmock/2.6.0/jmock-2.6.0.jar:/home/spirals/danglot/.m2/repository/org/jmock/jmock-junit4/2.6.0/jmock-junit4-2.6.0.jar:/home/spirals/danglot/.m2/repository/org/mockito/mockito-core/2.13.0/mockito-core-2.13.0.jar:/home/spirals/danglot/.m2/repository/net/bytebuddy/byte-buddy/1.7.9/byte-buddy-1.7.9.jar:/home/spirals/danglot/.m2/repository/net/bytebuddy/byte-buddy-agent/1.7.9/byte-buddy-agent-1.7.9.jar:/home/spirals/danglot/.m2/repository/org/objenesis/objenesis/2.6/objenesis-2.6.jar:/home/spirals/danglot/.m2/repository/ch/qos/logback/logback-classic/1.2.3/logback-classic-1.2.3.jar:/home/spirals/danglot/.m2/repository/ch/qos/logback/logback-core/1.2.3/logback-core-1.2.3.jar:/home/spirals/danglot/.m2/repository/org/slf4j/jcl-over-slf4j/1.7.25/jcl-over-slf4j-1.7.25.jar:/home/spirals/danglot/.m2/repository/org/slf4j/log4j-over-slf4j/1.7.25/log4j-over-slf4j-1.7.25.jar:/home/spirals/danglot/.m2/repository/jmock/jmock/1.2.0/jmock-1.2.0.jar:/home/spirals/danglot/.m2/repository/jmock/jmock-cglib/1.2.0/jmock-cglib-1.2.0.jar:/home/spirals/danglot/.m2/repository/cglib/cglib-nodep/2.1_3/cglib-nodep-2.1_3.jar:/home/spirals/danglot/.m2/repository/org/xwiki/commons/xwiki-commons-component-default/10.0-SNAPSHOT/xwiki-commons-component-default-10.0-SNAPSHOT.jar:/home/spirals/danglot/.m2/repository/org/xwiki/commons/xwiki-commons-component-observation/10.0-SNAPSHOT/xwiki-commons-component-observation-10.0-SNAPSHOT.jar:/home/spirals/danglot/.m2/repository/org/xwiki/commons/xwiki-commons-context/10.0-SNAPSHOT/xwiki-commons-context-10.0-SNAPSHOT.jar:/home/spirals/danglot/.m2/repository/org/xwiki/commons/xwiki-commons-configuration-api/10.0-SNAPSHOT/xwiki-commons-configuration-api-10.0-SNAPSHOT.jar:/home/spirals/danglot/.m2/repository/commons-beanutils/commons-beanutils/1.9.3/commons-beanutils-1.9.3.jar:/home/spirals/danglot/.m2/repository/commons-collections/commons-collections/3.2.2/commons-collections-3.2.2.jar:/tmp/icst-2019/september-2018/dataset/xwiki-commons_parent/xwiki-commons-core/xwiki-commons-diff/xwiki-commons-diff-api/target/dspot/dependencies/:/home/spirals/danglot/.m2/repository/eu/stamp-project/test-runner/1.1.0/test-runner-1.1.0-jar-with-dependencies.jar eu.stamp_project.testrunner.runner.test.TestRunner org.xwiki.diff.internal.DefaultDiffManagerTest testMergeStringList:testMergeCharList:testMergeWithEmptyNew:testMergeCharOnConflicts
File saved to the following path: /tmp/icst-2019/september-2018/dataset/xwiki-commons_parent/xwiki-commons-core/xwiki-commons-diff/xwiki-commons-diff-api/target/dspot/TestListener.ser
SLF4J: Class path contains multiple SLF4J bindings.
SLF4J: Found binding in [jar:file:/home/spirals/danglot/.m2/repository/ch/qos/logback/logback-classic/1.2.3/logback-classic-1.2.3.jar!/org/slf4j/impl/StaticLoggerBinder.class]
SLF4J: Found binding in [jar:file:/home/spirals/danglot/.m2/repository/eu/stamp-project/test-runner/1.1.0/test-runner-1.1.0-jar-with-dependencies.jar!/org/slf4j/impl/StaticLoggerBinder.class]
SLF4J: See http://www.slf4j.org/codes.html#multiple_bindings for an explanation.
SLF4J: Actual binding is of type [ch.qos.logback.classic.util.ContextSelectorStaticBinder]
Loading /tmp/icst-2019/september-2018/dataset/xwiki-commons_parent/xwiki-commons-core/xwiki-commons-diff/xwiki-commons-diff-api/target/dspot/TestListener.ser
[INFO] Test has been run: testMergeCharOnConflicts,testMergeWithEmptyNew,testMergeCharList,testMergeStringList
[INFO] Run tests. (4)
[INFO] Run: java -classpath /tmp/icst-2019/september-2018/dataset/xwiki-commons_parent/xwiki-commons-core/xwiki-commons-diff/xwiki-commons-diff-api/target/test-classes:/tmp/icst-2019/september-2018/dataset/xwiki-commons_parent/xwiki-commons-core/xwiki-commons-diff/xwiki-commons-diff-api/target/classes/:/home/spirals/danglot/.m2/repository/org/xwiki/commons/xwiki-commons-component-api/10.0-SNAPSHOT/xwiki-commons-component-api-10.0-SNAPSHOT.jar:/home/spirals/danglot/.m2/repository/org/xwiki/commons/xwiki-commons-stability/10.0-SNAPSHOT/xwiki-commons-stability-10.0-SNAPSHOT.jar:/home/spirals/danglot/.m2/repository/org/xwiki/commons/xwiki-commons-text/10.0-SNAPSHOT/xwiki-commons-text-10.0-SNAPSHOT.jar:/home/spirals/danglot/.m2/repository/org/slf4j/slf4j-api/1.7.25/slf4j-api-1.7.25.jar:/home/spirals/danglot/.m2/repository/javax/inject/javax.inject/1/javax.inject-1.jar:/home/spirals/danglot/.m2/repository/org/xwiki/commons/xwiki-commons-logging-api/10.0-SNAPSHOT/xwiki-commons-logging-api-10.0-SNAPSHOT.jar:/home/spirals/danglot/.m2/repository/org/xwiki/commons/xwiki-commons-observation-api/10.0-SNAPSHOT/xwiki-commons-observation-api-10.0-SNAPSHOT.jar:/home/spirals/danglot/.m2/repository/org/apache/commons/commons-lang3/3.7/commons-lang3-3.7.jar:/home/spirals/danglot/.m2/repository/commons-io/commons-io/2.6/commons-io-2.6.jar:/home/spirals/danglot/.m2/repository/com/googlecode/java-diff-utils/diffutils/1.3.0/diffutils-1.3.0.jar:/home/spirals/danglot/.m2/repository/org/xwiki/commons/xwiki-commons-tool-test-component/10.0-SNAPSHOT/xwiki-commons-tool-test-component-10.0-SNAPSHOT.jar:/home/spirals/danglot/.m2/repository/org/xwiki/commons/xwiki-commons-tool-test-simple/10.0-SNAPSHOT/xwiki-commons-tool-test-simple-10.0-SNAPSHOT.jar:/home/spirals/danglot/.m2/repository/junit/junit/4.12/junit-4.12.jar:/home/spirals/danglot/.m2/repository/org/hamcrest/hamcrest-core/1.3/hamcrest-core-1.3.jar:/home/spirals/danglot/.m2/repository/org/junit/jupiter/junit-jupiter-api/5.0.3/junit-jupiter-api-5.0.3.jar:/home/spirals/danglot/.m2/repository/org/apiguardian/apiguardian-api/1.0.0/apiguardian-api-1.0.0.jar:/home/spirals/danglot/.m2/repository/org/opentest4j/opentest4j/1.0.0/opentest4j-1.0.0.jar:/home/spirals/danglot/.m2/repository/org/junit/platform/junit-platform-commons/1.0.3/junit-platform-commons-1.0.3.jar:/home/spirals/danglot/.m2/repository/org/junit/jupiter/junit-jupiter-engine/5.0.3/junit-jupiter-engine-5.0.3.jar:/home/spirals/danglot/.m2/repository/org/junit/platform/junit-platform-engine/1.0.3/junit-platform-engine-1.0.3.jar:/home/spirals/danglot/.m2/repository/org/junit/platform/junit-platform-launcher/1.0.3/junit-platform-launcher-1.0.3.jar:/home/spirals/danglot/.m2/repository/org/junit/vintage/junit-vintage-engine/4.12.3/junit-vintage-engine-4.12.3.jar:/home/spirals/danglot/.m2/repository/org/hamcrest/hamcrest-library/1.3/hamcrest-library-1.3.jar:/home/spirals/danglot/.m2/repository/org/jmock/jmock/2.6.0/jmock-2.6.0.jar:/home/spirals/danglot/.m2/repository/org/jmock/jmock-junit4/2.6.0/jmock-junit4-2.6.0.jar:/home/spirals/danglot/.m2/repository/org/mockito/mockito-core/2.13.0/mockito-core-2.13.0.jar:/home/spirals/danglot/.m2/repository/net/bytebuddy/byte-buddy/1.7.9/byte-buddy-1.7.9.jar:/home/spirals/danglot/.m2/repository/net/bytebuddy/byte-buddy-agent/1.7.9/byte-buddy-agent-1.7.9.jar:/home/spirals/danglot/.m2/repository/org/objenesis/objenesis/2.6/objenesis-2.6.jar:/home/spirals/danglot/.m2/repository/ch/qos/logback/logback-classic/1.2.3/logback-classic-1.2.3.jar:/home/spirals/danglot/.m2/repository/ch/qos/logback/logback-core/1.2.3/logback-core-1.2.3.jar:/home/spirals/danglot/.m2/repository/org/slf4j/jcl-over-slf4j/1.7.25/jcl-over-slf4j-1.7.25.jar:/home/spirals/danglot/.m2/repository/org/slf4j/log4j-over-slf4j/1.7.25/log4j-over-slf4j-1.7.25.jar:/home/spirals/danglot/.m2/repository/jmock/jmock/1.2.0/jmock-1.2.0.jar:/home/spirals/danglot/.m2/repository/jmock/jmock-cglib/1.2.0/jmock-cglib-1.2.0.jar:/home/spirals/danglot/.m2/repository/cglib/cglib-nodep/2.1_3/cglib-nodep-2.1_3.jar:/home/spirals/danglot/.m2/repository/org/xwiki/commons/xwiki-commons-component-default/10.0-SNAPSHOT/xwiki-commons-component-default-10.0-SNAPSHOT.jar:/home/spirals/danglot/.m2/repository/org/xwiki/commons/xwiki-commons-component-observation/10.0-SNAPSHOT/xwiki-commons-component-observation-10.0-SNAPSHOT.jar:/home/spirals/danglot/.m2/repository/org/xwiki/commons/xwiki-commons-context/10.0-SNAPSHOT/xwiki-commons-context-10.0-SNAPSHOT.jar:/home/spirals/danglot/.m2/repository/org/xwiki/commons/xwiki-commons-configuration-api/10.0-SNAPSHOT/xwiki-commons-configuration-api-10.0-SNAPSHOT.jar:/home/spirals/danglot/.m2/repository/commons-beanutils/commons-beanutils/1.9.3/commons-beanutils-1.9.3.jar:/home/spirals/danglot/.m2/repository/commons-collections/commons-collections/3.2.2/commons-collections-3.2.2.jar:/tmp/icst-2019/september-2018/dataset/xwiki-commons_parent/xwiki-commons-core/xwiki-commons-diff/xwiki-commons-diff-api/target/dspot/dependencies/:/home/spirals/danglot/.m2/repository/eu/stamp-project/test-runner/1.1.0/test-runner-1.1.0-jar-with-dependencies.jar eu.stamp_project.testrunner.runner.test.TestRunner org.xwiki.diff.internal.DefaultDiffManagerTest testMergeStringList:testMergeCharList:testMergeWithEmptyNew:testMergeCharOnConflicts
File saved to the following path: /tmp/icst-2019/september-2018/dataset/xwiki-commons_parent/xwiki-commons-core/xwiki-commons-diff/xwiki-commons-diff-api/target/dspot/TestListener.ser
SLF4J: Class path contains multiple SLF4J bindings.
SLF4J: Found binding in [jar:file:/home/spirals/danglot/.m2/repository/ch/qos/logback/logback-classic/1.2.3/logback-classic-1.2.3.jar!/org/slf4j/impl/StaticLoggerBinder.class]
SLF4J: Found binding in [jar:file:/home/spirals/danglot/.m2/repository/eu/stamp-project/test-runner/1.1.0/test-runner-1.1.0-jar-with-dependencies.jar!/org/slf4j/impl/StaticLoggerBinder.class]
SLF4J: See http://www.slf4j.org/codes.html#multiple_bindings for an explanation.
SLF4J: Actual binding is of type [ch.qos.logback.classic.util.ContextSelectorStaticBinder]
Loading /tmp/icst-2019/september-2018/dataset/xwiki-commons_parent/xwiki-commons-core/xwiki-commons-diff/xwiki-commons-diff-api/target/dspot/TestListener.ser
[INFO] Test has been run: testMergeCharOnConflicts,testMergeWithEmptyNew,testMergeCharList,testMergeStringList
[INFO] 4 test pass, generating assertion...
[INFO] Add observations points in passing tests.
[INFO] Instrumentation...
 25% |============ ]/ 50% |========================= ]- 75% |===================================== ]\100% |================================================== ]|
[INFO] Run instrumented tests. (12)
[INFO] Run: java -classpath /tmp/icst-2019/september-2018/dataset/xwiki-commons_parent/xwiki-commons-core/xwiki-commons-diff/xwiki-commons-diff-api/target/test-classes:/tmp/icst-2019/september-2018/dataset/xwiki-commons_parent/xwiki-commons-core/xwiki-commons-diff/xwiki-commons-diff-api/target/classes/:/home/spirals/danglot/.m2/repository/org/xwiki/commons/xwiki-commons-component-api/10.0-SNAPSHOT/xwiki-commons-component-api-10.0-SNAPSHOT.jar:/home/spirals/danglot/.m2/repository/org/xwiki/commons/xwiki-commons-stability/10.0-SNAPSHOT/xwiki-commons-stability-10.0-SNAPSHOT.jar:/home/spirals/danglot/.m2/repository/org/xwiki/commons/xwiki-commons-text/10.0-SNAPSHOT/xwiki-commons-text-10.0-SNAPSHOT.jar:/home/spirals/danglot/.m2/repository/org/slf4j/slf4j-api/1.7.25/slf4j-api-1.7.25.jar:/home/spirals/danglot/.m2/repository/javax/inject/javax.inject/1/javax.inject-1.jar:/home/spirals/danglot/.m2/repository/org/xwiki/commons/xwiki-commons-logging-api/10.0-SNAPSHOT/xwiki-commons-logging-api-10.0-SNAPSHOT.jar:/home/spirals/danglot/.m2/repository/org/xwiki/commons/xwiki-commons-observation-api/10.0-SNAPSHOT/xwiki-commons-observation-api-10.0-SNAPSHOT.jar:/home/spirals/danglot/.m2/repository/org/apache/commons/commons-lang3/3.7/commons-lang3-3.7.jar:/home/spirals/danglot/.m2/repository/commons-io/commons-io/2.6/commons-io-2.6.jar:/home/spirals/danglot/.m2/repository/com/googlecode/java-diff-utils/diffutils/1.3.0/diffutils-1.3.0.jar:/home/spirals/danglot/.m2/repository/org/xwiki/commons/xwiki-commons-tool-test-component/10.0-SNAPSHOT/xwiki-commons-tool-test-component-10.0-SNAPSHOT.jar:/home/spirals/danglot/.m2/repository/org/xwiki/commons/xwiki-commons-tool-test-simple/10.0-SNAPSHOT/xwiki-commons-tool-test-simple-10.0-SNAPSHOT.jar:/home/spirals/danglot/.m2/repository/junit/junit/4.12/junit-4.12.jar:/home/spirals/danglot/.m2/repository/org/hamcrest/hamcrest-core/1.3/hamcrest-core-1.3.jar:/home/spirals/danglot/.m2/repository/org/junit/jupiter/junit-jupiter-api/5.0.3/junit-jupiter-api-5.0.3.jar:/home/spirals/danglot/.m2/repository/org/apiguardian/apiguardian-api/1.0.0/apiguardian-api-1.0.0.jar:/home/spirals/danglot/.m2/repository/org/opentest4j/opentest4j/1.0.0/opentest4j-1.0.0.jar:/home/spirals/danglot/.m2/repository/org/junit/platform/junit-platform-commons/1.0.3/junit-platform-commons-1.0.3.jar:/home/spirals/danglot/.m2/repository/org/junit/jupiter/junit-jupiter-engine/5.0.3/junit-jupiter-engine-5.0.3.jar:/home/spirals/danglot/.m2/repository/org/junit/platform/junit-platform-engine/1.0.3/junit-platform-engine-1.0.3.jar:/home/spirals/danglot/.m2/repository/org/junit/platform/junit-platform-launcher/1.0.3/junit-platform-launcher-1.0.3.jar:/home/spirals/danglot/.m2/repository/org/junit/vintage/junit-vintage-engine/4.12.3/junit-vintage-engine-4.12.3.jar:/home/spirals/danglot/.m2/repository/org/hamcrest/hamcrest-library/1.3/hamcrest-library-1.3.jar:/home/spirals/danglot/.m2/repository/org/jmock/jmock/2.6.0/jmock-2.6.0.jar:/home/spirals/danglot/.m2/repository/org/jmock/jmock-junit4/2.6.0/jmock-junit4-2.6.0.jar:/home/spirals/danglot/.m2/repository/org/mockito/mockito-core/2.13.0/mockito-core-2.13.0.jar:/home/spirals/danglot/.m2/repository/net/bytebuddy/byte-buddy/1.7.9/byte-buddy-1.7.9.jar:/home/spirals/danglot/.m2/repository/net/bytebuddy/byte-buddy-agent/1.7.9/byte-buddy-agent-1.7.9.jar:/home/spirals/danglot/.m2/repository/org/objenesis/objenesis/2.6/objenesis-2.6.jar:/home/spirals/danglot/.m2/repository/ch/qos/logback/logback-classic/1.2.3/logback-classic-1.2.3.jar:/home/spirals/danglot/.m2/repository/ch/qos/logback/logback-core/1.2.3/logback-core-1.2.3.jar:/home/spirals/danglot/.m2/repository/org/slf4j/jcl-over-slf4j/1.7.25/jcl-over-slf4j-1.7.25.jar:/home/spirals/danglot/.m2/repository/org/slf4j/log4j-over-slf4j/1.7.25/log4j-over-slf4j-1.7.25.jar:/home/spirals/danglot/.m2/repository/jmock/jmock/1.2.0/jmock-1.2.0.jar:/home/spirals/danglot/.m2/repository/jmock/jmock-cglib/1.2.0/jmock-cglib-1.2.0.jar:/home/spirals/danglot/.m2/repository/cglib/cglib-nodep/2.1_3/cglib-nodep-2.1_3.jar:/home/spirals/danglot/.m2/repository/org/xwiki/commons/xwiki-commons-component-default/10.0-SNAPSHOT/xwiki-commons-component-default-10.0-SNAPSHOT.jar:/home/spirals/danglot/.m2/repository/org/xwiki/commons/xwiki-commons-component-observation/10.0-SNAPSHOT/xwiki-commons-component-observation-10.0-SNAPSHOT.jar:/home/spirals/danglot/.m2/repository/org/xwiki/commons/xwiki-commons-context/10.0-SNAPSHOT/xwiki-commons-context-10.0-SNAPSHOT.jar:/home/spirals/danglot/.m2/repository/org/xwiki/commons/xwiki-commons-configuration-api/10.0-SNAPSHOT/xwiki-commons-configuration-api-10.0-SNAPSHOT.jar:/home/spirals/danglot/.m2/repository/commons-beanutils/commons-beanutils/1.9.3/commons-beanutils-1.9.3.jar:/home/spirals/danglot/.m2/repository/commons-collections/commons-collections/3.2.2/commons-collections-3.2.2.jar:/tmp/icst-2019/september-2018/dataset/xwiki-commons_parent/xwiki-commons-core/xwiki-commons-diff/xwiki-commons-diff-api/target/dspot/dependencies/:/home/spirals/danglot/.m2/repository/eu/stamp-project/test-runner/1.1.0/test-runner-1.1.0-jar-with-dependencies.jar eu.stamp_project.testrunner.runner.test.TestRunner org.xwiki.diff.internal.DefaultDiffManagerTest testMergeStringList_withlog0:testMergeCharList_withlog0:testMergeWithEmptyNew_withlog0:testMergeCharOnConflicts_withlog0:testMergeStringList_withlog1:testMergeCharList_withlog1:testMergeWithEmptyNew_withlog1:testMergeCharOnConflicts_withlog1:testMergeStringList_withlog2:testMergeCharList_withlog2:testMergeWithEmptyNew_withlog2:testMergeCharOnConflicts_withlog2
File saved to the following path: /tmp/icst-2019/september-2018/dataset/xwiki-commons_parent/xwiki-commons-core/xwiki-commons-diff/xwiki-commons-diff-api/target/dspot/observations.ser
File saved to the following path: /tmp/icst-2019/september-2018/dataset/xwiki-commons_parent/xwiki-commons-core/xwiki-commons-diff/xwiki-commons-diff-api/target/dspot/TestListener.ser
SLF4J: Class path contains multiple SLF4J bindings.
SLF4J: Found binding in [jar:file:/home/spirals/danglot/.m2/repository/ch/qos/logback/logback-classic/1.2.3/logback-classic-1.2.3.jar!/org/slf4j/impl/StaticLoggerBinder.class]
SLF4J: Found binding in [jar:file:/home/spirals/danglot/.m2/repository/eu/stamp-project/test-runner/1.1.0/test-runner-1.1.0-jar-with-dependencies.jar!/org/slf4j/impl/StaticLoggerBinder.class]
SLF4J: See http://www.slf4j.org/codes.html#multiple_bindings for an explanation.
SLF4J: Actual binding is of type [ch.qos.logback.classic.util.ContextSelectorStaticBinder]
Loading /tmp/icst-2019/september-2018/dataset/xwiki-commons_parent/xwiki-commons-core/xwiki-commons-diff/xwiki-commons-diff-api/target/dspot/TestListener.ser
[INFO] Test has been run: testMergeWithEmptyNew_withlog0,testMergeWithEmptyNew_withlog1,testMergeWithEmptyNew_withlog2,testMergeStringList_withlog0,testMergeStringList_withlog1,testMergeStringList_withlog2,testMergeCharOnConflicts_withlog0,testMergeCharOnConflicts_withlog1,testMergeCharOnConflicts_withlog2,testMergeCharList_withlog0,testMergeCharList_withlog1,testMergeCharList_withlog2
[INFO] Generating assertions...
[INFO] 4 new tests with assertions generated
[INFO] Run: java -classpath /tmp/icst-2019/september-2018/dataset/xwiki-commons_parent/xwiki-commons-core/xwiki-commons-diff/xwiki-commons-diff-api/target/test-classes:/tmp/icst-2019/september-2018/dataset/xwiki-commons_parent/xwiki-commons-core/xwiki-commons-diff/xwiki-commons-diff-api/target/classes/:/home/spirals/danglot/.m2/repository/org/xwiki/commons/xwiki-commons-component-api/10.0-SNAPSHOT/xwiki-commons-component-api-10.0-SNAPSHOT.jar:/home/spirals/danglot/.m2/repository/org/xwiki/commons/xwiki-commons-stability/10.0-SNAPSHOT/xwiki-commons-stability-10.0-SNAPSHOT.jar:/home/spirals/danglot/.m2/repository/org/xwiki/commons/xwiki-commons-text/10.0-SNAPSHOT/xwiki-commons-text-10.0-SNAPSHOT.jar:/home/spirals/danglot/.m2/repository/org/slf4j/slf4j-api/1.7.25/slf4j-api-1.7.25.jar:/home/spirals/danglot/.m2/repository/javax/inject/javax.inject/1/javax.inject-1.jar:/home/spirals/danglot/.m2/repository/org/xwiki/commons/xwiki-commons-logging-api/10.0-SNAPSHOT/xwiki-commons-logging-api-10.0-SNAPSHOT.jar:/home/spirals/danglot/.m2/repository/org/xwiki/commons/xwiki-commons-observation-api/10.0-SNAPSHOT/xwiki-commons-observation-api-10.0-SNAPSHOT.jar:/home/spirals/danglot/.m2/repository/org/apache/commons/commons-lang3/3.7/commons-lang3-3.7.jar:/home/spirals/danglot/.m2/repository/commons-io/commons-io/2.6/commons-io-2.6.jar:/home/spirals/danglot/.m2/repository/com/googlecode/java-diff-utils/diffutils/1.3.0/diffutils-1.3.0.jar:/home/spirals/danglot/.m2/repository/org/xwiki/commons/xwiki-commons-tool-test-component/10.0-SNAPSHOT/xwiki-commons-tool-test-component-10.0-SNAPSHOT.jar:/home/spirals/danglot/.m2/repository/org/xwiki/commons/xwiki-commons-tool-test-simple/10.0-SNAPSHOT/xwiki-commons-tool-test-simple-10.0-SNAPSHOT.jar:/home/spirals/danglot/.m2/repository/junit/junit/4.12/junit-4.12.jar:/home/spirals/danglot/.m2/repository/org/hamcrest/hamcrest-core/1.3/hamcrest-core-1.3.jar:/home/spirals/danglot/.m2/repository/org/junit/jupiter/junit-jupiter-api/5.0.3/junit-jupiter-api-5.0.3.jar:/home/spirals/danglot/.m2/repository/org/apiguardian/apiguardian-api/1.0.0/apiguardian-api-1.0.0.jar:/home/spirals/danglot/.m2/repository/org/opentest4j/opentest4j/1.0.0/opentest4j-1.0.0.jar:/home/spirals/danglot/.m2/repository/org/junit/platform/junit-platform-commons/1.0.3/junit-platform-commons-1.0.3.jar:/home/spirals/danglot/.m2/repository/org/junit/jupiter/junit-jupiter-engine/5.0.3/junit-jupiter-engine-5.0.3.jar:/home/spirals/danglot/.m2/repository/org/junit/platform/junit-platform-engine/1.0.3/junit-platform-engine-1.0.3.jar:/home/spirals/danglot/.m2/repository/org/junit/platform/junit-platform-launcher/1.0.3/junit-platform-launcher-1.0.3.jar:/home/spirals/danglot/.m2/repository/org/junit/vintage/junit-vintage-engine/4.12.3/junit-vintage-engine-4.12.3.jar:/home/spirals/danglot/.m2/repository/org/hamcrest/hamcrest-library/1.3/hamcrest-library-1.3.jar:/home/spirals/danglot/.m2/repository/org/jmock/jmock/2.6.0/jmock-2.6.0.jar:/home/spirals/danglot/.m2/repository/org/jmock/jmock-junit4/2.6.0/jmock-junit4-2.6.0.jar:/home/spirals/danglot/.m2/repository/org/mockito/mockito-core/2.13.0/mockito-core-2.13.0.jar:/home/spirals/danglot/.m2/repository/net/bytebuddy/byte-buddy/1.7.9/byte-buddy-1.7.9.jar:/home/spirals/danglot/.m2/repository/net/bytebuddy/byte-buddy-agent/1.7.9/byte-buddy-agent-1.7.9.jar:/home/spirals/danglot/.m2/repository/org/objenesis/objenesis/2.6/objenesis-2.6.jar:/home/spirals/danglot/.m2/repository/ch/qos/logback/logback-classic/1.2.3/logback-classic-1.2.3.jar:/home/spirals/danglot/.m2/repository/ch/qos/logback/logback-core/1.2.3/logback-core-1.2.3.jar:/home/spirals/danglot/.m2/repository/org/slf4j/jcl-over-slf4j/1.7.25/jcl-over-slf4j-1.7.25.jar:/home/spirals/danglot/.m2/repository/org/slf4j/log4j-over-slf4j/1.7.25/log4j-over-slf4j-1.7.25.jar:/home/spirals/danglot/.m2/repository/jmock/jmock/1.2.0/jmock-1.2.0.jar:/home/spirals/danglot/.m2/repository/jmock/jmock-cglib/1.2.0/jmock-cglib-1.2.0.jar:/home/spirals/danglot/.m2/repository/cglib/cglib-nodep/2.1_3/cglib-nodep-2.1_3.jar:/home/spirals/danglot/.m2/repository/org/xwiki/commons/xwiki-commons-component-default/10.0-SNAPSHOT/xwiki-commons-component-default-10.0-SNAPSHOT.jar:/home/spirals/danglot/.m2/repository/org/xwiki/commons/xwiki-commons-component-observation/10.0-SNAPSHOT/xwiki-commons-component-observation-10.0-SNAPSHOT.jar:/home/spirals/danglot/.m2/repository/org/xwiki/commons/xwiki-commons-context/10.0-SNAPSHOT/xwiki-commons-context-10.0-SNAPSHOT.jar:/home/spirals/danglot/.m2/repository/org/xwiki/commons/xwiki-commons-configuration-api/10.0-SNAPSHOT/xwiki-commons-configuration-api-10.0-SNAPSHOT.jar:/home/spirals/danglot/.m2/repository/commons-beanutils/commons-beanutils/1.9.3/commons-beanutils-1.9.3.jar:/home/spirals/danglot/.m2/repository/commons-collections/commons-collections/3.2.2/commons-collections-3.2.2.jar:/tmp/icst-2019/september-2018/dataset/xwiki-commons_parent/xwiki-commons-core/xwiki-commons-diff/xwiki-commons-diff-api/target/dspot/dependencies/:/home/spirals/danglot/.m2/repository/eu/stamp-project/test-runner/1.1.0/test-runner-1.1.0-jar-with-dependencies.jar eu.stamp_project.testrunner.runner.test.TestRunner org.xwiki.diff.internal.DefaultDiffManagerTest testMergeStringList:testMergeCharList:testMergeWithEmptyNew:testMergeCharOnConflicts
File saved to the following path: /tmp/icst-2019/september-2018/dataset/xwiki-commons_parent/xwiki-commons-core/xwiki-commons-diff/xwiki-commons-diff-api/target/dspot/TestListener.ser
SLF4J: Class path contains multiple SLF4J bindings.
SLF4J: Found binding in [jar:file:/home/spirals/danglot/.m2/repository/ch/qos/logback/logback-classic/1.2.3/logback-classic-1.2.3.jar!/org/slf4j/impl/StaticLoggerBinder.class]
SLF4J: Found binding in [jar:file:/home/spirals/danglot/.m2/repository/eu/stamp-project/test-runner/1.1.0/test-runner-1.1.0-jar-with-dependencies.jar!/org/slf4j/impl/StaticLoggerBinder.class]
SLF4J: See http://www.slf4j.org/codes.html#multiple_bindings for an explanation.
SLF4J: Actual binding is of type [ch.qos.logback.classic.util.ContextSelectorStaticBinder]
Loading /tmp/icst-2019/september-2018/dataset/xwiki-commons_parent/xwiki-commons-core/xwiki-commons-diff/xwiki-commons-diff-api/target/dspot/TestListener.ser
[INFO] Test has been run: testMergeCharOnConflicts,testMergeWithEmptyNew,testMergeCharList,testMergeStringList
[INFO] Assertion amplification: 4 test method(s) has been successfully amplified.
[WARN] 2018-09-23 13:20:07 Launcher - You specified the directory /tmp/icst-2019/september-2018/dataset/xwiki-commons/xwiki-commons-core/xwiki-commons-diff/xwiki-commons-diff-api/target/classes in source classpath, please note that only class files will be considered. Jars and subdirectories will be ignored.
[WARN] 2018-09-23 13:20:07 Launcher - You specified the directory /tmp/icst-2019/september-2018/dataset/xwiki-commons/xwiki-commons-core/xwiki-commons-diff/xwiki-commons-diff-api/target/test-classes in source classpath, please note that only class files will be considered. Jars and subdirectories will be ignored.
[WARN] 2018-09-23 13:20:07 Launcher - You specified the directory /tmp/icst-2019/september-2018/dataset/xwiki-commons/xwiki-commons-core/xwiki-commons-diff/xwiki-commons-diff-api/target/dspot/dependencies in source classpath, please note that only class files will be considered. Jars and subdirectories will be ignored.
[INFO] run mvn test -Dtest=org.xwiki.diff.internal.DefaultDiffManagerTest#testMergeStringList+testMergeCharList+testMergeWithEmptyNew+testMergeCharOnConflicts
[WARNING] Trying to lookup for maven home.
[WARNING] This can fail, and thus lead to a crash of the application.
[WARNING] You can set this value using the field mavenHome or defining the following property: MAVEN_HOME or M2_HOME
[WARN] Maven will be executed in interactive mode, but no input stream has been configured for this MavenInvoker instance.
[INFO] [INFO] Scanning for projects...
[INFO] [WARNING] 
[INFO] [WARNING] Some problems were encountered while building the effective model for org.xwiki.commons:xwiki-commons-diff-api:jar:10.0-SNAPSHOT
[INFO] [WARNING] Reporting configuration should be done in <reporting> section, not in maven-site-plugin <configuration> as reportPlugins parameter.
[INFO] [WARNING] 
[INFO] [WARNING] It is highly recommended to fix these problems because they threaten the stability of your build.
[INFO] [WARNING] 
[INFO] [WARNING] For this reason, future Maven versions might no longer support building such malformed projects.
[INFO] [WARNING] 
[INFO] [INFO] 
[INFO] [INFO] --------------< org.xwiki.commons:xwiki-commons-diff-api >--------------
[INFO] [INFO] Building XWiki Commons - Diff API 10.0-SNAPSHOT
[INFO] [INFO] --------------------------------[ jar ]---------------------------------
[INFO] [INFO] 
[INFO] [INFO] --- maven-enforcer-plugin:1.4.1:enforce (enforce-plugins) @ xwiki-commons-diff-api ---
[INFO] [INFO] Skipping Rule Enforcement.
[INFO] [INFO] 
[INFO] [INFO] --- maven-enforcer-plugin:1.4.1:enforce (enforce-jcl-log4j-isolation) @ xwiki-commons-diff-api ---
[INFO] [INFO] Skipping Rule Enforcement.
[INFO] [INFO] 
[INFO] [INFO] --- maven-enforcer-plugin:1.4.1:enforce (enforce-glasshfish-jaxb) @ xwiki-commons-diff-api ---
[INFO] [INFO] Skipping Rule Enforcement.
[INFO] [INFO] 
[INFO] [INFO] --- maven-enforcer-plugin:1.4.1:enforce (enforce-commons-lang3) @ xwiki-commons-diff-api ---
[INFO] [INFO] Skipping Rule Enforcement.
[INFO] [INFO] 
[INFO] [INFO] --- maven-enforcer-plugin:1.4.1:enforce (enforce-commons-configuration2) @ xwiki-commons-diff-api ---
[INFO] [INFO] Skipping Rule Enforcement.
[INFO] [INFO] 
[INFO] [INFO] --- maven-enforcer-plugin:1.4.1:enforce (enforce-bouncycastle-ids) @ xwiki-commons-diff-api ---
[INFO] [INFO] Skipping Rule Enforcement.
[INFO] [INFO] 
[INFO] [INFO] --- maven-enforcer-plugin:1.4.1:enforce (enforce-javase-dependencies) @ xwiki-commons-diff-api ---
[INFO] [INFO] Skipping Rule Enforcement.
[INFO] [INFO] 
[INFO] [INFO] --- maven-enforcer-plugin:1.4.1:enforce (enforce-upper-bounds) @ xwiki-commons-diff-api ---
[INFO] [INFO] Skipping Rule Enforcement.
[INFO] [INFO] 
[INFO] [INFO] --- maven-enforcer-plugin:1.4.1:enforce (enforce-no-legacy-dependencies) @ xwiki-commons-diff-api ---
[INFO] [INFO] 
[INFO] [INFO] --- maven-enforcer-plugin:1.4.1:enforce (enforce-valid-poms) @ xwiki-commons-diff-api ---
[INFO] [INFO] Skipping Rule Enforcement.
[INFO] [INFO] 
[INFO] [INFO] --- maven-enforcer-plugin:1.4.1:enforce (enforce-platform-rendering-isolation) @ xwiki-commons-diff-api ---
[INFO] [INFO] Skipping Rule Enforcement.
[INFO] [INFO] 
[INFO] [INFO] --- maven-enforcer-plugin:1.4.1:enforce (check-dependency-version) @ xwiki-commons-diff-api ---
[INFO] [INFO] Skipping Rule Enforcement.
[INFO] [INFO] 
[INFO] [INFO] --- maven-remote-resources-plugin:1.5:process (xwiki-license-resources) @ xwiki-commons-diff-api ---
[INFO] [INFO] 
[INFO] [INFO] --- maven-resources-plugin:3.0.2:resources (default-resources) @ xwiki-commons-diff-api ---
[INFO] [INFO] Using 'UTF-8' encoding to copy filtered resources.
[INFO] [INFO] Copying 1 resource
[INFO] [INFO] Copying 2 resources
[INFO] [INFO] 
[INFO] [INFO] --- maven-compiler-plugin:3.7.0:compile (default-compile) @ xwiki-commons-diff-api ---
[INFO] [INFO] Nothing to compile - all classes are up to date
[INFO] [INFO] 
[INFO] [INFO] --- maven-bundle-plugin:2.5.3:manifest (bundle-manifest) @ xwiki-commons-diff-api ---
[INFO] [INFO] 
[INFO] [INFO] --- maven-resources-plugin:3.0.2:testResources (default-testResources) @ xwiki-commons-diff-api ---
[INFO] [INFO] Using 'UTF-8' encoding to copy filtered resources.
[INFO] [INFO] skip non existing resourceDirectory /tmp/icst-2019/september-2018/dataset/xwiki-commons/xwiki-commons-core/xwiki-commons-diff/xwiki-commons-diff-api/src/test/resources
[INFO] [INFO] Copying 2 resources
[INFO] [INFO] 
[INFO] [INFO] --- maven-compiler-plugin:3.7.0:testCompile (default-testCompile) @ xwiki-commons-diff-api ---
[INFO] [INFO] Nothing to compile - all classes are up to date
[INFO] [INFO] 
[INFO] [INFO] --- maven-surefire-plugin:2.19.1:test (default-test) @ xwiki-commons-diff-api ---
[INFO] 
[INFO] -------------------------------------------------------
[INFO]  T E S T S
[INFO] -------------------------------------------------------
[INFO] Running org.xwiki.diff.internal.DefaultDiffManagerTest
[INFO] Tests run: 4, Failures: 1, Errors: 0, Skipped: 0, Time elapsed: 0.499 sec <<< FAILURE! - in org.xwiki.diff.internal.DefaultDiffManagerTest
[INFO] testMergeCharList  Time elapsed: 0.026 sec  <<< FAILURE!
[INFO] java.lang.AssertionError: expected:<0> but was:<1>
[INFO] 	at org.junit.Assert.fail(Assert.java:88)
[INFO] 	at org.junit.Assert.failNotEquals(Assert.java:834)
[INFO] 	at org.junit.Assert.assertEquals(Assert.java:645)
[INFO] 	at org.junit.Assert.assertEquals(Assert.java:631)
[INFO] 	at org.xwiki.diff.internal.DefaultDiffManagerTest.testMergeCharList(DefaultDiffManagerTest.java:298)
[INFO] 	at sun.reflect.NativeMethodAccessorImpl.invoke0(Native Method)
[INFO] 	at sun.reflect.NativeMethodAccessorImpl.invoke(NativeMethodAccessorImpl.java:62)
[INFO] 	at sun.reflect.DelegatingMethodAccessorImpl.invoke(DelegatingMethodAccessorImpl.java:43)
[INFO] 	at java.lang.reflect.Method.invoke(Method.java:498)
[INFO] 	at org.junit.runners.model.FrameworkMethod$1.runReflectiveCall(FrameworkMethod.java:50)
[INFO] 	at org.junit.internal.runners.model.ReflectiveCallable.run(ReflectiveCallable.java:12)
[INFO] 	at org.junit.runners.model.FrameworkMethod.invokeExplosively(FrameworkMethod.java:47)
[INFO] 	at org.junit.internal.runners.statements.InvokeMethod.evaluate(InvokeMethod.java:17)
[INFO] 	at org.junit.internal.runners.statements.FailOnTimeout$CallableStatement.call(FailOnTimeout.java:298)
[INFO] 	at org.junit.internal.runners.statements.FailOnTimeout$CallableStatement.call(FailOnTimeout.java:292)
[INFO] 	at java.util.concurrent.FutureTask.run(FutureTask.java:266)
[INFO] 	at java.lang.Thread.run(Thread.java:745)
[INFO] 
[INFO] 
[INFO] Results :
[INFO] 
[INFO] Failed tests: 
[INFO]   DefaultDiffManagerTest.testMergeCharList:298 expected:<0> but was:<1>
[INFO] 
[INFO] Tests run: 4, Failures: 1, Errors: 0, Skipped: 0
[INFO] 
[INFO] [INFO] ------------------------------------------------------------------------
[INFO] [INFO] BUILD FAILURE
[INFO] [INFO] ------------------------------------------------------------------------
[INFO] [INFO] Total time: 12.717 s
[INFO] [INFO] Finished at: 2018-09-23T13:20:25+02:00
[INFO] [INFO] ------------------------------------------------------------------------
[INFO] [ERROR] Failed to execute goal org.apache.maven.plugins:maven-surefire-plugin:2.19.1:test (default-test) on project xwiki-commons-diff-api: There are test failures.
[INFO] [ERROR] 
[INFO] [ERROR] Please refer to /tmp/icst-2019/september-2018/dataset/xwiki-commons/xwiki-commons-core/xwiki-commons-diff/xwiki-commons-diff-api/target/surefire-reports for the individual test results.
[INFO] [ERROR] -> [Help 1]
[INFO] [ERROR] 
[INFO] [ERROR] To see the full stack trace of the errors, re-run Maven with the -e switch.
[INFO] [ERROR] Re-run Maven using the -X switch to enable full debug logging.
[INFO] [ERROR] 
[INFO] [ERROR] For more information about the errors and possible solutions, please read the following articles:
[INFO] [ERROR] [Help 1] http://cwiki.apache.org/confluence/display/MAVEN/MojoFailureException
Root element :testsuite
[INFO] 1 amplified test methods has been selected to be kept. (global: 1)
[INFO] elapsedTime 32182
======= REPORT =======
1 amplified test fails on the new versions.
testMergeCharList(org.xwiki.diff.internal.DefaultDiffManagerTest): 

[INFO] Print AmplDefaultDiffManagerTest with 1?amplified test cases in /tmp/icst-2019/september-2018/result/xwiki-commons/commit_4_d3101ae/assert_amplification
[INFO] Amplification succeed.
[INFO] Elapsed time 33860 ms
[INFO] ------------------------------------------------------------------------
[INFO] BUILD SUCCESS
[INFO] ------------------------------------------------------------------------
[INFO] Total time: 01:20 min
[INFO] Finished at: 2018-09-23T13:20:27+02:00
[INFO] ------------------------------------------------------------------------
