[INFO] 2018-09-18 11:24:04 RepositoriesSetter - {dataset/xwiki-commons} Cleaning local repository...
[INFO] 2018-09-18 11:24:05 RepositoriesSetter - Checkout 6d0808f16ca2f6f8a4df41db0c9c914256ee3885 revision...
[INFO] 2018-09-18 11:24:05 RepositoriesSetter - {dataset/xwiki-commons_parent} Cleaning local repository...
[INFO] 2018-09-18 11:24:06 RepositoriesSetter - Checkout c745c10dbbde003a71c743bdb96d00a73f586fe3 revision...
/home/spirals/danglot/apache-maven-3.5.4/bin/mvn eu.stamp-project:dspot-maven:1.1.1-SNAPSHOT:amplify-unit-tests -Dpath-to-test-list-csv=/tmp/icst-2019/dataset/september-2018/xwiki-commons_testsThatExecuteTheChange_1.csv -Dverbose=True -Dtest-criterion=ChangeDetectorSelector -Doutput-path=/tmp/icst-2019/result/september-2018/xwiki-commons/commit_1_amplifiers -Dpath-to-second-version=/tmp/icst-2019/dataset/xwiki-commons_parent/xwiki-commons-core/xwiki-commons-collection -Dgenerate-new-test-class=true -Dclean=true -Damplifiers=AllLiteralAmplifiers,MethodAdd,MethodRemove,MethodGeneratorAmplifier,ReturnValueAmplifier,NullifierAmplifier -Diteration=3 -Dbudgetizer=SimpleBudgetizer -Duse-maven-to-exe-test=true[INFO] Scanning for projects...
[WARNING] 
[WARNING] Some problems were encountered while building the effective model for org.xwiki.commons:xwiki-commons-collection:jar:10.8-SNAPSHOT
[WARNING] 'build.pluginManagement.plugins.plugin.(groupId:artifactId)' must be unique but found duplicate declaration of plugin org.codehaus.mojo:build-helper-maven-plugin @ org.xwiki.commons:xwiki-commons:10.8-SNAPSHOT, /tmp/icst-2019/dataset/xwiki-commons/pom.xml, line 1839, column 17
[WARNING] 
[WARNING] It is highly recommended to fix these problems because they threaten the stability of your build.
[WARNING] 
[WARNING] For this reason, future Maven versions might no longer support building such malformed projects.
[WARNING] 
[INFO] 
[INFO] -------------< org.xwiki.commons:xwiki-commons-collection >-------------
[INFO] Building XWiki Commons - Collection 10.8-SNAPSHOT
[INFO] --------------------------------[ jar ]---------------------------------
[INFO] 
[INFO] --- dspot-maven:1.1.1-SNAPSHOT:amplify-unit-tests (default-cli) @ xwiki-commons-collection ---
Downloading from stamp-maven-repository-mvn-repo: https://stamp-project.github.io/stamp-maven-repository/eu/stamp-project/dspot/1.1.1-SNAPSHOT/maven-metadata.xml
Downloading from stamp-maven-repository-mvn-repo: https://stamp-project.github.io/stamp-maven-repository/fr/inria/gforge/spoon/spoon-core/7.1.0-SNAPSHOT/maven-metadata.xml
Downloading from stamp-maven-repository-mvn-repo: https://stamp-project.github.io/stamp-maven-repository/org/eclipse/platform/org.eclipse.core.resources/maven-metadata.xml
Downloading from stamp-maven-repository-mvn-repo: https://stamp-project.github.io/stamp-maven-repository/org/eclipse/platform/org.eclipse.core.expressions/maven-metadata.xml
Downloading from stamp-maven-repository-mvn-repo: https://stamp-project.github.io/stamp-maven-repository/org/eclipse/platform/org.eclipse.core.runtime/maven-metadata.xml
Downloading from stamp-maven-repository-mvn-repo: https://stamp-project.github.io/stamp-maven-repository/org/eclipse/platform/org.eclipse.osgi/maven-metadata.xml
Downloading from stamp-maven-repository-mvn-repo: https://stamp-project.github.io/stamp-maven-repository/org/eclipse/platform/org.eclipse.equinox.common/maven-metadata.xml
Downloading from stamp-maven-repository-mvn-repo: https://stamp-project.github.io/stamp-maven-repository/org/eclipse/platform/org.eclipse.core.jobs/maven-metadata.xml
Downloading from stamp-maven-repository-mvn-repo: https://stamp-project.github.io/stamp-maven-repository/org/eclipse/platform/org.eclipse.equinox.registry/maven-metadata.xml
Downloading from stamp-maven-repository-mvn-repo: https://stamp-project.github.io/stamp-maven-repository/org/eclipse/platform/org.eclipse.equinox.preferences/maven-metadata.xml
Downloading from stamp-maven-repository-mvn-repo: https://stamp-project.github.io/stamp-maven-repository/org/eclipse/platform/org.eclipse.core.contenttype/maven-metadata.xml
Downloading from stamp-maven-repository-mvn-repo: https://stamp-project.github.io/stamp-maven-repository/org/eclipse/platform/org.eclipse.equinox.app/maven-metadata.xml
Downloading from stamp-maven-repository-mvn-repo: https://stamp-project.github.io/stamp-maven-repository/org/eclipse/platform/org.eclipse.core.filesystem/maven-metadata.xml
Downloading from stamp-maven-repository-mvn-repo: https://stamp-project.github.io/stamp-maven-repository/org/eclipse/platform/org.eclipse.text/maven-metadata.xml
Downloading from stamp-maven-repository-mvn-repo: https://stamp-project.github.io/stamp-maven-repository/org/eclipse/platform/org.eclipse.core.commands/maven-metadata.xml
[INFO] Path to runner Classes: /home/spirals/danglot/.m2/repository/eu/stamp-project/test-runner/1.1.0/test-runner-1.1.0-jar-with-dependencies.jar
[INFO] /home/spirals/danglot/.m2/repository/org/jacoco/org.jacoco.core/0.7.9/org.jacoco.core-0.7.9.jar
[INFO] /home/spirals/danglot/.m2/repository/org/ow2/asm/asm-debug-all/5.2/asm-debug-all-5.2.jar
[INFO] /home/spirals/danglot/.m2/repository/eu/stamp-project/test-runner/1.1.0/test-runner-1.1.0-jar-with-dependencies.jar
[WARNING] automaticBuilderName: unknown automatic builder specified in configuration, going to default.
[INFO] Default: provided Maven automatic builder.
[INFO] run maven clean test -DskipTests dependency:build-classpath -Dmdep.outputFile=target/dspot/classpath
[WARN] Maven will be executed in interactive mode, but no input stream has been configured for this MavenInvoker instance.
[INFO] Scanning for projects...
[WARNING] 
[WARNING] Some problems were encountered while building the effective model for org.xwiki.commons:xwiki-commons-collection:jar:10.8-SNAPSHOT
[WARNING] 'build.pluginManagement.plugins.plugin.(groupId:artifactId)' must be unique but found duplicate declaration of plugin org.codehaus.mojo:build-helper-maven-plugin @ org.xwiki.commons:xwiki-commons:10.8-SNAPSHOT, /tmp/icst-2019/dataset/xwiki-commons/pom.xml, line 1839, column 17
[WARNING] 
[WARNING] It is highly recommended to fix these problems because they threaten the stability of your build.
[WARNING] 
[WARNING] For this reason, future Maven versions might no longer support building such malformed projects.
[WARNING] 
[INFO] 
[INFO] -------------< org.xwiki.commons:xwiki-commons-collection >-------------
[INFO] Building XWiki Commons - Collection 10.8-SNAPSHOT
[INFO] --------------------------------[ jar ]---------------------------------
[INFO] 
[INFO] --- maven-clean-plugin:3.1.0:clean (default-clean) @ xwiki-commons-collection ---
[INFO] Deleting /tmp/icst-2019/dataset/xwiki-commons/xwiki-commons-core/xwiki-commons-collection/target
[INFO] 
[INFO] --- maven-enforcer-plugin:1.4.1:enforce (enforce-plugins) @ xwiki-commons-collection ---
Downloading from apache.snapshots: http://repository.apache.org/snapshots/org/xwiki/commons/xwiki-commons-tool-enforcer-dependencies/10.8-SNAPSHOT/maven-metadata.xml
Downloading from apache.snapshots: http://repository.apache.org/snapshots/org/xwiki/commons/xwiki-commons-tool-enforcers/10.8-SNAPSHOT/maven-metadata.xml
[INFO] Skipping Rule Enforcement.
[INFO] 
[INFO] --- maven-enforcer-plugin:1.4.1:enforce (enforce-jcl-log4j-isolation) @ xwiki-commons-collection ---
[INFO] Skipping Rule Enforcement.
[INFO] 
[INFO] --- maven-enforcer-plugin:1.4.1:enforce (enforce-glasshfish-jaxb) @ xwiki-commons-collection ---
[INFO] Skipping Rule Enforcement.
[INFO] 
[INFO] --- maven-enforcer-plugin:1.4.1:enforce (enforce-open-json) @ xwiki-commons-collection ---
[INFO] Skipping Rule Enforcement.
[INFO] 
[INFO] --- maven-enforcer-plugin:1.4.1:enforce (enforce-glassfish-el) @ xwiki-commons-collection ---
[INFO] Skipping Rule Enforcement.
[INFO] 
[INFO] --- maven-enforcer-plugin:1.4.1:enforce (enforce-commons-lang3) @ xwiki-commons-collection ---
[INFO] Skipping Rule Enforcement.
[INFO] 
[INFO] --- maven-enforcer-plugin:1.4.1:enforce (enforce-commons-configuration2) @ xwiki-commons-collection ---
[INFO] Skipping Rule Enforcement.
[INFO] 
[INFO] --- maven-enforcer-plugin:1.4.1:enforce (enforce-bouncycastle-ids) @ xwiki-commons-collection ---
[INFO] Skipping Rule Enforcement.
[INFO] 
[INFO] --- maven-enforcer-plugin:1.4.1:enforce (enforce-javase-dependencies) @ xwiki-commons-collection ---
[INFO] Skipping Rule Enforcement.
[INFO] 
[INFO] --- maven-enforcer-plugin:1.4.1:enforce (enforce-upper-bounds) @ xwiki-commons-collection ---
[INFO] Skipping Rule Enforcement.
[INFO] 
[INFO] --- maven-enforcer-plugin:1.4.1:enforce (enforce-no-legacy-dependencies) @ xwiki-commons-collection ---
[INFO] 
[INFO] --- maven-enforcer-plugin:1.4.1:enforce (enforce-valid-poms) @ xwiki-commons-collection ---
[INFO] Skipping Rule Enforcement.
[INFO] 
[INFO] --- maven-enforcer-plugin:1.4.1:enforce (enforce-platform-rendering-isolation) @ xwiki-commons-collection ---
[INFO] Skipping Rule Enforcement.
[INFO] 
[INFO] --- maven-enforcer-plugin:1.4.1:enforce (check-dependency-version) @ xwiki-commons-collection ---
[INFO] Skipping Rule Enforcement.
[INFO] 
[INFO] --- xwiki-commons-tool-remote-resource-plugin:10.8-SNAPSHOT:process (xwiki-license-resources) @ xwiki-commons-collection ---
[INFO] 
[INFO] --- maven-resources-plugin:3.1.0:resources (default-resources) @ xwiki-commons-collection ---
[INFO] Using 'UTF-8' encoding to copy filtered resources.
[INFO] skip non existing resourceDirectory /tmp/icst-2019/dataset/xwiki-commons/xwiki-commons-core/xwiki-commons-collection/src/main/resources
[INFO] Copying 2 resources
[INFO] 
[INFO] --- maven-compiler-plugin:3.8.0:compile (default-compile) @ xwiki-commons-collection ---
[INFO] Changes detected - recompiling the module!
[INFO] Compiling 1 source file to /tmp/icst-2019/dataset/xwiki-commons/xwiki-commons-core/xwiki-commons-collection/target/classes
[INFO] 
[INFO] --- maven-bundle-plugin:3.5.1:manifest (bundle-manifest) @ xwiki-commons-collection ---
[INFO] 
[INFO] --- maven-resources-plugin:3.1.0:testResources (default-testResources) @ xwiki-commons-collection ---
[INFO] Using 'UTF-8' encoding to copy filtered resources.
[INFO] skip non existing resourceDirectory /tmp/icst-2019/dataset/xwiki-commons/xwiki-commons-core/xwiki-commons-collection/src/test/resources
[INFO] Copying 2 resources
[INFO] 
[INFO] --- maven-compiler-plugin:3.8.0:testCompile (default-testCompile) @ xwiki-commons-collection ---
[INFO] Changes detected - recompiling the module!
[INFO] Compiling 1 source file to /tmp/icst-2019/dataset/xwiki-commons/xwiki-commons-core/xwiki-commons-collection/target/test-classes
[INFO] 
[INFO] --- maven-surefire-plugin:2.22.0:test (default-test) @ xwiki-commons-collection ---
Downloading from apache.snapshots: https://repository.apache.org/snapshots/org/xwiki/commons/xwiki-commons-tool-test-simple/10.8-SNAPSHOT/maven-metadata.xml
[INFO] Tests are skipped.
[INFO] 
[INFO] --- maven-dependency-plugin:3.1.1:build-classpath (default-cli) @ xwiki-commons-collection ---
[INFO] Wrote classpath file '/tmp/icst-2019/dataset/xwiki-commons/xwiki-commons-core/xwiki-commons-collection/target/dspot/classpath'.
[INFO] ------------------------------------------------------------------------
[INFO] BUILD SUCCESS
[INFO] ------------------------------------------------------------------------
[INFO] Total time: 11.603 s
[INFO] Finished at: 2018-09-18T11:24:32+02:00
[INFO] ------------------------------------------------------------------------
[INFO] run maven clean test -DskipTests dependency:build-classpath -Dmdep.outputFile=target/dspot/classpath
[WARN] Maven will be executed in interactive mode, but no input stream has been configured for this MavenInvoker instance.
[INFO] Scanning for projects...
[WARNING] 
[WARNING] Some problems were encountered while building the effective model for org.xwiki.commons:xwiki-commons-collection:jar:10.8-SNAPSHOT
[WARNING] 'build.pluginManagement.plugins.plugin.(groupId:artifactId)' must be unique but found duplicate declaration of plugin org.codehaus.mojo:build-helper-maven-plugin @ org.xwiki.commons:xwiki-commons:10.8-SNAPSHOT, /tmp/icst-2019/dataset/xwiki-commons_parent/pom.xml, line 1839, column 17
[WARNING] 
[WARNING] It is highly recommended to fix these problems because they threaten the stability of your build.
[WARNING] 
[WARNING] For this reason, future Maven versions might no longer support building such malformed projects.
[WARNING] 
[INFO] 
[INFO] -------------< org.xwiki.commons:xwiki-commons-collection >-------------
[INFO] Building XWiki Commons - Collection 10.8-SNAPSHOT
[INFO] --------------------------------[ jar ]---------------------------------
[INFO] 
[INFO] --- maven-clean-plugin:3.1.0:clean (default-clean) @ xwiki-commons-collection ---
[INFO] Deleting /tmp/icst-2019/dataset/xwiki-commons_parent/xwiki-commons-core/xwiki-commons-collection/target
[INFO] 
[INFO] --- maven-enforcer-plugin:1.4.1:enforce (enforce-plugins) @ xwiki-commons-collection ---
[INFO] Skipping Rule Enforcement.
[INFO] 
[INFO] --- maven-enforcer-plugin:1.4.1:enforce (enforce-jcl-log4j-isolation) @ xwiki-commons-collection ---
[INFO] Skipping Rule Enforcement.
[INFO] 
[INFO] --- maven-enforcer-plugin:1.4.1:enforce (enforce-glasshfish-jaxb) @ xwiki-commons-collection ---
[INFO] Skipping Rule Enforcement.
[INFO] 
[INFO] --- maven-enforcer-plugin:1.4.1:enforce (enforce-open-json) @ xwiki-commons-collection ---
[INFO] Skipping Rule Enforcement.
[INFO] 
[INFO] --- maven-enforcer-plugin:1.4.1:enforce (enforce-glassfish-el) @ xwiki-commons-collection ---
[INFO] Skipping Rule Enforcement.
[INFO] 
[INFO] --- maven-enforcer-plugin:1.4.1:enforce (enforce-commons-lang3) @ xwiki-commons-collection ---
[INFO] Skipping Rule Enforcement.
[INFO] 
[INFO] --- maven-enforcer-plugin:1.4.1:enforce (enforce-commons-configuration2) @ xwiki-commons-collection ---
[INFO] Skipping Rule Enforcement.
[INFO] 
[INFO] --- maven-enforcer-plugin:1.4.1:enforce (enforce-bouncycastle-ids) @ xwiki-commons-collection ---
[INFO] Skipping Rule Enforcement.
[INFO] 
[INFO] --- maven-enforcer-plugin:1.4.1:enforce (enforce-javase-dependencies) @ xwiki-commons-collection ---
[INFO] Skipping Rule Enforcement.
[INFO] 
[INFO] --- maven-enforcer-plugin:1.4.1:enforce (enforce-upper-bounds) @ xwiki-commons-collection ---
[INFO] Skipping Rule Enforcement.
[INFO] 
[INFO] --- maven-enforcer-plugin:1.4.1:enforce (enforce-no-legacy-dependencies) @ xwiki-commons-collection ---
[INFO] 
[INFO] --- maven-enforcer-plugin:1.4.1:enforce (enforce-valid-poms) @ xwiki-commons-collection ---
[INFO] Skipping Rule Enforcement.
[INFO] 
[INFO] --- maven-enforcer-plugin:1.4.1:enforce (enforce-platform-rendering-isolation) @ xwiki-commons-collection ---
[INFO] Skipping Rule Enforcement.
[INFO] 
[INFO] --- maven-enforcer-plugin:1.4.1:enforce (check-dependency-version) @ xwiki-commons-collection ---
[INFO] Skipping Rule Enforcement.
[INFO] 
[INFO] --- xwiki-commons-tool-remote-resource-plugin:10.8-SNAPSHOT:process (xwiki-license-resources) @ xwiki-commons-collection ---
[INFO] 
[INFO] --- maven-resources-plugin:3.1.0:resources (default-resources) @ xwiki-commons-collection ---
[INFO] Using 'UTF-8' encoding to copy filtered resources.
[INFO] skip non existing resourceDirectory /tmp/icst-2019/dataset/xwiki-commons_parent/xwiki-commons-core/xwiki-commons-collection/src/main/resources
[INFO] Copying 2 resources
[INFO] 
[INFO] --- maven-compiler-plugin:3.8.0:compile (default-compile) @ xwiki-commons-collection ---
[INFO] Changes detected - recompiling the module!
[INFO] Compiling 1 source file to /tmp/icst-2019/dataset/xwiki-commons_parent/xwiki-commons-core/xwiki-commons-collection/target/classes
[INFO] 
[INFO] --- maven-bundle-plugin:3.5.1:manifest (bundle-manifest) @ xwiki-commons-collection ---
[INFO] 
[INFO] --- maven-resources-plugin:3.1.0:testResources (default-testResources) @ xwiki-commons-collection ---
[INFO] Using 'UTF-8' encoding to copy filtered resources.
[INFO] skip non existing resourceDirectory /tmp/icst-2019/dataset/xwiki-commons_parent/xwiki-commons-core/xwiki-commons-collection/src/test/resources
[INFO] Copying 2 resources
[INFO] 
[INFO] --- maven-compiler-plugin:3.8.0:testCompile (default-testCompile) @ xwiki-commons-collection ---
[INFO] Changes detected - recompiling the module!
[INFO] Compiling 1 source file to /tmp/icst-2019/dataset/xwiki-commons_parent/xwiki-commons-core/xwiki-commons-collection/target/test-classes
[INFO] 
[INFO] --- maven-surefire-plugin:2.22.0:test (default-test) @ xwiki-commons-collection ---
[INFO] Tests are skipped.
[INFO] 
[INFO] --- maven-dependency-plugin:3.1.1:build-classpath (default-cli) @ xwiki-commons-collection ---
[INFO] Wrote classpath file '/tmp/icst-2019/dataset/xwiki-commons_parent/xwiki-commons-core/xwiki-commons-collection/target/dspot/classpath'.
[INFO] ------------------------------------------------------------------------
[INFO] BUILD SUCCESS
[INFO] ------------------------------------------------------------------------
[INFO] Total time: 10.052 s
[INFO] Finished at: 2018-09-18T11:24:47+02:00
[INFO] ------------------------------------------------------------------------
[INFO] ------------------------------------------------------------------------
[INFO] BUILD FAILURE
[INFO] ------------------------------------------------------------------------
[INFO] Total time: 37.899 s
[INFO] Finished at: 2018-09-18T11:24:47+02:00
[INFO] ------------------------------------------------------------------------
[ERROR] Failed to execute goal eu.stamp-project:dspot-maven:1.1.1-SNAPSHOT:amplify-unit-tests (default-cli) on project xwiki-commons-collection: Execution default-cli of goal eu.stamp-project:dspot-maven:1.1.1-SNAPSHOT:amplify-unit-tests failed: java.lang.IndexOutOfBoundsException: Index: 0, Size: 0 -> [Help 1]
[ERROR] 
[ERROR] To see the full stack trace of the errors, re-run Maven with the -e switch.
[ERROR] Re-run Maven using the -X switch to enable full debug logging.
[ERROR] 
[ERROR] For more information about the errors and possible solutions, please read the following articles:
[ERROR] [Help 1] http://cwiki.apache.org/confluence/display/MAVEN/PluginExecutionException
