[INFO] 2018-09-18 13:32:38 RepositoriesSetter - {dataset/xwiki-commons} Cleaning local repository...
[INFO] 2018-09-18 13:32:39 RepositoriesSetter - Checkout 99cd9436423fadda4f5d66c1d2dff4bea10d1775 revision...
[INFO] 2018-09-18 13:32:47 RepositoriesSetter - {dataset/xwiki-commons_parent} Cleaning local repository...
[INFO] 2018-09-18 13:32:47 RepositoriesSetter - Checkout a83ed97fee0f054478581716169618ff0c8334ff revision...
/home/spirals/danglot/apache-maven-3.5.4/bin/mvn eu.stamp-project:dspot-maven:1.1.1-SNAPSHOT:amplify-unit-tests -Dpath-to-test-list-csv=/tmp/icst-2019/dataset/september-2018/xwiki-commons_testsThatExecuteTheChange_13.csv -Dverbose=True -Dtest-criterion=ChangeDetectorSelector -Doutput-path=/tmp/icst-2019/result/september-2018/xwiki-commons/commit_13_amplifiers -Dpath-to-second-version=/tmp/icst-2019/dataset/xwiki-commons_parent/xwiki-commons-tools/xwiki-commons-tool-extension-plugin -Dgenerate-new-test-class=true -Dclean=true -Damplifiers=AllLiteralAmplifiers,MethodAdd,MethodRemove,MethodGeneratorAmplifier,ReturnValueAmplifier,NullifierAmplifier -Diteration=3 -Dbudgetizer=SimpleBudgetizer -Duse-maven-to-exe-test=true[INFO] Scanning for projects...
[INFO] 
[INFO] -------< org.xwiki.commons:xwiki-commons-tool-extension-plugin >--------
[INFO] Building XWiki Commons - Tools - Extension Plugin 10.8-SNAPSHOT
[INFO] ----------------------------[ maven-plugin ]----------------------------
[INFO] 
[INFO] --- dspot-maven:1.1.1-SNAPSHOT:amplify-unit-tests (default-cli) @ xwiki-commons-tool-extension-plugin ---
Downloading from stamp-maven-repository-mvn-repo: https://stamp-project.github.io/stamp-maven-repository/eu/stamp-project/dspot/1.1.1-SNAPSHOT/maven-metadata.xml
Downloading from stamp-maven-repository-mvn-repo: https://stamp-project.github.io/stamp-maven-repository/fr/inria/gforge/spoon/spoon-core/7.1.0-SNAPSHOT/maven-metadata.xml
Downloading from stamp-maven-repository-mvn-repo: https://stamp-project.github.io/stamp-maven-repository/org/eclipse/platform/org.eclipse.core.resources/maven-metadata.xml
Downloading from stamp-maven-repository-mvn-repo: https://stamp-project.github.io/stamp-maven-repository/org/eclipse/platform/org.eclipse.core.expressions/maven-metadata.xml
Downloading from stamp-maven-repository-mvn-repo: https://stamp-project.github.io/stamp-maven-repository/org/eclipse/platform/org.eclipse.core.runtime/maven-metadata.xml
Downloading from stamp-maven-repository-mvn-repo: https://stamp-project.github.io/stamp-maven-repository/org/eclipse/platform/org.eclipse.osgi/maven-metadata.xml
Downloading from stamp-maven-repository-mvn-repo: https://stamp-project.github.io/stamp-maven-repository/org/eclipse/platform/org.eclipse.equinox.common/maven-metadata.xml
Downloading from stamp-maven-repository-mvn-repo: https://stamp-project.github.io/stamp-maven-repository/org/eclipse/platform/org.eclipse.core.jobs/maven-metadata.xml
Downloading from stamp-maven-repository-mvn-repo: https://stamp-project.github.io/stamp-maven-repository/org/eclipse/platform/org.eclipse.equinox.registry/maven-metadata.xml
Downloading from stamp-maven-repository-mvn-repo: https://stamp-project.github.io/stamp-maven-repository/org/eclipse/platform/org.eclipse.equinox.preferences/maven-metadata.xml
Downloading from stamp-maven-repository-mvn-repo: https://stamp-project.github.io/stamp-maven-repository/org/eclipse/platform/org.eclipse.core.contenttype/maven-metadata.xml
Downloading from stamp-maven-repository-mvn-repo: https://stamp-project.github.io/stamp-maven-repository/org/eclipse/platform/org.eclipse.equinox.app/maven-metadata.xml
Downloading from stamp-maven-repository-mvn-repo: https://stamp-project.github.io/stamp-maven-repository/org/eclipse/platform/org.eclipse.core.filesystem/maven-metadata.xml
Downloading from stamp-maven-repository-mvn-repo: https://stamp-project.github.io/stamp-maven-repository/org/eclipse/platform/org.eclipse.text/maven-metadata.xml
Downloading from stamp-maven-repository-mvn-repo: https://stamp-project.github.io/stamp-maven-repository/org/eclipse/platform/org.eclipse.core.commands/maven-metadata.xml
[INFO] Path to runner Classes: /home/spirals/danglot/.m2/repository/eu/stamp-project/test-runner/1.1.0/test-runner-1.1.0-jar-with-dependencies.jar
[INFO] /home/spirals/danglot/.m2/repository/org/jacoco/org.jacoco.core/0.7.9/org.jacoco.core-0.7.9.jar
[INFO] /home/spirals/danglot/.m2/repository/org/ow2/asm/asm-debug-all/5.2/asm-debug-all-5.2.jar
[INFO] /home/spirals/danglot/.m2/repository/eu/stamp-project/test-runner/1.1.0/test-runner-1.1.0-jar-with-dependencies.jar
[WARNING] automaticBuilderName: unknown automatic builder specified in configuration, going to default.
[INFO] Default: provided Maven automatic builder.
[INFO] run maven clean test -DskipTests dependency:build-classpath -Dmdep.outputFile=target/dspot/classpath
[WARN] Maven will be executed in interactive mode, but no input stream has been configured for this MavenInvoker instance.
[INFO] Scanning for projects...
[INFO] 
[INFO] -------< org.xwiki.commons:xwiki-commons-tool-extension-plugin >--------
[INFO] Building XWiki Commons - Tools - Extension Plugin 10.8-SNAPSHOT
[INFO] ----------------------------[ maven-plugin ]----------------------------
[INFO] 
[INFO] --- maven-clean-plugin:3.1.0:clean (default-clean) @ xwiki-commons-tool-extension-plugin ---
[INFO] Deleting /tmp/icst-2019/dataset/xwiki-commons/xwiki-commons-tools/xwiki-commons-tool-extension-plugin/target
[INFO] 
[INFO] --- maven-enforcer-plugin:1.4.1:enforce (enforce-plugins) @ xwiki-commons-tool-extension-plugin ---
[INFO] Skipping Rule Enforcement.
[INFO] 
[INFO] --- maven-enforcer-plugin:1.4.1:enforce (enforce-jcl-log4j-isolation) @ xwiki-commons-tool-extension-plugin ---
[INFO] Skipping Rule Enforcement.
[INFO] 
[INFO] --- maven-enforcer-plugin:1.4.1:enforce (enforce-glasshfish-jaxb) @ xwiki-commons-tool-extension-plugin ---
[INFO] Skipping Rule Enforcement.
[INFO] 
[INFO] --- maven-enforcer-plugin:1.4.1:enforce (enforce-open-json) @ xwiki-commons-tool-extension-plugin ---
[INFO] Skipping Rule Enforcement.
[INFO] 
[INFO] --- maven-enforcer-plugin:1.4.1:enforce (enforce-glassfish-el) @ xwiki-commons-tool-extension-plugin ---
[INFO] Skipping Rule Enforcement.
[INFO] 
[INFO] --- maven-enforcer-plugin:1.4.1:enforce (enforce-commons-lang3) @ xwiki-commons-tool-extension-plugin ---
[INFO] Skipping Rule Enforcement.
[INFO] 
[INFO] --- maven-enforcer-plugin:1.4.1:enforce (enforce-commons-configuration2) @ xwiki-commons-tool-extension-plugin ---
[INFO] Skipping Rule Enforcement.
[INFO] 
[INFO] --- maven-enforcer-plugin:1.4.1:enforce (enforce-bouncycastle-ids) @ xwiki-commons-tool-extension-plugin ---
[INFO] Skipping Rule Enforcement.
[INFO] 
[INFO] --- maven-enforcer-plugin:1.4.1:enforce (enforce-javase-dependencies) @ xwiki-commons-tool-extension-plugin ---
[INFO] Skipping Rule Enforcement.
[INFO] 
[INFO] --- maven-enforcer-plugin:1.4.1:enforce (enforce-upper-bounds) @ xwiki-commons-tool-extension-plugin ---
[INFO] Skipping Rule Enforcement.
[INFO] 
[INFO] --- maven-resources-plugin:3.1.0:resources (default-resources) @ xwiki-commons-tool-extension-plugin ---
[INFO] Using 'UTF-8' encoding to copy filtered resources.
[INFO] Copying 2 resources
[INFO] 
[INFO] --- maven-compiler-plugin:3.8.0:compile (default-compile) @ xwiki-commons-tool-extension-plugin ---
[INFO] Changes detected - recompiling the module!
[INFO] Compiling 11 source files to /tmp/icst-2019/dataset/xwiki-commons/xwiki-commons-tools/xwiki-commons-tool-extension-plugin/target/classes
[INFO] /tmp/icst-2019/dataset/xwiki-commons/xwiki-commons-tools/xwiki-commons-tool-extension-plugin/src/main/java/org/xwiki/tool/extension/util/ExtensionMojoHelper.java: /tmp/icst-2019/dataset/xwiki-commons/xwiki-commons-tools/xwiki-commons-tool-extension-plugin/src/main/java/org/xwiki/tool/extension/util/ExtensionMojoHelper.java uses or overrides a deprecated API.
[INFO] /tmp/icst-2019/dataset/xwiki-commons/xwiki-commons-tools/xwiki-commons-tool-extension-plugin/src/main/java/org/xwiki/tool/extension/util/ExtensionMojoHelper.java: Recompile with -Xlint:deprecation for details.
[INFO] -------------------------------------------------------------
[ERROR] COMPILATION ERROR : 
[INFO] -------------------------------------------------------------
[ERROR] /tmp/icst-2019/dataset/xwiki-commons/xwiki-commons-tools/xwiki-commons-tool-extension-plugin/src/main/java/org/xwiki/tool/extension/internal/MavenBuildExtensionRepository.java:[83,5] method does not override or implement a method from a supertype
[INFO] 1 error
[INFO] -------------------------------------------------------------
[INFO] ------------------------------------------------------------------------
[INFO] BUILD FAILURE
[INFO] ------------------------------------------------------------------------
[INFO] Total time: 6.175 s
[INFO] Finished at: 2018-09-18T13:33:08+02:00
[INFO] ------------------------------------------------------------------------
[ERROR] Failed to execute goal org.apache.maven.plugins:maven-compiler-plugin:3.8.0:compile (default-compile) on project xwiki-commons-tool-extension-plugin: Compilation failure
[ERROR] /tmp/icst-2019/dataset/xwiki-commons/xwiki-commons-tools/xwiki-commons-tool-extension-plugin/src/main/java/org/xwiki/tool/extension/internal/MavenBuildExtensionRepository.java:[83,5] method does not override or implement a method from a supertype
[ERROR] 
[ERROR] -> [Help 1]
[ERROR] 
[ERROR] To see the full stack trace of the errors, re-run Maven with the -e switch.
[ERROR] Re-run Maven using the -X switch to enable full debug logging.
[ERROR] 
[ERROR] For more information about the errors and possible solutions, please read the following articles:
[ERROR] [Help 1] http://cwiki.apache.org/confluence/display/MAVEN/MojoFailureException
[INFO] ------------------------------------------------------------------------
[INFO] BUILD FAILURE
[INFO] ------------------------------------------------------------------------
[INFO] Total time: 16.581 s
[INFO] Finished at: 2018-09-18T13:33:08+02:00
[INFO] ------------------------------------------------------------------------
[ERROR] Failed to execute goal eu.stamp-project:dspot-maven:1.1.1-SNAPSHOT:amplify-unit-tests (default-cli) on project xwiki-commons-tool-extension-plugin: Execution default-cli of goal eu.stamp-project:dspot-maven:1.1.1-SNAPSHOT:amplify-unit-tests failed: java.lang.RuntimeException: java.io.FileNotFoundException: /tmp/icst-2019/dataset/xwiki-commons/xwiki-commons-tools/xwiki-commons-tool-extension-plugin/target/dspot/classpath (No such file or directory) -> [Help 1]
[ERROR] 
[ERROR] To see the full stack trace of the errors, re-run Maven with the -e switch.
[ERROR] Re-run Maven using the -X switch to enable full debug logging.
[ERROR] 
[ERROR] For more information about the errors and possible solutions, please read the following articles:
[ERROR] [Help 1] http://cwiki.apache.org/confluence/display/MAVEN/PluginExecutionException
