[INFO] 2018-09-18 11:31:03 RepositoriesSetter - {dataset/xwiki-commons} Cleaning local repository...
[INFO] 2018-09-18 11:31:05 RepositoriesSetter - Checkout c0b4a238a685fe280e23e137338712f79772d34b revision...
[INFO] 2018-09-18 11:31:05 RepositoriesSetter - {dataset/xwiki-commons_parent} Cleaning local repository...
[INFO] 2018-09-18 11:31:06 RepositoriesSetter - Checkout 1add12e6117f79118ba2b6902e6a563f9ac753bc revision...
/home/spirals/danglot/apache-maven-3.5.4/bin/mvn eu.stamp-project:dspot-maven:1.1.1-SNAPSHOT:amplify-unit-tests -Dpath-to-test-list-csv=/tmp/icst-2019/dataset/september-2018/xwiki-commons_testsThatExecuteTheChange_4.csv -Dverbose=True -Dtest-criterion=ChangeDetectorSelector -Doutput-path=/tmp/icst-2019/result/september-2018/xwiki-commons/commit_4_amplifiers -Dpath-to-second-version=/tmp/icst-2019/dataset/xwiki-commons_parent/xwiki-commons-tools/xwiki-commons-tool-xar/xwiki-commons-tool-xar-plugin -Dgenerate-new-test-class=true -Dclean=true -Damplifiers=AllLiteralAmplifiers,MethodAdd,MethodRemove,MethodGeneratorAmplifier,ReturnValueAmplifier,NullifierAmplifier -Diteration=3 -Dbudgetizer=SimpleBudgetizer -Duse-maven-to-exe-test=true[INFO] Scanning for projects...
[INFO] 
[INFO] ----------< org.xwiki.commons:xwiki-commons-tool-xar-plugin >-----------
[INFO] Building XWiki Commons - Tools - XAR Tools - XAR Plugin 10.8-SNAPSHOT
[INFO] ----------------------------[ maven-plugin ]----------------------------
[INFO] 
[INFO] --- dspot-maven:1.1.1-SNAPSHOT:amplify-unit-tests (default-cli) @ xwiki-commons-tool-xar-plugin ---
Downloading from stamp-maven-repository-mvn-repo: https://stamp-project.github.io/stamp-maven-repository/eu/stamp-project/dspot/1.1.1-SNAPSHOT/maven-metadata.xml
Downloading from stamp-maven-repository-mvn-repo: https://stamp-project.github.io/stamp-maven-repository/fr/inria/gforge/spoon/spoon-core/7.1.0-SNAPSHOT/maven-metadata.xml
Downloading from stamp-maven-repository-mvn-repo: https://stamp-project.github.io/stamp-maven-repository/org/eclipse/platform/org.eclipse.core.resources/maven-metadata.xml
Downloading from stamp-maven-repository-mvn-repo: https://stamp-project.github.io/stamp-maven-repository/org/eclipse/platform/org.eclipse.core.expressions/maven-metadata.xml
Downloading from stamp-maven-repository-mvn-repo: https://stamp-project.github.io/stamp-maven-repository/org/eclipse/platform/org.eclipse.core.runtime/maven-metadata.xml
Downloading from stamp-maven-repository-mvn-repo: https://stamp-project.github.io/stamp-maven-repository/org/eclipse/platform/org.eclipse.osgi/maven-metadata.xml
Downloading from stamp-maven-repository-mvn-repo: https://stamp-project.github.io/stamp-maven-repository/org/eclipse/platform/org.eclipse.equinox.common/maven-metadata.xml
Downloading from stamp-maven-repository-mvn-repo: https://stamp-project.github.io/stamp-maven-repository/org/eclipse/platform/org.eclipse.core.jobs/maven-metadata.xml
Downloading from stamp-maven-repository-mvn-repo: https://stamp-project.github.io/stamp-maven-repository/org/eclipse/platform/org.eclipse.equinox.registry/maven-metadata.xml
Downloading from stamp-maven-repository-mvn-repo: https://stamp-project.github.io/stamp-maven-repository/org/eclipse/platform/org.eclipse.equinox.preferences/maven-metadata.xml
Downloading from stamp-maven-repository-mvn-repo: https://stamp-project.github.io/stamp-maven-repository/org/eclipse/platform/org.eclipse.core.contenttype/maven-metadata.xml
Downloading from stamp-maven-repository-mvn-repo: https://stamp-project.github.io/stamp-maven-repository/org/eclipse/platform/org.eclipse.equinox.app/maven-metadata.xml
Downloading from stamp-maven-repository-mvn-repo: https://stamp-project.github.io/stamp-maven-repository/org/eclipse/platform/org.eclipse.core.filesystem/maven-metadata.xml
Downloading from stamp-maven-repository-mvn-repo: https://stamp-project.github.io/stamp-maven-repository/org/eclipse/platform/org.eclipse.text/maven-metadata.xml
Downloading from stamp-maven-repository-mvn-repo: https://stamp-project.github.io/stamp-maven-repository/org/eclipse/platform/org.eclipse.core.commands/maven-metadata.xml
[INFO] Path to runner Classes: /home/spirals/danglot/.m2/repository/eu/stamp-project/test-runner/1.1.0/test-runner-1.1.0-jar-with-dependencies.jar
[INFO] /home/spirals/danglot/.m2/repository/org/jacoco/org.jacoco.core/0.7.9/org.jacoco.core-0.7.9.jar
[INFO] /home/spirals/danglot/.m2/repository/org/ow2/asm/asm-debug-all/5.2/asm-debug-all-5.2.jar
[INFO] /home/spirals/danglot/.m2/repository/eu/stamp-project/test-runner/1.1.0/test-runner-1.1.0-jar-with-dependencies.jar
[WARNING] automaticBuilderName: unknown automatic builder specified in configuration, going to default.
[INFO] Default: provided Maven automatic builder.
[INFO] run maven clean test -DskipTests dependency:build-classpath -Dmdep.outputFile=target/dspot/classpath
[WARN] Maven will be executed in interactive mode, but no input stream has been configured for this MavenInvoker instance.
[INFO] Scanning for projects...
[INFO] 
[INFO] ----------< org.xwiki.commons:xwiki-commons-tool-xar-plugin >-----------
[INFO] Building XWiki Commons - Tools - XAR Tools - XAR Plugin 10.8-SNAPSHOT
[INFO] ----------------------------[ maven-plugin ]----------------------------
[INFO] 
[INFO] --- maven-clean-plugin:3.1.0:clean (default-clean) @ xwiki-commons-tool-xar-plugin ---
[INFO] Deleting /tmp/icst-2019/dataset/xwiki-commons/xwiki-commons-tools/xwiki-commons-tool-xar/xwiki-commons-tool-xar-plugin/target
[INFO] 
[INFO] --- maven-enforcer-plugin:1.4.1:enforce (enforce-plugins) @ xwiki-commons-tool-xar-plugin ---
[INFO] Skipping Rule Enforcement.
[INFO] 
[INFO] --- maven-enforcer-plugin:1.4.1:enforce (enforce-jcl-log4j-isolation) @ xwiki-commons-tool-xar-plugin ---
[INFO] Skipping Rule Enforcement.
[INFO] 
[INFO] --- maven-enforcer-plugin:1.4.1:enforce (enforce-glasshfish-jaxb) @ xwiki-commons-tool-xar-plugin ---
[INFO] Skipping Rule Enforcement.
[INFO] 
[INFO] --- maven-enforcer-plugin:1.4.1:enforce (enforce-open-json) @ xwiki-commons-tool-xar-plugin ---
[INFO] Skipping Rule Enforcement.
[INFO] 
[INFO] --- maven-enforcer-plugin:1.4.1:enforce (enforce-glassfish-el) @ xwiki-commons-tool-xar-plugin ---
[INFO] Skipping Rule Enforcement.
[INFO] 
[INFO] --- maven-enforcer-plugin:1.4.1:enforce (enforce-commons-lang3) @ xwiki-commons-tool-xar-plugin ---
[INFO] Skipping Rule Enforcement.
[INFO] 
[INFO] --- maven-enforcer-plugin:1.4.1:enforce (enforce-commons-configuration2) @ xwiki-commons-tool-xar-plugin ---
[INFO] Skipping Rule Enforcement.
[INFO] 
[INFO] --- maven-enforcer-plugin:1.4.1:enforce (enforce-bouncycastle-ids) @ xwiki-commons-tool-xar-plugin ---
[INFO] Skipping Rule Enforcement.
[INFO] 
[INFO] --- maven-enforcer-plugin:1.4.1:enforce (enforce-javase-dependencies) @ xwiki-commons-tool-xar-plugin ---
[INFO] Skipping Rule Enforcement.
[INFO] 
[INFO] --- maven-enforcer-plugin:1.4.1:enforce (enforce-upper-bounds) @ xwiki-commons-tool-xar-plugin ---
[INFO] Skipping Rule Enforcement.
[INFO] 
[INFO] --- maven-resources-plugin:3.1.0:resources (default-resources) @ xwiki-commons-tool-xar-plugin ---
[INFO] Using 'UTF-8' encoding to copy filtered resources.
[INFO] skip non existing resourceDirectory /tmp/icst-2019/dataset/xwiki-commons/xwiki-commons-tools/xwiki-commons-tool-xar/xwiki-commons-tool-xar-plugin/src/main/resources
[INFO] 
[INFO] --- maven-compiler-plugin:3.8.0:compile (default-compile) @ xwiki-commons-tool-xar-plugin ---
[INFO] Changes detected - recompiling the module!
[INFO] Compiling 10 source files to /tmp/icst-2019/dataset/xwiki-commons/xwiki-commons-tools/xwiki-commons-tool-xar/xwiki-commons-tool-xar-plugin/target/classes
[INFO] /tmp/icst-2019/dataset/xwiki-commons/xwiki-commons-tools/xwiki-commons-tool-xar/xwiki-commons-tool-xar-plugin/src/main/java/org/xwiki/tool/xar/AbstractXARMojo.java: Some input files use or override a deprecated API.
[INFO] /tmp/icst-2019/dataset/xwiki-commons/xwiki-commons-tools/xwiki-commons-tool-xar/xwiki-commons-tool-xar-plugin/src/main/java/org/xwiki/tool/xar/AbstractXARMojo.java: Recompile with -Xlint:deprecation for details.
[INFO] 
[INFO] --- maven-plugin-plugin:3.5:descriptor (default-descriptor) @ xwiki-commons-tool-xar-plugin ---
[WARNING] 

Goal prefix is specified as: 'xar'. Maven currently expects it to be 'xwiki-commons-tool-xar'.

[INFO] Using 'UTF-8' encoding to read mojo source files.
[INFO] java-javadoc mojo extractor found 0 mojo descriptor.
[INFO] java-annotations mojo extractor found 4 mojo descriptors.
[INFO] 
[INFO] --- maven-resources-plugin:3.1.0:testResources (default-testResources) @ xwiki-commons-tool-xar-plugin ---
[INFO] Using 'UTF-8' encoding to copy filtered resources.
[INFO] Copying 1 resource
[INFO] 
[INFO] --- maven-compiler-plugin:3.8.0:testCompile (default-testCompile) @ xwiki-commons-tool-xar-plugin ---
[INFO] Changes detected - recompiling the module!
[INFO] Compiling 2 source files to /tmp/icst-2019/dataset/xwiki-commons/xwiki-commons-tools/xwiki-commons-tool-xar/xwiki-commons-tool-xar-plugin/target/test-classes
[INFO] /tmp/icst-2019/dataset/xwiki-commons/xwiki-commons-tools/xwiki-commons-tool-xar/xwiki-commons-tool-xar-plugin/src/test/java/org/xwiki/tool/xar/FormatMojoTest.java: /tmp/icst-2019/dataset/xwiki-commons/xwiki-commons-tools/xwiki-commons-tool-xar/xwiki-commons-tool-xar-plugin/src/test/java/org/xwiki/tool/xar/FormatMojoTest.java uses unchecked or unsafe operations.
[INFO] /tmp/icst-2019/dataset/xwiki-commons/xwiki-commons-tools/xwiki-commons-tool-xar/xwiki-commons-tool-xar-plugin/src/test/java/org/xwiki/tool/xar/FormatMojoTest.java: Recompile with -Xlint:unchecked for details.
[INFO] 
[INFO] --- maven-surefire-plugin:2.22.0:test (default-test) @ xwiki-commons-tool-xar-plugin ---
[INFO] Tests are skipped.
[INFO] 
[INFO] --- maven-dependency-plugin:3.1.1:build-classpath (default-cli) @ xwiki-commons-tool-xar-plugin ---
[INFO] Wrote classpath file '/tmp/icst-2019/dataset/xwiki-commons/xwiki-commons-tools/xwiki-commons-tool-xar/xwiki-commons-tool-xar-plugin/target/dspot/classpath'.
[INFO] ------------------------------------------------------------------------
[INFO] BUILD SUCCESS
[INFO] ------------------------------------------------------------------------
[INFO] Total time: 11.422 s
[INFO] Finished at: 2018-09-18T11:31:31+02:00
[INFO] ------------------------------------------------------------------------
[INFO] run maven clean test -DskipTests dependency:build-classpath -Dmdep.outputFile=target/dspot/classpath
[WARN] Maven will be executed in interactive mode, but no input stream has been configured for this MavenInvoker instance.
[INFO] Scanning for projects...
[INFO] 
[INFO] ----------< org.xwiki.commons:xwiki-commons-tool-xar-plugin >-----------
[INFO] Building XWiki Commons - Tools - XAR Tools - XAR Plugin 10.8-SNAPSHOT
[INFO] ----------------------------[ maven-plugin ]----------------------------
[INFO] 
[INFO] --- maven-clean-plugin:3.1.0:clean (default-clean) @ xwiki-commons-tool-xar-plugin ---
[INFO] Deleting /tmp/icst-2019/dataset/xwiki-commons_parent/xwiki-commons-tools/xwiki-commons-tool-xar/xwiki-commons-tool-xar-plugin/target
[INFO] 
[INFO] --- maven-enforcer-plugin:1.4.1:enforce (enforce-plugins) @ xwiki-commons-tool-xar-plugin ---
[INFO] Skipping Rule Enforcement.
[INFO] 
[INFO] --- maven-enforcer-plugin:1.4.1:enforce (enforce-jcl-log4j-isolation) @ xwiki-commons-tool-xar-plugin ---
[INFO] Skipping Rule Enforcement.
[INFO] 
[INFO] --- maven-enforcer-plugin:1.4.1:enforce (enforce-glasshfish-jaxb) @ xwiki-commons-tool-xar-plugin ---
[INFO] Skipping Rule Enforcement.
[INFO] 
[INFO] --- maven-enforcer-plugin:1.4.1:enforce (enforce-open-json) @ xwiki-commons-tool-xar-plugin ---
[INFO] Skipping Rule Enforcement.
[INFO] 
[INFO] --- maven-enforcer-plugin:1.4.1:enforce (enforce-glassfish-el) @ xwiki-commons-tool-xar-plugin ---
[INFO] Skipping Rule Enforcement.
[INFO] 
[INFO] --- maven-enforcer-plugin:1.4.1:enforce (enforce-commons-lang3) @ xwiki-commons-tool-xar-plugin ---
[INFO] Skipping Rule Enforcement.
[INFO] 
[INFO] --- maven-enforcer-plugin:1.4.1:enforce (enforce-commons-configuration2) @ xwiki-commons-tool-xar-plugin ---
[INFO] Skipping Rule Enforcement.
[INFO] 
[INFO] --- maven-enforcer-plugin:1.4.1:enforce (enforce-bouncycastle-ids) @ xwiki-commons-tool-xar-plugin ---
[INFO] Skipping Rule Enforcement.
[INFO] 
[INFO] --- maven-enforcer-plugin:1.4.1:enforce (enforce-javase-dependencies) @ xwiki-commons-tool-xar-plugin ---
[INFO] Skipping Rule Enforcement.
[INFO] 
[INFO] --- maven-enforcer-plugin:1.4.1:enforce (enforce-upper-bounds) @ xwiki-commons-tool-xar-plugin ---
[INFO] Skipping Rule Enforcement.
[INFO] 
[INFO] --- maven-resources-plugin:3.1.0:resources (default-resources) @ xwiki-commons-tool-xar-plugin ---
[INFO] Using 'UTF-8' encoding to copy filtered resources.
[INFO] skip non existing resourceDirectory /tmp/icst-2019/dataset/xwiki-commons_parent/xwiki-commons-tools/xwiki-commons-tool-xar/xwiki-commons-tool-xar-plugin/src/main/resources
[INFO] 
[INFO] --- maven-compiler-plugin:3.8.0:compile (default-compile) @ xwiki-commons-tool-xar-plugin ---
[INFO] Changes detected - recompiling the module!
[INFO] Compiling 10 source files to /tmp/icst-2019/dataset/xwiki-commons_parent/xwiki-commons-tools/xwiki-commons-tool-xar/xwiki-commons-tool-xar-plugin/target/classes
[INFO] /tmp/icst-2019/dataset/xwiki-commons_parent/xwiki-commons-tools/xwiki-commons-tool-xar/xwiki-commons-tool-xar-plugin/src/main/java/org/xwiki/tool/xar/AbstractXARMojo.java: Some input files use or override a deprecated API.
[INFO] /tmp/icst-2019/dataset/xwiki-commons_parent/xwiki-commons-tools/xwiki-commons-tool-xar/xwiki-commons-tool-xar-plugin/src/main/java/org/xwiki/tool/xar/AbstractXARMojo.java: Recompile with -Xlint:deprecation for details.
[INFO] 
[INFO] --- maven-plugin-plugin:3.5:descriptor (default-descriptor) @ xwiki-commons-tool-xar-plugin ---
[WARNING] 

Goal prefix is specified as: 'xar'. Maven currently expects it to be 'xwiki-commons-tool-xar'.

[INFO] Using 'UTF-8' encoding to read mojo source files.
[INFO] java-javadoc mojo extractor found 0 mojo descriptor.
[INFO] java-annotations mojo extractor found 4 mojo descriptors.
[INFO] 
[INFO] --- maven-resources-plugin:3.1.0:testResources (default-testResources) @ xwiki-commons-tool-xar-plugin ---
[INFO] Using 'UTF-8' encoding to copy filtered resources.
[INFO] Copying 1 resource
[INFO] 
[INFO] --- maven-compiler-plugin:3.8.0:testCompile (default-testCompile) @ xwiki-commons-tool-xar-plugin ---
[INFO] Changes detected - recompiling the module!
[INFO] Compiling 2 source files to /tmp/icst-2019/dataset/xwiki-commons_parent/xwiki-commons-tools/xwiki-commons-tool-xar/xwiki-commons-tool-xar-plugin/target/test-classes
[INFO] /tmp/icst-2019/dataset/xwiki-commons_parent/xwiki-commons-tools/xwiki-commons-tool-xar/xwiki-commons-tool-xar-plugin/src/test/java/org/xwiki/tool/xar/FormatMojoTest.java: /tmp/icst-2019/dataset/xwiki-commons_parent/xwiki-commons-tools/xwiki-commons-tool-xar/xwiki-commons-tool-xar-plugin/src/test/java/org/xwiki/tool/xar/FormatMojoTest.java uses unchecked or unsafe operations.
[INFO] /tmp/icst-2019/dataset/xwiki-commons_parent/xwiki-commons-tools/xwiki-commons-tool-xar/xwiki-commons-tool-xar-plugin/src/test/java/org/xwiki/tool/xar/FormatMojoTest.java: Recompile with -Xlint:unchecked for details.
[INFO] 
[INFO] --- maven-surefire-plugin:2.22.0:test (default-test) @ xwiki-commons-tool-xar-plugin ---
[INFO] Tests are skipped.
[INFO] 
[INFO] --- maven-dependency-plugin:3.1.1:build-classpath (default-cli) @ xwiki-commons-tool-xar-plugin ---
[INFO] Wrote classpath file '/tmp/icst-2019/dataset/xwiki-commons_parent/xwiki-commons-tools/xwiki-commons-tool-xar/xwiki-commons-tool-xar-plugin/target/dspot/classpath'.
[INFO] ------------------------------------------------------------------------
[INFO] BUILD SUCCESS
[INFO] ------------------------------------------------------------------------
[INFO] Total time: 11.265 s
[INFO] Finished at: 2018-09-18T11:31:49+02:00
[INFO] ------------------------------------------------------------------------
[INFO] ------------------------------------------------------------------------
[INFO] BUILD FAILURE
[INFO] ------------------------------------------------------------------------
[INFO] Total time: 39.373 s
[INFO] Finished at: 2018-09-18T11:31:49+02:00
[INFO] ------------------------------------------------------------------------
[ERROR] Failed to execute goal eu.stamp-project:dspot-maven:1.1.1-SNAPSHOT:amplify-unit-tests (default-cli) on project xwiki-commons-tool-xar-plugin: Execution default-cli of goal eu.stamp-project:dspot-maven:1.1.1-SNAPSHOT:amplify-unit-tests failed: java.lang.IndexOutOfBoundsException: Index: 0, Size: 0 -> [Help 1]
[ERROR] 
[ERROR] To see the full stack trace of the errors, re-run Maven with the -e switch.
[ERROR] Re-run Maven using the -X switch to enable full debug logging.
[ERROR] 
[ERROR] For more information about the errors and possible solutions, please read the following articles:
[ERROR] [Help 1] http://cwiki.apache.org/confluence/display/MAVEN/PluginExecutionException
