[INFO] Scanning for projects...
[INFO] 
[INFO] --------------< org.apache.commons:commons-collections4 >---------------
[INFO] Building Apache Commons Collections 4.2-SNAPSHOT
[INFO] --------------------------------[ jar ]---------------------------------
[INFO] 
[INFO] --- dspot-maven:1.1.1-SNAPSHOT:amplify-unit-tests (default-cli) @ commons-collections4 ---
Downloading from stamp-maven-repository-mvn-repo: https://stamp-project.github.io/stamp-maven-repository/eu/stamp-project/dspot/1.1.1-SNAPSHOT/maven-metadata.xml
Downloading from stamp-maven-repository-mvn-repo: https://stamp-project.github.io/stamp-maven-repository/fr/inria/gforge/spoon/spoon-core/7.1.0-SNAPSHOT/maven-metadata.xml
Downloading from stamp-maven-repository-mvn-repo: https://stamp-project.github.io/stamp-maven-repository/org/eclipse/platform/org.eclipse.core.resources/maven-metadata.xml
Downloading from stamp-maven-repository-mvn-repo: https://stamp-project.github.io/stamp-maven-repository/org/eclipse/platform/org.eclipse.core.expressions/maven-metadata.xml
Downloading from stamp-maven-repository-mvn-repo: https://stamp-project.github.io/stamp-maven-repository/org/eclipse/platform/org.eclipse.core.runtime/maven-metadata.xml
Downloading from stamp-maven-repository-mvn-repo: https://stamp-project.github.io/stamp-maven-repository/org/eclipse/platform/org.eclipse.osgi/maven-metadata.xml
Downloading from stamp-maven-repository-mvn-repo: https://stamp-project.github.io/stamp-maven-repository/org/eclipse/platform/org.eclipse.equinox.common/maven-metadata.xml
Downloading from stamp-maven-repository-mvn-repo: https://stamp-project.github.io/stamp-maven-repository/org/eclipse/platform/org.eclipse.core.jobs/maven-metadata.xml
Downloading from stamp-maven-repository-mvn-repo: https://stamp-project.github.io/stamp-maven-repository/org/eclipse/platform/org.eclipse.equinox.registry/maven-metadata.xml
Downloading from stamp-maven-repository-mvn-repo: https://stamp-project.github.io/stamp-maven-repository/org/eclipse/platform/org.eclipse.equinox.preferences/maven-metadata.xml
Downloading from stamp-maven-repository-mvn-repo: https://stamp-project.github.io/stamp-maven-repository/org/eclipse/platform/org.eclipse.core.contenttype/maven-metadata.xml
Downloading from stamp-maven-repository-mvn-repo: https://stamp-project.github.io/stamp-maven-repository/org/eclipse/platform/org.eclipse.equinox.app/maven-metadata.xml
Downloading from stamp-maven-repository-mvn-repo: https://stamp-project.github.io/stamp-maven-repository/org/eclipse/platform/org.eclipse.core.filesystem/maven-metadata.xml
Downloading from stamp-maven-repository-mvn-repo: https://stamp-project.github.io/stamp-maven-repository/org/eclipse/platform/org.eclipse.text/maven-metadata.xml
Downloading from stamp-maven-repository-mvn-repo: https://stamp-project.github.io/stamp-maven-repository/org/eclipse/platform/org.eclipse.core.commands/maven-metadata.xml
[INFO] Path to runner Classes: /home/spirals/danglot/.m2/repository/eu/stamp-project/test-runner/1.1.0/test-runner-1.1.0-jar-with-dependencies.jar
[INFO] /home/spirals/danglot/.m2/repository/org/jacoco/org.jacoco.core/0.7.9/org.jacoco.core-0.7.9.jar
[INFO] /home/spirals/danglot/.m2/repository/org/ow2/asm/asm-debug-all/5.2/asm-debug-all-5.2.jar
[INFO] /home/spirals/danglot/.m2/repository/eu/stamp-project/test-runner/1.1.0/test-runner-1.1.0-jar-with-dependencies.jar
[WARNING] automaticBuilderName: unknown automatic builder specified in configuration, going to default.
[INFO] Default: provided Maven automatic builder.
[INFO] run maven clean test -DskipTests dependency:build-classpath -Dmdep.outputFile=target/dspot/classpath
[WARN] Maven will be executed in interactive mode, but no input stream has been configured for this MavenInvoker instance.
[INFO] Scanning for projects...
[INFO] 
[INFO] --------------< org.apache.commons:commons-collections4 >---------------
[INFO] Building Apache Commons Collections 4.2-SNAPSHOT
[INFO] --------------------------------[ jar ]---------------------------------
[INFO] 
[INFO] --- maven-clean-plugin:3.0.0:clean (default-clean) @ commons-collections4 ---
[INFO] Deleting /tmp/icst-2019/september-2018/dataset/commons-collections_parent/target
[INFO] 
[INFO] --- maven-enforcer-plugin:3.0.0-M1:enforce (enforce-maven-version) @ commons-collections4 ---
[INFO] Skipping Rule Enforcement.
[INFO] 
[INFO] --- maven-enforcer-plugin:3.0.0-M1:enforce (enforce-maven-3) @ commons-collections4 ---
[INFO] Skipping Rule Enforcement.
[INFO] 
[INFO] --- build-helper-maven-plugin:3.0.0:parse-version (parse-version) @ commons-collections4 ---
[INFO] 
[INFO] --- maven-antrun-plugin:1.8:run (javadoc.resources) @ commons-collections4 ---
[INFO] Executing tasks

main:
     [copy] Copying 2 files to /tmp/icst-2019/september-2018/dataset/commons-collections_parent/target/apidocs/META-INF
[INFO] Executed tasks
[INFO] 
[INFO] --- maven-remote-resources-plugin:1.5:process (process-resource-bundles) @ commons-collections4 ---
[INFO] 
[INFO] --- buildnumber-maven-plugin:1.4:create (default) @ commons-collections4 ---
[INFO] Executing: /bin/sh -c cd '/tmp/icst-2019/september-2018/dataset/commons-collections_parent' && 'git' 'rev-parse' '--verify' 'HEAD'
[INFO] Working directory: /tmp/icst-2019/september-2018/dataset/commons-collections_parent
[INFO] Storing buildNumber: 274c9c1d37a47ae9bc1cdec1b0b0e4189dd44845 at timestamp: 1537768811917
[INFO] Storing buildScmBranch: master
[INFO] 
[INFO] --- maven-resources-plugin:3.0.2:resources (default-resources) @ commons-collections4 ---
[INFO] Using 'UTF-8' encoding to copy filtered resources.
[INFO] skip non existing resourceDirectory /tmp/icst-2019/september-2018/dataset/commons-collections_parent/src/main/resources
[INFO] Copying 2 resources to META-INF
[INFO] 
[INFO] --- maven-compiler-plugin:3.7.0:compile (default-compile) @ commons-collections4 ---
[INFO] Changes detected - recompiling the module!
[INFO] Compiling 323 source files to /tmp/icst-2019/september-2018/dataset/commons-collections_parent/target/classes
[INFO] /tmp/icst-2019/september-2018/dataset/commons-collections_parent/src/main/java/org/apache/commons/collections4/collection/IndexedCollection.java: Some input files use or override a deprecated API.
[INFO] /tmp/icst-2019/september-2018/dataset/commons-collections_parent/src/main/java/org/apache/commons/collections4/collection/IndexedCollection.java: Recompile with -Xlint:deprecation for details.
[INFO] /tmp/icst-2019/september-2018/dataset/commons-collections_parent/src/main/java/org/apache/commons/collections4/iterators/ObjectArrayIterator.java: Some input files use unchecked or unsafe operations.
[INFO] /tmp/icst-2019/september-2018/dataset/commons-collections_parent/src/main/java/org/apache/commons/collections4/iterators/ObjectArrayIterator.java: Recompile with -Xlint:unchecked for details.
[INFO] 
[INFO] --- maven-bundle-plugin:3.5.0:manifest (bundle-manifest) @ commons-collections4 ---
[INFO] 
[INFO] --- animal-sniffer-maven-plugin:1.16:check (checkAPIcompatibility) @ commons-collections4 ---
[INFO] Checking unresolved references to org.codehaus.mojo.signature:java17:1.0
[INFO] 
[INFO] --- maven-resources-plugin:3.0.2:testResources (default-testResources) @ commons-collections4 ---
[INFO] Using 'UTF-8' encoding to copy filtered resources.
[INFO] Copying 178 resources
[INFO] Copying 2 resources to META-INF
[INFO] 
[INFO] --- maven-compiler-plugin:3.7.0:testCompile (default-testCompile) @ commons-collections4 ---
[INFO] Changes detected - recompiling the module!
[INFO] Compiling 212 source files to /tmp/icst-2019/september-2018/dataset/commons-collections_parent/target/test-classes
[INFO] /tmp/icst-2019/september-2018/dataset/commons-collections_parent/src/test/java/org/apache/commons/collections4/map/MultiValueMapTest.java: Some input files use or override a deprecated API.
[INFO] /tmp/icst-2019/september-2018/dataset/commons-collections_parent/src/test/java/org/apache/commons/collections4/map/MultiValueMapTest.java: Recompile with -Xlint:deprecation for details.
[INFO] /tmp/icst-2019/september-2018/dataset/commons-collections_parent/src/test/java/org/apache/commons/collections4/functors/AbstractCompositePredicateTest.java: Some input files use unchecked or unsafe operations.
[INFO] /tmp/icst-2019/september-2018/dataset/commons-collections_parent/src/test/java/org/apache/commons/collections4/functors/AbstractCompositePredicateTest.java: Recompile with -Xlint:unchecked for details.
[INFO] 
[INFO] --- jacoco-maven-plugin:0.7.9:prepare-agent (prepare-agent) @ commons-collections4 ---
[INFO] argLine set to -javaagent:/home/spirals/danglot/.m2/repository/org/jacoco/org.jacoco.agent/0.7.9/org.jacoco.agent-0.7.9-runtime.jar=destfile=/tmp/icst-2019/september-2018/dataset/commons-collections_parent/target/jacoco.exec
[INFO] 
[INFO] --- maven-surefire-plugin:2.21.0:test (default-test) @ commons-collections4 ---
[INFO] Tests are skipped.
[INFO] 
[INFO] --- maven-dependency-plugin:2.10:build-classpath (default-cli) @ commons-collections4 ---
[INFO] Wrote classpath file '/tmp/icst-2019/september-2018/dataset/commons-collections_parent/target/dspot/classpath'.
[INFO] ------------------------------------------------------------------------
[INFO] BUILD SUCCESS
[INFO] ------------------------------------------------------------------------
[INFO] Total time: 15.019 s
[INFO] Finished at: 2018-09-24T08:00:23+02:00
[INFO] ------------------------------------------------------------------------
[INFO] run maven clean test -DskipTests dependency:build-classpath -Dmdep.outputFile=target/dspot/classpath
[WARN] Maven will be executed in interactive mode, but no input stream has been configured for this MavenInvoker instance.
[INFO] Scanning for projects...
[INFO] 
[INFO] --------------< org.apache.commons:commons-collections4 >---------------
[INFO] Building Apache Commons Collections 4.2-SNAPSHOT
[INFO] --------------------------------[ jar ]---------------------------------
[INFO] 
[INFO] --- maven-clean-plugin:3.0.0:clean (default-clean) @ commons-collections4 ---
[INFO] Deleting /tmp/icst-2019/september-2018/dataset/commons-collections/target
[INFO] 
[INFO] --- maven-enforcer-plugin:3.0.0-M1:enforce (enforce-maven-version) @ commons-collections4 ---
[INFO] Skipping Rule Enforcement.
[INFO] 
[INFO] --- maven-enforcer-plugin:3.0.0-M1:enforce (enforce-maven-3) @ commons-collections4 ---
[INFO] Skipping Rule Enforcement.
[INFO] 
[INFO] --- build-helper-maven-plugin:3.0.0:parse-version (parse-version) @ commons-collections4 ---
[INFO] 
[INFO] --- maven-antrun-plugin:1.8:run (javadoc.resources) @ commons-collections4 ---
[INFO] Executing tasks

main:
     [copy] Copying 2 files to /tmp/icst-2019/september-2018/dataset/commons-collections/target/apidocs/META-INF
[INFO] Executed tasks
[INFO] 
[INFO] --- maven-remote-resources-plugin:1.5:process (process-resource-bundles) @ commons-collections4 ---
[INFO] 
[INFO] --- buildnumber-maven-plugin:1.4:create (default) @ commons-collections4 ---
[INFO] Executing: /bin/sh -c cd '/tmp/icst-2019/september-2018/dataset/commons-collections' && 'git' 'rev-parse' '--verify' 'HEAD'
[INFO] Working directory: /tmp/icst-2019/september-2018/dataset/commons-collections
[INFO] Storing buildNumber: b88b065aa955d7a7d8f74c427b05d2243eda0779 at timestamp: 1537768838600
[INFO] Storing buildScmBranch: master
[INFO] 
[INFO] --- maven-resources-plugin:3.0.2:resources (default-resources) @ commons-collections4 ---
[INFO] Using 'UTF-8' encoding to copy filtered resources.
[INFO] skip non existing resourceDirectory /tmp/icst-2019/september-2018/dataset/commons-collections/src/main/resources
[INFO] Copying 2 resources to META-INF
[INFO] 
[INFO] --- maven-compiler-plugin:3.7.0:compile (default-compile) @ commons-collections4 ---
[INFO] Changes detected - recompiling the module!
[INFO] Compiling 323 source files to /tmp/icst-2019/september-2018/dataset/commons-collections/target/classes
[INFO] /tmp/icst-2019/september-2018/dataset/commons-collections/src/main/java/org/apache/commons/collections4/map/MultiValueMap.java: Some input files use or override a deprecated API.
[INFO] /tmp/icst-2019/september-2018/dataset/commons-collections/src/main/java/org/apache/commons/collections4/map/MultiValueMap.java: Recompile with -Xlint:deprecation for details.
[INFO] /tmp/icst-2019/september-2018/dataset/commons-collections/src/main/java/org/apache/commons/collections4/ComparatorUtils.java: Some input files use unchecked or unsafe operations.
[INFO] /tmp/icst-2019/september-2018/dataset/commons-collections/src/main/java/org/apache/commons/collections4/ComparatorUtils.java: Recompile with -Xlint:unchecked for details.
[INFO] 
[INFO] --- maven-bundle-plugin:3.5.0:manifest (bundle-manifest) @ commons-collections4 ---
[INFO] 
[INFO] --- animal-sniffer-maven-plugin:1.16:check (checkAPIcompatibility) @ commons-collections4 ---
[INFO] Checking unresolved references to org.codehaus.mojo.signature:java17:1.0
[INFO] 
[INFO] --- maven-resources-plugin:3.0.2:testResources (default-testResources) @ commons-collections4 ---
[INFO] Using 'UTF-8' encoding to copy filtered resources.
[INFO] Copying 178 resources
[INFO] Copying 2 resources to META-INF
[INFO] 
[INFO] --- maven-compiler-plugin:3.7.0:testCompile (default-testCompile) @ commons-collections4 ---
[INFO] Changes detected - recompiling the module!
[INFO] Compiling 212 source files to /tmp/icst-2019/september-2018/dataset/commons-collections/target/test-classes
[INFO] /tmp/icst-2019/september-2018/dataset/commons-collections/src/test/java/org/apache/commons/collections4/map/MultiValueMapTest.java: Some input files use or override a deprecated API.
[INFO] /tmp/icst-2019/september-2018/dataset/commons-collections/src/test/java/org/apache/commons/collections4/map/MultiValueMapTest.java: Recompile with -Xlint:deprecation for details.
[INFO] /tmp/icst-2019/september-2018/dataset/commons-collections/src/test/java/org/apache/commons/collections4/functors/AbstractCompositePredicateTest.java: Some input files use unchecked or unsafe operations.
[INFO] /tmp/icst-2019/september-2018/dataset/commons-collections/src/test/java/org/apache/commons/collections4/functors/AbstractCompositePredicateTest.java: Recompile with -Xlint:unchecked for details.
[INFO] 
[INFO] --- jacoco-maven-plugin:0.7.9:prepare-agent (prepare-agent) @ commons-collections4 ---
[INFO] argLine set to -javaagent:/home/spirals/danglot/.m2/repository/org/jacoco/org.jacoco.agent/0.7.9/org.jacoco.agent-0.7.9-runtime.jar=destfile=/tmp/icst-2019/september-2018/dataset/commons-collections/target/jacoco.exec
[INFO] 
[INFO] --- maven-surefire-plugin:2.21.0:test (default-test) @ commons-collections4 ---
[INFO] Tests are skipped.
[INFO] 
[INFO] --- maven-dependency-plugin:2.10:build-classpath (default-cli) @ commons-collections4 ---
[INFO] Wrote classpath file '/tmp/icst-2019/september-2018/dataset/commons-collections/target/dspot/classpath'.
[INFO] ------------------------------------------------------------------------
[INFO] BUILD SUCCESS
[INFO] ------------------------------------------------------------------------
[INFO] Total time: 13.889 s
[INFO] Finished at: 2018-09-24T08:00:49+02:00
[INFO] ------------------------------------------------------------------------
[INFO] Amplification of org.apache.commons.collections4.ListUtilsTest (1 test(s))
[INFO] Assertion amplification of org.apache.commons.collections4.ListUtilsTest (1 test(s))
[INFO] Run: java -classpath /tmp/icst-2019/september-2018/dataset/commons-collections_parent/target/test-classes:/tmp/icst-2019/september-2018/dataset/commons-collections_parent/target/classes/:/home/spirals/danglot/.m2/repository/junit/junit/4.12/junit-4.12.jar:/home/spirals/danglot/.m2/repository/org/hamcrest/hamcrest-core/1.3/hamcrest-core-1.3.jar:/home/spirals/danglot/.m2/repository/org/easymock/easymock/3.6/easymock-3.6.jar:/home/spirals/danglot/.m2/repository/org/objenesis/objenesis/2.6/objenesis-2.6.jar:/home/spirals/danglot/.m2/repository/org/apache/commons/commons-lang3/3.7/commons-lang3-3.7.jar:/tmp/icst-2019/september-2018/dataset/commons-collections_parent/target/dspot/dependencies/:/home/spirals/danglot/.m2/repository/eu/stamp-project/test-runner/1.1.0/test-runner-1.1.0-jar-with-dependencies.jar eu.stamp_project.testrunner.runner.test.TestRunner org.apache.commons.collections4.ListUtilsTest testPartition
File saved to the following path: /tmp/icst-2019/september-2018/dataset/commons-collections_parent/target/dspot/TestListener.ser
Loading /tmp/icst-2019/september-2018/dataset/commons-collections_parent/target/dspot/TestListener.ser
[INFO] Test has been run: testPartition
[INFO] Run tests. (1)
[INFO] Run: java -classpath /tmp/icst-2019/september-2018/dataset/commons-collections_parent/target/test-classes:/tmp/icst-2019/september-2018/dataset/commons-collections_parent/target/classes/:/home/spirals/danglot/.m2/repository/junit/junit/4.12/junit-4.12.jar:/home/spirals/danglot/.m2/repository/org/hamcrest/hamcrest-core/1.3/hamcrest-core-1.3.jar:/home/spirals/danglot/.m2/repository/org/easymock/easymock/3.6/easymock-3.6.jar:/home/spirals/danglot/.m2/repository/org/objenesis/objenesis/2.6/objenesis-2.6.jar:/home/spirals/danglot/.m2/repository/org/apache/commons/commons-lang3/3.7/commons-lang3-3.7.jar:/tmp/icst-2019/september-2018/dataset/commons-collections_parent/target/dspot/dependencies/:/home/spirals/danglot/.m2/repository/eu/stamp-project/test-runner/1.1.0/test-runner-1.1.0-jar-with-dependencies.jar eu.stamp_project.testrunner.runner.test.TestRunner org.apache.commons.collections4.ListUtilsTest testPartition
File saved to the following path: /tmp/icst-2019/september-2018/dataset/commons-collections_parent/target/dspot/TestListener.ser
Loading /tmp/icst-2019/september-2018/dataset/commons-collections_parent/target/dspot/TestListener.ser
[INFO] Test has been run: testPartition
[INFO] 1 test pass, generating assertion...
[INFO] Add observations points in passing tests.
[INFO] Instrumentation...
100% |================================================== ]/
[INFO] Run instrumented tests. (3)
[INFO] Run: java -classpath /tmp/icst-2019/september-2018/dataset/commons-collections_parent/target/test-classes:/tmp/icst-2019/september-2018/dataset/commons-collections_parent/target/classes/:/home/spirals/danglot/.m2/repository/junit/junit/4.12/junit-4.12.jar:/home/spirals/danglot/.m2/repository/org/hamcrest/hamcrest-core/1.3/hamcrest-core-1.3.jar:/home/spirals/danglot/.m2/repository/org/easymock/easymock/3.6/easymock-3.6.jar:/home/spirals/danglot/.m2/repository/org/objenesis/objenesis/2.6/objenesis-2.6.jar:/home/spirals/danglot/.m2/repository/org/apache/commons/commons-lang3/3.7/commons-lang3-3.7.jar:/tmp/icst-2019/september-2018/dataset/commons-collections_parent/target/dspot/dependencies/:/home/spirals/danglot/.m2/repository/eu/stamp-project/test-runner/1.1.0/test-runner-1.1.0-jar-with-dependencies.jar eu.stamp_project.testrunner.runner.test.TestRunner org.apache.commons.collections4.ListUtilsTest testPartition_withlog0:testPartition_withlog1:testPartition_withlog2
File saved to the following path: /tmp/icst-2019/september-2018/dataset/commons-collections_parent/target/dspot/observations.ser
File saved to the following path: /tmp/icst-2019/september-2018/dataset/commons-collections_parent/target/dspot/TestListener.ser
Loading /tmp/icst-2019/september-2018/dataset/commons-collections_parent/target/dspot/TestListener.ser
[INFO] Test has been run: testPartition_withlog0,testPartition_withlog1,testPartition_withlog2
[INFO] Generating assertions...
[INFO] 1 new tests with assertions generated
[INFO] Run: java -classpath /tmp/icst-2019/september-2018/dataset/commons-collections_parent/target/test-classes:/tmp/icst-2019/september-2018/dataset/commons-collections_parent/target/classes/:/home/spirals/danglot/.m2/repository/junit/junit/4.12/junit-4.12.jar:/home/spirals/danglot/.m2/repository/org/hamcrest/hamcrest-core/1.3/hamcrest-core-1.3.jar:/home/spirals/danglot/.m2/repository/org/easymock/easymock/3.6/easymock-3.6.jar:/home/spirals/danglot/.m2/repository/org/objenesis/objenesis/2.6/objenesis-2.6.jar:/home/spirals/danglot/.m2/repository/org/apache/commons/commons-lang3/3.7/commons-lang3-3.7.jar:/tmp/icst-2019/september-2018/dataset/commons-collections_parent/target/dspot/dependencies/:/home/spirals/danglot/.m2/repository/eu/stamp-project/test-runner/1.1.0/test-runner-1.1.0-jar-with-dependencies.jar eu.stamp_project.testrunner.runner.test.TestRunner org.apache.commons.collections4.ListUtilsTest testPartition
File saved to the following path: /tmp/icst-2019/september-2018/dataset/commons-collections_parent/target/dspot/TestListener.ser
Loading /tmp/icst-2019/september-2018/dataset/commons-collections_parent/target/dspot/TestListener.ser
[INFO] Test has been run: testPartition
[INFO] Assertion amplification: 1 test method(s) has been successfully amplified.
[WARN] 2018-09-24 08:00:53 Launcher - You specified the directory /tmp/icst-2019/september-2018/dataset/commons-collections/target/classes in source classpath, please note that only class files will be considered. Jars and subdirectories will be ignored.
[WARN] 2018-09-24 08:00:53 Launcher - You specified the directory /tmp/icst-2019/september-2018/dataset/commons-collections/target/test-classes in source classpath, please note that only class files will be considered. Jars and subdirectories will be ignored.
[WARN] 2018-09-24 08:00:53 Launcher - You specified the directory /tmp/icst-2019/september-2018/dataset/commons-collections/target/dspot/dependencies in source classpath, please note that only class files will be considered. Jars and subdirectories will be ignored.
[INFO] Run: java -classpath /tmp/icst-2019/september-2018/dataset/commons-collections/target/classes/:/tmp/icst-2019/september-2018/dataset/commons-collections/target/test-classes/:/home/spirals/danglot/.m2/repository/junit/junit/4.12/junit-4.12.jar:/home/spirals/danglot/.m2/repository/org/hamcrest/hamcrest-core/1.3/hamcrest-core-1.3.jar:/home/spirals/danglot/.m2/repository/org/easymock/easymock/3.6/easymock-3.6.jar:/home/spirals/danglot/.m2/repository/org/objenesis/objenesis/2.6/objenesis-2.6.jar:/home/spirals/danglot/.m2/repository/org/apache/commons/commons-lang3/3.7/commons-lang3-3.7.jar:/tmp/icst-2019/september-2018/dataset/commons-collections/target/dspot/dependencies/:/home/spirals/danglot/.m2/repository/eu/stamp-project/test-runner/1.1.0/test-runner-1.1.0-jar-with-dependencies.jar eu.stamp_project.testrunner.runner.test.TestRunner org.apache.commons.collections4.ListUtilsTest testPartition
File saved to the following path: /tmp/icst-2019/september-2018/dataset/commons-collections_parent/target/dspot/TestListener.ser
Loading /tmp/icst-2019/september-2018/dataset/commons-collections_parent/target/dspot/TestListener.ser
[INFO] Test has been run: testPartition
[INFO] 0 amplified test methods has been selected to be kept. (global: 0)
[INFO] elapsedTime 3951
======= REPORT =======
0 amplified test fails on the new versions.

[WARNING] DSpot could not obtain any amplified test method.
[WARNING] You can customize the following options: --amplifiers, --test-criterion, --iteration, --budgetizer etc, and retry with a new configuration.
[INFO] Amplification succeed.
[INFO] Elapsed time 4155 ms
[INFO] ------------------------------------------------------------------------
[INFO] BUILD SUCCESS
[INFO] ------------------------------------------------------------------------
[INFO] Total time: 52.995 s
[INFO] Finished at: 2018-09-24T08:00:53+02:00
[INFO] ------------------------------------------------------------------------
