[[1;31mERROR[m] Failed to execute goal [32mcom.mycila:license-maven-plugin:3.0:check[m [1m(default)[m on project [36mxwiki-commons-diff-api[m: [1;31mSome files do not have the expected license header[m -> [1m[Help 1][m
[[1;31mERROR[m] 
[[1;31mERROR[m] To see the full stack trace of the errors, re-run Maven with the [1m-e[m switch.
[[1;31mERROR[m] Re-run Maven using the [1m-X[m switch to enable full debug logging.
[[1;31mERROR[m] 
[[1;31mERROR[m] For more information about the errors and possible solutions, please read the following articles:
[[1;31mERROR[m] [1m[Help 1][m http://cwiki.apache.org/confluence/display/MAVEN/MojoExecutionException
[[1;31mERROR[m] 
[[1;31mERROR[m] After correcting the problems, you can resume the build with the command
[[1;31mERROR[m]   [1mmvn <goals> -rf :xwiki-commons-diff-api[m
[[1;34mINFO[m] Scanning for projects...
[[1;33mWARNING[m] 
[[1;33mWARNING[m] Some problems were encountered while building the effective model for org.xwiki.commons:xwiki-commons-diff-api:jar:10.0-SNAPSHOT
[[1;33mWARNING[m] Reporting configuration should be done in <reporting> section, not in maven-site-plugin <configuration> as reportPlugins parameter.
[[1;33mWARNING[m] 
[[1;33mWARNING[m] It is highly recommended to fix these problems because they threaten the stability of your build.
[[1;33mWARNING[m] 
[[1;33mWARNING[m] For this reason, future Maven versions might no longer support building such malformed projects.
[[1;33mWARNING[m] 
[[1;34mINFO[m] 
[[1;34mINFO[m] [1m--------------< [0;36morg.xwiki.commons:xwiki-commons-diff-api[0;1m >--------------[m
[[1;34mINFO[m] [1mBuilding XWiki Commons - Diff API 10.0-SNAPSHOT[m
[[1;34mINFO[m] [1m--------------------------------[ jar ]---------------------------------[m
[[1;34mINFO[m] 
[[1;34mINFO[m] [1m--- [0;32mmaven-clean-plugin:3.0.0:clean[m [1m(default-clean)[m @ [36mxwiki-commons-diff-api[0;1m ---[m
[[1;34mINFO[m] Deleting /home/bdanglot/workspace/icst-2019/september-2018/dataset/xwiki-commons/xwiki-commons-core/xwiki-commons-diff/xwiki-commons-diff-api/target
[[1;34mINFO[m] 
[[1;34mINFO[m] [1m--- [0;32mmaven-enforcer-plugin:1.4.1:enforce[m [1m(enforce-plugins)[m @ [36mxwiki-commons-diff-api[0;1m ---[m
[[1;34mINFO[m] 
[[1;34mINFO[m] [1m--- [0;32mmaven-enforcer-plugin:1.4.1:enforce[m [1m(enforce-jcl-log4j-isolation)[m @ [36mxwiki-commons-diff-api[0;1m ---[m
[[1;34mINFO[m] 
[[1;34mINFO[m] [1m--- [0;32mmaven-enforcer-plugin:1.4.1:enforce[m [1m(enforce-glasshfish-jaxb)[m @ [36mxwiki-commons-diff-api[0;1m ---[m
[[1;34mINFO[m] 
[[1;34mINFO[m] [1m--- [0;32mmaven-enforcer-plugin:1.4.1:enforce[m [1m(enforce-commons-lang3)[m @ [36mxwiki-commons-diff-api[0;1m ---[m
[[1;34mINFO[m] 
[[1;34mINFO[m] [1m--- [0;32mmaven-enforcer-plugin:1.4.1:enforce[m [1m(enforce-commons-configuration2)[m @ [36mxwiki-commons-diff-api[0;1m ---[m
[[1;34mINFO[m] 
[[1;34mINFO[m] [1m--- [0;32mmaven-enforcer-plugin:1.4.1:enforce[m [1m(enforce-bouncycastle-ids)[m @ [36mxwiki-commons-diff-api[0;1m ---[m
[[1;34mINFO[m] 
[[1;34mINFO[m] [1m--- [0;32mmaven-enforcer-plugin:1.4.1:enforce[m [1m(enforce-javase-dependencies)[m @ [36mxwiki-commons-diff-api[0;1m ---[m
[[1;34mINFO[m] 
[[1;34mINFO[m] [1m--- [0;32mmaven-enforcer-plugin:1.4.1:enforce[m [1m(enforce-upper-bounds)[m @ [36mxwiki-commons-diff-api[0;1m ---[m
[[1;34mINFO[m] 
[[1;34mINFO[m] [1m--- [0;32mmaven-enforcer-plugin:1.4.1:enforce[m [1m(enforce-no-legacy-dependencies)[m @ [36mxwiki-commons-diff-api[0;1m ---[m
[[1;34mINFO[m] 
[[1;34mINFO[m] [1m--- [0;32mmaven-enforcer-plugin:1.4.1:enforce[m [1m(enforce-valid-poms)[m @ [36mxwiki-commons-diff-api[0;1m ---[m
[[1;34mINFO[m] 
[[1;34mINFO[m] [1m--- [0;32mmaven-enforcer-plugin:1.4.1:enforce[m [1m(enforce-platform-rendering-isolation)[m @ [36mxwiki-commons-diff-api[0;1m ---[m
[[1;34mINFO[m] 
[[1;34mINFO[m] [1m--- [0;32mmaven-enforcer-plugin:1.4.1:enforce[m [1m(check-dependency-version)[m @ [36mxwiki-commons-diff-api[0;1m ---[m
[[1;34mINFO[m] 
[[1;34mINFO[m] [1m--- [0;32mmaven-remote-resources-plugin:1.5:process[m [1m(xwiki-license-resources)[m @ [36mxwiki-commons-diff-api[0;1m ---[m
[[1;34mINFO[m] 
[[1;34mINFO[m] [1m--- [0;32mmaven-resources-plugin:3.0.2:resources[m [1m(default-resources)[m @ [36mxwiki-commons-diff-api[0;1m ---[m
[[1;34mINFO[m] Using 'UTF-8' encoding to copy filtered resources.
[[1;34mINFO[m] Copying 1 resource
[[1;34mINFO[m] Copying 2 resources
[[1;34mINFO[m] 
[[1;34mINFO[m] [1m--- [0;32mmaven-compiler-plugin:3.7.0:compile[m [1m(default-compile)[m @ [36mxwiki-commons-diff-api[0;1m ---[m
[[1;34mINFO[m] Changes detected - recompiling the module!
[[1;34mINFO[m] Compiling 20 source files to /home/bdanglot/workspace/icst-2019/september-2018/dataset/xwiki-commons/xwiki-commons-core/xwiki-commons-diff/xwiki-commons-diff-api/target/classes
[[1;33mWARNING[m] /home/bdanglot/workspace/icst-2019/september-2018/dataset/xwiki-commons/xwiki-commons-core/xwiki-commons-diff/xwiki-commons-diff-api/src/main/java/org/xwiki/diff/internal/DefaultDiffManager.java:[399,41] found raw type: java.util.List
  missing type arguments for generic class java.util.List<E>
[[1;34mINFO[m] 
[[1;34mINFO[m] [1m--- [0;32mmaven-bundle-plugin:2.5.3:manifest[m [1m(bundle-manifest)[m @ [36mxwiki-commons-diff-api[0;1m ---[m
[[1;34mINFO[m] 
[[1;34mINFO[m] [1m--- [0;32mmaven-resources-plugin:3.0.2:testResources[m [1m(default-testResources)[m @ [36mxwiki-commons-diff-api[0;1m ---[m
[[1;34mINFO[m] Using 'UTF-8' encoding to copy filtered resources.
[[1;34mINFO[m] skip non existing resourceDirectory /home/bdanglot/workspace/icst-2019/september-2018/dataset/xwiki-commons/xwiki-commons-core/xwiki-commons-diff/xwiki-commons-diff-api/src/test/resources
[[1;34mINFO[m] Copying 2 resources
[[1;34mINFO[m] 
[[1;34mINFO[m] [1m--- [0;32mmaven-compiler-plugin:3.7.0:testCompile[m [1m(default-testCompile)[m @ [36mxwiki-commons-diff-api[0;1m ---[m
[[1;34mINFO[m] Changes detected - recompiling the module!
[[1;34mINFO[m] Compiling 1 source file to /home/bdanglot/workspace/icst-2019/september-2018/dataset/xwiki-commons/xwiki-commons-core/xwiki-commons-diff/xwiki-commons-diff-api/target/test-classes
[[1;33mWARNING[m] /home/bdanglot/workspace/icst-2019/september-2018/result/xwiki-commons/commit_5_d3101ae/assert_amplification/org/xwiki/diff/internal/AmplDefaultDiffManagerTest.java:[43,33] redundant cast to int
[[1;33mWARNING[m] /home/bdanglot/workspace/icst-2019/september-2018/result/xwiki-commons/commit_5_d3101ae/assert_amplification/org/xwiki/diff/internal/AmplDefaultDiffManagerTest.java:[49,33] redundant cast to int
[[1;33mWARNING[m] /home/bdanglot/workspace/icst-2019/september-2018/result/xwiki-commons/commit_5_d3101ae/assert_amplification/org/xwiki/diff/internal/AmplDefaultDiffManagerTest.java:[57,33] redundant cast to int
[[1;33mWARNING[m] /home/bdanglot/workspace/icst-2019/september-2018/result/xwiki-commons/commit_5_d3101ae/assert_amplification/org/xwiki/diff/internal/AmplDefaultDiffManagerTest.java:[59,33] redundant cast to int
[[1;33mWARNING[m] /home/bdanglot/workspace/icst-2019/september-2018/result/xwiki-commons/commit_5_d3101ae/assert_amplification/org/xwiki/diff/internal/AmplDefaultDiffManagerTest.java:[72,33] redundant cast to int
[[1;33mWARNING[m] /home/bdanglot/workspace/icst-2019/september-2018/result/xwiki-commons/commit_5_d3101ae/assert_amplification/org/xwiki/diff/internal/AmplDefaultDiffManagerTest.java:[74,33] redundant cast to int
[[1;33mWARNING[m] /home/bdanglot/workspace/icst-2019/september-2018/result/xwiki-commons/commit_5_d3101ae/assert_amplification/org/xwiki/diff/internal/AmplDefaultDiffManagerTest.java:[76,33] redundant cast to int
[[1;33mWARNING[m] /home/bdanglot/workspace/icst-2019/september-2018/result/xwiki-commons/commit_5_d3101ae/assert_amplification/org/xwiki/diff/internal/AmplDefaultDiffManagerTest.java:[94,33] redundant cast to int
[[1;33mWARNING[m] /home/bdanglot/workspace/icst-2019/september-2018/result/xwiki-commons/commit_5_d3101ae/assert_amplification/org/xwiki/diff/internal/AmplDefaultDiffManagerTest.java:[96,33] redundant cast to int
[[1;33mWARNING[m] /home/bdanglot/workspace/icst-2019/september-2018/result/xwiki-commons/commit_5_d3101ae/assert_amplification/org/xwiki/diff/internal/AmplDefaultDiffManagerTest.java:[98,33] redundant cast to int
[[1;33mWARNING[m] /home/bdanglot/workspace/icst-2019/september-2018/result/xwiki-commons/commit_5_d3101ae/assert_amplification/org/xwiki/diff/internal/AmplDefaultDiffManagerTest.java:[100,33] redundant cast to int
[[1;33mWARNING[m] /home/bdanglot/workspace/icst-2019/september-2018/result/xwiki-commons/commit_5_d3101ae/assert_amplification/org/xwiki/diff/internal/AmplDefaultDiffManagerTest.java:[123,33] redundant cast to int
[[1;33mWARNING[m] /home/bdanglot/workspace/icst-2019/september-2018/result/xwiki-commons/commit_5_d3101ae/assert_amplification/org/xwiki/diff/internal/AmplDefaultDiffManagerTest.java:[125,33] redundant cast to int
[[1;33mWARNING[m] /home/bdanglot/workspace/icst-2019/september-2018/result/xwiki-commons/commit_5_d3101ae/assert_amplification/org/xwiki/diff/internal/AmplDefaultDiffManagerTest.java:[127,33] redundant cast to int
[[1;33mWARNING[m] /home/bdanglot/workspace/icst-2019/september-2018/result/xwiki-commons/commit_5_d3101ae/assert_amplification/org/xwiki/diff/internal/AmplDefaultDiffManagerTest.java:[129,33] redundant cast to int
[[1;33mWARNING[m] /home/bdanglot/workspace/icst-2019/september-2018/result/xwiki-commons/commit_5_d3101ae/assert_amplification/org/xwiki/diff/internal/AmplDefaultDiffManagerTest.java:[131,33] redundant cast to int
[[1;33mWARNING[m] /home/bdanglot/workspace/icst-2019/september-2018/result/xwiki-commons/commit_5_d3101ae/assert_amplification/org/xwiki/diff/internal/AmplDefaultDiffManagerTest.java:[159,33] redundant cast to int
[[1;33mWARNING[m] /home/bdanglot/workspace/icst-2019/september-2018/result/xwiki-commons/commit_5_d3101ae/assert_amplification/org/xwiki/diff/internal/AmplDefaultDiffManagerTest.java:[161,33] redundant cast to int
[[1;33mWARNING[m] /home/bdanglot/workspace/icst-2019/september-2018/result/xwiki-commons/commit_5_d3101ae/assert_amplification/org/xwiki/diff/internal/AmplDefaultDiffManagerTest.java:[163,33] redundant cast to int
[[1;33mWARNING[m] /home/bdanglot/workspace/icst-2019/september-2018/result/xwiki-commons/commit_5_d3101ae/assert_amplification/org/xwiki/diff/internal/AmplDefaultDiffManagerTest.java:[165,33] redundant cast to int
[[1;33mWARNING[m] /home/bdanglot/workspace/icst-2019/september-2018/result/xwiki-commons/commit_5_d3101ae/assert_amplification/org/xwiki/diff/internal/AmplDefaultDiffManagerTest.java:[167,33] redundant cast to int
[[1;33mWARNING[m] /home/bdanglot/workspace/icst-2019/september-2018/result/xwiki-commons/commit_5_d3101ae/assert_amplification/org/xwiki/diff/internal/AmplDefaultDiffManagerTest.java:[169,33] redundant cast to int
[[1;33mWARNING[m] /home/bdanglot/workspace/icst-2019/september-2018/result/xwiki-commons/commit_5_d3101ae/assert_amplification/org/xwiki/diff/internal/AmplDefaultDiffManagerTest.java:[179,33] redundant cast to int
[[1;33mWARNING[m] /home/bdanglot/workspace/icst-2019/september-2018/result/xwiki-commons/commit_5_d3101ae/assert_amplification/org/xwiki/diff/internal/AmplDefaultDiffManagerTest.java:[181,33] redundant cast to int
[[1;33mWARNING[m] /home/bdanglot/workspace/icst-2019/september-2018/result/xwiki-commons/commit_5_d3101ae/assert_amplification/org/xwiki/diff/internal/AmplDefaultDiffManagerTest.java:[183,33] redundant cast to int
[[1;33mWARNING[m] /home/bdanglot/workspace/icst-2019/september-2018/result/xwiki-commons/commit_5_d3101ae/assert_amplification/org/xwiki/diff/internal/AmplDefaultDiffManagerTest.java:[185,33] redundant cast to int
[[1;33mWARNING[m] /home/bdanglot/workspace/icst-2019/september-2018/result/xwiki-commons/commit_5_d3101ae/assert_amplification/org/xwiki/diff/internal/AmplDefaultDiffManagerTest.java:[187,33] redundant cast to int
[[1;33mWARNING[m] /home/bdanglot/workspace/icst-2019/september-2018/result/xwiki-commons/commit_5_d3101ae/assert_amplification/org/xwiki/diff/internal/AmplDefaultDiffManagerTest.java:[189,33] redundant cast to int
[[1;33mWARNING[m] /home/bdanglot/workspace/icst-2019/september-2018/result/xwiki-commons/commit_5_d3101ae/assert_amplification/org/xwiki/diff/internal/AmplDefaultDiffManagerTest.java:[191,33] redundant cast to int
[[1;33mWARNING[m] /home/bdanglot/workspace/icst-2019/september-2018/result/xwiki-commons/commit_5_d3101ae/assert_amplification/org/xwiki/diff/internal/AmplDefaultDiffManagerTest.java:[208,33] redundant cast to int
[[1;33mWARNING[m] /home/bdanglot/workspace/icst-2019/september-2018/result/xwiki-commons/commit_5_d3101ae/assert_amplification/org/xwiki/diff/internal/AmplDefaultDiffManagerTest.java:[210,33] redundant cast to int
[[1;33mWARNING[m] /home/bdanglot/workspace/icst-2019/september-2018/result/xwiki-commons/commit_5_d3101ae/assert_amplification/org/xwiki/diff/internal/AmplDefaultDiffManagerTest.java:[220,33] redundant cast to int
[[1;33mWARNING[m] /home/bdanglot/workspace/icst-2019/september-2018/result/xwiki-commons/commit_5_d3101ae/assert_amplification/org/xwiki/diff/internal/AmplDefaultDiffManagerTest.java:[222,33] redundant cast to int
[[1;33mWARNING[m] /home/bdanglot/workspace/icst-2019/september-2018/result/xwiki-commons/commit_5_d3101ae/assert_amplification/org/xwiki/diff/internal/AmplDefaultDiffManagerTest.java:[224,33] redundant cast to int
[[1;33mWARNING[m] /home/bdanglot/workspace/icst-2019/september-2018/result/xwiki-commons/commit_5_d3101ae/assert_amplification/org/xwiki/diff/internal/AmplDefaultDiffManagerTest.java:[233,33] redundant cast to int
[[1;33mWARNING[m] /home/bdanglot/workspace/icst-2019/september-2018/result/xwiki-commons/commit_5_d3101ae/assert_amplification/org/xwiki/diff/internal/AmplDefaultDiffManagerTest.java:[235,33] redundant cast to int
[[1;33mWARNING[m] /home/bdanglot/workspace/icst-2019/september-2018/result/xwiki-commons/commit_5_d3101ae/assert_amplification/org/xwiki/diff/internal/AmplDefaultDiffManagerTest.java:[237,33] redundant cast to int
[[1;33mWARNING[m] /home/bdanglot/workspace/icst-2019/september-2018/result/xwiki-commons/commit_5_d3101ae/assert_amplification/org/xwiki/diff/internal/AmplDefaultDiffManagerTest.java:[239,33] redundant cast to int
[[1;33mWARNING[m] /home/bdanglot/workspace/icst-2019/september-2018/result/xwiki-commons/commit_5_d3101ae/assert_amplification/org/xwiki/diff/internal/AmplDefaultDiffManagerTest.java:[254,33] redundant cast to int
[[1;33mWARNING[m] /home/bdanglot/workspace/icst-2019/september-2018/result/xwiki-commons/commit_5_d3101ae/assert_amplification/org/xwiki/diff/internal/AmplDefaultDiffManagerTest.java:[256,33] redundant cast to int
[[1;33mWARNING[m] /home/bdanglot/workspace/icst-2019/september-2018/result/xwiki-commons/commit_5_d3101ae/assert_amplification/org/xwiki/diff/internal/AmplDefaultDiffManagerTest.java:[258,33] redundant cast to int
[[1;33mWARNING[m] /home/bdanglot/workspace/icst-2019/september-2018/result/xwiki-commons/commit_5_d3101ae/assert_amplification/org/xwiki/diff/internal/AmplDefaultDiffManagerTest.java:[260,33] redundant cast to int
[[1;33mWARNING[m] /home/bdanglot/workspace/icst-2019/september-2018/result/xwiki-commons/commit_5_d3101ae/assert_amplification/org/xwiki/diff/internal/AmplDefaultDiffManagerTest.java:[262,33] redundant cast to int
[[1;33mWARNING[m] /home/bdanglot/workspace/icst-2019/september-2018/result/xwiki-commons/commit_5_d3101ae/assert_amplification/org/xwiki/diff/internal/AmplDefaultDiffManagerTest.java:[264,33] redundant cast to int
[[1;33mWARNING[m] /home/bdanglot/workspace/icst-2019/september-2018/result/xwiki-commons/commit_5_d3101ae/assert_amplification/org/xwiki/diff/internal/AmplDefaultDiffManagerTest.java:[266,33] redundant cast to int
[[1;33mWARNING[m] /home/bdanglot/workspace/icst-2019/september-2018/result/xwiki-commons/commit_5_d3101ae/assert_amplification/org/xwiki/diff/internal/AmplDefaultDiffManagerTest.java:[268,33] redundant cast to int
[[1;33mWARNING[m] /home/bdanglot/workspace/icst-2019/september-2018/result/xwiki-commons/commit_5_d3101ae/assert_amplification/org/xwiki/diff/internal/AmplDefaultDiffManagerTest.java:[301,33] redundant cast to int
[[1;33mWARNING[m] /home/bdanglot/workspace/icst-2019/september-2018/result/xwiki-commons/commit_5_d3101ae/assert_amplification/org/xwiki/diff/internal/AmplDefaultDiffManagerTest.java:[303,33] redundant cast to int
[[1;33mWARNING[m] /home/bdanglot/workspace/icst-2019/september-2018/result/xwiki-commons/commit_5_d3101ae/assert_amplification/org/xwiki/diff/internal/AmplDefaultDiffManagerTest.java:[305,33] redundant cast to int
[[1;33mWARNING[m] /home/bdanglot/workspace/icst-2019/september-2018/result/xwiki-commons/commit_5_d3101ae/assert_amplification/org/xwiki/diff/internal/AmplDefaultDiffManagerTest.java:[307,33] redundant cast to int
[[1;33mWARNING[m] /home/bdanglot/workspace/icst-2019/september-2018/result/xwiki-commons/commit_5_d3101ae/assert_amplification/org/xwiki/diff/internal/AmplDefaultDiffManagerTest.java:[309,33] redundant cast to int
[[1;33mWARNING[m] /home/bdanglot/workspace/icst-2019/september-2018/result/xwiki-commons/commit_5_d3101ae/assert_amplification/org/xwiki/diff/internal/AmplDefaultDiffManagerTest.java:[311,33] redundant cast to int
[[1;33mWARNING[m] /home/bdanglot/workspace/icst-2019/september-2018/result/xwiki-commons/commit_5_d3101ae/assert_amplification/org/xwiki/diff/internal/AmplDefaultDiffManagerTest.java:[313,33] redundant cast to int
[[1;33mWARNING[m] /home/bdanglot/workspace/icst-2019/september-2018/result/xwiki-commons/commit_5_d3101ae/assert_amplification/org/xwiki/diff/internal/AmplDefaultDiffManagerTest.java:[315,33] redundant cast to int
[[1;33mWARNING[m] /home/bdanglot/workspace/icst-2019/september-2018/result/xwiki-commons/commit_5_d3101ae/assert_amplification/org/xwiki/diff/internal/AmplDefaultDiffManagerTest.java:[317,33] redundant cast to int
[[1;33mWARNING[m] /home/bdanglot/workspace/icst-2019/september-2018/result/xwiki-commons/commit_5_d3101ae/assert_amplification/org/xwiki/diff/internal/AmplDefaultDiffManagerTest.java:[355,33] redundant cast to int
[[1;33mWARNING[m] /home/bdanglot/workspace/icst-2019/september-2018/result/xwiki-commons/commit_5_d3101ae/assert_amplification/org/xwiki/diff/internal/AmplDefaultDiffManagerTest.java:[357,33] redundant cast to int
[[1;33mWARNING[m] /home/bdanglot/workspace/icst-2019/september-2018/result/xwiki-commons/commit_5_d3101ae/assert_amplification/org/xwiki/diff/internal/AmplDefaultDiffManagerTest.java:[359,33] redundant cast to int
[[1;33mWARNING[m] /home/bdanglot/workspace/icst-2019/september-2018/result/xwiki-commons/commit_5_d3101ae/assert_amplification/org/xwiki/diff/internal/AmplDefaultDiffManagerTest.java:[361,33] redundant cast to int
[[1;33mWARNING[m] /home/bdanglot/workspace/icst-2019/september-2018/result/xwiki-commons/commit_5_d3101ae/assert_amplification/org/xwiki/diff/internal/AmplDefaultDiffManagerTest.java:[363,33] redundant cast to int
[[1;33mWARNING[m] /home/bdanglot/workspace/icst-2019/september-2018/result/xwiki-commons/commit_5_d3101ae/assert_amplification/org/xwiki/diff/internal/AmplDefaultDiffManagerTest.java:[365,33] redundant cast to int
[[1;33mWARNING[m] /home/bdanglot/workspace/icst-2019/september-2018/result/xwiki-commons/commit_5_d3101ae/assert_amplification/org/xwiki/diff/internal/AmplDefaultDiffManagerTest.java:[367,33] redundant cast to int
[[1;33mWARNING[m] /home/bdanglot/workspace/icst-2019/september-2018/result/xwiki-commons/commit_5_d3101ae/assert_amplification/org/xwiki/diff/internal/AmplDefaultDiffManagerTest.java:[369,33] redundant cast to int
[[1;33mWARNING[m] /home/bdanglot/workspace/icst-2019/september-2018/result/xwiki-commons/commit_5_d3101ae/assert_amplification/org/xwiki/diff/internal/AmplDefaultDiffManagerTest.java:[371,33] redundant cast to int
[[1;33mWARNING[m] /home/bdanglot/workspace/icst-2019/september-2018/result/xwiki-commons/commit_5_d3101ae/assert_amplification/org/xwiki/diff/internal/AmplDefaultDiffManagerTest.java:[373,33] redundant cast to int
[[1;33mWARNING[m] /home/bdanglot/workspace/icst-2019/september-2018/result/xwiki-commons/commit_5_d3101ae/assert_amplification/org/xwiki/diff/internal/AmplDefaultDiffManagerTest.java:[416,33] redundant cast to int
[[1;33mWARNING[m] /home/bdanglot/workspace/icst-2019/september-2018/result/xwiki-commons/commit_5_d3101ae/assert_amplification/org/xwiki/diff/internal/AmplDefaultDiffManagerTest.java:[418,33] redundant cast to int
[[1;33mWARNING[m] /home/bdanglot/workspace/icst-2019/september-2018/result/xwiki-commons/commit_5_d3101ae/assert_amplification/org/xwiki/diff/internal/AmplDefaultDiffManagerTest.java:[420,33] redundant cast to int
[[1;33mWARNING[m] /home/bdanglot/workspace/icst-2019/september-2018/result/xwiki-commons/commit_5_d3101ae/assert_amplification/org/xwiki/diff/internal/AmplDefaultDiffManagerTest.java:[422,33] redundant cast to int
[[1;33mWARNING[m] /home/bdanglot/workspace/icst-2019/september-2018/result/xwiki-commons/commit_5_d3101ae/assert_amplification/org/xwiki/diff/internal/AmplDefaultDiffManagerTest.java:[424,33] redundant cast to int
[[1;33mWARNING[m] /home/bdanglot/workspace/icst-2019/september-2018/result/xwiki-commons/commit_5_d3101ae/assert_amplification/org/xwiki/diff/internal/AmplDefaultDiffManagerTest.java:[426,33] redundant cast to int
[[1;33mWARNING[m] /home/bdanglot/workspace/icst-2019/september-2018/result/xwiki-commons/commit_5_d3101ae/assert_amplification/org/xwiki/diff/internal/AmplDefaultDiffManagerTest.java:[428,33] redundant cast to int
[[1;33mWARNING[m] /home/bdanglot/workspace/icst-2019/september-2018/result/xwiki-commons/commit_5_d3101ae/assert_amplification/org/xwiki/diff/internal/AmplDefaultDiffManagerTest.java:[430,33] redundant cast to int
[[1;33mWARNING[m] /home/bdanglot/workspace/icst-2019/september-2018/result/xwiki-commons/commit_5_d3101ae/assert_amplification/org/xwiki/diff/internal/AmplDefaultDiffManagerTest.java:[432,33] redundant cast to int
[[1;33mWARNING[m] /home/bdanglot/workspace/icst-2019/september-2018/result/xwiki-commons/commit_5_d3101ae/assert_amplification/org/xwiki/diff/internal/AmplDefaultDiffManagerTest.java:[434,33] redundant cast to int
[[1;33mWARNING[m] /home/bdanglot/workspace/icst-2019/september-2018/result/xwiki-commons/commit_5_d3101ae/assert_amplification/org/xwiki/diff/internal/AmplDefaultDiffManagerTest.java:[436,33] redundant cast to int
[[1;33mWARNING[m] /home/bdanglot/workspace/icst-2019/september-2018/result/xwiki-commons/commit_5_d3101ae/assert_amplification/org/xwiki/diff/internal/AmplDefaultDiffManagerTest.java:[484,33] redundant cast to int
[[1;33mWARNING[m] /home/bdanglot/workspace/icst-2019/september-2018/result/xwiki-commons/commit_5_d3101ae/assert_amplification/org/xwiki/diff/internal/AmplDefaultDiffManagerTest.java:[486,33] redundant cast to int
[[1;33mWARNING[m] /home/bdanglot/workspace/icst-2019/september-2018/result/xwiki-commons/commit_5_d3101ae/assert_amplification/org/xwiki/diff/internal/AmplDefaultDiffManagerTest.java:[488,33] redundant cast to int
[[1;33mWARNING[m] /home/bdanglot/workspace/icst-2019/september-2018/result/xwiki-commons/commit_5_d3101ae/assert_amplification/org/xwiki/diff/internal/AmplDefaultDiffManagerTest.java:[490,33] redundant cast to int
[[1;33mWARNING[m] /home/bdanglot/workspace/icst-2019/september-2018/result/xwiki-commons/commit_5_d3101ae/assert_amplification/org/xwiki/diff/internal/AmplDefaultDiffManagerTest.java:[492,33] redundant cast to int
[[1;33mWARNING[m] /home/bdanglot/workspace/icst-2019/september-2018/result/xwiki-commons/commit_5_d3101ae/assert_amplification/org/xwiki/diff/internal/AmplDefaultDiffManagerTest.java:[494,33] redundant cast to int
[[1;33mWARNING[m] /home/bdanglot/workspace/icst-2019/september-2018/result/xwiki-commons/commit_5_d3101ae/assert_amplification/org/xwiki/diff/internal/AmplDefaultDiffManagerTest.java:[496,33] redundant cast to int
[[1;33mWARNING[m] /home/bdanglot/workspace/icst-2019/september-2018/result/xwiki-commons/commit_5_d3101ae/assert_amplification/org/xwiki/diff/internal/AmplDefaultDiffManagerTest.java:[498,33] redundant cast to int
[[1;33mWARNING[m] /home/bdanglot/workspace/icst-2019/september-2018/result/xwiki-commons/commit_5_d3101ae/assert_amplification/org/xwiki/diff/internal/AmplDefaultDiffManagerTest.java:[500,33] redundant cast to int
[[1;33mWARNING[m] /home/bdanglot/workspace/icst-2019/september-2018/result/xwiki-commons/commit_5_d3101ae/assert_amplification/org/xwiki/diff/internal/AmplDefaultDiffManagerTest.java:[502,33] redundant cast to int
[[1;33mWARNING[m] /home/bdanglot/workspace/icst-2019/september-2018/result/xwiki-commons/commit_5_d3101ae/assert_amplification/org/xwiki/diff/internal/AmplDefaultDiffManagerTest.java:[504,33] redundant cast to int
[[1;33mWARNING[m] /home/bdanglot/workspace/icst-2019/september-2018/result/xwiki-commons/commit_5_d3101ae/assert_amplification/org/xwiki/diff/internal/AmplDefaultDiffManagerTest.java:[506,33] redundant cast to int
[[1;33mWARNING[m] /home/bdanglot/workspace/icst-2019/september-2018/result/xwiki-commons/commit_5_d3101ae/assert_amplification/org/xwiki/diff/internal/AmplDefaultDiffManagerTest.java:[516,33] redundant cast to int
[[1;33mWARNING[m] /home/bdanglot/workspace/icst-2019/september-2018/result/xwiki-commons/commit_5_d3101ae/assert_amplification/org/xwiki/diff/internal/AmplDefaultDiffManagerTest.java:[518,33] redundant cast to int
[[1;33mWARNING[m] /home/bdanglot/workspace/icst-2019/september-2018/result/xwiki-commons/commit_5_d3101ae/assert_amplification/org/xwiki/diff/internal/AmplDefaultDiffManagerTest.java:[520,33] redundant cast to int
[[1;33mWARNING[m] /home/bdanglot/workspace/icst-2019/september-2018/result/xwiki-commons/commit_5_d3101ae/assert_amplification/org/xwiki/diff/internal/AmplDefaultDiffManagerTest.java:[522,33] redundant cast to int
[[1;33mWARNING[m] /home/bdanglot/workspace/icst-2019/september-2018/result/xwiki-commons/commit_5_d3101ae/assert_amplification/org/xwiki/diff/internal/AmplDefaultDiffManagerTest.java:[524,33] redundant cast to int
[[1;33mWARNING[m] /home/bdanglot/workspace/icst-2019/september-2018/result/xwiki-commons/commit_5_d3101ae/assert_amplification/org/xwiki/diff/internal/AmplDefaultDiffManagerTest.java:[526,33] redundant cast to int
[[1;33mWARNING[m] /home/bdanglot/workspace/icst-2019/september-2018/result/xwiki-commons/commit_5_d3101ae/assert_amplification/org/xwiki/diff/internal/AmplDefaultDiffManagerTest.java:[528,33] redundant cast to int
[[1;33mWARNING[m] /home/bdanglot/workspace/icst-2019/september-2018/result/xwiki-commons/commit_5_d3101ae/assert_amplification/org/xwiki/diff/internal/AmplDefaultDiffManagerTest.java:[530,33] redundant cast to int
[[1;33mWARNING[m] /home/bdanglot/workspace/icst-2019/september-2018/result/xwiki-commons/commit_5_d3101ae/assert_amplification/org/xwiki/diff/internal/AmplDefaultDiffManagerTest.java:[532,33] redundant cast to int
[[1;33mWARNING[m] /home/bdanglot/workspace/icst-2019/september-2018/result/xwiki-commons/commit_5_d3101ae/assert_amplification/org/xwiki/diff/internal/AmplDefaultDiffManagerTest.java:[534,33] redundant cast to int
[[1;33mWARNING[m] /home/bdanglot/workspace/icst-2019/september-2018/result/xwiki-commons/commit_5_d3101ae/assert_amplification/org/xwiki/diff/internal/AmplDefaultDiffManagerTest.java:[536,33] redundant cast to int
[[1;33mWARNING[m] /home/bdanglot/workspace/icst-2019/september-2018/result/xwiki-commons/commit_5_d3101ae/assert_amplification/org/xwiki/diff/internal/AmplDefaultDiffManagerTest.java:[538,33] redundant cast to int
[[1;34mINFO[m] 
[[1;34mINFO[m] [1m--- [0;32mmaven-surefire-plugin:2.19.1:test[m [1m(default-test)[m @ [36mxwiki-commons-diff-api[0;1m ---[m

-------------------------------------------------------
 T E S T S
-------------------------------------------------------
Running org.xwiki.diff.internal.AmplDefaultDiffManagerTest
Tests run: 1, Failures: 1, Errors: 0, Skipped: 0, Time elapsed: 0.209 sec <<< FAILURE! - in org.xwiki.diff.internal.AmplDefaultDiffManagerTest
testMergeCharList  Time elapsed: 0.034 sec  <<< FAILURE!
java.lang.AssertionError: expected:<0> but was:<1>
	at org.junit.Assert.fail(Assert.java:88)
	at org.junit.Assert.failNotEquals(Assert.java:834)
	at org.junit.Assert.assertEquals(Assert.java:645)
	at org.junit.Assert.assertEquals(Assert.java:631)
	at org.xwiki.diff.internal.AmplDefaultDiffManagerTest.testMergeCharList(AmplDefaultDiffManagerTest.java:254)
	at sun.reflect.NativeMethodAccessorImpl.invoke0(Native Method)
	at sun.reflect.NativeMethodAccessorImpl.invoke(NativeMethodAccessorImpl.java:62)
	at sun.reflect.DelegatingMethodAccessorImpl.invoke(DelegatingMethodAccessorImpl.java:43)
	at java.lang.reflect.Method.invoke(Method.java:498)
	at org.junit.runners.model.FrameworkMethod$1.runReflectiveCall(FrameworkMethod.java:50)
	at org.junit.internal.runners.model.ReflectiveCallable.run(ReflectiveCallable.java:12)
	at org.junit.runners.model.FrameworkMethod.invokeExplosively(FrameworkMethod.java:47)
	at org.junit.internal.runners.statements.InvokeMethod.evaluate(InvokeMethod.java:17)
	at org.junit.internal.runners.statements.FailOnTimeout$CallableStatement.call(FailOnTimeout.java:298)
	at org.junit.internal.runners.statements.FailOnTimeout$CallableStatement.call(FailOnTimeout.java:292)
	at java.util.concurrent.FutureTask.run(FutureTask.java:266)
	at java.lang.Thread.run(Thread.java:748)


Results :

Failed tests: 
  AmplDefaultDiffManagerTest.testMergeCharList:254 expected:<0> but was:<1>

Tests run: 1, Failures: 1, Errors: 0, Skipped: 0

[[1;34mINFO[m] [1m------------------------------------------------------------------------[m
[[1;34mINFO[m] [1;31mBUILD FAILURE[m
[[1;34mINFO[m] [1m------------------------------------------------------------------------[m
[[1;34mINFO[m] Total time: 7.281 s
[[1;34mINFO[m] Finished at: 2018-09-25T14:00:05+02:00
[[1;34mINFO[m] [1m------------------------------------------------------------------------[m
[[1;31mERROR[m] Failed to execute goal [32morg.apache.maven.plugins:maven-surefire-plugin:2.19.1:test[m [1m(default-test)[m on project [36mxwiki-commons-diff-api[m: [1;31mThere are test failures.[m
[[1;31mERROR[m] [1;31m[m
[[1;31mERROR[m] [1;31mPlease refer to /home/bdanglot/workspace/icst-2019/september-2018/dataset/xwiki-commons/xwiki-commons-core/xwiki-commons-diff/xwiki-commons-diff-api/target/surefire-reports for the individual test results.[m
[[1;31mERROR[m] -> [1m[Help 1][m
[[1;31mERROR[m] 
[[1;31mERROR[m] To see the full stack trace of the errors, re-run Maven with the [1m-e[m switch.
[[1;31mERROR[m] Re-run Maven using the [1m-X[m switch to enable full debug logging.
[[1;31mERROR[m] 
[[1;31mERROR[m] For more information about the errors and possible solutions, please read the following articles:
[[1;31mERROR[m] [1m[Help 1][m http://cwiki.apache.org/confluence/display/MAVEN/MojoFailureException
