[INFO] Scanning for projects...
[INFO] 
[INFO] --------------------------< org.jsoup:jsoup >---------------------------
[INFO] Building jsoup Java HTML Parser 1.12.1-SNAPSHOT
[INFO] --------------------------------[ jar ]---------------------------------
[INFO] 
[INFO] --- dspot-maven:1.1.1-SNAPSHOT:amplify-unit-tests (default-cli) @ jsoup ---
Downloading from stamp-maven-repository-mvn-repo: https://stamp-project.github.io/stamp-maven-repository/eu/stamp-project/dspot/1.1.1-SNAPSHOT/maven-metadata.xml
Downloading from stamp-maven-repository-mvn-repo: https://stamp-project.github.io/stamp-maven-repository/fr/inria/gforge/spoon/spoon-core/7.1.0-SNAPSHOT/maven-metadata.xml
Downloading from stamp-maven-repository-mvn-repo: https://stamp-project.github.io/stamp-maven-repository/org/eclipse/platform/org.eclipse.core.resources/maven-metadata.xml
Downloading from stamp-maven-repository-mvn-repo: https://stamp-project.github.io/stamp-maven-repository/org/eclipse/platform/org.eclipse.core.expressions/maven-metadata.xml
Downloading from stamp-maven-repository-mvn-repo: https://stamp-project.github.io/stamp-maven-repository/org/eclipse/platform/org.eclipse.core.runtime/maven-metadata.xml
Downloading from stamp-maven-repository-mvn-repo: https://stamp-project.github.io/stamp-maven-repository/org/eclipse/platform/org.eclipse.osgi/maven-metadata.xml
Downloading from stamp-maven-repository-mvn-repo: https://stamp-project.github.io/stamp-maven-repository/org/eclipse/platform/org.eclipse.equinox.common/maven-metadata.xml
Downloading from stamp-maven-repository-mvn-repo: https://stamp-project.github.io/stamp-maven-repository/org/eclipse/platform/org.eclipse.core.jobs/maven-metadata.xml
Downloading from stamp-maven-repository-mvn-repo: https://stamp-project.github.io/stamp-maven-repository/org/eclipse/platform/org.eclipse.equinox.registry/maven-metadata.xml
Downloading from stamp-maven-repository-mvn-repo: https://stamp-project.github.io/stamp-maven-repository/org/eclipse/platform/org.eclipse.equinox.preferences/maven-metadata.xml
Downloading from stamp-maven-repository-mvn-repo: https://stamp-project.github.io/stamp-maven-repository/org/eclipse/platform/org.eclipse.core.contenttype/maven-metadata.xml
Downloading from stamp-maven-repository-mvn-repo: https://stamp-project.github.io/stamp-maven-repository/org/eclipse/platform/org.eclipse.equinox.app/maven-metadata.xml
Downloading from stamp-maven-repository-mvn-repo: https://stamp-project.github.io/stamp-maven-repository/org/eclipse/platform/org.eclipse.core.filesystem/maven-metadata.xml
Downloading from stamp-maven-repository-mvn-repo: https://stamp-project.github.io/stamp-maven-repository/org/eclipse/platform/org.eclipse.text/maven-metadata.xml
Downloading from stamp-maven-repository-mvn-repo: https://stamp-project.github.io/stamp-maven-repository/org/eclipse/platform/org.eclipse.core.commands/maven-metadata.xml
[INFO] Path to runner Classes: /home/spirals/danglot/.m2/repository/eu/stamp-project/test-runner/1.1.0/test-runner-1.1.0-jar-with-dependencies.jar
[INFO] /home/spirals/danglot/.m2/repository/org/jacoco/org.jacoco.core/0.7.9/org.jacoco.core-0.7.9.jar
[INFO] /home/spirals/danglot/.m2/repository/org/ow2/asm/asm-debug-all/5.2/asm-debug-all-5.2.jar
[INFO] /home/spirals/danglot/.m2/repository/eu/stamp-project/test-runner/1.1.0/test-runner-1.1.0-jar-with-dependencies.jar
[WARNING] automaticBuilderName: unknown automatic builder specified in configuration, going to default.
[INFO] Default: provided Maven automatic builder.
[INFO] run maven clean test -DskipTests dependency:build-classpath -Dmdep.outputFile=target/dspot/classpath
[WARN] Maven will be executed in interactive mode, but no input stream has been configured for this MavenInvoker instance.
[INFO] Scanning for projects...
[INFO] 
[INFO] --------------------------< org.jsoup:jsoup >---------------------------
[INFO] Building jsoup Java HTML Parser 1.12.1-SNAPSHOT
[INFO] --------------------------------[ jar ]---------------------------------
[INFO] 
[INFO] --- maven-clean-plugin:2.5:clean (default-clean) @ jsoup ---
[INFO] Deleting /tmp/icst-2019/september-2018/dataset/jsoup_parent/target
[INFO] 
[INFO] --- maven-resources-plugin:3.0.1:resources (default-resources) @ jsoup ---
[INFO] Using 'UTF-8' encoding to copy filtered resources.
[INFO] Copying 0 resource
[INFO] Copying 3 resources to META-INF/
[INFO] 
[INFO] --- maven-compiler-plugin:3.5.1:compile (default-compile) @ jsoup ---
[INFO] Changes detected - recompiling the module!
[INFO] Compiling 68 source files to /tmp/icst-2019/september-2018/dataset/jsoup_parent/target/classes
[INFO] /tmp/icst-2019/september-2018/dataset/jsoup_parent/src/main/java/org/jsoup/nodes/Attributes.java: /tmp/icst-2019/september-2018/dataset/jsoup_parent/src/main/java/org/jsoup/nodes/Attributes.java uses or overrides a deprecated API.
[INFO] /tmp/icst-2019/september-2018/dataset/jsoup_parent/src/main/java/org/jsoup/nodes/Attributes.java: Recompile with -Xlint:deprecation for details.
[INFO] 
[INFO] --- animal-sniffer-maven-plugin:1.16:check (animal-sniffer) @ jsoup ---
[INFO] Checking unresolved references to net.sf.androidscents.signature:android-api-level-8:2.2_r3
[INFO] 
[INFO] >>> maven-bundle-plugin:2.5.4:manifest (bundle-manifest) > process-classes @ jsoup >>>
[INFO] 
[INFO] --- maven-resources-plugin:3.0.1:resources (default-resources) @ jsoup ---
[INFO] Using 'UTF-8' encoding to copy filtered resources.
[INFO] Copying 0 resource
[INFO] Copying 3 resources to META-INF/
[INFO] 
[INFO] --- maven-compiler-plugin:3.5.1:compile (default-compile) @ jsoup ---
[INFO] Changes detected - recompiling the module!
[INFO] Compiling 68 source files to /tmp/icst-2019/september-2018/dataset/jsoup_parent/target/classes
[INFO] /tmp/icst-2019/september-2018/dataset/jsoup_parent/src/main/java/org/jsoup/nodes/Attributes.java: /tmp/icst-2019/september-2018/dataset/jsoup_parent/src/main/java/org/jsoup/nodes/Attributes.java uses or overrides a deprecated API.
[INFO] /tmp/icst-2019/september-2018/dataset/jsoup_parent/src/main/java/org/jsoup/nodes/Attributes.java: Recompile with -Xlint:deprecation for details.
[INFO] 
[INFO] --- animal-sniffer-maven-plugin:1.16:check (animal-sniffer) @ jsoup ---
[INFO] Checking unresolved references to net.sf.androidscents.signature:android-api-level-8:2.2_r3
[INFO] 
[INFO] <<< maven-bundle-plugin:2.5.4:manifest (bundle-manifest) < process-classes @ jsoup <<<
[INFO] 
[INFO] 
[INFO] --- maven-bundle-plugin:2.5.4:manifest (bundle-manifest) @ jsoup ---
[INFO] 
[INFO] --- maven-resources-plugin:3.0.1:testResources (default-testResources) @ jsoup ---
[INFO] Using 'UTF-8' encoding to copy filtered resources.
[INFO] Copying 25 resources
[INFO] 
[INFO] --- maven-compiler-plugin:3.5.1:testCompile (default-testCompile) @ jsoup ---
[INFO] Changes detected - recompiling the module!
[INFO] Compiling 46 source files to /tmp/icst-2019/september-2018/dataset/jsoup_parent/target/test-classes
[INFO] /tmp/icst-2019/september-2018/dataset/jsoup_parent/src/test/java/org/jsoup/parser/AttributeParseTest.java: Some input files use or override a deprecated API.
[INFO] /tmp/icst-2019/september-2018/dataset/jsoup_parent/src/test/java/org/jsoup/parser/AttributeParseTest.java: Recompile with -Xlint:deprecation for details.
[INFO] 
[INFO] --- maven-surefire-plugin:2.12.4:test (default-test) @ jsoup ---
[INFO] Tests are skipped.
[INFO] 
[INFO] --- maven-dependency-plugin:2.8:build-classpath (default-cli) @ jsoup ---
[INFO] Wrote classpath file '/tmp/icst-2019/september-2018/dataset/jsoup_parent/target/dspot/classpath'.
[INFO] ------------------------------------------------------------------------
[INFO] BUILD SUCCESS
[INFO] ------------------------------------------------------------------------
[INFO] Total time: 8.973 s
[INFO] Finished at: 2018-09-22T12:43:19+02:00
[INFO] ------------------------------------------------------------------------
[INFO] run maven clean test -DskipTests dependency:build-classpath -Dmdep.outputFile=target/dspot/classpath
[WARN] Maven will be executed in interactive mode, but no input stream has been configured for this MavenInvoker instance.
[INFO] Scanning for projects...
[INFO] 
[INFO] --------------------------< org.jsoup:jsoup >---------------------------
[INFO] Building jsoup Java HTML Parser 1.12.1-SNAPSHOT
[INFO] --------------------------------[ jar ]---------------------------------
[INFO] 
[INFO] --- maven-clean-plugin:2.5:clean (default-clean) @ jsoup ---
[INFO] Deleting /tmp/icst-2019/september-2018/dataset/jsoup/target
[INFO] 
[INFO] --- maven-resources-plugin:3.0.1:resources (default-resources) @ jsoup ---
[INFO] Using 'UTF-8' encoding to copy filtered resources.
[INFO] Copying 0 resource
[INFO] Copying 3 resources to META-INF/
[INFO] 
[INFO] --- maven-compiler-plugin:3.5.1:compile (default-compile) @ jsoup ---
[INFO] Changes detected - recompiling the module!
[INFO] Compiling 68 source files to /tmp/icst-2019/september-2018/dataset/jsoup/target/classes
[INFO] /tmp/icst-2019/september-2018/dataset/jsoup/src/main/java/org/jsoup/nodes/Attributes.java: /tmp/icst-2019/september-2018/dataset/jsoup/src/main/java/org/jsoup/nodes/Attributes.java uses or overrides a deprecated API.
[INFO] /tmp/icst-2019/september-2018/dataset/jsoup/src/main/java/org/jsoup/nodes/Attributes.java: Recompile with -Xlint:deprecation for details.
[INFO] 
[INFO] --- animal-sniffer-maven-plugin:1.16:check (animal-sniffer) @ jsoup ---
[INFO] Checking unresolved references to net.sf.androidscents.signature:android-api-level-8:2.2_r3
[INFO] 
[INFO] >>> maven-bundle-plugin:2.5.4:manifest (bundle-manifest) > process-classes @ jsoup >>>
[INFO] 
[INFO] --- maven-resources-plugin:3.0.1:resources (default-resources) @ jsoup ---
[INFO] Using 'UTF-8' encoding to copy filtered resources.
[INFO] Copying 0 resource
[INFO] Copying 3 resources to META-INF/
[INFO] 
[INFO] --- maven-compiler-plugin:3.5.1:compile (default-compile) @ jsoup ---
[INFO] Changes detected - recompiling the module!
[INFO] Compiling 68 source files to /tmp/icst-2019/september-2018/dataset/jsoup/target/classes
[INFO] /tmp/icst-2019/september-2018/dataset/jsoup/src/main/java/org/jsoup/nodes/Attributes.java: /tmp/icst-2019/september-2018/dataset/jsoup/src/main/java/org/jsoup/nodes/Attributes.java uses or overrides a deprecated API.
[INFO] /tmp/icst-2019/september-2018/dataset/jsoup/src/main/java/org/jsoup/nodes/Attributes.java: Recompile with -Xlint:deprecation for details.
[INFO] 
[INFO] --- animal-sniffer-maven-plugin:1.16:check (animal-sniffer) @ jsoup ---
[INFO] Checking unresolved references to net.sf.androidscents.signature:android-api-level-8:2.2_r3
[INFO] 
[INFO] <<< maven-bundle-plugin:2.5.4:manifest (bundle-manifest) < process-classes @ jsoup <<<
[INFO] 
[INFO] 
[INFO] --- maven-bundle-plugin:2.5.4:manifest (bundle-manifest) @ jsoup ---
[INFO] 
[INFO] --- maven-resources-plugin:3.0.1:testResources (default-testResources) @ jsoup ---
[INFO] Using 'UTF-8' encoding to copy filtered resources.
[INFO] Copying 25 resources
[INFO] 
[INFO] --- maven-compiler-plugin:3.5.1:testCompile (default-testCompile) @ jsoup ---
[INFO] Changes detected - recompiling the module!
[INFO] Compiling 46 source files to /tmp/icst-2019/september-2018/dataset/jsoup/target/test-classes
[INFO] /tmp/icst-2019/september-2018/dataset/jsoup/src/test/java/org/jsoup/parser/AttributeParseTest.java: Some input files use or override a deprecated API.
[INFO] /tmp/icst-2019/september-2018/dataset/jsoup/src/test/java/org/jsoup/parser/AttributeParseTest.java: Recompile with -Xlint:deprecation for details.
[INFO] 
[INFO] --- maven-surefire-plugin:2.12.4:test (default-test) @ jsoup ---
[INFO] Tests are skipped.
[INFO] 
[INFO] --- maven-dependency-plugin:2.8:build-classpath (default-cli) @ jsoup ---
[INFO] Wrote classpath file '/tmp/icst-2019/september-2018/dataset/jsoup/target/dspot/classpath'.
[INFO] ------------------------------------------------------------------------
[INFO] BUILD SUCCESS
[INFO] ------------------------------------------------------------------------
[INFO] Total time: 8.546 s
[INFO] Finished at: 2018-09-22T12:43:33+02:00
[INFO] ------------------------------------------------------------------------
[INFO] Amplification of org.jsoup.select.ElementsTest (2 test(s))
[INFO] Assertion amplification of org.jsoup.select.ElementsTest (2 test(s))
[INFO] Run: java -classpath /tmp/icst-2019/september-2018/dataset/jsoup_parent/target/test-classes:/tmp/icst-2019/september-2018/dataset/jsoup_parent/target/classes/:/home/spirals/danglot/.m2/repository/junit/junit/4.12/junit-4.12.jar:/home/spirals/danglot/.m2/repository/org/hamcrest/hamcrest-core/1.3/hamcrest-core-1.3.jar:/home/spirals/danglot/.m2/repository/com/google/code/gson/gson/2.7/gson-2.7.jar:/home/spirals/danglot/.m2/repository/org/eclipse/jetty/jetty-server/9.2.22.v20170606/jetty-server-9.2.22.v20170606.jar:/home/spirals/danglot/.m2/repository/javax/servlet/javax.servlet-api/3.1.0/javax.servlet-api-3.1.0.jar:/home/spirals/danglot/.m2/repository/org/eclipse/jetty/jetty-http/9.2.22.v20170606/jetty-http-9.2.22.v20170606.jar:/home/spirals/danglot/.m2/repository/org/eclipse/jetty/jetty-util/9.2.22.v20170606/jetty-util-9.2.22.v20170606.jar:/home/spirals/danglot/.m2/repository/org/eclipse/jetty/jetty-io/9.2.22.v20170606/jetty-io-9.2.22.v20170606.jar:/home/spirals/danglot/.m2/repository/org/eclipse/jetty/jetty-servlet/9.2.22.v20170606/jetty-servlet-9.2.22.v20170606.jar:/home/spirals/danglot/.m2/repository/org/eclipse/jetty/jetty-security/9.2.22.v20170606/jetty-security-9.2.22.v20170606.jar:/tmp/icst-2019/september-2018/dataset/jsoup_parent/target/dspot/dependencies/:/home/spirals/danglot/.m2/repository/eu/stamp-project/test-runner/1.1.0/test-runner-1.1.0-jar-with-dependencies.jar eu.stamp_project.testrunner.runner.test.TestRunner org.jsoup.select.ElementsTest siblings:hasText
File saved to the following path: /tmp/icst-2019/september-2018/dataset/jsoup_parent/target/dspot/TestListener.ser
Loading /tmp/icst-2019/september-2018/dataset/jsoup_parent/target/dspot/TestListener.ser
[INFO] Test has been run: siblings,hasText
[INFO] Run tests. (2)
[INFO] Run: java -classpath /tmp/icst-2019/september-2018/dataset/jsoup_parent/target/test-classes:/tmp/icst-2019/september-2018/dataset/jsoup_parent/target/classes/:/home/spirals/danglot/.m2/repository/junit/junit/4.12/junit-4.12.jar:/home/spirals/danglot/.m2/repository/org/hamcrest/hamcrest-core/1.3/hamcrest-core-1.3.jar:/home/spirals/danglot/.m2/repository/com/google/code/gson/gson/2.7/gson-2.7.jar:/home/spirals/danglot/.m2/repository/org/eclipse/jetty/jetty-server/9.2.22.v20170606/jetty-server-9.2.22.v20170606.jar:/home/spirals/danglot/.m2/repository/javax/servlet/javax.servlet-api/3.1.0/javax.servlet-api-3.1.0.jar:/home/spirals/danglot/.m2/repository/org/eclipse/jetty/jetty-http/9.2.22.v20170606/jetty-http-9.2.22.v20170606.jar:/home/spirals/danglot/.m2/repository/org/eclipse/jetty/jetty-util/9.2.22.v20170606/jetty-util-9.2.22.v20170606.jar:/home/spirals/danglot/.m2/repository/org/eclipse/jetty/jetty-io/9.2.22.v20170606/jetty-io-9.2.22.v20170606.jar:/home/spirals/danglot/.m2/repository/org/eclipse/jetty/jetty-servlet/9.2.22.v20170606/jetty-servlet-9.2.22.v20170606.jar:/home/spirals/danglot/.m2/repository/org/eclipse/jetty/jetty-security/9.2.22.v20170606/jetty-security-9.2.22.v20170606.jar:/tmp/icst-2019/september-2018/dataset/jsoup_parent/target/dspot/dependencies/:/home/spirals/danglot/.m2/repository/eu/stamp-project/test-runner/1.1.0/test-runner-1.1.0-jar-with-dependencies.jar eu.stamp_project.testrunner.runner.test.TestRunner org.jsoup.select.ElementsTest siblings:hasText
File saved to the following path: /tmp/icst-2019/september-2018/dataset/jsoup_parent/target/dspot/TestListener.ser
Loading /tmp/icst-2019/september-2018/dataset/jsoup_parent/target/dspot/TestListener.ser
[INFO] Test has been run: siblings,hasText
[INFO] 2 test pass, generating assertion...
[INFO] Add observations points in passing tests.
[INFO] Instrumentation...
 50% |========================= ]/100% |================================================== ]-
[INFO] Run instrumented tests. (6)
[INFO] Run: java -classpath /tmp/icst-2019/september-2018/dataset/jsoup_parent/target/test-classes:/tmp/icst-2019/september-2018/dataset/jsoup_parent/target/classes/:/home/spirals/danglot/.m2/repository/junit/junit/4.12/junit-4.12.jar:/home/spirals/danglot/.m2/repository/org/hamcrest/hamcrest-core/1.3/hamcrest-core-1.3.jar:/home/spirals/danglot/.m2/repository/com/google/code/gson/gson/2.7/gson-2.7.jar:/home/spirals/danglot/.m2/repository/org/eclipse/jetty/jetty-server/9.2.22.v20170606/jetty-server-9.2.22.v20170606.jar:/home/spirals/danglot/.m2/repository/javax/servlet/javax.servlet-api/3.1.0/javax.servlet-api-3.1.0.jar:/home/spirals/danglot/.m2/repository/org/eclipse/jetty/jetty-http/9.2.22.v20170606/jetty-http-9.2.22.v20170606.jar:/home/spirals/danglot/.m2/repository/org/eclipse/jetty/jetty-util/9.2.22.v20170606/jetty-util-9.2.22.v20170606.jar:/home/spirals/danglot/.m2/repository/org/eclipse/jetty/jetty-io/9.2.22.v20170606/jetty-io-9.2.22.v20170606.jar:/home/spirals/danglot/.m2/repository/org/eclipse/jetty/jetty-servlet/9.2.22.v20170606/jetty-servlet-9.2.22.v20170606.jar:/home/spirals/danglot/.m2/repository/org/eclipse/jetty/jetty-security/9.2.22.v20170606/jetty-security-9.2.22.v20170606.jar:/tmp/icst-2019/september-2018/dataset/jsoup_parent/target/dspot/dependencies/:/home/spirals/danglot/.m2/repository/eu/stamp-project/test-runner/1.1.0/test-runner-1.1.0-jar-with-dependencies.jar eu.stamp_project.testrunner.runner.test.TestRunner org.jsoup.select.ElementsTest siblings_withlog0:hasText_withlog0:siblings_withlog1:hasText_withlog1:siblings_withlog2:hasText_withlog2
File saved to the following path: /tmp/icst-2019/september-2018/dataset/jsoup_parent/target/dspot/observations.ser
File saved to the following path: /tmp/icst-2019/september-2018/dataset/jsoup_parent/target/dspot/TestListener.ser
Loading /tmp/icst-2019/september-2018/dataset/jsoup_parent/target/dspot/TestListener.ser
[INFO] Test has been run: hasText_withlog0,hasText_withlog1,hasText_withlog2,siblings_withlog0,siblings_withlog1,siblings_withlog2
[INFO] Generating assertions...
[INFO] 2 new tests with assertions generated
[INFO] Run: java -classpath /tmp/icst-2019/september-2018/dataset/jsoup_parent/target/test-classes:/tmp/icst-2019/september-2018/dataset/jsoup_parent/target/classes/:/home/spirals/danglot/.m2/repository/junit/junit/4.12/junit-4.12.jar:/home/spirals/danglot/.m2/repository/org/hamcrest/hamcrest-core/1.3/hamcrest-core-1.3.jar:/home/spirals/danglot/.m2/repository/com/google/code/gson/gson/2.7/gson-2.7.jar:/home/spirals/danglot/.m2/repository/org/eclipse/jetty/jetty-server/9.2.22.v20170606/jetty-server-9.2.22.v20170606.jar:/home/spirals/danglot/.m2/repository/javax/servlet/javax.servlet-api/3.1.0/javax.servlet-api-3.1.0.jar:/home/spirals/danglot/.m2/repository/org/eclipse/jetty/jetty-http/9.2.22.v20170606/jetty-http-9.2.22.v20170606.jar:/home/spirals/danglot/.m2/repository/org/eclipse/jetty/jetty-util/9.2.22.v20170606/jetty-util-9.2.22.v20170606.jar:/home/spirals/danglot/.m2/repository/org/eclipse/jetty/jetty-io/9.2.22.v20170606/jetty-io-9.2.22.v20170606.jar:/home/spirals/danglot/.m2/repository/org/eclipse/jetty/jetty-servlet/9.2.22.v20170606/jetty-servlet-9.2.22.v20170606.jar:/home/spirals/danglot/.m2/repository/org/eclipse/jetty/jetty-security/9.2.22.v20170606/jetty-security-9.2.22.v20170606.jar:/tmp/icst-2019/september-2018/dataset/jsoup_parent/target/dspot/dependencies/:/home/spirals/danglot/.m2/repository/eu/stamp-project/test-runner/1.1.0/test-runner-1.1.0-jar-with-dependencies.jar eu.stamp_project.testrunner.runner.test.TestRunner org.jsoup.select.ElementsTest siblings:hasText
File saved to the following path: /tmp/icst-2019/september-2018/dataset/jsoup_parent/target/dspot/TestListener.ser
Loading /tmp/icst-2019/september-2018/dataset/jsoup_parent/target/dspot/TestListener.ser
[INFO] Test has been run: siblings,hasText
[INFO] Assertion amplification: 2 test method(s) has been successfully amplified.
[WARN] 2018-09-22 12:43:37 Launcher - You specified the directory /tmp/icst-2019/september-2018/dataset/jsoup/target/classes in source classpath, please note that only class files will be considered. Jars and subdirectories will be ignored.
[WARN] 2018-09-22 12:43:37 Launcher - You specified the directory /tmp/icst-2019/september-2018/dataset/jsoup/target/test-classes in source classpath, please note that only class files will be considered. Jars and subdirectories will be ignored.
[WARN] 2018-09-22 12:43:37 Launcher - You specified the directory /tmp/icst-2019/september-2018/dataset/jsoup/target/dspot/dependencies in source classpath, please note that only class files will be considered. Jars and subdirectories will be ignored.
[INFO] Run: java -classpath /tmp/icst-2019/september-2018/dataset/jsoup/target/classes/:/tmp/icst-2019/september-2018/dataset/jsoup/target/test-classes/:/home/spirals/danglot/.m2/repository/junit/junit/4.12/junit-4.12.jar:/home/spirals/danglot/.m2/repository/org/hamcrest/hamcrest-core/1.3/hamcrest-core-1.3.jar:/home/spirals/danglot/.m2/repository/com/google/code/gson/gson/2.7/gson-2.7.jar:/home/spirals/danglot/.m2/repository/org/eclipse/jetty/jetty-server/9.2.22.v20170606/jetty-server-9.2.22.v20170606.jar:/home/spirals/danglot/.m2/repository/javax/servlet/javax.servlet-api/3.1.0/javax.servlet-api-3.1.0.jar:/home/spirals/danglot/.m2/repository/org/eclipse/jetty/jetty-http/9.2.22.v20170606/jetty-http-9.2.22.v20170606.jar:/home/spirals/danglot/.m2/repository/org/eclipse/jetty/jetty-util/9.2.22.v20170606/jetty-util-9.2.22.v20170606.jar:/home/spirals/danglot/.m2/repository/org/eclipse/jetty/jetty-io/9.2.22.v20170606/jetty-io-9.2.22.v20170606.jar:/home/spirals/danglot/.m2/repository/org/eclipse/jetty/jetty-servlet/9.2.22.v20170606/jetty-servlet-9.2.22.v20170606.jar:/home/spirals/danglot/.m2/repository/org/eclipse/jetty/jetty-security/9.2.22.v20170606/jetty-security-9.2.22.v20170606.jar:/tmp/icst-2019/september-2018/dataset/jsoup/target/dspot/dependencies/:/home/spirals/danglot/.m2/repository/eu/stamp-project/test-runner/1.1.0/test-runner-1.1.0-jar-with-dependencies.jar eu.stamp_project.testrunner.runner.test.TestRunner org.jsoup.select.ElementsTest siblings:hasText
File saved to the following path: /tmp/icst-2019/september-2018/dataset/jsoup_parent/target/dspot/TestListener.ser
Loading /tmp/icst-2019/september-2018/dataset/jsoup_parent/target/dspot/TestListener.ser
[INFO] Test has been run: siblings,hasText
[INFO] 0 amplified test methods has been selected to be kept. (global: 0)
[INFO] elapsedTime 4704
======= REPORT =======
0 amplified test fails on the new versions.

[WARNING] DSpot could not obtain any amplified test method.
[WARNING] You can customize the following options: --amplifiers, --test-criterion, --iteration, --budgetizer etc, and retry with a new configuration.
[INFO] Amplification of org.jsoup.nodes.ElementTest (3 test(s))
[INFO] Assertion amplification of org.jsoup.nodes.ElementTest (3 test(s))
[INFO] Run: java -classpath /tmp/icst-2019/september-2018/dataset/jsoup_parent/target/test-classes:/tmp/icst-2019/september-2018/dataset/jsoup_parent/target/classes/:/home/spirals/danglot/.m2/repository/junit/junit/4.12/junit-4.12.jar:/home/spirals/danglot/.m2/repository/org/hamcrest/hamcrest-core/1.3/hamcrest-core-1.3.jar:/home/spirals/danglot/.m2/repository/com/google/code/gson/gson/2.7/gson-2.7.jar:/home/spirals/danglot/.m2/repository/org/eclipse/jetty/jetty-server/9.2.22.v20170606/jetty-server-9.2.22.v20170606.jar:/home/spirals/danglot/.m2/repository/javax/servlet/javax.servlet-api/3.1.0/javax.servlet-api-3.1.0.jar:/home/spirals/danglot/.m2/repository/org/eclipse/jetty/jetty-http/9.2.22.v20170606/jetty-http-9.2.22.v20170606.jar:/home/spirals/danglot/.m2/repository/org/eclipse/jetty/jetty-util/9.2.22.v20170606/jetty-util-9.2.22.v20170606.jar:/home/spirals/danglot/.m2/repository/org/eclipse/jetty/jetty-io/9.2.22.v20170606/jetty-io-9.2.22.v20170606.jar:/home/spirals/danglot/.m2/repository/org/eclipse/jetty/jetty-servlet/9.2.22.v20170606/jetty-servlet-9.2.22.v20170606.jar:/home/spirals/danglot/.m2/repository/org/eclipse/jetty/jetty-security/9.2.22.v20170606/jetty-security-9.2.22.v20170606.jar:/tmp/icst-2019/september-2018/dataset/jsoup_parent/target/dspot/dependencies/:/home/spirals/danglot/.m2/repository/eu/stamp-project/test-runner/1.1.0/test-runner-1.1.0-jar-with-dependencies.jar eu.stamp_project.testrunner.runner.test.TestRunner org.jsoup.nodes.ElementTest testGetSiblings:testIs:testGetSiblingsWithDuplicateContent
File saved to the following path: /tmp/icst-2019/september-2018/dataset/jsoup_parent/target/dspot/TestListener.ser
Loading /tmp/icst-2019/september-2018/dataset/jsoup_parent/target/dspot/TestListener.ser
[INFO] Test has been run: testIs,testGetSiblingsWithDuplicateContent,testGetSiblings
[INFO] Run tests. (3)
[INFO] Run: java -classpath /tmp/icst-2019/september-2018/dataset/jsoup_parent/target/test-classes:/tmp/icst-2019/september-2018/dataset/jsoup_parent/target/classes/:/home/spirals/danglot/.m2/repository/junit/junit/4.12/junit-4.12.jar:/home/spirals/danglot/.m2/repository/org/hamcrest/hamcrest-core/1.3/hamcrest-core-1.3.jar:/home/spirals/danglot/.m2/repository/com/google/code/gson/gson/2.7/gson-2.7.jar:/home/spirals/danglot/.m2/repository/org/eclipse/jetty/jetty-server/9.2.22.v20170606/jetty-server-9.2.22.v20170606.jar:/home/spirals/danglot/.m2/repository/javax/servlet/javax.servlet-api/3.1.0/javax.servlet-api-3.1.0.jar:/home/spirals/danglot/.m2/repository/org/eclipse/jetty/jetty-http/9.2.22.v20170606/jetty-http-9.2.22.v20170606.jar:/home/spirals/danglot/.m2/repository/org/eclipse/jetty/jetty-util/9.2.22.v20170606/jetty-util-9.2.22.v20170606.jar:/home/spirals/danglot/.m2/repository/org/eclipse/jetty/jetty-io/9.2.22.v20170606/jetty-io-9.2.22.v20170606.jar:/home/spirals/danglot/.m2/repository/org/eclipse/jetty/jetty-servlet/9.2.22.v20170606/jetty-servlet-9.2.22.v20170606.jar:/home/spirals/danglot/.m2/repository/org/eclipse/jetty/jetty-security/9.2.22.v20170606/jetty-security-9.2.22.v20170606.jar:/tmp/icst-2019/september-2018/dataset/jsoup_parent/target/dspot/dependencies/:/home/spirals/danglot/.m2/repository/eu/stamp-project/test-runner/1.1.0/test-runner-1.1.0-jar-with-dependencies.jar eu.stamp_project.testrunner.runner.test.TestRunner org.jsoup.nodes.ElementTest testGetSiblings:testIs:testGetSiblingsWithDuplicateContent
File saved to the following path: /tmp/icst-2019/september-2018/dataset/jsoup_parent/target/dspot/TestListener.ser
Loading /tmp/icst-2019/september-2018/dataset/jsoup_parent/target/dspot/TestListener.ser
[INFO] Test has been run: testIs,testGetSiblingsWithDuplicateContent,testGetSiblings
[INFO] 3 test pass, generating assertion...
[INFO] Add observations points in passing tests.
[INFO] Instrumentation...
 33% |================ ]/ 66% |================================= ]-100% |================================================== ]\
[INFO] Run instrumented tests. (9)
[INFO] Run: java -classpath /tmp/icst-2019/september-2018/dataset/jsoup_parent/target/test-classes:/tmp/icst-2019/september-2018/dataset/jsoup_parent/target/classes/:/home/spirals/danglot/.m2/repository/junit/junit/4.12/junit-4.12.jar:/home/spirals/danglot/.m2/repository/org/hamcrest/hamcrest-core/1.3/hamcrest-core-1.3.jar:/home/spirals/danglot/.m2/repository/com/google/code/gson/gson/2.7/gson-2.7.jar:/home/spirals/danglot/.m2/repository/org/eclipse/jetty/jetty-server/9.2.22.v20170606/jetty-server-9.2.22.v20170606.jar:/home/spirals/danglot/.m2/repository/javax/servlet/javax.servlet-api/3.1.0/javax.servlet-api-3.1.0.jar:/home/spirals/danglot/.m2/repository/org/eclipse/jetty/jetty-http/9.2.22.v20170606/jetty-http-9.2.22.v20170606.jar:/home/spirals/danglot/.m2/repository/org/eclipse/jetty/jetty-util/9.2.22.v20170606/jetty-util-9.2.22.v20170606.jar:/home/spirals/danglot/.m2/repository/org/eclipse/jetty/jetty-io/9.2.22.v20170606/jetty-io-9.2.22.v20170606.jar:/home/spirals/danglot/.m2/repository/org/eclipse/jetty/jetty-servlet/9.2.22.v20170606/jetty-servlet-9.2.22.v20170606.jar:/home/spirals/danglot/.m2/repository/org/eclipse/jetty/jetty-security/9.2.22.v20170606/jetty-security-9.2.22.v20170606.jar:/tmp/icst-2019/september-2018/dataset/jsoup_parent/target/dspot/dependencies/:/home/spirals/danglot/.m2/repository/eu/stamp-project/test-runner/1.1.0/test-runner-1.1.0-jar-with-dependencies.jar eu.stamp_project.testrunner.runner.test.TestRunner org.jsoup.nodes.ElementTest testGetSiblings_withlog0:testIs_withlog0:testGetSiblingsWithDuplicateContent_withlog0:testGetSiblings_withlog1:testIs_withlog1:testGetSiblingsWithDuplicateContent_withlog1:testGetSiblings_withlog2:testIs_withlog2:testGetSiblingsWithDuplicateContent_withlog2
File saved to the following path: /tmp/icst-2019/september-2018/dataset/jsoup_parent/target/dspot/observations.ser
File saved to the following path: /tmp/icst-2019/september-2018/dataset/jsoup_parent/target/dspot/TestListener.ser
Loading /tmp/icst-2019/september-2018/dataset/jsoup_parent/target/dspot/TestListener.ser
[INFO] Test has been run: testGetSiblingsWithDuplicateContent_withlog0,testGetSiblingsWithDuplicateContent_withlog1,testGetSiblingsWithDuplicateContent_withlog2,testGetSiblings_withlog0,testGetSiblings_withlog1,testGetSiblings_withlog2,testIs_withlog0,testIs_withlog1,testIs_withlog2
[INFO] Generating assertions...
[INFO] 3 new tests with assertions generated
[INFO] Run: java -classpath /tmp/icst-2019/september-2018/dataset/jsoup_parent/target/test-classes:/tmp/icst-2019/september-2018/dataset/jsoup_parent/target/classes/:/home/spirals/danglot/.m2/repository/junit/junit/4.12/junit-4.12.jar:/home/spirals/danglot/.m2/repository/org/hamcrest/hamcrest-core/1.3/hamcrest-core-1.3.jar:/home/spirals/danglot/.m2/repository/com/google/code/gson/gson/2.7/gson-2.7.jar:/home/spirals/danglot/.m2/repository/org/eclipse/jetty/jetty-server/9.2.22.v20170606/jetty-server-9.2.22.v20170606.jar:/home/spirals/danglot/.m2/repository/javax/servlet/javax.servlet-api/3.1.0/javax.servlet-api-3.1.0.jar:/home/spirals/danglot/.m2/repository/org/eclipse/jetty/jetty-http/9.2.22.v20170606/jetty-http-9.2.22.v20170606.jar:/home/spirals/danglot/.m2/repository/org/eclipse/jetty/jetty-util/9.2.22.v20170606/jetty-util-9.2.22.v20170606.jar:/home/spirals/danglot/.m2/repository/org/eclipse/jetty/jetty-io/9.2.22.v20170606/jetty-io-9.2.22.v20170606.jar:/home/spirals/danglot/.m2/repository/org/eclipse/jetty/jetty-servlet/9.2.22.v20170606/jetty-servlet-9.2.22.v20170606.jar:/home/spirals/danglot/.m2/repository/org/eclipse/jetty/jetty-security/9.2.22.v20170606/jetty-security-9.2.22.v20170606.jar:/tmp/icst-2019/september-2018/dataset/jsoup_parent/target/dspot/dependencies/:/home/spirals/danglot/.m2/repository/eu/stamp-project/test-runner/1.1.0/test-runner-1.1.0-jar-with-dependencies.jar eu.stamp_project.testrunner.runner.test.TestRunner org.jsoup.nodes.ElementTest testGetSiblings:testIs:testGetSiblingsWithDuplicateContent
File saved to the following path: /tmp/icst-2019/september-2018/dataset/jsoup_parent/target/dspot/TestListener.ser
Loading /tmp/icst-2019/september-2018/dataset/jsoup_parent/target/dspot/TestListener.ser
[INFO] Test has been run: testIs,testGetSiblingsWithDuplicateContent,testGetSiblings
[INFO] Assertion amplification: 3 test method(s) has been successfully amplified.
[WARN] 2018-09-22 12:43:51 Launcher - You specified the directory /tmp/icst-2019/september-2018/dataset/jsoup/target/classes in source classpath, please note that only class files will be considered. Jars and subdirectories will be ignored.
[WARN] 2018-09-22 12:43:51 Launcher - You specified the directory /tmp/icst-2019/september-2018/dataset/jsoup/target/test-classes in source classpath, please note that only class files will be considered. Jars and subdirectories will be ignored.
[WARN] 2018-09-22 12:43:51 Launcher - You specified the directory /tmp/icst-2019/september-2018/dataset/jsoup/target/dspot/dependencies in source classpath, please note that only class files will be considered. Jars and subdirectories will be ignored.
[INFO] Run: java -classpath /tmp/icst-2019/september-2018/dataset/jsoup/target/classes/:/tmp/icst-2019/september-2018/dataset/jsoup/target/test-classes/:/home/spirals/danglot/.m2/repository/junit/junit/4.12/junit-4.12.jar:/home/spirals/danglot/.m2/repository/org/hamcrest/hamcrest-core/1.3/hamcrest-core-1.3.jar:/home/spirals/danglot/.m2/repository/com/google/code/gson/gson/2.7/gson-2.7.jar:/home/spirals/danglot/.m2/repository/org/eclipse/jetty/jetty-server/9.2.22.v20170606/jetty-server-9.2.22.v20170606.jar:/home/spirals/danglot/.m2/repository/javax/servlet/javax.servlet-api/3.1.0/javax.servlet-api-3.1.0.jar:/home/spirals/danglot/.m2/repository/org/eclipse/jetty/jetty-http/9.2.22.v20170606/jetty-http-9.2.22.v20170606.jar:/home/spirals/danglot/.m2/repository/org/eclipse/jetty/jetty-util/9.2.22.v20170606/jetty-util-9.2.22.v20170606.jar:/home/spirals/danglot/.m2/repository/org/eclipse/jetty/jetty-io/9.2.22.v20170606/jetty-io-9.2.22.v20170606.jar:/home/spirals/danglot/.m2/repository/org/eclipse/jetty/jetty-servlet/9.2.22.v20170606/jetty-servlet-9.2.22.v20170606.jar:/home/spirals/danglot/.m2/repository/org/eclipse/jetty/jetty-security/9.2.22.v20170606/jetty-security-9.2.22.v20170606.jar:/tmp/icst-2019/september-2018/dataset/jsoup/target/dspot/dependencies/:/home/spirals/danglot/.m2/repository/eu/stamp-project/test-runner/1.1.0/test-runner-1.1.0-jar-with-dependencies.jar eu.stamp_project.testrunner.runner.test.TestRunner org.jsoup.nodes.ElementTest testGetSiblings:testIs:testGetSiblingsWithDuplicateContent
File saved to the following path: /tmp/icst-2019/september-2018/dataset/jsoup_parent/target/dspot/TestListener.ser
Loading /tmp/icst-2019/september-2018/dataset/jsoup_parent/target/dspot/TestListener.ser
[INFO] Test has been run: testIs,testGetSiblingsWithDuplicateContent,testGetSiblings
[INFO] 0 amplified test methods has been selected to be kept. (global: 0)
[INFO] elapsedTime 12985
======= REPORT =======
0 amplified test fails on the new versions.

[WARNING] DSpot could not obtain any amplified test method.
[WARNING] You can customize the following options: --amplifiers, --test-criterion, --iteration, --budgetizer etc, and retry with a new configuration.
[INFO] Amplification of org.jsoup.select.SelectorTest (9 test(s))
[INFO] Assertion amplification of org.jsoup.select.SelectorTest (9 test(s))
[INFO] Run: java -classpath /tmp/icst-2019/september-2018/dataset/jsoup_parent/target/test-classes:/tmp/icst-2019/september-2018/dataset/jsoup_parent/target/classes/:/home/spirals/danglot/.m2/repository/junit/junit/4.12/junit-4.12.jar:/home/spirals/danglot/.m2/repository/org/hamcrest/hamcrest-core/1.3/hamcrest-core-1.3.jar:/home/spirals/danglot/.m2/repository/com/google/code/gson/gson/2.7/gson-2.7.jar:/home/spirals/danglot/.m2/repository/org/eclipse/jetty/jetty-server/9.2.22.v20170606/jetty-server-9.2.22.v20170606.jar:/home/spirals/danglot/.m2/repository/javax/servlet/javax.servlet-api/3.1.0/javax.servlet-api-3.1.0.jar:/home/spirals/danglot/.m2/repository/org/eclipse/jetty/jetty-http/9.2.22.v20170606/jetty-http-9.2.22.v20170606.jar:/home/spirals/danglot/.m2/repository/org/eclipse/jetty/jetty-util/9.2.22.v20170606/jetty-util-9.2.22.v20170606.jar:/home/spirals/danglot/.m2/repository/org/eclipse/jetty/jetty-io/9.2.22.v20170606/jetty-io-9.2.22.v20170606.jar:/home/spirals/danglot/.m2/repository/org/eclipse/jetty/jetty-servlet/9.2.22.v20170606/jetty-servlet-9.2.22.v20170606.jar:/home/spirals/danglot/.m2/repository/org/eclipse/jetty/jetty-security/9.2.22.v20170606/jetty-security-9.2.22.v20170606.jar:/tmp/icst-2019/september-2018/dataset/jsoup_parent/target/dspot/dependencies/:/home/spirals/danglot/.m2/repository/eu/stamp-project/test-runner/1.1.0/test-runner-1.1.0-jar-with-dependencies.jar eu.stamp_project.testrunner.runner.test.TestRunner org.jsoup.select.SelectorTest adjacentSiblings:mixCombinator:notAdjacent:testCombinedWithContains:generalSiblings:matchText:adjacentSiblingsWithId:findBetweenSpan:mixCombinatorGroup
File saved to the following path: /tmp/icst-2019/september-2018/dataset/jsoup_parent/target/dspot/TestListener.ser
Loading /tmp/icst-2019/september-2018/dataset/jsoup_parent/target/dspot/TestListener.ser
[INFO] Test has been run: findBetweenSpan,notAdjacent,testCombinedWithContains,mixCombinator,adjacentSiblingsWithId,matchText,generalSiblings,adjacentSiblings,mixCombinatorGroup
[INFO] Run tests. (9)
[INFO] Run: java -classpath /tmp/icst-2019/september-2018/dataset/jsoup_parent/target/test-classes:/tmp/icst-2019/september-2018/dataset/jsoup_parent/target/classes/:/home/spirals/danglot/.m2/repository/junit/junit/4.12/junit-4.12.jar:/home/spirals/danglot/.m2/repository/org/hamcrest/hamcrest-core/1.3/hamcrest-core-1.3.jar:/home/spirals/danglot/.m2/repository/com/google/code/gson/gson/2.7/gson-2.7.jar:/home/spirals/danglot/.m2/repository/org/eclipse/jetty/jetty-server/9.2.22.v20170606/jetty-server-9.2.22.v20170606.jar:/home/spirals/danglot/.m2/repository/javax/servlet/javax.servlet-api/3.1.0/javax.servlet-api-3.1.0.jar:/home/spirals/danglot/.m2/repository/org/eclipse/jetty/jetty-http/9.2.22.v20170606/jetty-http-9.2.22.v20170606.jar:/home/spirals/danglot/.m2/repository/org/eclipse/jetty/jetty-util/9.2.22.v20170606/jetty-util-9.2.22.v20170606.jar:/home/spirals/danglot/.m2/repository/org/eclipse/jetty/jetty-io/9.2.22.v20170606/jetty-io-9.2.22.v20170606.jar:/home/spirals/danglot/.m2/repository/org/eclipse/jetty/jetty-servlet/9.2.22.v20170606/jetty-servlet-9.2.22.v20170606.jar:/home/spirals/danglot/.m2/repository/org/eclipse/jetty/jetty-security/9.2.22.v20170606/jetty-security-9.2.22.v20170606.jar:/tmp/icst-2019/september-2018/dataset/jsoup_parent/target/dspot/dependencies/:/home/spirals/danglot/.m2/repository/eu/stamp-project/test-runner/1.1.0/test-runner-1.1.0-jar-with-dependencies.jar eu.stamp_project.testrunner.runner.test.TestRunner org.jsoup.select.SelectorTest adjacentSiblings:mixCombinator:notAdjacent:testCombinedWithContains:generalSiblings:matchText:adjacentSiblingsWithId:findBetweenSpan:mixCombinatorGroup
File saved to the following path: /tmp/icst-2019/september-2018/dataset/jsoup_parent/target/dspot/TestListener.ser
Loading /tmp/icst-2019/september-2018/dataset/jsoup_parent/target/dspot/TestListener.ser
[INFO] Test has been run: findBetweenSpan,notAdjacent,testCombinedWithContains,mixCombinator,adjacentSiblingsWithId,matchText,generalSiblings,adjacentSiblings,mixCombinatorGroup
[INFO] 9 test pass, generating assertion...
[INFO] Add observations points in passing tests.
[INFO] Instrumentation...
 11% |===== ]/ 22% |=========== ]- 33% |================ ]\ 44% |====================== ]| 55% |=========================== ]/ 66% |================================= ]- 77% |====================================== ]\ 88% |============================================ ]|100% |================================================== ]/
[INFO] Run instrumented tests. (27)
[INFO] Run: java -classpath /tmp/icst-2019/september-2018/dataset/jsoup_parent/target/test-classes:/tmp/icst-2019/september-2018/dataset/jsoup_parent/target/classes/:/home/spirals/danglot/.m2/repository/junit/junit/4.12/junit-4.12.jar:/home/spirals/danglot/.m2/repository/org/hamcrest/hamcrest-core/1.3/hamcrest-core-1.3.jar:/home/spirals/danglot/.m2/repository/com/google/code/gson/gson/2.7/gson-2.7.jar:/home/spirals/danglot/.m2/repository/org/eclipse/jetty/jetty-server/9.2.22.v20170606/jetty-server-9.2.22.v20170606.jar:/home/spirals/danglot/.m2/repository/javax/servlet/javax.servlet-api/3.1.0/javax.servlet-api-3.1.0.jar:/home/spirals/danglot/.m2/repository/org/eclipse/jetty/jetty-http/9.2.22.v20170606/jetty-http-9.2.22.v20170606.jar:/home/spirals/danglot/.m2/repository/org/eclipse/jetty/jetty-util/9.2.22.v20170606/jetty-util-9.2.22.v20170606.jar:/home/spirals/danglot/.m2/repository/org/eclipse/jetty/jetty-io/9.2.22.v20170606/jetty-io-9.2.22.v20170606.jar:/home/spirals/danglot/.m2/repository/org/eclipse/jetty/jetty-servlet/9.2.22.v20170606/jetty-servlet-9.2.22.v20170606.jar:/home/spirals/danglot/.m2/repository/org/eclipse/jetty/jetty-security/9.2.22.v20170606/jetty-security-9.2.22.v20170606.jar:/tmp/icst-2019/september-2018/dataset/jsoup_parent/target/dspot/dependencies/:/home/spirals/danglot/.m2/repository/eu/stamp-project/test-runner/1.1.0/test-runner-1.1.0-jar-with-dependencies.jar eu.stamp_project.testrunner.runner.test.TestRunner org.jsoup.select.SelectorTest adjacentSiblings_withlog0:mixCombinator_withlog0:notAdjacent_withlog0:testCombinedWithContains_withlog0:generalSiblings_withlog0:matchText_withlog0:adjacentSiblingsWithId_withlog0:findBetweenSpan_withlog0:mixCombinatorGroup_withlog0:adjacentSiblings_withlog1:mixCombinator_withlog1:notAdjacent_withlog1:testCombinedWithContains_withlog1:generalSiblings_withlog1:matchText_withlog1:adjacentSiblingsWithId_withlog1:findBetweenSpan_withlog1:mixCombinatorGroup_withlog1:adjacentSiblings_withlog2:mixCombinator_withlog2:notAdjacent_withlog2:testCombinedWithContains_withlog2:generalSiblings_withlog2:matchText_withlog2:adjacentSiblingsWithId_withlog2:findBetweenSpan_withlog2:mixCombinatorGroup_withlog2
File saved to the following path: /tmp/icst-2019/september-2018/dataset/jsoup_parent/target/dspot/observations.ser
File saved to the following path: /tmp/icst-2019/september-2018/dataset/jsoup_parent/target/dspot/TestListener.ser
Loading /tmp/icst-2019/september-2018/dataset/jsoup_parent/target/dspot/TestListener.ser
[INFO] Test has been run: matchText_withlog0,matchText_withlog1,matchText_withlog2,mixCombinator_withlog0,mixCombinator_withlog1,mixCombinator_withlog2,adjacentSiblings_withlog0,adjacentSiblings_withlog1,adjacentSiblings_withlog2,adjacentSiblingsWithId_withlog0,adjacentSiblingsWithId_withlog1,adjacentSiblingsWithId_withlog2,notAdjacent_withlog0,notAdjacent_withlog1,notAdjacent_withlog2,findBetweenSpan_withlog0,findBetweenSpan_withlog1,findBetweenSpan_withlog2,testCombinedWithContains_withlog0,testCombinedWithContains_withlog1,testCombinedWithContains_withlog2,generalSiblings_withlog0,generalSiblings_withlog1,generalSiblings_withlog2,mixCombinatorGroup_withlog0,mixCombinatorGroup_withlog1,mixCombinatorGroup_withlog2
[INFO] Generating assertions...
[INFO] 9 new tests with assertions generated
[INFO] Run: java -classpath /tmp/icst-2019/september-2018/dataset/jsoup_parent/target/test-classes:/tmp/icst-2019/september-2018/dataset/jsoup_parent/target/classes/:/home/spirals/danglot/.m2/repository/junit/junit/4.12/junit-4.12.jar:/home/spirals/danglot/.m2/repository/org/hamcrest/hamcrest-core/1.3/hamcrest-core-1.3.jar:/home/spirals/danglot/.m2/repository/com/google/code/gson/gson/2.7/gson-2.7.jar:/home/spirals/danglot/.m2/repository/org/eclipse/jetty/jetty-server/9.2.22.v20170606/jetty-server-9.2.22.v20170606.jar:/home/spirals/danglot/.m2/repository/javax/servlet/javax.servlet-api/3.1.0/javax.servlet-api-3.1.0.jar:/home/spirals/danglot/.m2/repository/org/eclipse/jetty/jetty-http/9.2.22.v20170606/jetty-http-9.2.22.v20170606.jar:/home/spirals/danglot/.m2/repository/org/eclipse/jetty/jetty-util/9.2.22.v20170606/jetty-util-9.2.22.v20170606.jar:/home/spirals/danglot/.m2/repository/org/eclipse/jetty/jetty-io/9.2.22.v20170606/jetty-io-9.2.22.v20170606.jar:/home/spirals/danglot/.m2/repository/org/eclipse/jetty/jetty-servlet/9.2.22.v20170606/jetty-servlet-9.2.22.v20170606.jar:/home/spirals/danglot/.m2/repository/org/eclipse/jetty/jetty-security/9.2.22.v20170606/jetty-security-9.2.22.v20170606.jar:/tmp/icst-2019/september-2018/dataset/jsoup_parent/target/dspot/dependencies/:/home/spirals/danglot/.m2/repository/eu/stamp-project/test-runner/1.1.0/test-runner-1.1.0-jar-with-dependencies.jar eu.stamp_project.testrunner.runner.test.TestRunner org.jsoup.select.SelectorTest adjacentSiblings:mixCombinator:notAdjacent:testCombinedWithContains:generalSiblings:matchText:adjacentSiblingsWithId:findBetweenSpan:mixCombinatorGroup
File saved to the following path: /tmp/icst-2019/september-2018/dataset/jsoup_parent/target/dspot/TestListener.ser
Loading /tmp/icst-2019/september-2018/dataset/jsoup_parent/target/dspot/TestListener.ser
[INFO] Test has been run: findBetweenSpan,notAdjacent,testCombinedWithContains,mixCombinator,adjacentSiblingsWithId,matchText,generalSiblings,adjacentSiblings,mixCombinatorGroup
[INFO] Assertion amplification: 9 test method(s) has been successfully amplified.
[WARN] 2018-09-22 12:43:57 Launcher - You specified the directory /tmp/icst-2019/september-2018/dataset/jsoup/target/classes in source classpath, please note that only class files will be considered. Jars and subdirectories will be ignored.
[WARN] 2018-09-22 12:43:57 Launcher - You specified the directory /tmp/icst-2019/september-2018/dataset/jsoup/target/test-classes in source classpath, please note that only class files will be considered. Jars and subdirectories will be ignored.
[WARN] 2018-09-22 12:43:57 Launcher - You specified the directory /tmp/icst-2019/september-2018/dataset/jsoup/target/dspot/dependencies in source classpath, please note that only class files will be considered. Jars and subdirectories will be ignored.
[INFO] Run: java -classpath /tmp/icst-2019/september-2018/dataset/jsoup/target/classes/:/tmp/icst-2019/september-2018/dataset/jsoup/target/test-classes/:/home/spirals/danglot/.m2/repository/junit/junit/4.12/junit-4.12.jar:/home/spirals/danglot/.m2/repository/org/hamcrest/hamcrest-core/1.3/hamcrest-core-1.3.jar:/home/spirals/danglot/.m2/repository/com/google/code/gson/gson/2.7/gson-2.7.jar:/home/spirals/danglot/.m2/repository/org/eclipse/jetty/jetty-server/9.2.22.v20170606/jetty-server-9.2.22.v20170606.jar:/home/spirals/danglot/.m2/repository/javax/servlet/javax.servlet-api/3.1.0/javax.servlet-api-3.1.0.jar:/home/spirals/danglot/.m2/repository/org/eclipse/jetty/jetty-http/9.2.22.v20170606/jetty-http-9.2.22.v20170606.jar:/home/spirals/danglot/.m2/repository/org/eclipse/jetty/jetty-util/9.2.22.v20170606/jetty-util-9.2.22.v20170606.jar:/home/spirals/danglot/.m2/repository/org/eclipse/jetty/jetty-io/9.2.22.v20170606/jetty-io-9.2.22.v20170606.jar:/home/spirals/danglot/.m2/repository/org/eclipse/jetty/jetty-servlet/9.2.22.v20170606/jetty-servlet-9.2.22.v20170606.jar:/home/spirals/danglot/.m2/repository/org/eclipse/jetty/jetty-security/9.2.22.v20170606/jetty-security-9.2.22.v20170606.jar:/tmp/icst-2019/september-2018/dataset/jsoup/target/dspot/dependencies/:/home/spirals/danglot/.m2/repository/eu/stamp-project/test-runner/1.1.0/test-runner-1.1.0-jar-with-dependencies.jar eu.stamp_project.testrunner.runner.test.TestRunner org.jsoup.select.SelectorTest adjacentSiblings:mixCombinator:notAdjacent:testCombinedWithContains:generalSiblings:matchText:adjacentSiblingsWithId:findBetweenSpan:mixCombinatorGroup
File saved to the following path: /tmp/icst-2019/september-2018/dataset/jsoup_parent/target/dspot/TestListener.ser
Loading /tmp/icst-2019/september-2018/dataset/jsoup_parent/target/dspot/TestListener.ser
[INFO] Test has been run: findBetweenSpan,notAdjacent,testCombinedWithContains,mixCombinator,adjacentSiblingsWithId,matchText,generalSiblings,adjacentSiblings,mixCombinatorGroup
[INFO] 0 amplified test methods has been selected to be kept. (global: 0)
[INFO] elapsedTime 4173
======= REPORT =======
0 amplified test fails on the new versions.

[WARNING] DSpot could not obtain any amplified test method.
[WARNING] You can customize the following options: --amplifiers, --test-criterion, --iteration, --budgetizer etc, and retry with a new configuration.
[INFO] Amplification of org.jsoup.nodes.NodeTest (1 test(s))
[INFO] Assertion amplification of org.jsoup.nodes.NodeTest (1 test(s))
[INFO] Run: java -classpath /tmp/icst-2019/september-2018/dataset/jsoup_parent/target/test-classes:/tmp/icst-2019/september-2018/dataset/jsoup_parent/target/classes/:/home/spirals/danglot/.m2/repository/junit/junit/4.12/junit-4.12.jar:/home/spirals/danglot/.m2/repository/org/hamcrest/hamcrest-core/1.3/hamcrest-core-1.3.jar:/home/spirals/danglot/.m2/repository/com/google/code/gson/gson/2.7/gson-2.7.jar:/home/spirals/danglot/.m2/repository/org/eclipse/jetty/jetty-server/9.2.22.v20170606/jetty-server-9.2.22.v20170606.jar:/home/spirals/danglot/.m2/repository/javax/servlet/javax.servlet-api/3.1.0/javax.servlet-api-3.1.0.jar:/home/spirals/danglot/.m2/repository/org/eclipse/jetty/jetty-http/9.2.22.v20170606/jetty-http-9.2.22.v20170606.jar:/home/spirals/danglot/.m2/repository/org/eclipse/jetty/jetty-util/9.2.22.v20170606/jetty-util-9.2.22.v20170606.jar:/home/spirals/danglot/.m2/repository/org/eclipse/jetty/jetty-io/9.2.22.v20170606/jetty-io-9.2.22.v20170606.jar:/home/spirals/danglot/.m2/repository/org/eclipse/jetty/jetty-servlet/9.2.22.v20170606/jetty-servlet-9.2.22.v20170606.jar:/home/spirals/danglot/.m2/repository/org/eclipse/jetty/jetty-security/9.2.22.v20170606/jetty-security-9.2.22.v20170606.jar:/tmp/icst-2019/september-2018/dataset/jsoup_parent/target/dspot/dependencies/:/home/spirals/danglot/.m2/repository/eu/stamp-project/test-runner/1.1.0/test-runner-1.1.0-jar-with-dependencies.jar eu.stamp_project.testrunner.runner.test.TestRunner org.jsoup.nodes.NodeTest orphanNodeReturnsNullForSiblingElements
File saved to the following path: /tmp/icst-2019/september-2018/dataset/jsoup_parent/target/dspot/TestListener.ser
Loading /tmp/icst-2019/september-2018/dataset/jsoup_parent/target/dspot/TestListener.ser
[INFO] Test has been run: orphanNodeReturnsNullForSiblingElements
[INFO] Run tests. (1)
[INFO] Run: java -classpath /tmp/icst-2019/september-2018/dataset/jsoup_parent/target/test-classes:/tmp/icst-2019/september-2018/dataset/jsoup_parent/target/classes/:/home/spirals/danglot/.m2/repository/junit/junit/4.12/junit-4.12.jar:/home/spirals/danglot/.m2/repository/org/hamcrest/hamcrest-core/1.3/hamcrest-core-1.3.jar:/home/spirals/danglot/.m2/repository/com/google/code/gson/gson/2.7/gson-2.7.jar:/home/spirals/danglot/.m2/repository/org/eclipse/jetty/jetty-server/9.2.22.v20170606/jetty-server-9.2.22.v20170606.jar:/home/spirals/danglot/.m2/repository/javax/servlet/javax.servlet-api/3.1.0/javax.servlet-api-3.1.0.jar:/home/spirals/danglot/.m2/repository/org/eclipse/jetty/jetty-http/9.2.22.v20170606/jetty-http-9.2.22.v20170606.jar:/home/spirals/danglot/.m2/repository/org/eclipse/jetty/jetty-util/9.2.22.v20170606/jetty-util-9.2.22.v20170606.jar:/home/spirals/danglot/.m2/repository/org/eclipse/jetty/jetty-io/9.2.22.v20170606/jetty-io-9.2.22.v20170606.jar:/home/spirals/danglot/.m2/repository/org/eclipse/jetty/jetty-servlet/9.2.22.v20170606/jetty-servlet-9.2.22.v20170606.jar:/home/spirals/danglot/.m2/repository/org/eclipse/jetty/jetty-security/9.2.22.v20170606/jetty-security-9.2.22.v20170606.jar:/tmp/icst-2019/september-2018/dataset/jsoup_parent/target/dspot/dependencies/:/home/spirals/danglot/.m2/repository/eu/stamp-project/test-runner/1.1.0/test-runner-1.1.0-jar-with-dependencies.jar eu.stamp_project.testrunner.runner.test.TestRunner org.jsoup.nodes.NodeTest orphanNodeReturnsNullForSiblingElements
File saved to the following path: /tmp/icst-2019/september-2018/dataset/jsoup_parent/target/dspot/TestListener.ser
Loading /tmp/icst-2019/september-2018/dataset/jsoup_parent/target/dspot/TestListener.ser
[INFO] Test has been run: orphanNodeReturnsNullForSiblingElements
[INFO] 1 test pass, generating assertion...
[INFO] Add observations points in passing tests.
[INFO] Instrumentation...
100% |================================================== ]/
[INFO] Run instrumented tests. (3)
[INFO] Run: java -classpath /tmp/icst-2019/september-2018/dataset/jsoup_parent/target/test-classes:/tmp/icst-2019/september-2018/dataset/jsoup_parent/target/classes/:/home/spirals/danglot/.m2/repository/junit/junit/4.12/junit-4.12.jar:/home/spirals/danglot/.m2/repository/org/hamcrest/hamcrest-core/1.3/hamcrest-core-1.3.jar:/home/spirals/danglot/.m2/repository/com/google/code/gson/gson/2.7/gson-2.7.jar:/home/spirals/danglot/.m2/repository/org/eclipse/jetty/jetty-server/9.2.22.v20170606/jetty-server-9.2.22.v20170606.jar:/home/spirals/danglot/.m2/repository/javax/servlet/javax.servlet-api/3.1.0/javax.servlet-api-3.1.0.jar:/home/spirals/danglot/.m2/repository/org/eclipse/jetty/jetty-http/9.2.22.v20170606/jetty-http-9.2.22.v20170606.jar:/home/spirals/danglot/.m2/repository/org/eclipse/jetty/jetty-util/9.2.22.v20170606/jetty-util-9.2.22.v20170606.jar:/home/spirals/danglot/.m2/repository/org/eclipse/jetty/jetty-io/9.2.22.v20170606/jetty-io-9.2.22.v20170606.jar:/home/spirals/danglot/.m2/repository/org/eclipse/jetty/jetty-servlet/9.2.22.v20170606/jetty-servlet-9.2.22.v20170606.jar:/home/spirals/danglot/.m2/repository/org/eclipse/jetty/jetty-security/9.2.22.v20170606/jetty-security-9.2.22.v20170606.jar:/tmp/icst-2019/september-2018/dataset/jsoup_parent/target/dspot/dependencies/:/home/spirals/danglot/.m2/repository/eu/stamp-project/test-runner/1.1.0/test-runner-1.1.0-jar-with-dependencies.jar eu.stamp_project.testrunner.runner.test.TestRunner org.jsoup.nodes.NodeTest orphanNodeReturnsNullForSiblingElements_withlog0:orphanNodeReturnsNullForSiblingElements_withlog1:orphanNodeReturnsNullForSiblingElements_withlog2
File saved to the following path: /tmp/icst-2019/september-2018/dataset/jsoup_parent/target/dspot/observations.ser
File saved to the following path: /tmp/icst-2019/september-2018/dataset/jsoup_parent/target/dspot/TestListener.ser
Loading /tmp/icst-2019/september-2018/dataset/jsoup_parent/target/dspot/TestListener.ser
[INFO] Test has been run: orphanNodeReturnsNullForSiblingElements_withlog0(org.jsoup.nodes.NodeTest): null,orphanNodeReturnsNullForSiblingElements_withlog1(org.jsoup.nodes.NodeTest): null,orphanNodeReturnsNullForSiblingElements_withlog2(org.jsoup.nodes.NodeTest): null
[WARNING] Some instrumented test failed!
[INFO] Generating assertions...
[INFO] 1 new tests with assertions generated
[INFO] Run: java -classpath /tmp/icst-2019/september-2018/dataset/jsoup_parent/target/test-classes:/tmp/icst-2019/september-2018/dataset/jsoup_parent/target/classes/:/home/spirals/danglot/.m2/repository/junit/junit/4.12/junit-4.12.jar:/home/spirals/danglot/.m2/repository/org/hamcrest/hamcrest-core/1.3/hamcrest-core-1.3.jar:/home/spirals/danglot/.m2/repository/com/google/code/gson/gson/2.7/gson-2.7.jar:/home/spirals/danglot/.m2/repository/org/eclipse/jetty/jetty-server/9.2.22.v20170606/jetty-server-9.2.22.v20170606.jar:/home/spirals/danglot/.m2/repository/javax/servlet/javax.servlet-api/3.1.0/javax.servlet-api-3.1.0.jar:/home/spirals/danglot/.m2/repository/org/eclipse/jetty/jetty-http/9.2.22.v20170606/jetty-http-9.2.22.v20170606.jar:/home/spirals/danglot/.m2/repository/org/eclipse/jetty/jetty-util/9.2.22.v20170606/jetty-util-9.2.22.v20170606.jar:/home/spirals/danglot/.m2/repository/org/eclipse/jetty/jetty-io/9.2.22.v20170606/jetty-io-9.2.22.v20170606.jar:/home/spirals/danglot/.m2/repository/org/eclipse/jetty/jetty-servlet/9.2.22.v20170606/jetty-servlet-9.2.22.v20170606.jar:/home/spirals/danglot/.m2/repository/org/eclipse/jetty/jetty-security/9.2.22.v20170606/jetty-security-9.2.22.v20170606.jar:/tmp/icst-2019/september-2018/dataset/jsoup_parent/target/dspot/dependencies/:/home/spirals/danglot/.m2/repository/eu/stamp-project/test-runner/1.1.0/test-runner-1.1.0-jar-with-dependencies.jar eu.stamp_project.testrunner.runner.test.TestRunner org.jsoup.nodes.NodeTest orphanNodeReturnsNullForSiblingElements
File saved to the following path: /tmp/icst-2019/september-2018/dataset/jsoup_parent/target/dspot/TestListener.ser
Loading /tmp/icst-2019/september-2018/dataset/jsoup_parent/target/dspot/TestListener.ser
[INFO] Test has been run: orphanNodeReturnsNullForSiblingElements
[INFO] Assertion amplification: 1 test method(s) has been successfully amplified.
[WARN] 2018-09-22 12:44:01 Launcher - You specified the directory /tmp/icst-2019/september-2018/dataset/jsoup/target/classes in source classpath, please note that only class files will be considered. Jars and subdirectories will be ignored.
[WARN] 2018-09-22 12:44:01 Launcher - You specified the directory /tmp/icst-2019/september-2018/dataset/jsoup/target/test-classes in source classpath, please note that only class files will be considered. Jars and subdirectories will be ignored.
[WARN] 2018-09-22 12:44:01 Launcher - You specified the directory /tmp/icst-2019/september-2018/dataset/jsoup/target/dspot/dependencies in source classpath, please note that only class files will be considered. Jars and subdirectories will be ignored.
[INFO] Run: java -classpath /tmp/icst-2019/september-2018/dataset/jsoup/target/classes/:/tmp/icst-2019/september-2018/dataset/jsoup/target/test-classes/:/home/spirals/danglot/.m2/repository/junit/junit/4.12/junit-4.12.jar:/home/spirals/danglot/.m2/repository/org/hamcrest/hamcrest-core/1.3/hamcrest-core-1.3.jar:/home/spirals/danglot/.m2/repository/com/google/code/gson/gson/2.7/gson-2.7.jar:/home/spirals/danglot/.m2/repository/org/eclipse/jetty/jetty-server/9.2.22.v20170606/jetty-server-9.2.22.v20170606.jar:/home/spirals/danglot/.m2/repository/javax/servlet/javax.servlet-api/3.1.0/javax.servlet-api-3.1.0.jar:/home/spirals/danglot/.m2/repository/org/eclipse/jetty/jetty-http/9.2.22.v20170606/jetty-http-9.2.22.v20170606.jar:/home/spirals/danglot/.m2/repository/org/eclipse/jetty/jetty-util/9.2.22.v20170606/jetty-util-9.2.22.v20170606.jar:/home/spirals/danglot/.m2/repository/org/eclipse/jetty/jetty-io/9.2.22.v20170606/jetty-io-9.2.22.v20170606.jar:/home/spirals/danglot/.m2/repository/org/eclipse/jetty/jetty-servlet/9.2.22.v20170606/jetty-servlet-9.2.22.v20170606.jar:/home/spirals/danglot/.m2/repository/org/eclipse/jetty/jetty-security/9.2.22.v20170606/jetty-security-9.2.22.v20170606.jar:/tmp/icst-2019/september-2018/dataset/jsoup/target/dspot/dependencies/:/home/spirals/danglot/.m2/repository/eu/stamp-project/test-runner/1.1.0/test-runner-1.1.0-jar-with-dependencies.jar eu.stamp_project.testrunner.runner.test.TestRunner org.jsoup.nodes.NodeTest orphanNodeReturnsNullForSiblingElements
File saved to the following path: /tmp/icst-2019/september-2018/dataset/jsoup_parent/target/dspot/TestListener.ser
Loading /tmp/icst-2019/september-2018/dataset/jsoup_parent/target/dspot/TestListener.ser
[INFO] Test has been run: orphanNodeReturnsNullForSiblingElements
[INFO] 0 amplified test methods has been selected to be kept. (global: 0)
[INFO] elapsedTime 3688
======= REPORT =======
0 amplified test fails on the new versions.

[WARNING] DSpot could not obtain any amplified test method.
[WARNING] You can customize the following options: --amplifiers, --test-criterion, --iteration, --budgetizer etc, and retry with a new configuration.
[INFO] Amplification of org.jsoup.integration.ConnectTest (11 test(s))
[INFO] Assertion amplification of org.jsoup.integration.ConnectTest (11 test(s))
[INFO] Run: java -classpath /tmp/icst-2019/september-2018/dataset/jsoup_parent/target/test-classes:/tmp/icst-2019/september-2018/dataset/jsoup_parent/target/classes/:/home/spirals/danglot/.m2/repository/junit/junit/4.12/junit-4.12.jar:/home/spirals/danglot/.m2/repository/org/hamcrest/hamcrest-core/1.3/hamcrest-core-1.3.jar:/home/spirals/danglot/.m2/repository/com/google/code/gson/gson/2.7/gson-2.7.jar:/home/spirals/danglot/.m2/repository/org/eclipse/jetty/jetty-server/9.2.22.v20170606/jetty-server-9.2.22.v20170606.jar:/home/spirals/danglot/.m2/repository/javax/servlet/javax.servlet-api/3.1.0/javax.servlet-api-3.1.0.jar:/home/spirals/danglot/.m2/repository/org/eclipse/jetty/jetty-http/9.2.22.v20170606/jetty-http-9.2.22.v20170606.jar:/home/spirals/danglot/.m2/repository/org/eclipse/jetty/jetty-util/9.2.22.v20170606/jetty-util-9.2.22.v20170606.jar:/home/spirals/danglot/.m2/repository/org/eclipse/jetty/jetty-io/9.2.22.v20170606/jetty-io-9.2.22.v20170606.jar:/home/spirals/danglot/.m2/repository/org/eclipse/jetty/jetty-servlet/9.2.22.v20170606/jetty-servlet-9.2.22.v20170606.jar:/home/spirals/danglot/.m2/repository/org/eclipse/jetty/jetty-security/9.2.22.v20170606/jetty-security-9.2.22.v20170606.jar:/tmp/icst-2019/september-2018/dataset/jsoup_parent/target/dspot/dependencies/:/home/spirals/danglot/.m2/repository/eu/stamp-project/test-runner/1.1.0/test-runner-1.1.0-jar-with-dependencies.jar eu.stamp_project.testrunner.runner.test.TestRunner org.jsoup.integration.ConnectTest doesGet:doesPost:doesPostFor307:sendsRequestBody:postFiles:multiCookieSet:doesPut:sendsRequestBodyJsonWithData:doesNotPostFor302:sendsRequestBodyWithUrlParams:sendsRequestBodyJsonWithoutData
[0] INFO log - Logging initialized @461ms
[52] INFO Server - jetty-9.2.22.v20170606
[122] INFO ServerConnector - Started ServerConnector@2344fc66{HTTP/1.1}{0.0.0.0:49028}
[122] INFO Server - Started @585ms
[1138] INFO ServerConnector - Stopped ServerConnector@2344fc66{HTTP/1.1}{0.0.0.0:0}
File saved to the following path: /tmp/icst-2019/september-2018/dataset/jsoup_parent/target/dspot/TestListener.ser
Loading /tmp/icst-2019/september-2018/dataset/jsoup_parent/target/dspot/TestListener.ser
[INFO] Test has been run: multiCookieSet,sendsRequestBody,doesPost,sendsRequestBodyJsonWithoutData,sendsRequestBodyJsonWithData,doesPostFor307,doesGet,doesPut,doesNotPostFor302,postFiles,sendsRequestBodyWithUrlParams(org.jsoup.integration.ConnectTest): expected:<...oup&uname=Jonathan&%[E7%99%BE=%E5%BA%A6%E4%B8%80%E4%B8%8B]> but was:<...oup&uname=Jonathan&%[3F=%3F%3F%3F]>
[INFO] Run tests. (10)
[INFO] Run: java -classpath /tmp/icst-2019/september-2018/dataset/jsoup_parent/target/test-classes:/tmp/icst-2019/september-2018/dataset/jsoup_parent/target/classes/:/home/spirals/danglot/.m2/repository/junit/junit/4.12/junit-4.12.jar:/home/spirals/danglot/.m2/repository/org/hamcrest/hamcrest-core/1.3/hamcrest-core-1.3.jar:/home/spirals/danglot/.m2/repository/com/google/code/gson/gson/2.7/gson-2.7.jar:/home/spirals/danglot/.m2/repository/org/eclipse/jetty/jetty-server/9.2.22.v20170606/jetty-server-9.2.22.v20170606.jar:/home/spirals/danglot/.m2/repository/javax/servlet/javax.servlet-api/3.1.0/javax.servlet-api-3.1.0.jar:/home/spirals/danglot/.m2/repository/org/eclipse/jetty/jetty-http/9.2.22.v20170606/jetty-http-9.2.22.v20170606.jar:/home/spirals/danglot/.m2/repository/org/eclipse/jetty/jetty-util/9.2.22.v20170606/jetty-util-9.2.22.v20170606.jar:/home/spirals/danglot/.m2/repository/org/eclipse/jetty/jetty-io/9.2.22.v20170606/jetty-io-9.2.22.v20170606.jar:/home/spirals/danglot/.m2/repository/org/eclipse/jetty/jetty-servlet/9.2.22.v20170606/jetty-servlet-9.2.22.v20170606.jar:/home/spirals/danglot/.m2/repository/org/eclipse/jetty/jetty-security/9.2.22.v20170606/jetty-security-9.2.22.v20170606.jar:/tmp/icst-2019/september-2018/dataset/jsoup_parent/target/dspot/dependencies/:/home/spirals/danglot/.m2/repository/eu/stamp-project/test-runner/1.1.0/test-runner-1.1.0-jar-with-dependencies.jar eu.stamp_project.testrunner.runner.test.TestRunner org.jsoup.integration.ConnectTest doesGet:doesPost:doesPostFor307:sendsRequestBody:postFiles:multiCookieSet:doesPut:sendsRequestBodyJsonWithData:doesNotPostFor302:sendsRequestBodyJsonWithoutData
[1] INFO log - Logging initialized @462ms
[47] INFO Server - jetty-9.2.22.v20170606
[109] INFO ServerConnector - Started ServerConnector@2344fc66{HTTP/1.1}{0.0.0.0:49645}
[109] INFO Server - Started @573ms
[1109] INFO ServerConnector - Stopped ServerConnector@2344fc66{HTTP/1.1}{0.0.0.0:0}
File saved to the following path: /tmp/icst-2019/september-2018/dataset/jsoup_parent/target/dspot/TestListener.ser
Loading /tmp/icst-2019/september-2018/dataset/jsoup_parent/target/dspot/TestListener.ser
[INFO] Test has been run: multiCookieSet,sendsRequestBody,doesPost,sendsRequestBodyJsonWithoutData,sendsRequestBodyJsonWithData,doesPostFor307,doesGet,doesPut,doesNotPostFor302,postFiles
[INFO] 10 test pass, generating assertion...
[INFO] Add observations points in passing tests.
[INFO] Instrumentation...
 10% |===== ]/ 20% |========== ]- 30% |=============== ]\ 40% |==================== ]| 50% |========================= ]/ 60% |============================== ]- 70% |=================================== ]\ 80% |======================================== ]| 90% |============================================= ]/100% |================================================== ]-
[INFO] Run instrumented tests. (30)
[INFO] Run: java -classpath /tmp/icst-2019/september-2018/dataset/jsoup_parent/target/test-classes:/tmp/icst-2019/september-2018/dataset/jsoup_parent/target/classes/:/home/spirals/danglot/.m2/repository/junit/junit/4.12/junit-4.12.jar:/home/spirals/danglot/.m2/repository/org/hamcrest/hamcrest-core/1.3/hamcrest-core-1.3.jar:/home/spirals/danglot/.m2/repository/com/google/code/gson/gson/2.7/gson-2.7.jar:/home/spirals/danglot/.m2/repository/org/eclipse/jetty/jetty-server/9.2.22.v20170606/jetty-server-9.2.22.v20170606.jar:/home/spirals/danglot/.m2/repository/javax/servlet/javax.servlet-api/3.1.0/javax.servlet-api-3.1.0.jar:/home/spirals/danglot/.m2/repository/org/eclipse/jetty/jetty-http/9.2.22.v20170606/jetty-http-9.2.22.v20170606.jar:/home/spirals/danglot/.m2/repository/org/eclipse/jetty/jetty-util/9.2.22.v20170606/jetty-util-9.2.22.v20170606.jar:/home/spirals/danglot/.m2/repository/org/eclipse/jetty/jetty-io/9.2.22.v20170606/jetty-io-9.2.22.v20170606.jar:/home/spirals/danglot/.m2/repository/org/eclipse/jetty/jetty-servlet/9.2.22.v20170606/jetty-servlet-9.2.22.v20170606.jar:/home/spirals/danglot/.m2/repository/org/eclipse/jetty/jetty-security/9.2.22.v20170606/jetty-security-9.2.22.v20170606.jar:/tmp/icst-2019/september-2018/dataset/jsoup_parent/target/dspot/dependencies/:/home/spirals/danglot/.m2/repository/eu/stamp-project/test-runner/1.1.0/test-runner-1.1.0-jar-with-dependencies.jar eu.stamp_project.testrunner.runner.test.TestRunner org.jsoup.integration.ConnectTest doesGet_withlog0:doesPost_withlog0:doesPostFor307_withlog0:sendsRequestBody_withlog0:postFiles_withlog0:multiCookieSet_withlog0:doesPut_withlog0:sendsRequestBodyJsonWithData_withlog0:doesNotPostFor302_withlog0:sendsRequestBodyJsonWithoutData_withlog0:doesGet_withlog1:doesPost_withlog1:doesPostFor307_withlog1:sendsRequestBody_withlog1:postFiles_withlog1:multiCookieSet_withlog1:doesPut_withlog1:sendsRequestBodyJsonWithData_withlog1:doesNotPostFor302_withlog1:sendsRequestBodyJsonWithoutData_withlog1:doesGet_withlog2:doesPost_withlog2:doesPostFor307_withlog2:sendsRequestBody_withlog2:postFiles_withlog2:multiCookieSet_withlog2:doesPut_withlog2:sendsRequestBodyJsonWithData_withlog2:doesNotPostFor302_withlog2:sendsRequestBodyJsonWithoutData_withlog2
[0] INFO log - Logging initialized @499ms
[45] INFO Server - jetty-9.2.22.v20170606
[95] INFO ServerConnector - Started ServerConnector@60943381{HTTP/1.1}{0.0.0.0:52192}
[95] INFO Server - Started @597ms
[2667] INFO ServerConnector - Stopped ServerConnector@60943381{HTTP/1.1}{0.0.0.0:0}
File saved to the following path: /tmp/icst-2019/september-2018/dataset/jsoup_parent/target/dspot/observations.ser
File saved to the following path: /tmp/icst-2019/september-2018/dataset/jsoup_parent/target/dspot/TestListener.ser
Loading /tmp/icst-2019/september-2018/dataset/jsoup_parent/target/dspot/TestListener.ser
[INFO] Test has been run: sendsRequestBodyJsonWithoutData_withlog0,sendsRequestBodyJsonWithoutData_withlog1,sendsRequestBodyJsonWithoutData_withlog2,sendsRequestBodyJsonWithData_withlog0,sendsRequestBodyJsonWithData_withlog1,sendsRequestBodyJsonWithData_withlog2,doesGet_withlog0,doesGet_withlog1,doesGet_withlog2,doesPostFor307_withlog0,doesPostFor307_withlog1,doesPostFor307_withlog2,sendsRequestBody_withlog0,sendsRequestBody_withlog1,sendsRequestBody_withlog2,multiCookieSet_withlog0,multiCookieSet_withlog1,multiCookieSet_withlog2,postFiles_withlog0,postFiles_withlog1,postFiles_withlog2,doesPut_withlog0,doesPut_withlog1,doesPut_withlog2,doesPost_withlog0,doesPost_withlog1,doesPost_withlog2,doesNotPostFor302_withlog0(org.jsoup.integration.ConnectTest): null,doesNotPostFor302_withlog1(org.jsoup.integration.ConnectTest): null,doesNotPostFor302_withlog2(org.jsoup.integration.ConnectTest): null
[WARNING] Some instrumented test failed!
[INFO] Generating assertions...
[INFO] 10 new tests with assertions generated
[INFO] Run: java -classpath /tmp/icst-2019/september-2018/dataset/jsoup_parent/target/test-classes:/tmp/icst-2019/september-2018/dataset/jsoup_parent/target/classes/:/home/spirals/danglot/.m2/repository/junit/junit/4.12/junit-4.12.jar:/home/spirals/danglot/.m2/repository/org/hamcrest/hamcrest-core/1.3/hamcrest-core-1.3.jar:/home/spirals/danglot/.m2/repository/com/google/code/gson/gson/2.7/gson-2.7.jar:/home/spirals/danglot/.m2/repository/org/eclipse/jetty/jetty-server/9.2.22.v20170606/jetty-server-9.2.22.v20170606.jar:/home/spirals/danglot/.m2/repository/javax/servlet/javax.servlet-api/3.1.0/javax.servlet-api-3.1.0.jar:/home/spirals/danglot/.m2/repository/org/eclipse/jetty/jetty-http/9.2.22.v20170606/jetty-http-9.2.22.v20170606.jar:/home/spirals/danglot/.m2/repository/org/eclipse/jetty/jetty-util/9.2.22.v20170606/jetty-util-9.2.22.v20170606.jar:/home/spirals/danglot/.m2/repository/org/eclipse/jetty/jetty-io/9.2.22.v20170606/jetty-io-9.2.22.v20170606.jar:/home/spirals/danglot/.m2/repository/org/eclipse/jetty/jetty-servlet/9.2.22.v20170606/jetty-servlet-9.2.22.v20170606.jar:/home/spirals/danglot/.m2/repository/org/eclipse/jetty/jetty-security/9.2.22.v20170606/jetty-security-9.2.22.v20170606.jar:/tmp/icst-2019/september-2018/dataset/jsoup_parent/target/dspot/dependencies/:/home/spirals/danglot/.m2/repository/eu/stamp-project/test-runner/1.1.0/test-runner-1.1.0-jar-with-dependencies.jar eu.stamp_project.testrunner.runner.test.TestRunner org.jsoup.integration.ConnectTest doesGet:doesPost:doesPostFor307:sendsRequestBody:postFiles:multiCookieSet:doesPut:sendsRequestBodyJsonWithData:doesNotPostFor302:sendsRequestBodyJsonWithoutData
[0] INFO log - Logging initialized @425ms
[40] INFO Server - jetty-9.2.22.v20170606
[101] INFO ServerConnector - Started ServerConnector@7a4780c3{HTTP/1.1}{0.0.0.0:59629}
[101] INFO Server - Started @529ms
[1111] INFO ServerConnector - Stopped ServerConnector@7a4780c3{HTTP/1.1}{0.0.0.0:0}
File saved to the following path: /tmp/icst-2019/september-2018/dataset/jsoup_parent/target/dspot/TestListener.ser
Loading /tmp/icst-2019/september-2018/dataset/jsoup_parent/target/dspot/TestListener.ser
[INFO] Test has been run: multiCookieSet,sendsRequestBody,doesPost,sendsRequestBodyJsonWithoutData,sendsRequestBodyJsonWithData,doesGet,doesPut,postFiles,doesPostFor307(org.jsoup.integration.ConnectTest): expected:<http://localhost:5[2192]/EchoServlet> but was:<http://localhost:5[9629]/EchoServlet>,doesNotPostFor302(org.jsoup.integration.ConnectTest): expected:<http://localhost:5[2192]/EchoServlet> but was:<http://localhost:5[9629]/EchoServlet>
[INFO] Assertion amplification: 8 test method(s) has been successfully amplified.
[WARN] 2018-09-22 12:44:11 Launcher - You specified the directory /tmp/icst-2019/september-2018/dataset/jsoup/target/classes in source classpath, please note that only class files will be considered. Jars and subdirectories will be ignored.
[WARN] 2018-09-22 12:44:11 Launcher - You specified the directory /tmp/icst-2019/september-2018/dataset/jsoup/target/test-classes in source classpath, please note that only class files will be considered. Jars and subdirectories will be ignored.
[WARN] 2018-09-22 12:44:11 Launcher - You specified the directory /tmp/icst-2019/september-2018/dataset/jsoup/target/dspot/dependencies in source classpath, please note that only class files will be considered. Jars and subdirectories will be ignored.
[INFO] Run: java -classpath /tmp/icst-2019/september-2018/dataset/jsoup/target/classes/:/tmp/icst-2019/september-2018/dataset/jsoup/target/test-classes/:/home/spirals/danglot/.m2/repository/junit/junit/4.12/junit-4.12.jar:/home/spirals/danglot/.m2/repository/org/hamcrest/hamcrest-core/1.3/hamcrest-core-1.3.jar:/home/spirals/danglot/.m2/repository/com/google/code/gson/gson/2.7/gson-2.7.jar:/home/spirals/danglot/.m2/repository/org/eclipse/jetty/jetty-server/9.2.22.v20170606/jetty-server-9.2.22.v20170606.jar:/home/spirals/danglot/.m2/repository/javax/servlet/javax.servlet-api/3.1.0/javax.servlet-api-3.1.0.jar:/home/spirals/danglot/.m2/repository/org/eclipse/jetty/jetty-http/9.2.22.v20170606/jetty-http-9.2.22.v20170606.jar:/home/spirals/danglot/.m2/repository/org/eclipse/jetty/jetty-util/9.2.22.v20170606/jetty-util-9.2.22.v20170606.jar:/home/spirals/danglot/.m2/repository/org/eclipse/jetty/jetty-io/9.2.22.v20170606/jetty-io-9.2.22.v20170606.jar:/home/spirals/danglot/.m2/repository/org/eclipse/jetty/jetty-servlet/9.2.22.v20170606/jetty-servlet-9.2.22.v20170606.jar:/home/spirals/danglot/.m2/repository/org/eclipse/jetty/jetty-security/9.2.22.v20170606/jetty-security-9.2.22.v20170606.jar:/tmp/icst-2019/september-2018/dataset/jsoup/target/dspot/dependencies/:/home/spirals/danglot/.m2/repository/eu/stamp-project/test-runner/1.1.0/test-runner-1.1.0-jar-with-dependencies.jar eu.stamp_project.testrunner.runner.test.TestRunner org.jsoup.integration.ConnectTest doesGet:doesPost:sendsRequestBody:postFiles:multiCookieSet:doesPut:sendsRequestBodyJsonWithData:sendsRequestBodyJsonWithoutData
[0] INFO log - Logging initialized @444ms
[40] INFO Server - jetty-9.2.22.v20170606
[95] INFO ServerConnector - Started ServerConnector@6574b225{HTTP/1.1}{0.0.0.0:59426}
[96] INFO Server - Started @542ms
[1089] INFO ServerConnector - Stopped ServerConnector@6574b225{HTTP/1.1}{0.0.0.0:0}
File saved to the following path: /tmp/icst-2019/september-2018/dataset/jsoup_parent/target/dspot/TestListener.ser
Loading /tmp/icst-2019/september-2018/dataset/jsoup_parent/target/dspot/TestListener.ser
[INFO] Test has been run: multiCookieSet,sendsRequestBody,doesPost,sendsRequestBodyJsonWithoutData,sendsRequestBodyJsonWithData,doesGet,doesPut,postFiles
[INFO] 0 amplified test methods has been selected to be kept. (global: 0)
[INFO] elapsedTime 11030
======= REPORT =======
0 amplified test fails on the new versions.

[WARNING] DSpot could not obtain any amplified test method.
[WARNING] You can customize the following options: --amplifiers, --test-criterion, --iteration, --budgetizer etc, and retry with a new configuration.
[INFO] Amplification succeed.
[INFO] Elapsed time 40766 ms
[INFO] ------------------------------------------------------------------------
[INFO] BUILD SUCCESS
[INFO] ------------------------------------------------------------------------
[INFO] Total time: 01:13 min
[INFO] Finished at: 2018-09-22T12:44:13+02:00
[INFO] ------------------------------------------------------------------------
